[0.047s] Invoking command in '/home/maxime.leriche/Bureau/projet-rattrapage/ros2_ws/build/tutorial_interfaces': CMAKE_PREFIX_PATH=${CMAKE_PREFIX_PATH}:/home/maxime.leriche/Bureau/projet-rattrapage/ros2_ws/install/py_srvcli:/home/maxime.leriche/Bureau/projet-rattrapage/ros2_ws/install/py_pubsub:/home/maxime.leriche/Bureau/projet-rattrapage/ros2_ws/install/my_package:/opt/ros/humble /usr/bin/cmake /home/maxime.leriche/Bureau/projet-rattrapage/ros2_ws/src/tutorial_interfaces -DCMAKE_INSTALL_PREFIX=/home/maxime.leriche/Bureau/projet-rattrapage/ros2_ws/install/tutorial_interfaces
[0.060s] -- Found ament_cmake: 1.3.5 (/opt/ros/humble/share/ament_cmake/cmake)
[0.281s] -- Found ament_lint_auto: 0.12.7 (/opt/ros/humble/share/ament_lint_auto/cmake)
[0.474s] -- Added test 'lint_cmake' to check CMake code style
[0.517s] -- Added test 'xmllint' to check XML markup files
[0.538s] -- Found geometry_msgs: 4.2.3 (/opt/ros/humble/share/geometry_msgs/cmake)
[0.579s] -- Found rosidl_generator_c: 3.1.5 (/opt/ros/humble/share/rosidl_generator_c/cmake)
[0.582s] -- Found rosidl_adapter: 3.1.5 (/opt/ros/humble/share/rosidl_adapter/cmake)
[0.589s] -- Found rosidl_generator_cpp: 3.1.5 (/opt/ros/humble/share/rosidl_generator_cpp/cmake)
[0.604s] -- Using all available rosidl_typesupport_c: rosidl_typesupport_fastrtps_c;rosidl_typesupport_introspection_c
[0.624s] -- Using all available rosidl_typesupport_cpp: rosidl_typesupport_fastrtps_cpp;rosidl_typesupport_introspection_cpp
[0.772s] -- Found rosidl_default_generators: 1.2.0 (/opt/ros/humble/share/rosidl_default_generators/cmake)
[0.781s] [31mCMake Error at /opt/ros/humble/share/rosidl_cmake/cmake/rosidl_generate_interfaces.cmake:64 (message):
[0.782s]   rosidl_generate_interfaces() must be called before ament_package()
[0.783s] Call Stack (most recent call first):
[0.784s]   CMakeLists.txt:31 (rosidl_generate_interfaces)
[0.784s] 
[0.787s] [0m
[0.789s] -- Configuring incomplete, errors occurred!
[0.789s] See also "/home/maxime.leriche/Bureau/projet-rattrapage/ros2_ws/build/tutorial_interfaces/CMakeFiles/CMakeOutput.log".
[0.801s] Invoked command in '/home/maxime.leriche/Bureau/projet-rattrapage/ros2_ws/build/tutorial_interfaces' returned '1': CMAKE_PREFIX_PATH=${CMAKE_PREFIX_PATH}:/home/maxime.leriche/Bureau/projet-rattrapage/ros2_ws/install/py_srvcli:/home/maxime.leriche/Bureau/projet-rattrapage/ros2_ws/install/py_pubsub:/home/maxime.leriche/Bureau/projet-rattrapage/ros2_ws/install/my_package:/opt/ros/humble /usr/bin/cmake /home/maxime.leriche/Bureau/projet-rattrapage/ros2_ws/src/tutorial_interfaces -DCMAKE_INSTALL_PREFIX=/home/maxime.leriche/Bureau/projet-rattrapage/ros2_ws/install/tutorial_interfaces
