[0.049s] Invoking command in '/home/maxime.leriche/Bureau/projet-rattrapage/ros2_ws/build/tutorial_interfaces': CMAKE_PREFIX_PATH=${CMAKE_PREFIX_PATH}:/home/maxime.leriche/Bureau/projet-rattrapage/ros2_ws/install/py_srvcli:/home/maxime.leriche/Bureau/projet-rattrapage/ros2_ws/install/py_pubsub:/home/maxime.leriche/Bureau/projet-rattrapage/ros2_ws/install/my_package:/opt/ros/humble /usr/bin/cmake /home/maxime.leriche/Bureau/projet-rattrapage/ros2_ws/src/tutorial_interfaces -DCMAKE_INSTALL_PREFIX=/home/maxime.leriche/Bureau/projet-rattrapage/ros2_ws/install/tutorial_interfaces
[0.060s] -- Found ament_cmake: 1.3.5 (/opt/ros/humble/share/ament_cmake/cmake)
[0.279s] -- Found ament_lint_auto: 0.12.7 (/opt/ros/humble/share/ament_lint_auto/cmake)
[0.374s] -- Found geometry_msgs: 4.2.3 (/opt/ros/humble/share/geometry_msgs/cmake)
[0.428s] -- Found rosidl_generator_c: 3.1.5 (/opt/ros/humble/share/rosidl_generator_c/cmake)
[0.431s] -- Found rosidl_adapter: 3.1.5 (/opt/ros/humble/share/rosidl_adapter/cmake)
[0.441s] -- Found rosidl_generator_cpp: 3.1.5 (/opt/ros/humble/share/rosidl_generator_cpp/cmake)
[0.454s] -- Using all available rosidl_typesupport_c: rosidl_typesupport_fastrtps_c;rosidl_typesupport_introspection_c
[0.475s] -- Using all available rosidl_typesupport_cpp: rosidl_typesupport_fastrtps_cpp;rosidl_typesupport_introspection_cpp
[0.626s] -- Found rosidl_default_generators: 1.2.0 (/opt/ros/humble/share/rosidl_default_generators/cmake)
[1.401s] -- Found ament_cmake_ros: 0.10.0 (/opt/ros/humble/share/ament_cmake_ros/cmake)
[3.595s] -- Using all available rosidl_typesupport_c: rosidl_typesupport_fastrtps_c;rosidl_typesupport_introspection_c
[4.410s] -- Using all available rosidl_typesupport_cpp: rosidl_typesupport_fastrtps_cpp;rosidl_typesupport_introspection_cpp
[4.454s] -- Found PythonInterp: /usr/bin/python3 (found suitable version "3.10.12", minimum required is "3.6") 
[4.495s] -- Found python_cmake_module: 0.10.0 (/opt/ros/humble/share/python_cmake_module/cmake)
[4.555s] -- Found PythonLibs: /usr/lib/x86_64-linux-gnu/libpython3.10.so (found suitable version "3.10.12", minimum required is "3.5") 
[4.556s] -- Using PYTHON_EXECUTABLE: /usr/bin/python3
[4.557s] -- Using PYTHON_INCLUDE_DIRS: /usr/include/python3.10
[4.558s] -- Using PYTHON_LIBRARIES: /usr/lib/x86_64-linux-gnu/libpython3.10.so
[4.589s] -- Found PythonExtra: .so  
[5.180s] -- Added test 'lint_cmake' to check CMake code style
[5.227s] -- Added test 'xmllint' to check XML markup files
[5.409s] -- Configuring done
[6.644s] -- Generating done
[6.748s] -- Build files have been written to: /home/maxime.leriche/Bureau/projet-rattrapage/ros2_ws/build/tutorial_interfaces
[6.760s] Invoked command in '/home/maxime.leriche/Bureau/projet-rattrapage/ros2_ws/build/tutorial_interfaces' returned '0': CMAKE_PREFIX_PATH=${CMAKE_PREFIX_PATH}:/home/maxime.leriche/Bureau/projet-rattrapage/ros2_ws/install/py_srvcli:/home/maxime.leriche/Bureau/projet-rattrapage/ros2_ws/install/py_pubsub:/home/maxime.leriche/Bureau/projet-rattrapage/ros2_ws/install/my_package:/opt/ros/humble /usr/bin/cmake /home/maxime.leriche/Bureau/projet-rattrapage/ros2_ws/src/tutorial_interfaces -DCMAKE_INSTALL_PREFIX=/home/maxime.leriche/Bureau/projet-rattrapage/ros2_ws/install/tutorial_interfaces
[6.765s] Invoking command in '/home/maxime.leriche/Bureau/projet-rattrapage/ros2_ws/build/tutorial_interfaces': CMAKE_PREFIX_PATH=${CMAKE_PREFIX_PATH}:/home/maxime.leriche/Bureau/projet-rattrapage/ros2_ws/install/py_srvcli:/home/maxime.leriche/Bureau/projet-rattrapage/ros2_ws/install/py_pubsub:/home/maxime.leriche/Bureau/projet-rattrapage/ros2_ws/install/my_package:/opt/ros/humble /usr/bin/cmake --build /home/maxime.leriche/Bureau/projet-rattrapage/ros2_ws/build/tutorial_interfaces -- -j4 -l4
[6.871s] [  2%] [34m[1mGenerating C code for ROS interfaces[0m
[6.896s] [  4%] [34m[1mGenerating C++ code for ROS interfaces[0m
[6.932s] [  4%] Built target ament_cmake_python_copy_tutorial_interfaces
[7.493s] running egg_info
[7.496s] creating tutorial_interfaces.egg-info
[7.497s] writing tutorial_interfaces.egg-info/PKG-INFO
[7.504s] writing dependency_links to tutorial_interfaces.egg-info/dependency_links.txt
[7.509s] writing top-level names to tutorial_interfaces.egg-info/top_level.txt
[7.513s] writing manifest file 'tutorial_interfaces.egg-info/SOURCES.txt'
[7.524s] reading manifest file 'tutorial_interfaces.egg-info/SOURCES.txt'
[7.528s] writing manifest file 'tutorial_interfaces.egg-info/SOURCES.txt'
[7.603s] [  4%] Built target ament_cmake_python_build_tutorial_interfaces_egg
[7.638s] [  4%] Built target tutorial_interfaces__cpp
[7.669s] [  8%] [34m[1mGenerating C++ introspection for ROS interfaces[0m
[7.673s] [ 10%] [34m[1mGenerating C++ type support for eProsima Fast-RTPS[0m
[7.673s] [ 10%] [34m[1mGenerating C++ type support dispatch for ROS interfaces[0m
[7.678s] [ 12%] [32mBuilding C object CMakeFiles/tutorial_interfaces__rosidl_generator_c.dir/rosidl_generator_c/tutorial_interfaces/msg/detail/num__functions.c.o[0m
[7.779s] [ 14%] [32mBuilding C object CMakeFiles/tutorial_interfaces__rosidl_generator_c.dir/rosidl_generator_c/tutorial_interfaces/msg/detail/sphere__functions.c.o[0m
[7.873s] [ 17%] [32mBuilding C object CMakeFiles/tutorial_interfaces__rosidl_generator_c.dir/rosidl_generator_c/tutorial_interfaces/srv/detail/add_three_ints__functions.c.o[0m
[7.967s] [ 19%] [32m[1mLinking C shared library libtutorial_interfaces__rosidl_generator_c.so[0m
[8.072s] [ 19%] Built target tutorial_interfaces__rosidl_generator_c
[8.107s] [ 21%] [34m[1mGenerating C type support dispatch for ROS interfaces[0m
[8.155s] [ 23%] [32mBuilding CXX object CMakeFiles/tutorial_interfaces__rosidl_typesupport_cpp.dir/rosidl_typesupport_cpp/tutorial_interfaces/msg/num__type_support.cpp.o[0m
[8.315s] [ 25%] [32mBuilding CXX object CMakeFiles/tutorial_interfaces__rosidl_typesupport_fastrtps_cpp.dir/rosidl_typesupport_fastrtps_cpp/tutorial_interfaces/msg/detail/dds_fastrtps/num__type_support.cpp.o[0m
[8.370s] [ 27%] [32mBuilding CXX object CMakeFiles/tutorial_interfaces__rosidl_typesupport_introspection_cpp.dir/rosidl_typesupport_introspection_cpp/tutorial_interfaces/msg/detail/num__type_support.cpp.o[0m
[8.629s] [ 29%] [32mBuilding CXX object CMakeFiles/tutorial_interfaces__rosidl_typesupport_c.dir/rosidl_typesupport_c/tutorial_interfaces/msg/num__type_support.cpp.o[0m
[8.643s] [ 31%] [32mBuilding CXX object CMakeFiles/tutorial_interfaces__rosidl_typesupport_cpp.dir/rosidl_typesupport_cpp/tutorial_interfaces/msg/sphere__type_support.cpp.o[0m
[8.754s] [ 34%] [32mBuilding CXX object CMakeFiles/tutorial_interfaces__rosidl_typesupport_c.dir/rosidl_typesupport_c/tutorial_interfaces/msg/sphere__type_support.cpp.o[0m
[8.918s] [ 36%] [32mBuilding CXX object CMakeFiles/tutorial_interfaces__rosidl_typesupport_c.dir/rosidl_typesupport_c/tutorial_interfaces/srv/add_three_ints__type_support.cpp.o[0m
[9.018s] [ 38%] [32mBuilding CXX object CMakeFiles/tutorial_interfaces__rosidl_typesupport_introspection_cpp.dir/rosidl_typesupport_introspection_cpp/tutorial_interfaces/msg/detail/sphere__type_support.cpp.o[0m
[9.030s] [ 40%] [32m[1mLinking CXX shared library libtutorial_interfaces__rosidl_typesupport_c.so[0m
[9.059s] [ 42%] [32mBuilding CXX object CMakeFiles/tutorial_interfaces__rosidl_typesupport_cpp.dir/rosidl_typesupport_cpp/tutorial_interfaces/srv/add_three_ints__type_support.cpp.o[0m
[9.108s] [ 44%] [32mBuilding CXX object CMakeFiles/tutorial_interfaces__rosidl_typesupport_fastrtps_cpp.dir/rosidl_typesupport_fastrtps_cpp/tutorial_interfaces/msg/detail/dds_fastrtps/sphere__type_support.cpp.o[0m
[9.165s] [ 44%] Built target tutorial_interfaces__rosidl_typesupport_c
[9.210s] [ 46%] [32mBuilding CXX object CMakeFiles/tutorial_interfaces__rosidl_typesupport_fastrtps_cpp.dir/rosidl_typesupport_fastrtps_cpp/tutorial_interfaces/srv/detail/dds_fastrtps/add_three_ints__type_support.cpp.o[0m
[9.501s] [ 48%] [32m[1mLinking CXX shared library libtutorial_interfaces__rosidl_typesupport_cpp.so[0m
[9.564s] [ 51%] [32mBuilding CXX object CMakeFiles/tutorial_interfaces__rosidl_typesupport_introspection_cpp.dir/rosidl_typesupport_introspection_cpp/tutorial_interfaces/srv/detail/add_three_ints__type_support.cpp.o[0m
[9.590s] [ 51%] Built target tutorial_interfaces__rosidl_typesupport_cpp
[9.618s] [ 53%] [34m[1mGenerating C type support for eProsima Fast-RTPS[0m
[9.707s] [ 55%] [34m[1mGenerating C introspection for ROS interfaces[0m
[9.932s] [ 57%] [32m[1mLinking CXX shared library libtutorial_interfaces__rosidl_typesupport_fastrtps_cpp.so[0m
[10.072s] [ 57%] Built target tutorial_interfaces__rosidl_typesupport_fastrtps_cpp
[10.086s] [ 59%] [32m[1mLinking CXX shared library libtutorial_interfaces__rosidl_typesupport_introspection_cpp.so[0m
[10.140s] [ 63%] [32mBuilding CXX object CMakeFiles/tutorial_interfaces__rosidl_typesupport_fastrtps_c.dir/rosidl_typesupport_fastrtps_c/tutorial_interfaces/msg/detail/sphere__type_support_c.cpp.o[0m
[10.141s] [ 63%] [32mBuilding CXX object CMakeFiles/tutorial_interfaces__rosidl_typesupport_fastrtps_c.dir/rosidl_typesupport_fastrtps_c/tutorial_interfaces/msg/detail/num__type_support_c.cpp.o[0m
[10.203s] [ 63%] Built target tutorial_interfaces__rosidl_typesupport_introspection_cpp
[10.223s] [ 65%] [32mBuilding CXX object CMakeFiles/tutorial_interfaces__rosidl_typesupport_fastrtps_c.dir/rosidl_typesupport_fastrtps_c/tutorial_interfaces/srv/detail/add_three_ints__type_support_c.cpp.o[0m
[10.257s] [ 68%] [32mBuilding C object CMakeFiles/tutorial_interfaces__rosidl_typesupport_introspection_c.dir/rosidl_typesupport_introspection_c/tutorial_interfaces/msg/detail/num__type_support.c.o[0m
[10.347s] [ 70%] [32mBuilding C object CMakeFiles/tutorial_interfaces__rosidl_typesupport_introspection_c.dir/rosidl_typesupport_introspection_c/tutorial_interfaces/msg/detail/sphere__type_support.c.o[0m
[10.410s] [ 72%] [32mBuilding C object CMakeFiles/tutorial_interfaces__rosidl_typesupport_introspection_c.dir/rosidl_typesupport_introspection_c/tutorial_interfaces/srv/detail/add_three_ints__type_support.c.o[0m
[10.473s] [ 74%] [32m[1mLinking C shared library libtutorial_interfaces__rosidl_typesupport_introspection_c.so[0m
[10.550s] [ 74%] Built target tutorial_interfaces__rosidl_typesupport_introspection_c
[10.703s] [ 76%] [32m[1mLinking CXX shared library libtutorial_interfaces__rosidl_typesupport_fastrtps_c.so[0m
[10.830s] [ 76%] Built target tutorial_interfaces__rosidl_typesupport_fastrtps_c
[10.869s] [ 76%] Built target tutorial_interfaces
[10.911s] [ 78%] [34m[1mGenerating Python code for ROS interfaces[0m
[11.597s] [ 78%] Built target tutorial_interfaces__py
[11.651s] [ 82%] [32mBuilding C object CMakeFiles/tutorial_interfaces__rosidl_generator_py.dir/rosidl_generator_py/tutorial_interfaces/msg/_sphere_s.c.o[0m
[11.655s] [ 85%] [32mBuilding C object CMakeFiles/tutorial_interfaces__rosidl_generator_py.dir/rosidl_generator_py/tutorial_interfaces/msg/_num_s.c.o[0m
[11.656s] [ 85%] [32mBuilding C object CMakeFiles/tutorial_interfaces__rosidl_generator_py.dir/rosidl_generator_py/tutorial_interfaces/srv/_add_three_ints_s.c.o[0m
[11.835s] [ 87%] [32m[1mLinking C shared library rosidl_generator_py/tutorial_interfaces/libtutorial_interfaces__rosidl_generator_py.so[0m
[11.921s] [ 87%] Built target tutorial_interfaces__rosidl_generator_py
[11.974s] [ 91%] [32mBuilding C object CMakeFiles/tutorial_interfaces__rosidl_typesupport_c__pyext.dir/rosidl_generator_py/tutorial_interfaces/_tutorial_interfaces_s.ep.rosidl_typesupport_c.c.o[0m
[11.977s] [ 93%] [32mBuilding C object CMakeFiles/tutorial_interfaces__rosidl_typesupport_introspection_c__pyext.dir/rosidl_generator_py/tutorial_interfaces/_tutorial_interfaces_s.ep.rosidl_typesupport_introspection_c.c.o[0m
[11.979s] [ 93%] [32mBuilding C object CMakeFiles/tutorial_interfaces__rosidl_typesupport_fastrtps_c__pyext.dir/rosidl_generator_py/tutorial_interfaces/_tutorial_interfaces_s.ep.rosidl_typesupport_fastrtps_c.c.o[0m
[12.136s] [ 97%] [32m[1mLinking C shared library rosidl_generator_py/tutorial_interfaces/tutorial_interfaces_s__rosidl_typesupport_c.cpython-310-x86_64-linux-gnu.so[0m
[12.137s] [ 97%] [32m[1mLinking C shared library rosidl_generator_py/tutorial_interfaces/tutorial_interfaces_s__rosidl_typesupport_fastrtps_c.cpython-310-x86_64-linux-gnu.so[0m
[12.148s] [100%] [32m[1mLinking C shared library rosidl_generator_py/tutorial_interfaces/tutorial_interfaces_s__rosidl_typesupport_introspection_c.cpython-310-x86_64-linux-gnu.so[0m
[12.216s] [100%] Built target tutorial_interfaces__rosidl_typesupport_c__pyext
[12.217s] [100%] Built target tutorial_interfaces__rosidl_typesupport_fastrtps_c__pyext
[12.232s] [100%] Built target tutorial_interfaces__rosidl_typesupport_introspection_c__pyext
[12.286s] Invoked command in '/home/maxime.leriche/Bureau/projet-rattrapage/ros2_ws/build/tutorial_interfaces' returned '0': CMAKE_PREFIX_PATH=${CMAKE_PREFIX_PATH}:/home/maxime.leriche/Bureau/projet-rattrapage/ros2_ws/install/py_srvcli:/home/maxime.leriche/Bureau/projet-rattrapage/ros2_ws/install/py_pubsub:/home/maxime.leriche/Bureau/projet-rattrapage/ros2_ws/install/my_package:/opt/ros/humble /usr/bin/cmake --build /home/maxime.leriche/Bureau/projet-rattrapage/ros2_ws/build/tutorial_interfaces -- -j4 -l4
[12.396s] Invoking command in '/home/maxime.leriche/Bureau/projet-rattrapage/ros2_ws/build/tutorial_interfaces': CMAKE_PREFIX_PATH=${CMAKE_PREFIX_PATH}:/home/maxime.leriche/Bureau/projet-rattrapage/ros2_ws/install/py_srvcli:/home/maxime.leriche/Bureau/projet-rattrapage/ros2_ws/install/py_pubsub:/home/maxime.leriche/Bureau/projet-rattrapage/ros2_ws/install/my_package:/opt/ros/humble /usr/bin/cmake --install /home/maxime.leriche/Bureau/projet-rattrapage/ros2_ws/build/tutorial_interfaces
[12.416s] -- Install configuration: ""
[12.427s] -- Installing: /home/maxime.leriche/Bureau/projet-rattrapage/ros2_ws/install/tutorial_interfaces/share/ament_index/resource_index/rosidl_interfaces/tutorial_interfaces
[12.436s] -- Installing: /home/maxime.leriche/Bureau/projet-rattrapage/ros2_ws/install/tutorial_interfaces/include/tutorial_interfaces/tutorial_interfaces
[12.447s] -- Installing: /home/maxime.leriche/Bureau/projet-rattrapage/ros2_ws/install/tutorial_interfaces/include/tutorial_interfaces/tutorial_interfaces/srv
[12.455s] -- Installing: /home/maxime.leriche/Bureau/projet-rattrapage/ros2_ws/install/tutorial_interfaces/include/tutorial_interfaces/tutorial_interfaces/srv/detail
[12.466s] -- Installing: /home/maxime.leriche/Bureau/projet-rattrapage/ros2_ws/install/tutorial_interfaces/include/tutorial_interfaces/tutorial_interfaces/srv/detail/add_three_ints__functions.h
[12.477s] -- Installing: /home/maxime.leriche/Bureau/projet-rattrapage/ros2_ws/install/tutorial_interfaces/include/tutorial_interfaces/tutorial_interfaces/srv/detail/add_three_ints__type_support.h
[12.486s] -- Installing: /home/maxime.leriche/Bureau/projet-rattrapage/ros2_ws/install/tutorial_interfaces/include/tutorial_interfaces/tutorial_interfaces/srv/detail/add_three_ints__struct.h
[12.494s] -- Installing: /home/maxime.leriche/Bureau/projet-rattrapage/ros2_ws/install/tutorial_interfaces/include/tutorial_interfaces/tutorial_interfaces/srv/detail/add_three_ints__functions.c
[12.505s] -- Installing: /home/maxime.leriche/Bureau/projet-rattrapage/ros2_ws/install/tutorial_interfaces/include/tutorial_interfaces/tutorial_interfaces/srv/add_three_ints.h
[12.514s] -- Installing: /home/maxime.leriche/Bureau/projet-rattrapage/ros2_ws/install/tutorial_interfaces/include/tutorial_interfaces/tutorial_interfaces/msg
[12.522s] -- Installing: /home/maxime.leriche/Bureau/projet-rattrapage/ros2_ws/install/tutorial_interfaces/include/tutorial_interfaces/tutorial_interfaces/msg/detail
[12.531s] -- Installing: /home/maxime.leriche/Bureau/projet-rattrapage/ros2_ws/install/tutorial_interfaces/include/tutorial_interfaces/tutorial_interfaces/msg/detail/sphere__type_support.h
[12.540s] -- Installing: /home/maxime.leriche/Bureau/projet-rattrapage/ros2_ws/install/tutorial_interfaces/include/tutorial_interfaces/tutorial_interfaces/msg/detail/sphere__struct.h
[12.548s] -- Installing: /home/maxime.leriche/Bureau/projet-rattrapage/ros2_ws/install/tutorial_interfaces/include/tutorial_interfaces/tutorial_interfaces/msg/detail/num__type_support.h
[12.556s] -- Installing: /home/maxime.leriche/Bureau/projet-rattrapage/ros2_ws/install/tutorial_interfaces/include/tutorial_interfaces/tutorial_interfaces/msg/detail/sphere__functions.c
[12.564s] -- Installing: /home/maxime.leriche/Bureau/projet-rattrapage/ros2_ws/install/tutorial_interfaces/include/tutorial_interfaces/tutorial_interfaces/msg/detail/sphere__functions.h
[12.572s] -- Installing: /home/maxime.leriche/Bureau/projet-rattrapage/ros2_ws/install/tutorial_interfaces/include/tutorial_interfaces/tutorial_interfaces/msg/detail/num__struct.h
[12.579s] -- Installing: /home/maxime.leriche/Bureau/projet-rattrapage/ros2_ws/install/tutorial_interfaces/include/tutorial_interfaces/tutorial_interfaces/msg/detail/num__functions.h
[12.588s] -- Installing: /home/maxime.leriche/Bureau/projet-rattrapage/ros2_ws/install/tutorial_interfaces/include/tutorial_interfaces/tutorial_interfaces/msg/detail/num__functions.c
[12.595s] -- Installing: /home/maxime.leriche/Bureau/projet-rattrapage/ros2_ws/install/tutorial_interfaces/include/tutorial_interfaces/tutorial_interfaces/msg/rosidl_generator_c__visibility_control.h
[12.605s] -- Installing: /home/maxime.leriche/Bureau/projet-rattrapage/ros2_ws/install/tutorial_interfaces/include/tutorial_interfaces/tutorial_interfaces/msg/sphere.h
[12.615s] -- Installing: /home/maxime.leriche/Bureau/projet-rattrapage/ros2_ws/install/tutorial_interfaces/include/tutorial_interfaces/tutorial_interfaces/msg/num.h
[12.630s] -- Installing: /home/maxime.leriche/Bureau/projet-rattrapage/ros2_ws/install/tutorial_interfaces/share/tutorial_interfaces/environment/library_path.sh
[12.640s] -- Installing: /home/maxime.leriche/Bureau/projet-rattrapage/ros2_ws/install/tutorial_interfaces/share/tutorial_interfaces/environment/library_path.dsv
[12.652s] -- Installing: /home/maxime.leriche/Bureau/projet-rattrapage/ros2_ws/install/tutorial_interfaces/lib/libtutorial_interfaces__rosidl_generator_c.so
[12.670s] -- Set runtime path of "/home/maxime.leriche/Bureau/projet-rattrapage/ros2_ws/install/tutorial_interfaces/lib/libtutorial_interfaces__rosidl_generator_c.so" to ""
[12.672s] -- Up-to-date: /home/maxime.leriche/Bureau/projet-rattrapage/ros2_ws/install/tutorial_interfaces/include/tutorial_interfaces/tutorial_interfaces
[12.673s] -- Up-to-date: /home/maxime.leriche/Bureau/projet-rattrapage/ros2_ws/install/tutorial_interfaces/include/tutorial_interfaces/tutorial_interfaces/srv
[12.676s] -- Up-to-date: /home/maxime.leriche/Bureau/projet-rattrapage/ros2_ws/install/tutorial_interfaces/include/tutorial_interfaces/tutorial_interfaces/srv/detail
[12.679s] -- Installing: /home/maxime.leriche/Bureau/projet-rattrapage/ros2_ws/install/tutorial_interfaces/include/tutorial_interfaces/tutorial_interfaces/srv/detail/add_three_ints__rosidl_typesupport_fastrtps_c.h
[12.687s] -- Up-to-date: /home/maxime.leriche/Bureau/projet-rattrapage/ros2_ws/install/tutorial_interfaces/include/tutorial_interfaces/tutorial_interfaces/msg
[12.689s] -- Up-to-date: /home/maxime.leriche/Bureau/projet-rattrapage/ros2_ws/install/tutorial_interfaces/include/tutorial_interfaces/tutorial_interfaces/msg/detail
[12.691s] -- Installing: /home/maxime.leriche/Bureau/projet-rattrapage/ros2_ws/install/tutorial_interfaces/include/tutorial_interfaces/tutorial_interfaces/msg/detail/sphere__rosidl_typesupport_fastrtps_c.h
[12.700s] -- Installing: /home/maxime.leriche/Bureau/projet-rattrapage/ros2_ws/install/tutorial_interfaces/include/tutorial_interfaces/tutorial_interfaces/msg/detail/num__rosidl_typesupport_fastrtps_c.h
[12.708s] -- Installing: /home/maxime.leriche/Bureau/projet-rattrapage/ros2_ws/install/tutorial_interfaces/include/tutorial_interfaces/tutorial_interfaces/msg/rosidl_typesupport_fastrtps_c__visibility_control.h
[12.717s] -- Installing: /home/maxime.leriche/Bureau/projet-rattrapage/ros2_ws/install/tutorial_interfaces/lib/libtutorial_interfaces__rosidl_typesupport_fastrtps_c.so
[12.737s] -- Set runtime path of "/home/maxime.leriche/Bureau/projet-rattrapage/ros2_ws/install/tutorial_interfaces/lib/libtutorial_interfaces__rosidl_typesupport_fastrtps_c.so" to ""
[12.738s] -- Up-to-date: /home/maxime.leriche/Bureau/projet-rattrapage/ros2_ws/install/tutorial_interfaces/include/tutorial_interfaces/tutorial_interfaces
[12.740s] -- Up-to-date: /home/maxime.leriche/Bureau/projet-rattrapage/ros2_ws/install/tutorial_interfaces/include/tutorial_interfaces/tutorial_interfaces/srv
[12.742s] -- Up-to-date: /home/maxime.leriche/Bureau/projet-rattrapage/ros2_ws/install/tutorial_interfaces/include/tutorial_interfaces/tutorial_interfaces/srv/detail
[12.745s] -- Installing: /home/maxime.leriche/Bureau/projet-rattrapage/ros2_ws/install/tutorial_interfaces/include/tutorial_interfaces/tutorial_interfaces/srv/detail/add_three_ints__struct.hpp
[12.756s] -- Installing: /home/maxime.leriche/Bureau/projet-rattrapage/ros2_ws/install/tutorial_interfaces/include/tutorial_interfaces/tutorial_interfaces/srv/detail/add_three_ints__builder.hpp
[12.765s] -- Installing: /home/maxime.leriche/Bureau/projet-rattrapage/ros2_ws/install/tutorial_interfaces/include/tutorial_interfaces/tutorial_interfaces/srv/detail/add_three_ints__traits.hpp
[12.774s] -- Installing: /home/maxime.leriche/Bureau/projet-rattrapage/ros2_ws/install/tutorial_interfaces/include/tutorial_interfaces/tutorial_interfaces/srv/add_three_ints.hpp
[12.782s] -- Up-to-date: /home/maxime.leriche/Bureau/projet-rattrapage/ros2_ws/install/tutorial_interfaces/include/tutorial_interfaces/tutorial_interfaces/msg
[12.786s] -- Installing: /home/maxime.leriche/Bureau/projet-rattrapage/ros2_ws/install/tutorial_interfaces/include/tutorial_interfaces/tutorial_interfaces/msg/sphere.hpp
[12.795s] -- Installing: /home/maxime.leriche/Bureau/projet-rattrapage/ros2_ws/install/tutorial_interfaces/include/tutorial_interfaces/tutorial_interfaces/msg/num.hpp
[12.803s] -- Up-to-date: /home/maxime.leriche/Bureau/projet-rattrapage/ros2_ws/install/tutorial_interfaces/include/tutorial_interfaces/tutorial_interfaces/msg/detail
[12.807s] -- Installing: /home/maxime.leriche/Bureau/projet-rattrapage/ros2_ws/install/tutorial_interfaces/include/tutorial_interfaces/tutorial_interfaces/msg/detail/num__struct.hpp
[12.815s] -- Installing: /home/maxime.leriche/Bureau/projet-rattrapage/ros2_ws/install/tutorial_interfaces/include/tutorial_interfaces/tutorial_interfaces/msg/detail/num__traits.hpp
[12.824s] -- Installing: /home/maxime.leriche/Bureau/projet-rattrapage/ros2_ws/install/tutorial_interfaces/include/tutorial_interfaces/tutorial_interfaces/msg/detail/sphere__struct.hpp
[12.832s] -- Installing: /home/maxime.leriche/Bureau/projet-rattrapage/ros2_ws/install/tutorial_interfaces/include/tutorial_interfaces/tutorial_interfaces/msg/detail/num__builder.hpp
[12.840s] -- Installing: /home/maxime.leriche/Bureau/projet-rattrapage/ros2_ws/install/tutorial_interfaces/include/tutorial_interfaces/tutorial_interfaces/msg/detail/sphere__traits.hpp
[12.850s] -- Installing: /home/maxime.leriche/Bureau/projet-rattrapage/ros2_ws/install/tutorial_interfaces/include/tutorial_interfaces/tutorial_interfaces/msg/detail/sphere__builder.hpp
[12.857s] -- Up-to-date: /home/maxime.leriche/Bureau/projet-rattrapage/ros2_ws/install/tutorial_interfaces/include/tutorial_interfaces/tutorial_interfaces
[12.860s] -- Up-to-date: /home/maxime.leriche/Bureau/projet-rattrapage/ros2_ws/install/tutorial_interfaces/include/tutorial_interfaces/tutorial_interfaces/srv
[12.861s] -- Up-to-date: /home/maxime.leriche/Bureau/projet-rattrapage/ros2_ws/install/tutorial_interfaces/include/tutorial_interfaces/tutorial_interfaces/srv/detail
[12.864s] -- Installing: /home/maxime.leriche/Bureau/projet-rattrapage/ros2_ws/install/tutorial_interfaces/include/tutorial_interfaces/tutorial_interfaces/srv/detail/dds_fastrtps
[12.872s] -- Installing: /home/maxime.leriche/Bureau/projet-rattrapage/ros2_ws/install/tutorial_interfaces/include/tutorial_interfaces/tutorial_interfaces/srv/detail/add_three_ints__rosidl_typesupport_fastrtps_cpp.hpp
[12.880s] -- Up-to-date: /home/maxime.leriche/Bureau/projet-rattrapage/ros2_ws/install/tutorial_interfaces/include/tutorial_interfaces/tutorial_interfaces/msg
[12.882s] -- Up-to-date: /home/maxime.leriche/Bureau/projet-rattrapage/ros2_ws/install/tutorial_interfaces/include/tutorial_interfaces/tutorial_interfaces/msg/detail
[12.885s] -- Installing: /home/maxime.leriche/Bureau/projet-rattrapage/ros2_ws/install/tutorial_interfaces/include/tutorial_interfaces/tutorial_interfaces/msg/detail/dds_fastrtps
[12.895s] -- Installing: /home/maxime.leriche/Bureau/projet-rattrapage/ros2_ws/install/tutorial_interfaces/include/tutorial_interfaces/tutorial_interfaces/msg/detail/num__rosidl_typesupport_fastrtps_cpp.hpp
[12.904s] -- Installing: /home/maxime.leriche/Bureau/projet-rattrapage/ros2_ws/install/tutorial_interfaces/include/tutorial_interfaces/tutorial_interfaces/msg/detail/sphere__rosidl_typesupport_fastrtps_cpp.hpp
[12.912s] -- Installing: /home/maxime.leriche/Bureau/projet-rattrapage/ros2_ws/install/tutorial_interfaces/include/tutorial_interfaces/tutorial_interfaces/msg/rosidl_typesupport_fastrtps_cpp__visibility_control.h
[12.922s] -- Installing: /home/maxime.leriche/Bureau/projet-rattrapage/ros2_ws/install/tutorial_interfaces/lib/libtutorial_interfaces__rosidl_typesupport_fastrtps_cpp.so
[12.940s] -- Set runtime path of "/home/maxime.leriche/Bureau/projet-rattrapage/ros2_ws/install/tutorial_interfaces/lib/libtutorial_interfaces__rosidl_typesupport_fastrtps_cpp.so" to ""
[12.940s] -- Up-to-date: /home/maxime.leriche/Bureau/projet-rattrapage/ros2_ws/install/tutorial_interfaces/include/tutorial_interfaces/tutorial_interfaces
[12.943s] -- Up-to-date: /home/maxime.leriche/Bureau/projet-rattrapage/ros2_ws/install/tutorial_interfaces/include/tutorial_interfaces/tutorial_interfaces/srv
[12.945s] -- Up-to-date: /home/maxime.leriche/Bureau/projet-rattrapage/ros2_ws/install/tutorial_interfaces/include/tutorial_interfaces/tutorial_interfaces/srv/detail
[12.947s] -- Installing: /home/maxime.leriche/Bureau/projet-rattrapage/ros2_ws/install/tutorial_interfaces/include/tutorial_interfaces/tutorial_interfaces/srv/detail/add_three_ints__rosidl_typesupport_introspection_c.h
[12.955s] -- Installing: /home/maxime.leriche/Bureau/projet-rattrapage/ros2_ws/install/tutorial_interfaces/include/tutorial_interfaces/tutorial_interfaces/srv/detail/add_three_ints__type_support.c
[12.963s] -- Up-to-date: /home/maxime.leriche/Bureau/projet-rattrapage/ros2_ws/install/tutorial_interfaces/include/tutorial_interfaces/tutorial_interfaces/msg
[12.965s] -- Up-to-date: /home/maxime.leriche/Bureau/projet-rattrapage/ros2_ws/install/tutorial_interfaces/include/tutorial_interfaces/tutorial_interfaces/msg/detail
[12.968s] -- Installing: /home/maxime.leriche/Bureau/projet-rattrapage/ros2_ws/install/tutorial_interfaces/include/tutorial_interfaces/tutorial_interfaces/msg/detail/num__type_support.c
[12.976s] -- Installing: /home/maxime.leriche/Bureau/projet-rattrapage/ros2_ws/install/tutorial_interfaces/include/tutorial_interfaces/tutorial_interfaces/msg/detail/sphere__type_support.c
[12.984s] -- Installing: /home/maxime.leriche/Bureau/projet-rattrapage/ros2_ws/install/tutorial_interfaces/include/tutorial_interfaces/tutorial_interfaces/msg/detail/num__rosidl_typesupport_introspection_c.h
[12.995s] -- Installing: /home/maxime.leriche/Bureau/projet-rattrapage/ros2_ws/install/tutorial_interfaces/include/tutorial_interfaces/tutorial_interfaces/msg/detail/sphere__rosidl_typesupport_introspection_c.h
[13.003s] -- Installing: /home/maxime.leriche/Bureau/projet-rattrapage/ros2_ws/install/tutorial_interfaces/include/tutorial_interfaces/tutorial_interfaces/msg/rosidl_typesupport_introspection_c__visibility_control.h
[13.012s] -- Installing: /home/maxime.leriche/Bureau/projet-rattrapage/ros2_ws/install/tutorial_interfaces/lib/libtutorial_interfaces__rosidl_typesupport_introspection_c.so
[13.028s] -- Set runtime path of "/home/maxime.leriche/Bureau/projet-rattrapage/ros2_ws/install/tutorial_interfaces/lib/libtutorial_interfaces__rosidl_typesupport_introspection_c.so" to ""
[13.030s] -- Installing: /home/maxime.leriche/Bureau/projet-rattrapage/ros2_ws/install/tutorial_interfaces/lib/libtutorial_interfaces__rosidl_typesupport_c.so
[13.045s] -- Set runtime path of "/home/maxime.leriche/Bureau/projet-rattrapage/ros2_ws/install/tutorial_interfaces/lib/libtutorial_interfaces__rosidl_typesupport_c.so" to ""
[13.046s] -- Up-to-date: /home/maxime.leriche/Bureau/projet-rattrapage/ros2_ws/install/tutorial_interfaces/include/tutorial_interfaces/tutorial_interfaces
[13.049s] -- Up-to-date: /home/maxime.leriche/Bureau/projet-rattrapage/ros2_ws/install/tutorial_interfaces/include/tutorial_interfaces/tutorial_interfaces/srv
[13.051s] -- Up-to-date: /home/maxime.leriche/Bureau/projet-rattrapage/ros2_ws/install/tutorial_interfaces/include/tutorial_interfaces/tutorial_interfaces/srv/detail
[13.054s] -- Installing: /home/maxime.leriche/Bureau/projet-rattrapage/ros2_ws/install/tutorial_interfaces/include/tutorial_interfaces/tutorial_interfaces/srv/detail/add_three_ints__type_support.cpp
[13.064s] -- Installing: /home/maxime.leriche/Bureau/projet-rattrapage/ros2_ws/install/tutorial_interfaces/include/tutorial_interfaces/tutorial_interfaces/srv/detail/add_three_ints__rosidl_typesupport_introspection_cpp.hpp
[13.071s] -- Up-to-date: /home/maxime.leriche/Bureau/projet-rattrapage/ros2_ws/install/tutorial_interfaces/include/tutorial_interfaces/tutorial_interfaces/msg
[13.074s] -- Up-to-date: /home/maxime.leriche/Bureau/projet-rattrapage/ros2_ws/install/tutorial_interfaces/include/tutorial_interfaces/tutorial_interfaces/msg/detail
[13.077s] -- Installing: /home/maxime.leriche/Bureau/projet-rattrapage/ros2_ws/install/tutorial_interfaces/include/tutorial_interfaces/tutorial_interfaces/msg/detail/sphere__type_support.cpp
[13.084s] -- Installing: /home/maxime.leriche/Bureau/projet-rattrapage/ros2_ws/install/tutorial_interfaces/include/tutorial_interfaces/tutorial_interfaces/msg/detail/sphere__rosidl_typesupport_introspection_cpp.hpp
[13.091s] -- Installing: /home/maxime.leriche/Bureau/projet-rattrapage/ros2_ws/install/tutorial_interfaces/include/tutorial_interfaces/tutorial_interfaces/msg/detail/num__type_support.cpp
[13.099s] -- Installing: /home/maxime.leriche/Bureau/projet-rattrapage/ros2_ws/install/tutorial_interfaces/include/tutorial_interfaces/tutorial_interfaces/msg/detail/num__rosidl_typesupport_introspection_cpp.hpp
[13.107s] -- Installing: /home/maxime.leriche/Bureau/projet-rattrapage/ros2_ws/install/tutorial_interfaces/lib/libtutorial_interfaces__rosidl_typesupport_introspection_cpp.so
[13.123s] -- Set runtime path of "/home/maxime.leriche/Bureau/projet-rattrapage/ros2_ws/install/tutorial_interfaces/lib/libtutorial_interfaces__rosidl_typesupport_introspection_cpp.so" to ""
[13.127s] -- Installing: /home/maxime.leriche/Bureau/projet-rattrapage/ros2_ws/install/tutorial_interfaces/lib/libtutorial_interfaces__rosidl_typesupport_cpp.so
[13.142s] -- Set runtime path of "/home/maxime.leriche/Bureau/projet-rattrapage/ros2_ws/install/tutorial_interfaces/lib/libtutorial_interfaces__rosidl_typesupport_cpp.so" to ""
[13.144s] -- Installing: /home/maxime.leriche/Bureau/projet-rattrapage/ros2_ws/install/tutorial_interfaces/share/tutorial_interfaces/environment/pythonpath.sh
[13.154s] -- Installing: /home/maxime.leriche/Bureau/projet-rattrapage/ros2_ws/install/tutorial_interfaces/share/tutorial_interfaces/environment/pythonpath.dsv
[13.162s] -- Installing: /home/maxime.leriche/Bureau/projet-rattrapage/ros2_ws/install/tutorial_interfaces/local/lib/python3.10/dist-packages/tutorial_interfaces-0.0.0-py3.10.egg-info
[13.182s] -- Installing: /home/maxime.leriche/Bureau/projet-rattrapage/ros2_ws/install/tutorial_interfaces/local/lib/python3.10/dist-packages/tutorial_interfaces-0.0.0-py3.10.egg-info/dependency_links.txt
[13.192s] -- Installing: /home/maxime.leriche/Bureau/projet-rattrapage/ros2_ws/install/tutorial_interfaces/local/lib/python3.10/dist-packages/tutorial_interfaces-0.0.0-py3.10.egg-info/PKG-INFO
[13.203s] -- Installing: /home/maxime.leriche/Bureau/projet-rattrapage/ros2_ws/install/tutorial_interfaces/local/lib/python3.10/dist-packages/tutorial_interfaces-0.0.0-py3.10.egg-info/SOURCES.txt
[13.212s] -- Installing: /home/maxime.leriche/Bureau/projet-rattrapage/ros2_ws/install/tutorial_interfaces/local/lib/python3.10/dist-packages/tutorial_interfaces-0.0.0-py3.10.egg-info/top_level.txt
[13.221s] -- Installing: /home/maxime.leriche/Bureau/projet-rattrapage/ros2_ws/install/tutorial_interfaces/local/lib/python3.10/dist-packages/tutorial_interfaces
[13.231s] -- Installing: /home/maxime.leriche/Bureau/projet-rattrapage/ros2_ws/install/tutorial_interfaces/local/lib/python3.10/dist-packages/tutorial_interfaces/_tutorial_interfaces_s.ep.rosidl_typesupport_fastrtps_c.c
[13.243s] -- Installing: /home/maxime.leriche/Bureau/projet-rattrapage/ros2_ws/install/tutorial_interfaces/local/lib/python3.10/dist-packages/tutorial_interfaces/srv
[13.256s] -- Installing: /home/maxime.leriche/Bureau/projet-rattrapage/ros2_ws/install/tutorial_interfaces/local/lib/python3.10/dist-packages/tutorial_interfaces/srv/_add_three_ints.py
[13.269s] -- Installing: /home/maxime.leriche/Bureau/projet-rattrapage/ros2_ws/install/tutorial_interfaces/local/lib/python3.10/dist-packages/tutorial_interfaces/srv/__init__.py
[13.277s] -- Installing: /home/maxime.leriche/Bureau/projet-rattrapage/ros2_ws/install/tutorial_interfaces/local/lib/python3.10/dist-packages/tutorial_interfaces/srv/_add_three_ints_s.c
[13.289s] -- Installing: /home/maxime.leriche/Bureau/projet-rattrapage/ros2_ws/install/tutorial_interfaces/local/lib/python3.10/dist-packages/tutorial_interfaces/tutorial_interfaces_s__rosidl_typesupport_c.cpython-310-x86_64-linux-gnu.so
[13.301s] -- Installing: /home/maxime.leriche/Bureau/projet-rattrapage/ros2_ws/install/tutorial_interfaces/local/lib/python3.10/dist-packages/tutorial_interfaces/__init__.py
[13.308s] -- Installing: /home/maxime.leriche/Bureau/projet-rattrapage/ros2_ws/install/tutorial_interfaces/local/lib/python3.10/dist-packages/tutorial_interfaces/tutorial_interfaces_s__rosidl_typesupport_fastrtps_c.cpython-310-x86_64-linux-gnu.so
[13.320s] -- Installing: /home/maxime.leriche/Bureau/projet-rattrapage/ros2_ws/install/tutorial_interfaces/local/lib/python3.10/dist-packages/tutorial_interfaces/_tutorial_interfaces_s.ep.rosidl_typesupport_introspection_c.c
[13.331s] -- Installing: /home/maxime.leriche/Bureau/projet-rattrapage/ros2_ws/install/tutorial_interfaces/local/lib/python3.10/dist-packages/tutorial_interfaces/_tutorial_interfaces_s.ep.rosidl_typesupport_c.c
[13.341s] -- Installing: /home/maxime.leriche/Bureau/projet-rattrapage/ros2_ws/install/tutorial_interfaces/local/lib/python3.10/dist-packages/tutorial_interfaces/msg
[13.351s] -- Installing: /home/maxime.leriche/Bureau/projet-rattrapage/ros2_ws/install/tutorial_interfaces/local/lib/python3.10/dist-packages/tutorial_interfaces/msg/_sphere_s.c
[13.360s] -- Installing: /home/maxime.leriche/Bureau/projet-rattrapage/ros2_ws/install/tutorial_interfaces/local/lib/python3.10/dist-packages/tutorial_interfaces/msg/__init__.py
[13.368s] -- Installing: /home/maxime.leriche/Bureau/projet-rattrapage/ros2_ws/install/tutorial_interfaces/local/lib/python3.10/dist-packages/tutorial_interfaces/msg/_num.py
[13.376s] -- Installing: /home/maxime.leriche/Bureau/projet-rattrapage/ros2_ws/install/tutorial_interfaces/local/lib/python3.10/dist-packages/tutorial_interfaces/msg/_num_s.c
[13.384s] -- Installing: /home/maxime.leriche/Bureau/projet-rattrapage/ros2_ws/install/tutorial_interfaces/local/lib/python3.10/dist-packages/tutorial_interfaces/msg/_sphere.py
[13.393s] -- Installing: /home/maxime.leriche/Bureau/projet-rattrapage/ros2_ws/install/tutorial_interfaces/local/lib/python3.10/dist-packages/tutorial_interfaces/libtutorial_interfaces__rosidl_generator_py.so
[13.405s] -- Installing: /home/maxime.leriche/Bureau/projet-rattrapage/ros2_ws/install/tutorial_interfaces/local/lib/python3.10/dist-packages/tutorial_interfaces/tutorial_interfaces_s__rosidl_typesupport_introspection_c.cpython-310-x86_64-linux-gnu.so
[13.514s] Listing '/home/maxime.leriche/Bureau/projet-rattrapage/ros2_ws/install/tutorial_interfaces/local/lib/python3.10/dist-packages/tutorial_interfaces'...
[13.514s] Compiling '/home/maxime.leriche/Bureau/projet-rattrapage/ros2_ws/install/tutorial_interfaces/local/lib/python3.10/dist-packages/tutorial_interfaces/__init__.py'...
[13.514s] Listing '/home/maxime.leriche/Bureau/projet-rattrapage/ros2_ws/install/tutorial_interfaces/local/lib/python3.10/dist-packages/tutorial_interfaces/msg'...
[13.515s] Compiling '/home/maxime.leriche/Bureau/projet-rattrapage/ros2_ws/install/tutorial_interfaces/local/lib/python3.10/dist-packages/tutorial_interfaces/msg/__init__.py'...
[13.515s] Compiling '/home/maxime.leriche/Bureau/projet-rattrapage/ros2_ws/install/tutorial_interfaces/local/lib/python3.10/dist-packages/tutorial_interfaces/msg/_num.py'...
[13.515s] Compiling '/home/maxime.leriche/Bureau/projet-rattrapage/ros2_ws/install/tutorial_interfaces/local/lib/python3.10/dist-packages/tutorial_interfaces/msg/_sphere.py'...
[13.515s] Listing '/home/maxime.leriche/Bureau/projet-rattrapage/ros2_ws/install/tutorial_interfaces/local/lib/python3.10/dist-packages/tutorial_interfaces/srv'...
[13.515s] Compiling '/home/maxime.leriche/Bureau/projet-rattrapage/ros2_ws/install/tutorial_interfaces/local/lib/python3.10/dist-packages/tutorial_interfaces/srv/__init__.py'...
[13.516s] Compiling '/home/maxime.leriche/Bureau/projet-rattrapage/ros2_ws/install/tutorial_interfaces/local/lib/python3.10/dist-packages/tutorial_interfaces/srv/_add_three_ints.py'...
[13.523s] -- Installing: /home/maxime.leriche/Bureau/projet-rattrapage/ros2_ws/install/tutorial_interfaces/local/lib/python3.10/dist-packages/tutorial_interfaces/tutorial_interfaces_s__rosidl_typesupport_fastrtps_c.cpython-310-x86_64-linux-gnu.so
[13.538s] -- Set runtime path of "/home/maxime.leriche/Bureau/projet-rattrapage/ros2_ws/install/tutorial_interfaces/local/lib/python3.10/dist-packages/tutorial_interfaces/tutorial_interfaces_s__rosidl_typesupport_fastrtps_c.cpython-310-x86_64-linux-gnu.so" to ""
[13.542s] -- Installing: /home/maxime.leriche/Bureau/projet-rattrapage/ros2_ws/install/tutorial_interfaces/local/lib/python3.10/dist-packages/tutorial_interfaces/tutorial_interfaces_s__rosidl_typesupport_introspection_c.cpython-310-x86_64-linux-gnu.so
[13.557s] -- Set runtime path of "/home/maxime.leriche/Bureau/projet-rattrapage/ros2_ws/install/tutorial_interfaces/local/lib/python3.10/dist-packages/tutorial_interfaces/tutorial_interfaces_s__rosidl_typesupport_introspection_c.cpython-310-x86_64-linux-gnu.so" to ""
[13.560s] -- Installing: /home/maxime.leriche/Bureau/projet-rattrapage/ros2_ws/install/tutorial_interfaces/local/lib/python3.10/dist-packages/tutorial_interfaces/tutorial_interfaces_s__rosidl_typesupport_c.cpython-310-x86_64-linux-gnu.so
[13.575s] -- Set runtime path of "/home/maxime.leriche/Bureau/projet-rattrapage/ros2_ws/install/tutorial_interfaces/local/lib/python3.10/dist-packages/tutorial_interfaces/tutorial_interfaces_s__rosidl_typesupport_c.cpython-310-x86_64-linux-gnu.so" to ""
[13.577s] -- Installing: /home/maxime.leriche/Bureau/projet-rattrapage/ros2_ws/install/tutorial_interfaces/lib/libtutorial_interfaces__rosidl_generator_py.so
[13.593s] -- Set runtime path of "/home/maxime.leriche/Bureau/projet-rattrapage/ros2_ws/install/tutorial_interfaces/lib/libtutorial_interfaces__rosidl_generator_py.so" to ""
[13.601s] -- Installing: /home/maxime.leriche/Bureau/projet-rattrapage/ros2_ws/install/tutorial_interfaces/share/tutorial_interfaces/msg/Num.idl
[13.610s] -- Installing: /home/maxime.leriche/Bureau/projet-rattrapage/ros2_ws/install/tutorial_interfaces/share/tutorial_interfaces/msg/Sphere.idl
[13.625s] -- Installing: /home/maxime.leriche/Bureau/projet-rattrapage/ros2_ws/install/tutorial_interfaces/share/tutorial_interfaces/srv/AddThreeInts.idl
[13.633s] -- Installing: /home/maxime.leriche/Bureau/projet-rattrapage/ros2_ws/install/tutorial_interfaces/share/tutorial_interfaces/msg/Num.msg
[13.640s] -- Installing: /home/maxime.leriche/Bureau/projet-rattrapage/ros2_ws/install/tutorial_interfaces/share/tutorial_interfaces/msg/Sphere.msg
[13.649s] -- Installing: /home/maxime.leriche/Bureau/projet-rattrapage/ros2_ws/install/tutorial_interfaces/share/tutorial_interfaces/srv/AddThreeInts.srv
[13.659s] -- Installing: /home/maxime.leriche/Bureau/projet-rattrapage/ros2_ws/install/tutorial_interfaces/share/tutorial_interfaces/srv/AddThreeInts_Request.msg
[13.668s] -- Installing: /home/maxime.leriche/Bureau/projet-rattrapage/ros2_ws/install/tutorial_interfaces/share/tutorial_interfaces/srv/AddThreeInts_Response.msg
[13.683s] -- Installing: /home/maxime.leriche/Bureau/projet-rattrapage/ros2_ws/install/tutorial_interfaces/share/ament_index/resource_index/package_run_dependencies/tutorial_interfaces
[13.700s] -- Installing: /home/maxime.leriche/Bureau/projet-rattrapage/ros2_ws/install/tutorial_interfaces/share/ament_index/resource_index/parent_prefix_path/tutorial_interfaces
[13.708s] -- Installing: /home/maxime.leriche/Bureau/projet-rattrapage/ros2_ws/install/tutorial_interfaces/share/tutorial_interfaces/environment/ament_prefix_path.sh
[13.714s] -- Installing: /home/maxime.leriche/Bureau/projet-rattrapage/ros2_ws/install/tutorial_interfaces/share/tutorial_interfaces/environment/ament_prefix_path.dsv
[13.722s] -- Installing: /home/maxime.leriche/Bureau/projet-rattrapage/ros2_ws/install/tutorial_interfaces/share/tutorial_interfaces/environment/path.sh
[13.729s] -- Installing: /home/maxime.leriche/Bureau/projet-rattrapage/ros2_ws/install/tutorial_interfaces/share/tutorial_interfaces/environment/path.dsv
[13.736s] -- Installing: /home/maxime.leriche/Bureau/projet-rattrapage/ros2_ws/install/tutorial_interfaces/share/tutorial_interfaces/local_setup.bash
[13.744s] -- Installing: /home/maxime.leriche/Bureau/projet-rattrapage/ros2_ws/install/tutorial_interfaces/share/tutorial_interfaces/local_setup.sh
[13.752s] -- Installing: /home/maxime.leriche/Bureau/projet-rattrapage/ros2_ws/install/tutorial_interfaces/share/tutorial_interfaces/local_setup.zsh
[13.760s] -- Installing: /home/maxime.leriche/Bureau/projet-rattrapage/ros2_ws/install/tutorial_interfaces/share/tutorial_interfaces/local_setup.dsv
[13.767s] -- Installing: /home/maxime.leriche/Bureau/projet-rattrapage/ros2_ws/install/tutorial_interfaces/share/tutorial_interfaces/package.dsv
[13.782s] -- Installing: /home/maxime.leriche/Bureau/projet-rattrapage/ros2_ws/install/tutorial_interfaces/share/ament_index/resource_index/packages/tutorial_interfaces
[13.797s] -- Installing: /home/maxime.leriche/Bureau/projet-rattrapage/ros2_ws/install/tutorial_interfaces/share/tutorial_interfaces/cmake/export_tutorial_interfaces__rosidl_generator_cExport.cmake
[13.809s] -- Installing: /home/maxime.leriche/Bureau/projet-rattrapage/ros2_ws/install/tutorial_interfaces/share/tutorial_interfaces/cmake/export_tutorial_interfaces__rosidl_generator_cExport-noconfig.cmake
[13.819s] -- Installing: /home/maxime.leriche/Bureau/projet-rattrapage/ros2_ws/install/tutorial_interfaces/share/tutorial_interfaces/cmake/export_tutorial_interfaces__rosidl_typesupport_fastrtps_cExport.cmake
[13.830s] -- Installing: /home/maxime.leriche/Bureau/projet-rattrapage/ros2_ws/install/tutorial_interfaces/share/tutorial_interfaces/cmake/export_tutorial_interfaces__rosidl_typesupport_fastrtps_cExport-noconfig.cmake
[13.841s] -- Installing: /home/maxime.leriche/Bureau/projet-rattrapage/ros2_ws/install/tutorial_interfaces/share/tutorial_interfaces/cmake/export_tutorial_interfaces__rosidl_generator_cppExport.cmake
[13.851s] -- Installing: /home/maxime.leriche/Bureau/projet-rattrapage/ros2_ws/install/tutorial_interfaces/share/tutorial_interfaces/cmake/export_tutorial_interfaces__rosidl_typesupport_fastrtps_cppExport.cmake
[13.862s] -- Installing: /home/maxime.leriche/Bureau/projet-rattrapage/ros2_ws/install/tutorial_interfaces/share/tutorial_interfaces/cmake/export_tutorial_interfaces__rosidl_typesupport_fastrtps_cppExport-noconfig.cmake
[13.873s] -- Installing: /home/maxime.leriche/Bureau/projet-rattrapage/ros2_ws/install/tutorial_interfaces/share/tutorial_interfaces/cmake/tutorial_interfaces__rosidl_typesupport_introspection_cExport.cmake
[13.885s] -- Installing: /home/maxime.leriche/Bureau/projet-rattrapage/ros2_ws/install/tutorial_interfaces/share/tutorial_interfaces/cmake/tutorial_interfaces__rosidl_typesupport_introspection_cExport-noconfig.cmake
[13.896s] -- Installing: /home/maxime.leriche/Bureau/projet-rattrapage/ros2_ws/install/tutorial_interfaces/share/tutorial_interfaces/cmake/tutorial_interfaces__rosidl_typesupport_cExport.cmake
[13.908s] -- Installing: /home/maxime.leriche/Bureau/projet-rattrapage/ros2_ws/install/tutorial_interfaces/share/tutorial_interfaces/cmake/tutorial_interfaces__rosidl_typesupport_cExport-noconfig.cmake
[13.919s] -- Installing: /home/maxime.leriche/Bureau/projet-rattrapage/ros2_ws/install/tutorial_interfaces/share/tutorial_interfaces/cmake/tutorial_interfaces__rosidl_typesupport_introspection_cppExport.cmake
[13.930s] -- Installing: /home/maxime.leriche/Bureau/projet-rattrapage/ros2_ws/install/tutorial_interfaces/share/tutorial_interfaces/cmake/tutorial_interfaces__rosidl_typesupport_introspection_cppExport-noconfig.cmake
[13.940s] -- Installing: /home/maxime.leriche/Bureau/projet-rattrapage/ros2_ws/install/tutorial_interfaces/share/tutorial_interfaces/cmake/tutorial_interfaces__rosidl_typesupport_cppExport.cmake
[13.958s] -- Installing: /home/maxime.leriche/Bureau/projet-rattrapage/ros2_ws/install/tutorial_interfaces/share/tutorial_interfaces/cmake/tutorial_interfaces__rosidl_typesupport_cppExport-noconfig.cmake
[13.969s] -- Installing: /home/maxime.leriche/Bureau/projet-rattrapage/ros2_ws/install/tutorial_interfaces/share/tutorial_interfaces/cmake/export_tutorial_interfaces__rosidl_generator_pyExport.cmake
[13.979s] -- Installing: /home/maxime.leriche/Bureau/projet-rattrapage/ros2_ws/install/tutorial_interfaces/share/tutorial_interfaces/cmake/export_tutorial_interfaces__rosidl_generator_pyExport-noconfig.cmake
[13.987s] -- Installing: /home/maxime.leriche/Bureau/projet-rattrapage/ros2_ws/install/tutorial_interfaces/share/tutorial_interfaces/cmake/rosidl_cmake-extras.cmake
[13.995s] -- Installing: /home/maxime.leriche/Bureau/projet-rattrapage/ros2_ws/install/tutorial_interfaces/share/tutorial_interfaces/cmake/ament_cmake_export_dependencies-extras.cmake
[14.004s] -- Installing: /home/maxime.leriche/Bureau/projet-rattrapage/ros2_ws/install/tutorial_interfaces/share/tutorial_interfaces/cmake/ament_cmake_export_include_directories-extras.cmake
[14.012s] -- Installing: /home/maxime.leriche/Bureau/projet-rattrapage/ros2_ws/install/tutorial_interfaces/share/tutorial_interfaces/cmake/ament_cmake_export_libraries-extras.cmake
[14.020s] -- Installing: /home/maxime.leriche/Bureau/projet-rattrapage/ros2_ws/install/tutorial_interfaces/share/tutorial_interfaces/cmake/ament_cmake_export_targets-extras.cmake
[14.028s] -- Installing: /home/maxime.leriche/Bureau/projet-rattrapage/ros2_ws/install/tutorial_interfaces/share/tutorial_interfaces/cmake/rosidl_cmake_export_typesupport_targets-extras.cmake
[14.036s] -- Installing: /home/maxime.leriche/Bureau/projet-rattrapage/ros2_ws/install/tutorial_interfaces/share/tutorial_interfaces/cmake/rosidl_cmake_export_typesupport_libraries-extras.cmake
[14.044s] -- Installing: /home/maxime.leriche/Bureau/projet-rattrapage/ros2_ws/install/tutorial_interfaces/share/tutorial_interfaces/cmake/tutorial_interfacesConfig.cmake
[14.053s] -- Installing: /home/maxime.leriche/Bureau/projet-rattrapage/ros2_ws/install/tutorial_interfaces/share/tutorial_interfaces/cmake/tutorial_interfacesConfig-version.cmake
[14.061s] -- Installing: /home/maxime.leriche/Bureau/projet-rattrapage/ros2_ws/install/tutorial_interfaces/share/tutorial_interfaces/package.xml
[14.078s] Invoked command in '/home/maxime.leriche/Bureau/projet-rattrapage/ros2_ws/build/tutorial_interfaces' returned '0': CMAKE_PREFIX_PATH=${CMAKE_PREFIX_PATH}:/home/maxime.leriche/Bureau/projet-rattrapage/ros2_ws/install/py_srvcli:/home/maxime.leriche/Bureau/projet-rattrapage/ros2_ws/install/py_pubsub:/home/maxime.leriche/Bureau/projet-rattrapage/ros2_ws/install/my_package:/opt/ros/humble /usr/bin/cmake --install /home/maxime.leriche/Bureau/projet-rattrapage/ros2_ws/build/tutorial_interfaces
