[0.000000] (-) TimerEvent: {}
[0.000133] (my_package) JobQueued: {'identifier': 'my_package', 'dependencies': OrderedDict()}
[0.000180] (turtlesim) JobQueued: {'identifier': 'turtlesim', 'dependencies': OrderedDict()}
[0.000207] (my_package) JobStarted: {'identifier': 'my_package'}
[0.045026] (turtlesim) JobStarted: {'identifier': 'turtlesim'}
[0.098300] (-) TimerEvent: {}
[0.198608] (-) TimerEvent: {}
[0.298933] (-) TimerEvent: {}
[0.399239] (-) TimerEvent: {}
[0.474518] (turtlesim) JobProgress: {'identifier': 'turtlesim', 'progress': 'cmake'}
[0.481735] (turtlesim) JobProgress: {'identifier': 'turtlesim', 'progress': 'build'}
[0.483232] (turtlesim) Command: {'cmd': ['/usr/bin/cmake', '--build', '/home/maxime.leriche/Bureau/projet-rattrapage/ros2_ws/build/turtlesim', '--', '-j4', '-l4'], 'cwd': '/home/maxime.leriche/Bureau/projet-rattrapage/ros2_ws/build/turtlesim', 'env': OrderedDict([('USER', 'maxime.leriche'), ('PT8HOME', '/opt/pt'), ('XDG_SESSION_TYPE', 'x11'), ('XDG_CACHE_HOME', '/run/shm/.cache/maxime.leriche'), ('SHLVL', '1'), ('LD_LIBRARY_PATH', '/home/maxime.leriche/Bureau/projet-rattrapage/ros2_ws/install/turtlesim/lib:/usr/lib/x86_64-linux-gnu/gazebo-11/plugins:/opt/ros/humble/opt/rviz_ogre_vendor/lib:/opt/ros/humble/lib/x86_64-linux-gnu:/opt/ros/humble/lib'), ('HOME', '/home/maxime.leriche'), ('OLDPWD', '/home/maxime.leriche/Bureau/projet-rattrapage/ros2_ws/src'), ('DESKTOP_SESSION', 'ubuntu'), ('ROS_PYTHON_VERSION', '3'), ('GNOME_SHELL_SESSION_MODE', 'ubuntu'), ('GTK_MODULES', 'gail:atk-bridge'), ('MANAGERPID', '66503'), ('SYSTEMD_EXEC_PID', '67261'), ('DBUS_SESSION_BUS_ADDRESS', 'unix:path=/run/user/30333/bus'), ('COLORTERM', 'truecolor'), ('TERMINATOR_DBUS_NAME', 'net.tenshu.Terminator23558193cd9818af7fe4d2c2f5bd9d00f'), ('LIBVIRT_DEFAULT_URI', 'qemu:///system'), ('GIO_LAUNCHED_DESKTOP_FILE_PID', '72597'), ('COLCON_PREFIX_PATH', '/home/maxime.leriche/Bureau/projet-rattrapage/ros2_ws/install'), ('ROS_DISTRO', 'humble'), ('GTK_IM_MODULE', 'ibus'), ('LOGNAME', 'maxime.leriche'), ('JOURNAL_STREAM', '8:283345'), ('_', '/usr/bin/colcon'), ('ROS_VERSION', '2'), ('XDG_SESSION_CLASS', 'user'), ('USERNAME', 'maxime.leriche'), ('TERM', 'xterm-256color'), ('GNOME_DESKTOP_SESSION_ID', 'this-is-deprecated'), ('ROS_LOCALHOST_ONLY', '1'), ('WINDOWPATH', '2'), ('PATH', '/opt/ros/humble/bin:/softwares/bin:/usr/local/cpe/bin:/usr/local/cpe/sbin:/usr/local/sbin:/usr/local/bin:/usr/sbin:/usr/bin:/sbin:/bin:/snap/bin'), ('SESSION_MANAGER', 'local/tparlem03.cpe.lan:@/tmp/.ICE-unix/66900,unix/tparlem03.cpe.lan:/tmp/.ICE-unix/66900'), ('INVOCATION_ID', 'aec319c97e8f47d89540d70760907dd8'), ('XDG_MENU_PREFIX', 'gnome-'), ('XDG_RUNTIME_DIR', '/run/user/30333'), ('DISPLAY', ':1'), ('TERMINATOR_DBUS_PATH', '/net/tenshu/Terminator2'), ('LANG', 'fr_FR.UTF-8'), ('XDG_CURRENT_DESKTOP', 'ubuntu:GNOME'), ('IBUS_DISABLE_SNOOPER', '1'), ('XMODIFIERS', '@im=ibus'), ('XDG_SESSION_DESKTOP', 'ubuntu'), ('XAUTHORITY', '/run/user/30333/gdm/Xauthority'), ('SSH_AGENT_LAUNCHER', 'gnome-keyring'), ('SSH_AUTH_SOCK', '/run/user/30333/keyring/ssh'), ('ROS_DOMAIN_ID', '0'), ('AMENT_PREFIX_PATH', '/home/maxime.leriche/Bureau/projet-rattrapage/ros2_ws/install/turtlesim:/opt/ros/humble'), ('DEBIAN_FRONTEND', 'noninteractive'), ('SHELL', '/bin/bash'), ('TERMINATOR_UUID', 'urn:uuid:eb5014db-f233-4890-b139-cecd15f14888'), ('QT_ACCESSIBILITY', '1'), ('GDMSESSION', 'ubuntu'), ('GPG_AGENT_INFO', '/run/user/30333/gnupg/S.gpg-agent:0:1'), ('QT_IM_MODULE', 'ibus'), ('PWD', '/home/maxime.leriche/Bureau/projet-rattrapage/ros2_ws/build/turtlesim'), ('XDG_CONFIG_DIRS', '/etc/xdg/xdg-ubuntu:/etc/xdg'), ('XDG_DATA_DIRS', '/usr/share/ubuntu:/usr/share/gnome:/home/maxime.leriche/.local/share/flatpak/exports/share:/var/lib/flatpak/exports/share:/usr/local/share/:/usr/share/:/var/lib/snapd/desktop'), ('PYTHONPATH', '/home/maxime.leriche/Bureau/projet-rattrapage/ros2_ws/install/turtlesim/local/lib/python3.10/dist-packages:/opt/ros/humble/lib/python3.10/site-packages:/opt/ros/humble/local/lib/python3.10/dist-packages'), ('COLCON', '1'), ('VTE_VERSION', '6800'), ('CMAKE_PREFIX_PATH', '/home/maxime.leriche/Bureau/projet-rattrapage/ros2_ws/install/turtlesim:/opt/ros/humble')]), 'shell': False}
[0.499316] (-) TimerEvent: {}
[0.599591] (-) TimerEvent: {}
[0.667849] (turtlesim) StdoutLine: {'line': b'[  1%] Built target turtlesim__cpp\n'}
[0.699702] (-) TimerEvent: {}
[0.739688] (turtlesim) StdoutLine: {'line': b'[ 11%] Built target turtlesim__rosidl_generator_c\n'}
[0.774169] (turtlesim) StdoutLine: {'line': b'[ 21%] Built target turtlesim__rosidl_typesupport_cpp\n'}
[0.799799] (-) TimerEvent: {}
[0.835861] (turtlesim) StdoutLine: {'line': b'[ 32%] Built target turtlesim__rosidl_typesupport_fastrtps_cpp\n'}
[0.870270] (turtlesim) StdoutLine: {'line': b'[ 41%] Built target turtlesim__rosidl_typesupport_introspection_cpp\n'}
[0.899916] (-) TimerEvent: {}
[0.918774] (turtlesim) StdoutLine: {'line': b'[ 51%] Built target turtlesim__rosidl_typesupport_fastrtps_c\n'}
[0.953023] (turtlesim) StdoutLine: {'line': b'[ 57%] Built target ament_cmake_python_copy_turtlesim\n'}
[0.964977] (turtlesim) StdoutLine: {'line': b'[ 61%] Built target turtlesim__rosidl_typesupport_introspection_c\n'}
[0.965969] (turtlesim) StdoutLine: {'line': b'\x1b[35m\x1b[1mConsolidate compiler generated dependencies of target turtlesim_node\x1b[0m\n'}
[1.000121] (-) TimerEvent: {}
[1.040284] (turtlesim) StdoutLine: {'line': b'[ 71%] Built target turtlesim__rosidl_typesupport_c\n'}
[1.066568] (turtlesim) StdoutLine: {'line': b'[ 73%] Built target turtle_teleop_key\n'}
[1.082458] (turtlesim) StdoutLine: {'line': b'[ 75%] Built target draw_square\n'}
[1.100238] (-) TimerEvent: {}
[1.106534] (turtlesim) StdoutLine: {'line': b'[ 82%] Built target mimic\n'}
[1.113067] (turtlesim) StdoutLine: {'line': b'[ 83%] Built target turtlesim_node\n'}
[1.119452] (turtlesim) StdoutLine: {'line': b'[ 83%] Built target turtlesim\n'}
[1.173028] (turtlesim) StdoutLine: {'line': b'[ 84%] Built target turtlesim__py\n'}
[1.200373] (-) TimerEvent: {}
[1.216978] (my_package) Command: {'cmd': ['/usr/bin/python3', 'setup.py', 'egg_info', '--egg-base', '../../build/my_package', 'build', '--build-base', '/home/maxime.leriche/Bureau/projet-rattrapage/ros2_ws/build/my_package/build', 'install', '--record', '/home/maxime.leriche/Bureau/projet-rattrapage/ros2_ws/build/my_package/install.log', '--single-version-externally-managed'], 'cwd': '/home/maxime.leriche/Bureau/projet-rattrapage/ros2_ws/src/my_package', 'env': {'USER': 'maxime.leriche', 'PT8HOME': '/opt/pt', 'XDG_SESSION_TYPE': 'x11', 'XDG_CACHE_HOME': '/run/shm/.cache/maxime.leriche', 'SHLVL': '1', 'LD_LIBRARY_PATH': '/home/maxime.leriche/Bureau/projet-rattrapage/ros2_ws/install/turtlesim/lib:/usr/lib/x86_64-linux-gnu/gazebo-11/plugins:/opt/ros/humble/opt/rviz_ogre_vendor/lib:/opt/ros/humble/lib/x86_64-linux-gnu:/opt/ros/humble/lib', 'HOME': '/home/maxime.leriche', 'OLDPWD': '/home/maxime.leriche/Bureau/projet-rattrapage/ros2_ws/src', 'DESKTOP_SESSION': 'ubuntu', 'ROS_PYTHON_VERSION': '3', 'GNOME_SHELL_SESSION_MODE': 'ubuntu', 'GTK_MODULES': 'gail:atk-bridge', 'MANAGERPID': '66503', 'SYSTEMD_EXEC_PID': '67261', 'DBUS_SESSION_BUS_ADDRESS': 'unix:path=/run/user/30333/bus', 'COLORTERM': 'truecolor', 'TERMINATOR_DBUS_NAME': 'net.tenshu.Terminator23558193cd9818af7fe4d2c2f5bd9d00f', 'LIBVIRT_DEFAULT_URI': 'qemu:///system', 'GIO_LAUNCHED_DESKTOP_FILE_PID': '72597', 'COLCON_PREFIX_PATH': '/home/maxime.leriche/Bureau/projet-rattrapage/ros2_ws/install', 'ROS_DISTRO': 'humble', 'GTK_IM_MODULE': 'ibus', 'LOGNAME': 'maxime.leriche', 'JOURNAL_STREAM': '8:283345', '_': '/usr/bin/colcon', 'ROS_VERSION': '2', 'XDG_SESSION_CLASS': 'user', 'USERNAME': 'maxime.leriche', 'TERM': 'xterm-256color', 'GNOME_DESKTOP_SESSION_ID': 'this-is-deprecated', 'ROS_LOCALHOST_ONLY': '1', 'WINDOWPATH': '2', 'PATH': '/opt/ros/humble/bin:/softwares/bin:/usr/local/cpe/bin:/usr/local/cpe/sbin:/usr/local/sbin:/usr/local/bin:/usr/sbin:/usr/bin:/sbin:/bin:/snap/bin', 'SESSION_MANAGER': 'local/tparlem03.cpe.lan:@/tmp/.ICE-unix/66900,unix/tparlem03.cpe.lan:/tmp/.ICE-unix/66900', 'INVOCATION_ID': 'aec319c97e8f47d89540d70760907dd8', 'XDG_MENU_PREFIX': 'gnome-', 'XDG_RUNTIME_DIR': '/run/user/30333', 'DISPLAY': ':1', 'TERMINATOR_DBUS_PATH': '/net/tenshu/Terminator2', 'LANG': 'fr_FR.UTF-8', 'XDG_CURRENT_DESKTOP': 'ubuntu:GNOME', 'IBUS_DISABLE_SNOOPER': '1', 'XMODIFIERS': '@im=ibus', 'XDG_SESSION_DESKTOP': 'ubuntu', 'XAUTHORITY': '/run/user/30333/gdm/Xauthority', 'SSH_AGENT_LAUNCHER': 'gnome-keyring', 'SSH_AUTH_SOCK': '/run/user/30333/keyring/ssh', 'ROS_DOMAIN_ID': '0', 'AMENT_PREFIX_PATH': '/home/maxime.leriche/Bureau/projet-rattrapage/ros2_ws/install/turtlesim:/opt/ros/humble', 'DEBIAN_FRONTEND': 'noninteractive', 'SHELL': '/bin/bash', 'TERMINATOR_UUID': 'urn:uuid:eb5014db-f233-4890-b139-cecd15f14888', 'QT_ACCESSIBILITY': '1', 'GDMSESSION': 'ubuntu', 'GPG_AGENT_INFO': '/run/user/30333/gnupg/S.gpg-agent:0:1', 'QT_IM_MODULE': 'ibus', 'PWD': '/home/maxime.leriche/Bureau/projet-rattrapage/ros2_ws/build/my_package', 'XDG_CONFIG_DIRS': '/etc/xdg/xdg-ubuntu:/etc/xdg', 'XDG_DATA_DIRS': '/usr/share/ubuntu:/usr/share/gnome:/home/maxime.leriche/.local/share/flatpak/exports/share:/var/lib/flatpak/exports/share:/usr/local/share/:/usr/share/:/var/lib/snapd/desktop', 'PYTHONPATH': '/home/maxime.leriche/Bureau/projet-rattrapage/ros2_ws/build/my_package/prefix_override:/home/maxime.leriche/Bureau/projet-rattrapage/ros2_ws/install/my_package/lib/python3.10/site-packages:/home/maxime.leriche/Bureau/projet-rattrapage/ros2_ws/install/turtlesim/local/lib/python3.10/dist-packages:/opt/ros/humble/lib/python3.10/site-packages:/opt/ros/humble/local/lib/python3.10/dist-packages', 'COLCON': '1', 'VTE_VERSION': '6800', 'CMAKE_PREFIX_PATH': '/home/maxime.leriche/Bureau/projet-rattrapage/ros2_ws/install/turtlesim'}, 'shell': False}
[1.257013] (turtlesim) StdoutLine: {'line': b'[ 93%] Built target turtlesim__rosidl_generator_py\n'}
[1.300467] (-) TimerEvent: {}
[1.313781] (turtlesim) StdoutLine: {'line': b'[ 97%] Built target turtlesim__rosidl_typesupport_fastrtps_c__pyext\n'}
[1.313984] (turtlesim) StdoutLine: {'line': b'[ 97%] Built target turtlesim__rosidl_typesupport_introspection_c__pyext\n'}
[1.323644] (turtlesim) StdoutLine: {'line': b'[100%] Built target turtlesim__rosidl_typesupport_c__pyext\n'}
[1.400563] (-) TimerEvent: {}
[1.500095] (turtlesim) StdoutLine: {'line': b'running egg_info\n'}
[1.500630] (-) TimerEvent: {}
[1.502265] (turtlesim) StdoutLine: {'line': b'writing turtlesim.egg-info/PKG-INFO\n'}
[1.505403] (turtlesim) StdoutLine: {'line': b'writing dependency_links to turtlesim.egg-info/dependency_links.txt\n'}
[1.508054] (turtlesim) StdoutLine: {'line': b'writing top-level names to turtlesim.egg-info/top_level.txt\n'}
[1.517988] (turtlesim) StdoutLine: {'line': b"reading manifest file 'turtlesim.egg-info/SOURCES.txt'\n"}
[1.520820] (turtlesim) StdoutLine: {'line': b"writing manifest file 'turtlesim.egg-info/SOURCES.txt'\n"}
[1.559349] (turtlesim) StdoutLine: {'line': b'[100%] Built target ament_cmake_python_build_turtlesim_egg\n'}
[1.599482] (my_package) StdoutLine: {'line': b'running egg_info\n'}
[1.600731] (-) TimerEvent: {}
[1.600992] (my_package) StdoutLine: {'line': b'creating ../../build/my_package/my_package.egg-info\n'}
[1.602896] (my_package) StdoutLine: {'line': b'writing ../../build/my_package/my_package.egg-info/PKG-INFO\n'}
[1.609791] (my_package) StdoutLine: {'line': b'writing dependency_links to ../../build/my_package/my_package.egg-info/dependency_links.txt\n'}
[1.613282] (my_package) StdoutLine: {'line': b'writing entry points to ../../build/my_package/my_package.egg-info/entry_points.txt\n'}
[1.615701] (my_package) StdoutLine: {'line': b'writing requirements to ../../build/my_package/my_package.egg-info/requires.txt\n'}
[1.617529] (my_package) StdoutLine: {'line': b'writing top-level names to ../../build/my_package/my_package.egg-info/top_level.txt\n'}
[1.621401] (my_package) StdoutLine: {'line': b"writing manifest file '../../build/my_package/my_package.egg-info/SOURCES.txt'\n"}
[1.630878] (my_package) StdoutLine: {'line': b"reading manifest file '../../build/my_package/my_package.egg-info/SOURCES.txt'\n"}
[1.634754] (my_package) StdoutLine: {'line': b"writing manifest file '../../build/my_package/my_package.egg-info/SOURCES.txt'\n"}
[1.636828] (my_package) StdoutLine: {'line': b'running build\n'}
[1.637482] (my_package) StdoutLine: {'line': b'running build_py\n'}
[1.638352] (my_package) StdoutLine: {'line': b'creating /home/maxime.leriche/Bureau/projet-rattrapage/ros2_ws/build/my_package/build\n'}
[1.638892] (my_package) StdoutLine: {'line': b'creating /home/maxime.leriche/Bureau/projet-rattrapage/ros2_ws/build/my_package/build/lib\n'}
[1.640810] (my_package) StdoutLine: {'line': b'creating /home/maxime.leriche/Bureau/projet-rattrapage/ros2_ws/build/my_package/build/lib/my_package\n'}
[1.644047] (my_package) StdoutLine: {'line': b'copying my_package/my_node.py -> /home/maxime.leriche/Bureau/projet-rattrapage/ros2_ws/build/my_package/build/lib/my_package\n'}
[1.648448] (my_package) StdoutLine: {'line': b'copying my_package/__init__.py -> /home/maxime.leriche/Bureau/projet-rattrapage/ros2_ws/build/my_package/build/lib/my_package\n'}
[1.649191] (turtlesim) CommandEnded: {'returncode': 0}
[1.653458] (my_package) StdoutLine: {'line': b'running install\n'}
[1.653586] (my_package) StdoutLine: {'line': b'running install_lib\n'}
[1.653683] (my_package) StderrLine: {'line': b'/usr/lib/python3/dist-packages/setuptools/command/install.py:34: SetuptoolsDeprecationWarning: setup.py install is deprecated. Use build and pip and other standards-based tools.\n'}
[1.653793] (my_package) StderrLine: {'line': b'  warnings.warn(\n'}
[1.657597] (my_package) StdoutLine: {'line': b'creating /home/maxime.leriche/Bureau/projet-rattrapage/ros2_ws/install/my_package/lib/python3.10/site-packages/my_package\n'}
[1.660304] (my_package) StdoutLine: {'line': b'copying /home/maxime.leriche/Bureau/projet-rattrapage/ros2_ws/build/my_package/build/lib/my_package/my_node.py -> /home/maxime.leriche/Bureau/projet-rattrapage/ros2_ws/install/my_package/lib/python3.10/site-packages/my_package\n'}
[1.665275] (my_package) StdoutLine: {'line': b'copying /home/maxime.leriche/Bureau/projet-rattrapage/ros2_ws/build/my_package/build/lib/my_package/__init__.py -> /home/maxime.leriche/Bureau/projet-rattrapage/ros2_ws/install/my_package/lib/python3.10/site-packages/my_package\n'}
[1.671490] (my_package) StdoutLine: {'line': b'byte-compiling /home/maxime.leriche/Bureau/projet-rattrapage/ros2_ws/install/my_package/lib/python3.10/site-packages/my_package/my_node.py to my_node.cpython-310.pyc\n'}
[1.678403] (my_package) StdoutLine: {'line': b'byte-compiling /home/maxime.leriche/Bureau/projet-rattrapage/ros2_ws/install/my_package/lib/python3.10/site-packages/my_package/__init__.py to __init__.cpython-310.pyc\n'}
[1.682845] (my_package) StdoutLine: {'line': b'running install_data\n'}
[1.684216] (my_package) StdoutLine: {'line': b'creating /home/maxime.leriche/Bureau/projet-rattrapage/ros2_ws/install/my_package/share/ament_index\n'}
[1.684831] (my_package) StdoutLine: {'line': b'creating /home/maxime.leriche/Bureau/projet-rattrapage/ros2_ws/install/my_package/share/ament_index/resource_index\n'}
[1.686589] (my_package) StdoutLine: {'line': b'creating /home/maxime.leriche/Bureau/projet-rattrapage/ros2_ws/install/my_package/share/ament_index/resource_index/packages\n'}
[1.690872] (my_package) StdoutLine: {'line': b'copying resource/my_package -> /home/maxime.leriche/Bureau/projet-rattrapage/ros2_ws/install/my_package/share/ament_index/resource_index/packages\n'}
[1.695257] (my_package) StdoutLine: {'line': b'copying package.xml -> /home/maxime.leriche/Bureau/projet-rattrapage/ros2_ws/install/my_package/share/my_package\n'}
[1.698219] (my_package) StdoutLine: {'line': b'running install_egg_info\n'}
[1.700797] (-) TimerEvent: {}
[1.701449] (my_package) StdoutLine: {'line': b'Copying ../../build/my_package/my_package.egg-info to /home/maxime.leriche/Bureau/projet-rattrapage/ros2_ws/install/my_package/lib/python3.10/site-packages/my_package-0.0.0-py3.10.egg-info\n'}
[1.747065] (my_package) StdoutLine: {'line': b'running install_scripts\n'}
[1.773798] (my_package) StdoutLine: {'line': b'Installing my_node script to /home/maxime.leriche/Bureau/projet-rattrapage/ros2_ws/install/my_package/lib/my_package\n'}
[1.781069] (my_package) StdoutLine: {'line': b"writing list of installed files to '/home/maxime.leriche/Bureau/projet-rattrapage/ros2_ws/build/my_package/install.log'\n"}
[1.800889] (-) TimerEvent: {}
[1.827738] (my_package) CommandEnded: {'returncode': 0}
[1.900965] (-) TimerEvent: {}
[1.907376] (my_package) JobEnded: {'identifier': 'my_package', 'rc': 0}
[1.910435] (turtlesim) JobProgress: {'identifier': 'turtlesim', 'progress': 'install'}
[1.919223] (turtlesim) Command: {'cmd': ['/usr/bin/cmake', '--install', '/home/maxime.leriche/Bureau/projet-rattrapage/ros2_ws/build/turtlesim'], 'cwd': '/home/maxime.leriche/Bureau/projet-rattrapage/ros2_ws/build/turtlesim', 'env': OrderedDict([('USER', 'maxime.leriche'), ('PT8HOME', '/opt/pt'), ('XDG_SESSION_TYPE', 'x11'), ('XDG_CACHE_HOME', '/run/shm/.cache/maxime.leriche'), ('SHLVL', '1'), ('LD_LIBRARY_PATH', '/home/maxime.leriche/Bureau/projet-rattrapage/ros2_ws/install/turtlesim/lib:/usr/lib/x86_64-linux-gnu/gazebo-11/plugins:/opt/ros/humble/opt/rviz_ogre_vendor/lib:/opt/ros/humble/lib/x86_64-linux-gnu:/opt/ros/humble/lib'), ('HOME', '/home/maxime.leriche'), ('OLDPWD', '/home/maxime.leriche/Bureau/projet-rattrapage/ros2_ws/src'), ('DESKTOP_SESSION', 'ubuntu'), ('ROS_PYTHON_VERSION', '3'), ('GNOME_SHELL_SESSION_MODE', 'ubuntu'), ('GTK_MODULES', 'gail:atk-bridge'), ('MANAGERPID', '66503'), ('SYSTEMD_EXEC_PID', '67261'), ('DBUS_SESSION_BUS_ADDRESS', 'unix:path=/run/user/30333/bus'), ('COLORTERM', 'truecolor'), ('TERMINATOR_DBUS_NAME', 'net.tenshu.Terminator23558193cd9818af7fe4d2c2f5bd9d00f'), ('LIBVIRT_DEFAULT_URI', 'qemu:///system'), ('GIO_LAUNCHED_DESKTOP_FILE_PID', '72597'), ('COLCON_PREFIX_PATH', '/home/maxime.leriche/Bureau/projet-rattrapage/ros2_ws/install'), ('ROS_DISTRO', 'humble'), ('GTK_IM_MODULE', 'ibus'), ('LOGNAME', 'maxime.leriche'), ('JOURNAL_STREAM', '8:283345'), ('_', '/usr/bin/colcon'), ('ROS_VERSION', '2'), ('XDG_SESSION_CLASS', 'user'), ('USERNAME', 'maxime.leriche'), ('TERM', 'xterm-256color'), ('GNOME_DESKTOP_SESSION_ID', 'this-is-deprecated'), ('ROS_LOCALHOST_ONLY', '1'), ('WINDOWPATH', '2'), ('PATH', '/opt/ros/humble/bin:/softwares/bin:/usr/local/cpe/bin:/usr/local/cpe/sbin:/usr/local/sbin:/usr/local/bin:/usr/sbin:/usr/bin:/sbin:/bin:/snap/bin'), ('SESSION_MANAGER', 'local/tparlem03.cpe.lan:@/tmp/.ICE-unix/66900,unix/tparlem03.cpe.lan:/tmp/.ICE-unix/66900'), ('INVOCATION_ID', 'aec319c97e8f47d89540d70760907dd8'), ('XDG_MENU_PREFIX', 'gnome-'), ('XDG_RUNTIME_DIR', '/run/user/30333'), ('DISPLAY', ':1'), ('TERMINATOR_DBUS_PATH', '/net/tenshu/Terminator2'), ('LANG', 'fr_FR.UTF-8'), ('XDG_CURRENT_DESKTOP', 'ubuntu:GNOME'), ('IBUS_DISABLE_SNOOPER', '1'), ('XMODIFIERS', '@im=ibus'), ('XDG_SESSION_DESKTOP', 'ubuntu'), ('XAUTHORITY', '/run/user/30333/gdm/Xauthority'), ('SSH_AGENT_LAUNCHER', 'gnome-keyring'), ('SSH_AUTH_SOCK', '/run/user/30333/keyring/ssh'), ('ROS_DOMAIN_ID', '0'), ('AMENT_PREFIX_PATH', '/home/maxime.leriche/Bureau/projet-rattrapage/ros2_ws/install/turtlesim:/opt/ros/humble'), ('DEBIAN_FRONTEND', 'noninteractive'), ('SHELL', '/bin/bash'), ('TERMINATOR_UUID', 'urn:uuid:eb5014db-f233-4890-b139-cecd15f14888'), ('QT_ACCESSIBILITY', '1'), ('GDMSESSION', 'ubuntu'), ('GPG_AGENT_INFO', '/run/user/30333/gnupg/S.gpg-agent:0:1'), ('QT_IM_MODULE', 'ibus'), ('PWD', '/home/maxime.leriche/Bureau/projet-rattrapage/ros2_ws/build/turtlesim'), ('XDG_CONFIG_DIRS', '/etc/xdg/xdg-ubuntu:/etc/xdg'), ('XDG_DATA_DIRS', '/usr/share/ubuntu:/usr/share/gnome:/home/maxime.leriche/.local/share/flatpak/exports/share:/var/lib/flatpak/exports/share:/usr/local/share/:/usr/share/:/var/lib/snapd/desktop'), ('PYTHONPATH', '/home/maxime.leriche/Bureau/projet-rattrapage/ros2_ws/install/turtlesim/local/lib/python3.10/dist-packages:/opt/ros/humble/lib/python3.10/site-packages:/opt/ros/humble/local/lib/python3.10/dist-packages'), ('COLCON', '1'), ('VTE_VERSION', '6800'), ('CMAKE_PREFIX_PATH', '/home/maxime.leriche/Bureau/projet-rattrapage/ros2_ws/install/turtlesim:/opt/ros/humble')]), 'shell': False}
[1.935820] (turtlesim) StdoutLine: {'line': b'-- Install configuration: ""\n'}
[1.937508] (turtlesim) StdoutLine: {'line': b'-- Up-to-date: /home/maxime.leriche/Bureau/projet-rattrapage/ros2_ws/install/turtlesim/share/ament_index/resource_index/rosidl_interfaces/turtlesim\n'}
[1.940937] (turtlesim) StdoutLine: {'line': b'-- Up-to-date: /home/maxime.leriche/Bureau/projet-rattrapage/ros2_ws/install/turtlesim/include/turtlesim/turtlesim\n'}
[1.942991] (turtlesim) StdoutLine: {'line': b'-- Up-to-date: /home/maxime.leriche/Bureau/projet-rattrapage/ros2_ws/install/turtlesim/include/turtlesim/turtlesim/action\n'}
[1.945678] (turtlesim) StdoutLine: {'line': b'-- Up-to-date: /home/maxime.leriche/Bureau/projet-rattrapage/ros2_ws/install/turtlesim/include/turtlesim/turtlesim/action/rotate_absolute.h\n'}
[1.947024] (turtlesim) StdoutLine: {'line': b'-- Up-to-date: /home/maxime.leriche/Bureau/projet-rattrapage/ros2_ws/install/turtlesim/include/turtlesim/turtlesim/action/detail\n'}
[1.949858] (turtlesim) StdoutLine: {'line': b'-- Up-to-date: /home/maxime.leriche/Bureau/projet-rattrapage/ros2_ws/install/turtlesim/include/turtlesim/turtlesim/action/detail/rotate_absolute__functions.h\n'}
[1.951065] (turtlesim) StdoutLine: {'line': b'-- Up-to-date: /home/maxime.leriche/Bureau/projet-rattrapage/ros2_ws/install/turtlesim/include/turtlesim/turtlesim/action/detail/rotate_absolute__struct.h\n'}
[1.952391] (turtlesim) StdoutLine: {'line': b'-- Up-to-date: /home/maxime.leriche/Bureau/projet-rattrapage/ros2_ws/install/turtlesim/include/turtlesim/turtlesim/action/detail/rotate_absolute__functions.c\n'}
[1.954560] (turtlesim) StdoutLine: {'line': b'-- Up-to-date: /home/maxime.leriche/Bureau/projet-rattrapage/ros2_ws/install/turtlesim/include/turtlesim/turtlesim/action/detail/rotate_absolute__type_support.h\n'}
[1.955685] (turtlesim) StdoutLine: {'line': b'-- Up-to-date: /home/maxime.leriche/Bureau/projet-rattrapage/ros2_ws/install/turtlesim/include/turtlesim/turtlesim/srv\n'}
[1.959593] (turtlesim) StdoutLine: {'line': b'-- Up-to-date: /home/maxime.leriche/Bureau/projet-rattrapage/ros2_ws/install/turtlesim/include/turtlesim/turtlesim/srv/detail\n'}
[1.961911] (turtlesim) StdoutLine: {'line': b'-- Up-to-date: /home/maxime.leriche/Bureau/projet-rattrapage/ros2_ws/install/turtlesim/include/turtlesim/turtlesim/srv/detail/teleport_relative__struct.h\n'}
[1.963241] (turtlesim) StdoutLine: {'line': b'-- Up-to-date: /home/maxime.leriche/Bureau/projet-rattrapage/ros2_ws/install/turtlesim/include/turtlesim/turtlesim/srv/detail/set_pen__functions.c\n'}
[1.964755] (turtlesim) StdoutLine: {'line': b'-- Up-to-date: /home/maxime.leriche/Bureau/projet-rattrapage/ros2_ws/install/turtlesim/include/turtlesim/turtlesim/srv/detail/kill__functions.h\n'}
[1.966226] (turtlesim) StdoutLine: {'line': b'-- Up-to-date: /home/maxime.leriche/Bureau/projet-rattrapage/ros2_ws/install/turtlesim/include/turtlesim/turtlesim/srv/detail/spawn__functions.c\n'}
[1.967757] (turtlesim) StdoutLine: {'line': b'-- Up-to-date: /home/maxime.leriche/Bureau/projet-rattrapage/ros2_ws/install/turtlesim/include/turtlesim/turtlesim/srv/detail/teleport_absolute__functions.h\n'}
[1.969091] (turtlesim) StdoutLine: {'line': b'-- Up-to-date: /home/maxime.leriche/Bureau/projet-rattrapage/ros2_ws/install/turtlesim/include/turtlesim/turtlesim/srv/detail/kill__functions.c\n'}
[1.970367] (turtlesim) StdoutLine: {'line': b'-- Up-to-date: /home/maxime.leriche/Bureau/projet-rattrapage/ros2_ws/install/turtlesim/include/turtlesim/turtlesim/srv/detail/spawn__functions.h\n'}
[1.971630] (turtlesim) StdoutLine: {'line': b'-- Up-to-date: /home/maxime.leriche/Bureau/projet-rattrapage/ros2_ws/install/turtlesim/include/turtlesim/turtlesim/srv/detail/teleport_absolute__type_support.h\n'}
[1.973110] (turtlesim) StdoutLine: {'line': b'-- Up-to-date: /home/maxime.leriche/Bureau/projet-rattrapage/ros2_ws/install/turtlesim/include/turtlesim/turtlesim/srv/detail/set_pen__struct.h\n'}
[1.974377] (turtlesim) StdoutLine: {'line': b'-- Up-to-date: /home/maxime.leriche/Bureau/projet-rattrapage/ros2_ws/install/turtlesim/include/turtlesim/turtlesim/srv/detail/spawn__struct.h\n'}
[1.977731] (turtlesim) StdoutLine: {'line': b'-- Up-to-date: /home/maxime.leriche/Bureau/projet-rattrapage/ros2_ws/install/turtlesim/include/turtlesim/turtlesim/srv/detail/teleport_absolute__functions.c\n'}
[1.979151] (turtlesim) StdoutLine: {'line': b'-- Up-to-date: /home/maxime.leriche/Bureau/projet-rattrapage/ros2_ws/install/turtlesim/include/turtlesim/turtlesim/srv/detail/teleport_relative__functions.c\n'}
[1.980416] (turtlesim) StdoutLine: {'line': b'-- Up-to-date: /home/maxime.leriche/Bureau/projet-rattrapage/ros2_ws/install/turtlesim/include/turtlesim/turtlesim/srv/detail/teleport_absolute__struct.h\n'}
[1.981984] (turtlesim) StdoutLine: {'line': b'-- Up-to-date: /home/maxime.leriche/Bureau/projet-rattrapage/ros2_ws/install/turtlesim/include/turtlesim/turtlesim/srv/detail/teleport_relative__functions.h\n'}
[1.983104] (turtlesim) StdoutLine: {'line': b'-- Up-to-date: /home/maxime.leriche/Bureau/projet-rattrapage/ros2_ws/install/turtlesim/include/turtlesim/turtlesim/srv/detail/spawn__type_support.h\n'}
[1.984510] (turtlesim) StdoutLine: {'line': b'-- Up-to-date: /home/maxime.leriche/Bureau/projet-rattrapage/ros2_ws/install/turtlesim/include/turtlesim/turtlesim/srv/detail/set_pen__functions.h\n'}
[1.986041] (turtlesim) StdoutLine: {'line': b'-- Up-to-date: /home/maxime.leriche/Bureau/projet-rattrapage/ros2_ws/install/turtlesim/include/turtlesim/turtlesim/srv/detail/kill__struct.h\n'}
[1.987300] (turtlesim) StdoutLine: {'line': b'-- Up-to-date: /home/maxime.leriche/Bureau/projet-rattrapage/ros2_ws/install/turtlesim/include/turtlesim/turtlesim/srv/detail/kill__type_support.h\n'}
[1.988598] (turtlesim) StdoutLine: {'line': b'-- Up-to-date: /home/maxime.leriche/Bureau/projet-rattrapage/ros2_ws/install/turtlesim/include/turtlesim/turtlesim/srv/detail/set_pen__type_support.h\n'}
[1.992160] (turtlesim) StdoutLine: {'line': b'-- Up-to-date: /home/maxime.leriche/Bureau/projet-rattrapage/ros2_ws/install/turtlesim/include/turtlesim/turtlesim/srv/detail/teleport_relative__type_support.h\n'}
[1.993617] (turtlesim) StdoutLine: {'line': b'-- Up-to-date: /home/maxime.leriche/Bureau/projet-rattrapage/ros2_ws/install/turtlesim/include/turtlesim/turtlesim/srv/spawn.h\n'}
[1.994915] (turtlesim) StdoutLine: {'line': b'-- Up-to-date: /home/maxime.leriche/Bureau/projet-rattrapage/ros2_ws/install/turtlesim/include/turtlesim/turtlesim/srv/teleport_relative.h\n'}
[1.996081] (turtlesim) StdoutLine: {'line': b'-- Up-to-date: /home/maxime.leriche/Bureau/projet-rattrapage/ros2_ws/install/turtlesim/include/turtlesim/turtlesim/srv/set_pen.h\n'}
[1.997681] (turtlesim) StdoutLine: {'line': b'-- Up-to-date: /home/maxime.leriche/Bureau/projet-rattrapage/ros2_ws/install/turtlesim/include/turtlesim/turtlesim/srv/teleport_absolute.h\n'}
[1.998661] (turtlesim) StdoutLine: {'line': b'-- Up-to-date: /home/maxime.leriche/Bureau/projet-rattrapage/ros2_ws/install/turtlesim/include/turtlesim/turtlesim/srv/kill.h\n'}
[1.999796] (turtlesim) StdoutLine: {'line': b'-- Up-to-date: /home/maxime.leriche/Bureau/projet-rattrapage/ros2_ws/install/turtlesim/include/turtlesim/turtlesim/msg\n'}
[2.000981] (-) TimerEvent: {}
[2.002478] (turtlesim) StdoutLine: {'line': b'-- Up-to-date: /home/maxime.leriche/Bureau/projet-rattrapage/ros2_ws/install/turtlesim/include/turtlesim/turtlesim/msg/detail\n'}
[2.005087] (turtlesim) StdoutLine: {'line': b'-- Up-to-date: /home/maxime.leriche/Bureau/projet-rattrapage/ros2_ws/install/turtlesim/include/turtlesim/turtlesim/msg/detail/color__functions.h\n'}
[2.006345] (turtlesim) StdoutLine: {'line': b'-- Up-to-date: /home/maxime.leriche/Bureau/projet-rattrapage/ros2_ws/install/turtlesim/include/turtlesim/turtlesim/msg/detail/pose__type_support.h\n'}
[2.007500] (turtlesim) StdoutLine: {'line': b'-- Up-to-date: /home/maxime.leriche/Bureau/projet-rattrapage/ros2_ws/install/turtlesim/include/turtlesim/turtlesim/msg/detail/color__type_support.h\n'}
[2.009522] (turtlesim) StdoutLine: {'line': b'-- Up-to-date: /home/maxime.leriche/Bureau/projet-rattrapage/ros2_ws/install/turtlesim/include/turtlesim/turtlesim/msg/detail/color__struct.h\n'}
[2.010144] (turtlesim) StdoutLine: {'line': b'-- Up-to-date: /home/maxime.leriche/Bureau/projet-rattrapage/ros2_ws/install/turtlesim/include/turtlesim/turtlesim/msg/detail/pose__functions.h\n'}
[2.011567] (turtlesim) StdoutLine: {'line': b'-- Up-to-date: /home/maxime.leriche/Bureau/projet-rattrapage/ros2_ws/install/turtlesim/include/turtlesim/turtlesim/msg/detail/pose__struct.h\n'}
[2.013572] (turtlesim) StdoutLine: {'line': b'-- Up-to-date: /home/maxime.leriche/Bureau/projet-rattrapage/ros2_ws/install/turtlesim/include/turtlesim/turtlesim/msg/detail/pose__functions.c\n'}
[2.014409] (turtlesim) StdoutLine: {'line': b'-- Up-to-date: /home/maxime.leriche/Bureau/projet-rattrapage/ros2_ws/install/turtlesim/include/turtlesim/turtlesim/msg/detail/color__functions.c\n'}
[2.016169] (turtlesim) StdoutLine: {'line': b'-- Up-to-date: /home/maxime.leriche/Bureau/projet-rattrapage/ros2_ws/install/turtlesim/include/turtlesim/turtlesim/msg/rosidl_generator_c__visibility_control.h\n'}
[2.018117] (turtlesim) StdoutLine: {'line': b'-- Up-to-date: /home/maxime.leriche/Bureau/projet-rattrapage/ros2_ws/install/turtlesim/include/turtlesim/turtlesim/msg/pose.h\n'}
[2.019454] (turtlesim) StdoutLine: {'line': b'-- Up-to-date: /home/maxime.leriche/Bureau/projet-rattrapage/ros2_ws/install/turtlesim/include/turtlesim/turtlesim/msg/color.h\n'}
[2.021735] (turtlesim) StdoutLine: {'line': b'-- Up-to-date: /home/maxime.leriche/Bureau/projet-rattrapage/ros2_ws/install/turtlesim/share/turtlesim/environment/library_path.sh\n'}
[2.023613] (turtlesim) StdoutLine: {'line': b'-- Up-to-date: /home/maxime.leriche/Bureau/projet-rattrapage/ros2_ws/install/turtlesim/share/turtlesim/environment/library_path.dsv\n'}
[2.026426] (turtlesim) StdoutLine: {'line': b'-- Up-to-date: /home/maxime.leriche/Bureau/projet-rattrapage/ros2_ws/install/turtlesim/lib/libturtlesim__rosidl_generator_c.so\n'}
[2.029474] (turtlesim) StdoutLine: {'line': b'-- Up-to-date: /home/maxime.leriche/Bureau/projet-rattrapage/ros2_ws/install/turtlesim/include/turtlesim/turtlesim\n'}
[2.031364] (turtlesim) StdoutLine: {'line': b'-- Up-to-date: /home/maxime.leriche/Bureau/projet-rattrapage/ros2_ws/install/turtlesim/include/turtlesim/turtlesim/action\n'}
[2.033132] (turtlesim) StdoutLine: {'line': b'-- Up-to-date: /home/maxime.leriche/Bureau/projet-rattrapage/ros2_ws/install/turtlesim/include/turtlesim/turtlesim/action/detail\n'}
[2.036571] (turtlesim) StdoutLine: {'line': b'-- Up-to-date: /home/maxime.leriche/Bureau/projet-rattrapage/ros2_ws/install/turtlesim/include/turtlesim/turtlesim/action/detail/rotate_absolute__rosidl_typesupport_fastrtps_c.h\n'}
[2.037459] (turtlesim) StdoutLine: {'line': b'-- Up-to-date: /home/maxime.leriche/Bureau/projet-rattrapage/ros2_ws/install/turtlesim/include/turtlesim/turtlesim/srv\n'}
[2.039992] (turtlesim) StdoutLine: {'line': b'-- Up-to-date: /home/maxime.leriche/Bureau/projet-rattrapage/ros2_ws/install/turtlesim/include/turtlesim/turtlesim/srv/detail\n'}
[2.042640] (turtlesim) StdoutLine: {'line': b'-- Up-to-date: /home/maxime.leriche/Bureau/projet-rattrapage/ros2_ws/install/turtlesim/include/turtlesim/turtlesim/srv/detail/teleport_relative__rosidl_typesupport_fastrtps_c.h\n'}
[2.044608] (turtlesim) StdoutLine: {'line': b'-- Up-to-date: /home/maxime.leriche/Bureau/projet-rattrapage/ros2_ws/install/turtlesim/include/turtlesim/turtlesim/srv/detail/teleport_absolute__rosidl_typesupport_fastrtps_c.h\n'}
[2.046418] (turtlesim) StdoutLine: {'line': b'-- Up-to-date: /home/maxime.leriche/Bureau/projet-rattrapage/ros2_ws/install/turtlesim/include/turtlesim/turtlesim/srv/detail/spawn__rosidl_typesupport_fastrtps_c.h\n'}
[2.048710] (turtlesim) StdoutLine: {'line': b'-- Up-to-date: /home/maxime.leriche/Bureau/projet-rattrapage/ros2_ws/install/turtlesim/include/turtlesim/turtlesim/srv/detail/set_pen__rosidl_typesupport_fastrtps_c.h\n'}
[2.050259] (turtlesim) StdoutLine: {'line': b'-- Up-to-date: /home/maxime.leriche/Bureau/projet-rattrapage/ros2_ws/install/turtlesim/include/turtlesim/turtlesim/srv/detail/kill__rosidl_typesupport_fastrtps_c.h\n'}
[2.050956] (turtlesim) StdoutLine: {'line': b'-- Up-to-date: /home/maxime.leriche/Bureau/projet-rattrapage/ros2_ws/install/turtlesim/include/turtlesim/turtlesim/msg\n'}
[2.052923] (turtlesim) StdoutLine: {'line': b'-- Up-to-date: /home/maxime.leriche/Bureau/projet-rattrapage/ros2_ws/install/turtlesim/include/turtlesim/turtlesim/msg/detail\n'}
[2.057383] (turtlesim) StdoutLine: {'line': b'-- Up-to-date: /home/maxime.leriche/Bureau/projet-rattrapage/ros2_ws/install/turtlesim/include/turtlesim/turtlesim/msg/detail/color__rosidl_typesupport_fastrtps_c.h\n'}
[2.059291] (turtlesim) StdoutLine: {'line': b'-- Up-to-date: /home/maxime.leriche/Bureau/projet-rattrapage/ros2_ws/install/turtlesim/include/turtlesim/turtlesim/msg/detail/pose__rosidl_typesupport_fastrtps_c.h\n'}
[2.060446] (turtlesim) StdoutLine: {'line': b'-- Up-to-date: /home/maxime.leriche/Bureau/projet-rattrapage/ros2_ws/install/turtlesim/include/turtlesim/turtlesim/msg/rosidl_typesupport_fastrtps_c__visibility_control.h\n'}
[2.062941] (turtlesim) StdoutLine: {'line': b'-- Up-to-date: /home/maxime.leriche/Bureau/projet-rattrapage/ros2_ws/install/turtlesim/lib/libturtlesim__rosidl_typesupport_fastrtps_c.so\n'}
[2.066050] (turtlesim) StdoutLine: {'line': b'-- Up-to-date: /home/maxime.leriche/Bureau/projet-rattrapage/ros2_ws/install/turtlesim/include/turtlesim/turtlesim\n'}
[2.067847] (turtlesim) StdoutLine: {'line': b'-- Up-to-date: /home/maxime.leriche/Bureau/projet-rattrapage/ros2_ws/install/turtlesim/include/turtlesim/turtlesim/action\n'}
[2.069900] (turtlesim) StdoutLine: {'line': b'-- Up-to-date: /home/maxime.leriche/Bureau/projet-rattrapage/ros2_ws/install/turtlesim/include/turtlesim/turtlesim/action/detail\n'}
[2.072287] (turtlesim) StdoutLine: {'line': b'-- Up-to-date: /home/maxime.leriche/Bureau/projet-rattrapage/ros2_ws/install/turtlesim/include/turtlesim/turtlesim/action/detail/rotate_absolute__traits.hpp\n'}
[2.073589] (turtlesim) StdoutLine: {'line': b'-- Up-to-date: /home/maxime.leriche/Bureau/projet-rattrapage/ros2_ws/install/turtlesim/include/turtlesim/turtlesim/action/detail/rotate_absolute__struct.hpp\n'}
[2.074679] (turtlesim) StdoutLine: {'line': b'-- Up-to-date: /home/maxime.leriche/Bureau/projet-rattrapage/ros2_ws/install/turtlesim/include/turtlesim/turtlesim/action/detail/rotate_absolute__builder.hpp\n'}
[2.075829] (turtlesim) StdoutLine: {'line': b'-- Up-to-date: /home/maxime.leriche/Bureau/projet-rattrapage/ros2_ws/install/turtlesim/include/turtlesim/turtlesim/action/rotate_absolute.hpp\n'}
[2.076697] (turtlesim) StdoutLine: {'line': b'-- Up-to-date: /home/maxime.leriche/Bureau/projet-rattrapage/ros2_ws/install/turtlesim/include/turtlesim/turtlesim/srv\n'}
[2.078837] (turtlesim) StdoutLine: {'line': b'-- Up-to-date: /home/maxime.leriche/Bureau/projet-rattrapage/ros2_ws/install/turtlesim/include/turtlesim/turtlesim/srv/detail\n'}
[2.081931] (turtlesim) StdoutLine: {'line': b'-- Up-to-date: /home/maxime.leriche/Bureau/projet-rattrapage/ros2_ws/install/turtlesim/include/turtlesim/turtlesim/srv/detail/set_pen__traits.hpp\n'}
[2.083058] (turtlesim) StdoutLine: {'line': b'-- Up-to-date: /home/maxime.leriche/Bureau/projet-rattrapage/ros2_ws/install/turtlesim/include/turtlesim/turtlesim/srv/detail/teleport_absolute__builder.hpp\n'}
[2.084207] (turtlesim) StdoutLine: {'line': b'-- Up-to-date: /home/maxime.leriche/Bureau/projet-rattrapage/ros2_ws/install/turtlesim/include/turtlesim/turtlesim/srv/detail/set_pen__struct.hpp\n'}
[2.085523] (turtlesim) StdoutLine: {'line': b'-- Up-to-date: /home/maxime.leriche/Bureau/projet-rattrapage/ros2_ws/install/turtlesim/include/turtlesim/turtlesim/srv/detail/kill__traits.hpp\n'}
[2.086679] (turtlesim) StdoutLine: {'line': b'-- Up-to-date: /home/maxime.leriche/Bureau/projet-rattrapage/ros2_ws/install/turtlesim/include/turtlesim/turtlesim/srv/detail/teleport_absolute__traits.hpp\n'}
[2.087957] (turtlesim) StdoutLine: {'line': b'-- Up-to-date: /home/maxime.leriche/Bureau/projet-rattrapage/ros2_ws/install/turtlesim/include/turtlesim/turtlesim/srv/detail/spawn__builder.hpp\n'}
[2.089818] (turtlesim) StdoutLine: {'line': b'-- Up-to-date: /home/maxime.leriche/Bureau/projet-rattrapage/ros2_ws/install/turtlesim/include/turtlesim/turtlesim/srv/detail/spawn__traits.hpp\n'}
[2.091903] (turtlesim) StdoutLine: {'line': b'-- Up-to-date: /home/maxime.leriche/Bureau/projet-rattrapage/ros2_ws/install/turtlesim/include/turtlesim/turtlesim/srv/detail/teleport_relative__builder.hpp\n'}
[2.093616] (turtlesim) StdoutLine: {'line': b'-- Up-to-date: /home/maxime.leriche/Bureau/projet-rattrapage/ros2_ws/install/turtlesim/include/turtlesim/turtlesim/srv/detail/teleport_relative__struct.hpp\n'}
[2.095182] (turtlesim) StdoutLine: {'line': b'-- Up-to-date: /home/maxime.leriche/Bureau/projet-rattrapage/ros2_ws/install/turtlesim/include/turtlesim/turtlesim/srv/detail/teleport_relative__traits.hpp\n'}
[2.096771] (turtlesim) StdoutLine: {'line': b'-- Up-to-date: /home/maxime.leriche/Bureau/projet-rattrapage/ros2_ws/install/turtlesim/include/turtlesim/turtlesim/srv/detail/set_pen__builder.hpp\n'}
[2.098085] (turtlesim) StdoutLine: {'line': b'-- Up-to-date: /home/maxime.leriche/Bureau/projet-rattrapage/ros2_ws/install/turtlesim/include/turtlesim/turtlesim/srv/detail/kill__builder.hpp\n'}
[2.099214] (turtlesim) StdoutLine: {'line': b'-- Up-to-date: /home/maxime.leriche/Bureau/projet-rattrapage/ros2_ws/install/turtlesim/include/turtlesim/turtlesim/srv/detail/kill__struct.hpp\n'}
[2.100806] (turtlesim) StdoutLine: {'line': b'-- Up-to-date: /home/maxime.leriche/Bureau/projet-rattrapage/ros2_ws/install/turtlesim/include/turtlesim/turtlesim/srv/detail/spawn__struct.hpp\n'}
[2.101081] (-) TimerEvent: {}
[2.102209] (turtlesim) StdoutLine: {'line': b'-- Up-to-date: /home/maxime.leriche/Bureau/projet-rattrapage/ros2_ws/install/turtlesim/include/turtlesim/turtlesim/srv/detail/teleport_absolute__struct.hpp\n'}
[2.103564] (turtlesim) StdoutLine: {'line': b'-- Up-to-date: /home/maxime.leriche/Bureau/projet-rattrapage/ros2_ws/install/turtlesim/include/turtlesim/turtlesim/srv/teleport_relative.hpp\n'}
[2.105108] (turtlesim) StdoutLine: {'line': b'-- Up-to-date: /home/maxime.leriche/Bureau/projet-rattrapage/ros2_ws/install/turtlesim/include/turtlesim/turtlesim/srv/teleport_absolute.hpp\n'}
[2.106743] (turtlesim) StdoutLine: {'line': b'-- Up-to-date: /home/maxime.leriche/Bureau/projet-rattrapage/ros2_ws/install/turtlesim/include/turtlesim/turtlesim/srv/kill.hpp\n'}
[2.108318] (turtlesim) StdoutLine: {'line': b'-- Up-to-date: /home/maxime.leriche/Bureau/projet-rattrapage/ros2_ws/install/turtlesim/include/turtlesim/turtlesim/srv/set_pen.hpp\n'}
[2.110001] (turtlesim) StdoutLine: {'line': b'-- Up-to-date: /home/maxime.leriche/Bureau/projet-rattrapage/ros2_ws/install/turtlesim/include/turtlesim/turtlesim/srv/spawn.hpp\n'}
[2.110934] (turtlesim) StdoutLine: {'line': b'-- Up-to-date: /home/maxime.leriche/Bureau/projet-rattrapage/ros2_ws/install/turtlesim/include/turtlesim/turtlesim/msg\n'}
[2.113647] (turtlesim) StdoutLine: {'line': b'-- Up-to-date: /home/maxime.leriche/Bureau/projet-rattrapage/ros2_ws/install/turtlesim/include/turtlesim/turtlesim/msg/pose.hpp\n'}
[2.114650] (turtlesim) StdoutLine: {'line': b'-- Up-to-date: /home/maxime.leriche/Bureau/projet-rattrapage/ros2_ws/install/turtlesim/include/turtlesim/turtlesim/msg/detail\n'}
[2.117339] (turtlesim) StdoutLine: {'line': b'-- Up-to-date: /home/maxime.leriche/Bureau/projet-rattrapage/ros2_ws/install/turtlesim/include/turtlesim/turtlesim/msg/detail/color__struct.hpp\n'}
[2.118638] (turtlesim) StdoutLine: {'line': b'-- Up-to-date: /home/maxime.leriche/Bureau/projet-rattrapage/ros2_ws/install/turtlesim/include/turtlesim/turtlesim/msg/detail/color__builder.hpp\n'}
[2.120259] (turtlesim) StdoutLine: {'line': b'-- Up-to-date: /home/maxime.leriche/Bureau/projet-rattrapage/ros2_ws/install/turtlesim/include/turtlesim/turtlesim/msg/detail/pose__traits.hpp\n'}
[2.121469] (turtlesim) StdoutLine: {'line': b'-- Up-to-date: /home/maxime.leriche/Bureau/projet-rattrapage/ros2_ws/install/turtlesim/include/turtlesim/turtlesim/msg/detail/pose__struct.hpp\n'}
[2.122716] (turtlesim) StdoutLine: {'line': b'-- Up-to-date: /home/maxime.leriche/Bureau/projet-rattrapage/ros2_ws/install/turtlesim/include/turtlesim/turtlesim/msg/detail/color__traits.hpp\n'}
[2.124420] (turtlesim) StdoutLine: {'line': b'-- Up-to-date: /home/maxime.leriche/Bureau/projet-rattrapage/ros2_ws/install/turtlesim/include/turtlesim/turtlesim/msg/detail/pose__builder.hpp\n'}
[2.125999] (turtlesim) StdoutLine: {'line': b'-- Up-to-date: /home/maxime.leriche/Bureau/projet-rattrapage/ros2_ws/install/turtlesim/include/turtlesim/turtlesim/msg/color.hpp\n'}
[2.127425] (turtlesim) StdoutLine: {'line': b'-- Up-to-date: /home/maxime.leriche/Bureau/projet-rattrapage/ros2_ws/install/turtlesim/include/turtlesim/turtlesim\n'}
[2.128580] (turtlesim) StdoutLine: {'line': b'-- Up-to-date: /home/maxime.leriche/Bureau/projet-rattrapage/ros2_ws/install/turtlesim/include/turtlesim/turtlesim/action\n'}
[2.130532] (turtlesim) StdoutLine: {'line': b'-- Up-to-date: /home/maxime.leriche/Bureau/projet-rattrapage/ros2_ws/install/turtlesim/include/turtlesim/turtlesim/action/detail\n'}
[2.133564] (turtlesim) StdoutLine: {'line': b'-- Up-to-date: /home/maxime.leriche/Bureau/projet-rattrapage/ros2_ws/install/turtlesim/include/turtlesim/turtlesim/action/detail/dds_fastrtps\n'}
[2.135596] (turtlesim) StdoutLine: {'line': b'-- Up-to-date: /home/maxime.leriche/Bureau/projet-rattrapage/ros2_ws/install/turtlesim/include/turtlesim/turtlesim/action/detail/rotate_absolute__rosidl_typesupport_fastrtps_cpp.hpp\n'}
[2.136668] (turtlesim) StdoutLine: {'line': b'-- Up-to-date: /home/maxime.leriche/Bureau/projet-rattrapage/ros2_ws/install/turtlesim/include/turtlesim/turtlesim/srv\n'}
[2.138030] (turtlesim) StdoutLine: {'line': b'-- Up-to-date: /home/maxime.leriche/Bureau/projet-rattrapage/ros2_ws/install/turtlesim/include/turtlesim/turtlesim/srv/detail\n'}
[2.140551] (turtlesim) StdoutLine: {'line': b'-- Up-to-date: /home/maxime.leriche/Bureau/projet-rattrapage/ros2_ws/install/turtlesim/include/turtlesim/turtlesim/srv/detail/kill__rosidl_typesupport_fastrtps_cpp.hpp\n'}
[2.141725] (turtlesim) StdoutLine: {'line': b'-- Up-to-date: /home/maxime.leriche/Bureau/projet-rattrapage/ros2_ws/install/turtlesim/include/turtlesim/turtlesim/srv/detail/dds_fastrtps\n'}
[2.144293] (turtlesim) StdoutLine: {'line': b'-- Up-to-date: /home/maxime.leriche/Bureau/projet-rattrapage/ros2_ws/install/turtlesim/include/turtlesim/turtlesim/srv/detail/teleport_absolute__rosidl_typesupport_fastrtps_cpp.hpp\n'}
[2.145598] (turtlesim) StdoutLine: {'line': b'-- Up-to-date: /home/maxime.leriche/Bureau/projet-rattrapage/ros2_ws/install/turtlesim/include/turtlesim/turtlesim/srv/detail/teleport_relative__rosidl_typesupport_fastrtps_cpp.hpp\n'}
[2.146829] (turtlesim) StdoutLine: {'line': b'-- Up-to-date: /home/maxime.leriche/Bureau/projet-rattrapage/ros2_ws/install/turtlesim/include/turtlesim/turtlesim/srv/detail/spawn__rosidl_typesupport_fastrtps_cpp.hpp\n'}
[2.147925] (turtlesim) StdoutLine: {'line': b'-- Up-to-date: /home/maxime.leriche/Bureau/projet-rattrapage/ros2_ws/install/turtlesim/include/turtlesim/turtlesim/srv/detail/set_pen__rosidl_typesupport_fastrtps_cpp.hpp\n'}
[2.148584] (turtlesim) StdoutLine: {'line': b'-- Up-to-date: /home/maxime.leriche/Bureau/projet-rattrapage/ros2_ws/install/turtlesim/include/turtlesim/turtlesim/msg\n'}
[2.150819] (turtlesim) StdoutLine: {'line': b'-- Up-to-date: /home/maxime.leriche/Bureau/projet-rattrapage/ros2_ws/install/turtlesim/include/turtlesim/turtlesim/msg/detail\n'}
[2.153272] (turtlesim) StdoutLine: {'line': b'-- Up-to-date: /home/maxime.leriche/Bureau/projet-rattrapage/ros2_ws/install/turtlesim/include/turtlesim/turtlesim/msg/detail/dds_fastrtps\n'}
[2.155375] (turtlesim) StdoutLine: {'line': b'-- Up-to-date: /home/maxime.leriche/Bureau/projet-rattrapage/ros2_ws/install/turtlesim/include/turtlesim/turtlesim/msg/detail/color__rosidl_typesupport_fastrtps_cpp.hpp\n'}
[2.156600] (turtlesim) StdoutLine: {'line': b'-- Up-to-date: /home/maxime.leriche/Bureau/projet-rattrapage/ros2_ws/install/turtlesim/include/turtlesim/turtlesim/msg/detail/pose__rosidl_typesupport_fastrtps_cpp.hpp\n'}
[2.158023] (turtlesim) StdoutLine: {'line': b'-- Up-to-date: /home/maxime.leriche/Bureau/projet-rattrapage/ros2_ws/install/turtlesim/include/turtlesim/turtlesim/msg/rosidl_typesupport_fastrtps_cpp__visibility_control.h\n'}
[2.160939] (turtlesim) StdoutLine: {'line': b'-- Up-to-date: /home/maxime.leriche/Bureau/projet-rattrapage/ros2_ws/install/turtlesim/lib/libturtlesim__rosidl_typesupport_fastrtps_cpp.so\n'}
[2.163877] (turtlesim) StdoutLine: {'line': b'-- Up-to-date: /home/maxime.leriche/Bureau/projet-rattrapage/ros2_ws/install/turtlesim/include/turtlesim/turtlesim\n'}
[2.166017] (turtlesim) StdoutLine: {'line': b'-- Up-to-date: /home/maxime.leriche/Bureau/projet-rattrapage/ros2_ws/install/turtlesim/include/turtlesim/turtlesim/action\n'}
[2.168010] (turtlesim) StdoutLine: {'line': b'-- Up-to-date: /home/maxime.leriche/Bureau/projet-rattrapage/ros2_ws/install/turtlesim/include/turtlesim/turtlesim/action/detail\n'}
[2.170369] (turtlesim) StdoutLine: {'line': b'-- Up-to-date: /home/maxime.leriche/Bureau/projet-rattrapage/ros2_ws/install/turtlesim/include/turtlesim/turtlesim/action/detail/rotate_absolute__type_support.c\n'}
[2.171569] (turtlesim) StdoutLine: {'line': b'-- Up-to-date: /home/maxime.leriche/Bureau/projet-rattrapage/ros2_ws/install/turtlesim/include/turtlesim/turtlesim/action/detail/rotate_absolute__rosidl_typesupport_introspection_c.h\n'}
[2.172270] (turtlesim) StdoutLine: {'line': b'-- Up-to-date: /home/maxime.leriche/Bureau/projet-rattrapage/ros2_ws/install/turtlesim/include/turtlesim/turtlesim/srv\n'}
[2.174760] (turtlesim) StdoutLine: {'line': b'-- Up-to-date: /home/maxime.leriche/Bureau/projet-rattrapage/ros2_ws/install/turtlesim/include/turtlesim/turtlesim/srv/detail\n'}
[2.177079] (turtlesim) StdoutLine: {'line': b'-- Up-to-date: /home/maxime.leriche/Bureau/projet-rattrapage/ros2_ws/install/turtlesim/include/turtlesim/turtlesim/srv/detail/kill__rosidl_typesupport_introspection_c.h\n'}
[2.178529] (turtlesim) StdoutLine: {'line': b'-- Up-to-date: /home/maxime.leriche/Bureau/projet-rattrapage/ros2_ws/install/turtlesim/include/turtlesim/turtlesim/srv/detail/set_pen__type_support.c\n'}
[2.179886] (turtlesim) StdoutLine: {'line': b'-- Up-to-date: /home/maxime.leriche/Bureau/projet-rattrapage/ros2_ws/install/turtlesim/include/turtlesim/turtlesim/srv/detail/spawn__rosidl_typesupport_introspection_c.h\n'}
[2.181648] (turtlesim) StdoutLine: {'line': b'-- Up-to-date: /home/maxime.leriche/Bureau/projet-rattrapage/ros2_ws/install/turtlesim/include/turtlesim/turtlesim/srv/detail/teleport_absolute__type_support.c\n'}
[2.182993] (turtlesim) StdoutLine: {'line': b'-- Up-to-date: /home/maxime.leriche/Bureau/projet-rattrapage/ros2_ws/install/turtlesim/include/turtlesim/turtlesim/srv/detail/teleport_absolute__rosidl_typesupport_introspection_c.h\n'}
[2.184241] (turtlesim) StdoutLine: {'line': b'-- Up-to-date: /home/maxime.leriche/Bureau/projet-rattrapage/ros2_ws/install/turtlesim/include/turtlesim/turtlesim/srv/detail/kill__type_support.c\n'}
[2.185944] (turtlesim) StdoutLine: {'line': b'-- Up-to-date: /home/maxime.leriche/Bureau/projet-rattrapage/ros2_ws/install/turtlesim/include/turtlesim/turtlesim/srv/detail/teleport_relative__rosidl_typesupport_introspection_c.h\n'}
[2.187730] (turtlesim) StdoutLine: {'line': b'-- Up-to-date: /home/maxime.leriche/Bureau/projet-rattrapage/ros2_ws/install/turtlesim/include/turtlesim/turtlesim/srv/detail/teleport_relative__type_support.c\n'}
[2.189358] (turtlesim) StdoutLine: {'line': b'-- Up-to-date: /home/maxime.leriche/Bureau/projet-rattrapage/ros2_ws/install/turtlesim/include/turtlesim/turtlesim/srv/detail/spawn__type_support.c\n'}
[2.191001] (turtlesim) StdoutLine: {'line': b'-- Up-to-date: /home/maxime.leriche/Bureau/projet-rattrapage/ros2_ws/install/turtlesim/include/turtlesim/turtlesim/srv/detail/set_pen__rosidl_typesupport_introspection_c.h\n'}
[2.191848] (turtlesim) StdoutLine: {'line': b'-- Up-to-date: /home/maxime.leriche/Bureau/projet-rattrapage/ros2_ws/install/turtlesim/include/turtlesim/turtlesim/msg\n'}
[2.193943] (turtlesim) StdoutLine: {'line': b'-- Up-to-date: /home/maxime.leriche/Bureau/projet-rattrapage/ros2_ws/install/turtlesim/include/turtlesim/turtlesim/msg/detail\n'}
[2.196899] (turtlesim) StdoutLine: {'line': b'-- Up-to-date: /home/maxime.leriche/Bureau/projet-rattrapage/ros2_ws/install/turtlesim/include/turtlesim/turtlesim/msg/detail/pose__type_support.c\n'}
[2.198405] (turtlesim) StdoutLine: {'line': b'-- Up-to-date: /home/maxime.leriche/Bureau/projet-rattrapage/ros2_ws/install/turtlesim/include/turtlesim/turtlesim/msg/detail/pose__rosidl_typesupport_introspection_c.h\n'}
[2.199835] (turtlesim) StdoutLine: {'line': b'-- Up-to-date: /home/maxime.leriche/Bureau/projet-rattrapage/ros2_ws/install/turtlesim/include/turtlesim/turtlesim/msg/detail/color__type_support.c\n'}
[2.201057] (turtlesim) StdoutLine: {'line': b'-- Up-to-date: /home/maxime.leriche/Bureau/projet-rattrapage/ros2_ws/install/turtlesim/include/turtlesim/turtlesim/msg/detail/color__rosidl_typesupport_introspection_c.h\n'}
[2.202175] (-) TimerEvent: {}
[2.202344] (turtlesim) StdoutLine: {'line': b'-- Up-to-date: /home/maxime.leriche/Bureau/projet-rattrapage/ros2_ws/install/turtlesim/include/turtlesim/turtlesim/msg/rosidl_typesupport_introspection_c__visibility_control.h\n'}
[2.204478] (turtlesim) StdoutLine: {'line': b'-- Up-to-date: /home/maxime.leriche/Bureau/projet-rattrapage/ros2_ws/install/turtlesim/lib/libturtlesim__rosidl_typesupport_introspection_c.so\n'}
[2.209100] (turtlesim) StdoutLine: {'line': b'-- Up-to-date: /home/maxime.leriche/Bureau/projet-rattrapage/ros2_ws/install/turtlesim/lib/libturtlesim__rosidl_typesupport_c.so\n'}
[2.212051] (turtlesim) StdoutLine: {'line': b'-- Up-to-date: /home/maxime.leriche/Bureau/projet-rattrapage/ros2_ws/install/turtlesim/include/turtlesim/turtlesim\n'}
[2.213947] (turtlesim) StdoutLine: {'line': b'-- Up-to-date: /home/maxime.leriche/Bureau/projet-rattrapage/ros2_ws/install/turtlesim/include/turtlesim/turtlesim/action\n'}
[2.215755] (turtlesim) StdoutLine: {'line': b'-- Up-to-date: /home/maxime.leriche/Bureau/projet-rattrapage/ros2_ws/install/turtlesim/include/turtlesim/turtlesim/action/detail\n'}
[2.218355] (turtlesim) StdoutLine: {'line': b'-- Up-to-date: /home/maxime.leriche/Bureau/projet-rattrapage/ros2_ws/install/turtlesim/include/turtlesim/turtlesim/action/detail/rotate_absolute__type_support.cpp\n'}
[2.219915] (turtlesim) StdoutLine: {'line': b'-- Up-to-date: /home/maxime.leriche/Bureau/projet-rattrapage/ros2_ws/install/turtlesim/include/turtlesim/turtlesim/action/detail/rotate_absolute__rosidl_typesupport_introspection_cpp.hpp\n'}
[2.220908] (turtlesim) StdoutLine: {'line': b'-- Up-to-date: /home/maxime.leriche/Bureau/projet-rattrapage/ros2_ws/install/turtlesim/include/turtlesim/turtlesim/srv\n'}
[2.222866] (turtlesim) StdoutLine: {'line': b'-- Up-to-date: /home/maxime.leriche/Bureau/projet-rattrapage/ros2_ws/install/turtlesim/include/turtlesim/turtlesim/srv/detail\n'}
[2.226275] (turtlesim) StdoutLine: {'line': b'-- Up-to-date: /home/maxime.leriche/Bureau/projet-rattrapage/ros2_ws/install/turtlesim/include/turtlesim/turtlesim/srv/detail/teleport_relative__rosidl_typesupport_introspection_cpp.hpp\n'}
[2.227524] (turtlesim) StdoutLine: {'line': b'-- Up-to-date: /home/maxime.leriche/Bureau/projet-rattrapage/ros2_ws/install/turtlesim/include/turtlesim/turtlesim/srv/detail/kill__rosidl_typesupport_introspection_cpp.hpp\n'}
[2.228894] (turtlesim) StdoutLine: {'line': b'-- Up-to-date: /home/maxime.leriche/Bureau/projet-rattrapage/ros2_ws/install/turtlesim/include/turtlesim/turtlesim/srv/detail/teleport_relative__type_support.cpp\n'}
[2.230367] (turtlesim) StdoutLine: {'line': b'-- Up-to-date: /home/maxime.leriche/Bureau/projet-rattrapage/ros2_ws/install/turtlesim/include/turtlesim/turtlesim/srv/detail/spawn__rosidl_typesupport_introspection_cpp.hpp\n'}
[2.231471] (turtlesim) StdoutLine: {'line': b'-- Up-to-date: /home/maxime.leriche/Bureau/projet-rattrapage/ros2_ws/install/turtlesim/include/turtlesim/turtlesim/srv/detail/spawn__type_support.cpp\n'}
[2.233219] (turtlesim) StdoutLine: {'line': b'-- Up-to-date: /home/maxime.leriche/Bureau/projet-rattrapage/ros2_ws/install/turtlesim/include/turtlesim/turtlesim/srv/detail/teleport_absolute__type_support.cpp\n'}
[2.234634] (turtlesim) StdoutLine: {'line': b'-- Up-to-date: /home/maxime.leriche/Bureau/projet-rattrapage/ros2_ws/install/turtlesim/include/turtlesim/turtlesim/srv/detail/teleport_absolute__rosidl_typesupport_introspection_cpp.hpp\n'}
[2.235973] (turtlesim) StdoutLine: {'line': b'-- Up-to-date: /home/maxime.leriche/Bureau/projet-rattrapage/ros2_ws/install/turtlesim/include/turtlesim/turtlesim/srv/detail/kill__type_support.cpp\n'}
[2.237223] (turtlesim) StdoutLine: {'line': b'-- Up-to-date: /home/maxime.leriche/Bureau/projet-rattrapage/ros2_ws/install/turtlesim/include/turtlesim/turtlesim/srv/detail/set_pen__rosidl_typesupport_introspection_cpp.hpp\n'}
[2.238642] (turtlesim) StdoutLine: {'line': b'-- Up-to-date: /home/maxime.leriche/Bureau/projet-rattrapage/ros2_ws/install/turtlesim/include/turtlesim/turtlesim/srv/detail/set_pen__type_support.cpp\n'}
[2.239347] (turtlesim) StdoutLine: {'line': b'-- Up-to-date: /home/maxime.leriche/Bureau/projet-rattrapage/ros2_ws/install/turtlesim/include/turtlesim/turtlesim/msg\n'}
[2.240886] (turtlesim) StdoutLine: {'line': b'-- Up-to-date: /home/maxime.leriche/Bureau/projet-rattrapage/ros2_ws/install/turtlesim/include/turtlesim/turtlesim/msg/detail\n'}
[2.243726] (turtlesim) StdoutLine: {'line': b'-- Up-to-date: /home/maxime.leriche/Bureau/projet-rattrapage/ros2_ws/install/turtlesim/include/turtlesim/turtlesim/msg/detail/color__type_support.cpp\n'}
[2.244824] (turtlesim) StdoutLine: {'line': b'-- Up-to-date: /home/maxime.leriche/Bureau/projet-rattrapage/ros2_ws/install/turtlesim/include/turtlesim/turtlesim/msg/detail/color__rosidl_typesupport_introspection_cpp.hpp\n'}
[2.246036] (turtlesim) StdoutLine: {'line': b'-- Up-to-date: /home/maxime.leriche/Bureau/projet-rattrapage/ros2_ws/install/turtlesim/include/turtlesim/turtlesim/msg/detail/pose__rosidl_typesupport_introspection_cpp.hpp\n'}
[2.247192] (turtlesim) StdoutLine: {'line': b'-- Up-to-date: /home/maxime.leriche/Bureau/projet-rattrapage/ros2_ws/install/turtlesim/include/turtlesim/turtlesim/msg/detail/pose__type_support.cpp\n'}
[2.249204] (turtlesim) StdoutLine: {'line': b'-- Up-to-date: /home/maxime.leriche/Bureau/projet-rattrapage/ros2_ws/install/turtlesim/lib/libturtlesim__rosidl_typesupport_introspection_cpp.so\n'}
[2.253798] (turtlesim) StdoutLine: {'line': b'-- Up-to-date: /home/maxime.leriche/Bureau/projet-rattrapage/ros2_ws/install/turtlesim/lib/libturtlesim__rosidl_typesupport_cpp.so\n'}
[2.257056] (turtlesim) StdoutLine: {'line': b'-- Up-to-date: /home/maxime.leriche/Bureau/projet-rattrapage/ros2_ws/install/turtlesim/share/turtlesim/environment/pythonpath.sh\n'}
[2.259539] (turtlesim) StdoutLine: {'line': b'-- Up-to-date: /home/maxime.leriche/Bureau/projet-rattrapage/ros2_ws/install/turtlesim/share/turtlesim/environment/pythonpath.dsv\n'}
[2.260434] (turtlesim) StdoutLine: {'line': b'-- Up-to-date: /home/maxime.leriche/Bureau/projet-rattrapage/ros2_ws/install/turtlesim/local/lib/python3.10/dist-packages/turtlesim-1.4.2-py3.10.egg-info\n'}
[2.263400] (turtlesim) StdoutLine: {'line': b'-- Installing: /home/maxime.leriche/Bureau/projet-rattrapage/ros2_ws/install/turtlesim/local/lib/python3.10/dist-packages/turtlesim-1.4.2-py3.10.egg-info/dependency_links.txt\n'}
[2.272816] (turtlesim) StdoutLine: {'line': b'-- Installing: /home/maxime.leriche/Bureau/projet-rattrapage/ros2_ws/install/turtlesim/local/lib/python3.10/dist-packages/turtlesim-1.4.2-py3.10.egg-info/PKG-INFO\n'}
[2.282073] (turtlesim) StdoutLine: {'line': b'-- Installing: /home/maxime.leriche/Bureau/projet-rattrapage/ros2_ws/install/turtlesim/local/lib/python3.10/dist-packages/turtlesim-1.4.2-py3.10.egg-info/SOURCES.txt\n'}
[2.290775] (turtlesim) StdoutLine: {'line': b'-- Installing: /home/maxime.leriche/Bureau/projet-rattrapage/ros2_ws/install/turtlesim/local/lib/python3.10/dist-packages/turtlesim-1.4.2-py3.10.egg-info/top_level.txt\n'}
[2.299771] (turtlesim) StdoutLine: {'line': b'-- Up-to-date: /home/maxime.leriche/Bureau/projet-rattrapage/ros2_ws/install/turtlesim/local/lib/python3.10/dist-packages/turtlesim\n'}
[2.302270] (-) TimerEvent: {}
[2.303086] (turtlesim) StdoutLine: {'line': b'-- Up-to-date: /home/maxime.leriche/Bureau/projet-rattrapage/ros2_ws/install/turtlesim/local/lib/python3.10/dist-packages/turtlesim/action\n'}
[2.306209] (turtlesim) StdoutLine: {'line': b'-- Up-to-date: /home/maxime.leriche/Bureau/projet-rattrapage/ros2_ws/install/turtlesim/local/lib/python3.10/dist-packages/turtlesim/action/__init__.py\n'}
[2.307849] (turtlesim) StdoutLine: {'line': b'-- Up-to-date: /home/maxime.leriche/Bureau/projet-rattrapage/ros2_ws/install/turtlesim/local/lib/python3.10/dist-packages/turtlesim/action/_rotate_absolute_s.c\n'}
[2.309459] (turtlesim) StdoutLine: {'line': b'-- Up-to-date: /home/maxime.leriche/Bureau/projet-rattrapage/ros2_ws/install/turtlesim/local/lib/python3.10/dist-packages/turtlesim/action/_rotate_absolute.py\n'}
[2.310829] (turtlesim) StdoutLine: {'line': b'-- Up-to-date: /home/maxime.leriche/Bureau/projet-rattrapage/ros2_ws/install/turtlesim/local/lib/python3.10/dist-packages/turtlesim/libturtlesim__rosidl_generator_py.so\n'}
[2.312458] (turtlesim) StdoutLine: {'line': b'-- Up-to-date: /home/maxime.leriche/Bureau/projet-rattrapage/ros2_ws/install/turtlesim/local/lib/python3.10/dist-packages/turtlesim/srv\n'}
[2.315318] (turtlesim) StdoutLine: {'line': b'-- Up-to-date: /home/maxime.leriche/Bureau/projet-rattrapage/ros2_ws/install/turtlesim/local/lib/python3.10/dist-packages/turtlesim/srv/_teleport_absolute_s.c\n'}
[2.316867] (turtlesim) StdoutLine: {'line': b'-- Up-to-date: /home/maxime.leriche/Bureau/projet-rattrapage/ros2_ws/install/turtlesim/local/lib/python3.10/dist-packages/turtlesim/srv/_teleport_relative.py\n'}
[2.318206] (turtlesim) StdoutLine: {'line': b'-- Up-to-date: /home/maxime.leriche/Bureau/projet-rattrapage/ros2_ws/install/turtlesim/local/lib/python3.10/dist-packages/turtlesim/srv/__init__.py\n'}
[2.319443] (turtlesim) StdoutLine: {'line': b'-- Up-to-date: /home/maxime.leriche/Bureau/projet-rattrapage/ros2_ws/install/turtlesim/local/lib/python3.10/dist-packages/turtlesim/srv/_spawn.py\n'}
[2.321096] (turtlesim) StdoutLine: {'line': b'-- Up-to-date: /home/maxime.leriche/Bureau/projet-rattrapage/ros2_ws/install/turtlesim/local/lib/python3.10/dist-packages/turtlesim/srv/_kill_s.c\n'}
[2.322507] (turtlesim) StdoutLine: {'line': b'-- Up-to-date: /home/maxime.leriche/Bureau/projet-rattrapage/ros2_ws/install/turtlesim/local/lib/python3.10/dist-packages/turtlesim/srv/_spawn_s.c\n'}
[2.323780] (turtlesim) StdoutLine: {'line': b'-- Up-to-date: /home/maxime.leriche/Bureau/projet-rattrapage/ros2_ws/install/turtlesim/local/lib/python3.10/dist-packages/turtlesim/srv/_set_pen.py\n'}
[2.325031] (turtlesim) StdoutLine: {'line': b'-- Up-to-date: /home/maxime.leriche/Bureau/projet-rattrapage/ros2_ws/install/turtlesim/local/lib/python3.10/dist-packages/turtlesim/srv/_teleport_absolute.py\n'}
[2.326559] (turtlesim) StdoutLine: {'line': b'-- Up-to-date: /home/maxime.leriche/Bureau/projet-rattrapage/ros2_ws/install/turtlesim/local/lib/python3.10/dist-packages/turtlesim/srv/_kill.py\n'}
[2.327774] (turtlesim) StdoutLine: {'line': b'-- Up-to-date: /home/maxime.leriche/Bureau/projet-rattrapage/ros2_ws/install/turtlesim/local/lib/python3.10/dist-packages/turtlesim/srv/_set_pen_s.c\n'}
[2.329175] (turtlesim) StdoutLine: {'line': b'-- Up-to-date: /home/maxime.leriche/Bureau/projet-rattrapage/ros2_ws/install/turtlesim/local/lib/python3.10/dist-packages/turtlesim/srv/_teleport_relative_s.c\n'}
[2.330926] (turtlesim) StdoutLine: {'line': b'-- Up-to-date: /home/maxime.leriche/Bureau/projet-rattrapage/ros2_ws/install/turtlesim/local/lib/python3.10/dist-packages/turtlesim/_turtlesim_s.ep.rosidl_typesupport_introspection_c.c\n'}
[2.332779] (turtlesim) StdoutLine: {'line': b'-- Up-to-date: /home/maxime.leriche/Bureau/projet-rattrapage/ros2_ws/install/turtlesim/local/lib/python3.10/dist-packages/turtlesim/turtlesim_s__rosidl_typesupport_c.cpython-310-x86_64-linux-gnu.so\n'}
[2.334125] (turtlesim) StdoutLine: {'line': b'-- Up-to-date: /home/maxime.leriche/Bureau/projet-rattrapage/ros2_ws/install/turtlesim/local/lib/python3.10/dist-packages/turtlesim/__init__.py\n'}
[2.335631] (turtlesim) StdoutLine: {'line': b'-- Up-to-date: /home/maxime.leriche/Bureau/projet-rattrapage/ros2_ws/install/turtlesim/local/lib/python3.10/dist-packages/turtlesim/turtlesim_s__rosidl_typesupport_introspection_c.cpython-310-x86_64-linux-gnu.so\n'}
[2.337270] (turtlesim) StdoutLine: {'line': b'-- Up-to-date: /home/maxime.leriche/Bureau/projet-rattrapage/ros2_ws/install/turtlesim/local/lib/python3.10/dist-packages/turtlesim/turtlesim_s__rosidl_typesupport_fastrtps_c.cpython-310-x86_64-linux-gnu.so\n'}
[2.338531] (turtlesim) StdoutLine: {'line': b'-- Up-to-date: /home/maxime.leriche/Bureau/projet-rattrapage/ros2_ws/install/turtlesim/local/lib/python3.10/dist-packages/turtlesim/msg\n'}
[2.342253] (turtlesim) StdoutLine: {'line': b'-- Up-to-date: /home/maxime.leriche/Bureau/projet-rattrapage/ros2_ws/install/turtlesim/local/lib/python3.10/dist-packages/turtlesim/msg/_color.py\n'}
[2.344477] (turtlesim) StdoutLine: {'line': b'-- Up-to-date: /home/maxime.leriche/Bureau/projet-rattrapage/ros2_ws/install/turtlesim/local/lib/python3.10/dist-packages/turtlesim/msg/_pose.py\n'}
[2.345584] (turtlesim) StdoutLine: {'line': b'-- Up-to-date: /home/maxime.leriche/Bureau/projet-rattrapage/ros2_ws/install/turtlesim/local/lib/python3.10/dist-packages/turtlesim/msg/__init__.py\n'}
[2.347720] (turtlesim) StdoutLine: {'line': b'-- Up-to-date: /home/maxime.leriche/Bureau/projet-rattrapage/ros2_ws/install/turtlesim/local/lib/python3.10/dist-packages/turtlesim/msg/_pose_s.c\n'}
[2.349405] (turtlesim) StdoutLine: {'line': b'-- Up-to-date: /home/maxime.leriche/Bureau/projet-rattrapage/ros2_ws/install/turtlesim/local/lib/python3.10/dist-packages/turtlesim/msg/_color_s.c\n'}
[2.350601] (turtlesim) StdoutLine: {'line': b'-- Up-to-date: /home/maxime.leriche/Bureau/projet-rattrapage/ros2_ws/install/turtlesim/local/lib/python3.10/dist-packages/turtlesim/_turtlesim_s.ep.rosidl_typesupport_fastrtps_c.c\n'}
[2.352104] (turtlesim) StdoutLine: {'line': b'-- Up-to-date: /home/maxime.leriche/Bureau/projet-rattrapage/ros2_ws/install/turtlesim/local/lib/python3.10/dist-packages/turtlesim/_turtlesim_s.ep.rosidl_typesupport_c.c\n'}
[2.402375] (-) TimerEvent: {}
[2.412624] (turtlesim) StdoutLine: {'line': b"Listing '/home/maxime.leriche/Bureau/projet-rattrapage/ros2_ws/install/turtlesim/local/lib/python3.10/dist-packages/turtlesim'...\n"}
[2.412803] (turtlesim) StdoutLine: {'line': b"Listing '/home/maxime.leriche/Bureau/projet-rattrapage/ros2_ws/install/turtlesim/local/lib/python3.10/dist-packages/turtlesim/action'...\n"}
[2.413846] (turtlesim) StdoutLine: {'line': b"Listing '/home/maxime.leriche/Bureau/projet-rattrapage/ros2_ws/install/turtlesim/local/lib/python3.10/dist-packages/turtlesim/msg'...\n"}
[2.414817] (turtlesim) StdoutLine: {'line': b"Listing '/home/maxime.leriche/Bureau/projet-rattrapage/ros2_ws/install/turtlesim/local/lib/python3.10/dist-packages/turtlesim/srv'...\n"}
[2.419317] (turtlesim) StdoutLine: {'line': b'-- Up-to-date: /home/maxime.leriche/Bureau/projet-rattrapage/ros2_ws/install/turtlesim/local/lib/python3.10/dist-packages/turtlesim/turtlesim_s__rosidl_typesupport_fastrtps_c.cpython-310-x86_64-linux-gnu.so\n'}
[2.424021] (turtlesim) StdoutLine: {'line': b'-- Up-to-date: /home/maxime.leriche/Bureau/projet-rattrapage/ros2_ws/install/turtlesim/local/lib/python3.10/dist-packages/turtlesim/turtlesim_s__rosidl_typesupport_introspection_c.cpython-310-x86_64-linux-gnu.so\n'}
[2.428896] (turtlesim) StdoutLine: {'line': b'-- Up-to-date: /home/maxime.leriche/Bureau/projet-rattrapage/ros2_ws/install/turtlesim/local/lib/python3.10/dist-packages/turtlesim/turtlesim_s__rosidl_typesupport_c.cpython-310-x86_64-linux-gnu.so\n'}
[2.433485] (turtlesim) StdoutLine: {'line': b'-- Up-to-date: /home/maxime.leriche/Bureau/projet-rattrapage/ros2_ws/install/turtlesim/lib/libturtlesim__rosidl_generator_py.so\n'}
[2.438056] (turtlesim) StdoutLine: {'line': b'-- Up-to-date: /home/maxime.leriche/Bureau/projet-rattrapage/ros2_ws/install/turtlesim/share/turtlesim/action/RotateAbsolute.idl\n'}
[2.440257] (turtlesim) StdoutLine: {'line': b'-- Up-to-date: /home/maxime.leriche/Bureau/projet-rattrapage/ros2_ws/install/turtlesim/share/turtlesim/msg/Color.idl\n'}
[2.442098] (turtlesim) StdoutLine: {'line': b'-- Up-to-date: /home/maxime.leriche/Bureau/projet-rattrapage/ros2_ws/install/turtlesim/share/turtlesim/msg/Pose.idl\n'}
[2.444432] (turtlesim) StdoutLine: {'line': b'-- Up-to-date: /home/maxime.leriche/Bureau/projet-rattrapage/ros2_ws/install/turtlesim/share/turtlesim/srv/Kill.idl\n'}
[2.445625] (turtlesim) StdoutLine: {'line': b'-- Up-to-date: /home/maxime.leriche/Bureau/projet-rattrapage/ros2_ws/install/turtlesim/share/turtlesim/srv/SetPen.idl\n'}
[2.446911] (turtlesim) StdoutLine: {'line': b'-- Up-to-date: /home/maxime.leriche/Bureau/projet-rattrapage/ros2_ws/install/turtlesim/share/turtlesim/srv/Spawn.idl\n'}
[2.448130] (turtlesim) StdoutLine: {'line': b'-- Up-to-date: /home/maxime.leriche/Bureau/projet-rattrapage/ros2_ws/install/turtlesim/share/turtlesim/srv/TeleportAbsolute.idl\n'}
[2.449766] (turtlesim) StdoutLine: {'line': b'-- Up-to-date: /home/maxime.leriche/Bureau/projet-rattrapage/ros2_ws/install/turtlesim/share/turtlesim/srv/TeleportRelative.idl\n'}
[2.451987] (turtlesim) StdoutLine: {'line': b'-- Up-to-date: /home/maxime.leriche/Bureau/projet-rattrapage/ros2_ws/install/turtlesim/share/turtlesim/action/RotateAbsolute.action\n'}
[2.453058] (turtlesim) StdoutLine: {'line': b'-- Up-to-date: /home/maxime.leriche/Bureau/projet-rattrapage/ros2_ws/install/turtlesim/share/turtlesim/msg/Color.msg\n'}
[2.454230] (turtlesim) StdoutLine: {'line': b'-- Up-to-date: /home/maxime.leriche/Bureau/projet-rattrapage/ros2_ws/install/turtlesim/share/turtlesim/msg/Pose.msg\n'}
[2.455437] (turtlesim) StdoutLine: {'line': b'-- Up-to-date: /home/maxime.leriche/Bureau/projet-rattrapage/ros2_ws/install/turtlesim/share/turtlesim/srv/Kill.srv\n'}
[2.456618] (turtlesim) StdoutLine: {'line': b'-- Up-to-date: /home/maxime.leriche/Bureau/projet-rattrapage/ros2_ws/install/turtlesim/share/turtlesim/srv/Kill_Request.msg\n'}
[2.458445] (turtlesim) StdoutLine: {'line': b'-- Up-to-date: /home/maxime.leriche/Bureau/projet-rattrapage/ros2_ws/install/turtlesim/share/turtlesim/srv/Kill_Response.msg\n'}
[2.459085] (turtlesim) StdoutLine: {'line': b'-- Up-to-date: /home/maxime.leriche/Bureau/projet-rattrapage/ros2_ws/install/turtlesim/share/turtlesim/srv/SetPen.srv\n'}
[2.460398] (turtlesim) StdoutLine: {'line': b'-- Up-to-date: /home/maxime.leriche/Bureau/projet-rattrapage/ros2_ws/install/turtlesim/share/turtlesim/srv/SetPen_Request.msg\n'}
[2.461776] (turtlesim) StdoutLine: {'line': b'-- Up-to-date: /home/maxime.leriche/Bureau/projet-rattrapage/ros2_ws/install/turtlesim/share/turtlesim/srv/SetPen_Response.msg\n'}
[2.463315] (turtlesim) StdoutLine: {'line': b'-- Up-to-date: /home/maxime.leriche/Bureau/projet-rattrapage/ros2_ws/install/turtlesim/share/turtlesim/srv/Spawn.srv\n'}
[2.465908] (turtlesim) StdoutLine: {'line': b'-- Up-to-date: /home/maxime.leriche/Bureau/projet-rattrapage/ros2_ws/install/turtlesim/share/turtlesim/srv/Spawn_Request.msg\n'}
[2.466103] (turtlesim) StdoutLine: {'line': b'-- Up-to-date: /home/maxime.leriche/Bureau/projet-rattrapage/ros2_ws/install/turtlesim/share/turtlesim/srv/Spawn_Response.msg\n'}
[2.467227] (turtlesim) StdoutLine: {'line': b'-- Up-to-date: /home/maxime.leriche/Bureau/projet-rattrapage/ros2_ws/install/turtlesim/share/turtlesim/srv/TeleportAbsolute.srv\n'}
[2.468598] (turtlesim) StdoutLine: {'line': b'-- Up-to-date: /home/maxime.leriche/Bureau/projet-rattrapage/ros2_ws/install/turtlesim/share/turtlesim/srv/TeleportAbsolute_Request.msg\n'}
[2.470109] (turtlesim) StdoutLine: {'line': b'-- Up-to-date: /home/maxime.leriche/Bureau/projet-rattrapage/ros2_ws/install/turtlesim/share/turtlesim/srv/TeleportAbsolute_Response.msg\n'}
[2.471246] (turtlesim) StdoutLine: {'line': b'-- Up-to-date: /home/maxime.leriche/Bureau/projet-rattrapage/ros2_ws/install/turtlesim/share/turtlesim/srv/TeleportRelative.srv\n'}
[2.472767] (turtlesim) StdoutLine: {'line': b'-- Up-to-date: /home/maxime.leriche/Bureau/projet-rattrapage/ros2_ws/install/turtlesim/share/turtlesim/srv/TeleportRelative_Request.msg\n'}
[2.474107] (turtlesim) StdoutLine: {'line': b'-- Up-to-date: /home/maxime.leriche/Bureau/projet-rattrapage/ros2_ws/install/turtlesim/share/turtlesim/srv/TeleportRelative_Response.msg\n'}
[2.476864] (turtlesim) StdoutLine: {'line': b'-- Up-to-date: /home/maxime.leriche/Bureau/projet-rattrapage/ros2_ws/install/turtlesim/lib/turtlesim/turtlesim_node\n'}
[2.481116] (turtlesim) StdoutLine: {'line': b'-- Up-to-date: /home/maxime.leriche/Bureau/projet-rattrapage/ros2_ws/install/turtlesim/lib/turtlesim/turtle_teleop_key\n'}
[2.485308] (turtlesim) StdoutLine: {'line': b'-- Up-to-date: /home/maxime.leriche/Bureau/projet-rattrapage/ros2_ws/install/turtlesim/lib/turtlesim/draw_square\n'}
[2.489680] (turtlesim) StdoutLine: {'line': b'-- Up-to-date: /home/maxime.leriche/Bureau/projet-rattrapage/ros2_ws/install/turtlesim/lib/turtlesim/mimic\n'}
[2.493616] (turtlesim) StdoutLine: {'line': b'-- Up-to-date: /home/maxime.leriche/Bureau/projet-rattrapage/ros2_ws/install/turtlesim/share/turtlesim/images\n'}
[2.496674] (turtlesim) StdoutLine: {'line': b'-- Up-to-date: /home/maxime.leriche/Bureau/projet-rattrapage/ros2_ws/install/turtlesim/share/turtlesim/images/galactic.png\n'}
[2.498741] (turtlesim) StdoutLine: {'line': b'-- Up-to-date: /home/maxime.leriche/Bureau/projet-rattrapage/ros2_ws/install/turtlesim/share/turtlesim/images/bouncy.png\n'}
[2.501019] (turtlesim) StdoutLine: {'line': b'-- Up-to-date: /home/maxime.leriche/Bureau/projet-rattrapage/ros2_ws/install/turtlesim/share/turtlesim/images/ardent.png\n'}
[2.502445] (-) TimerEvent: {}
[2.503022] (turtlesim) StdoutLine: {'line': b'-- Up-to-date: /home/maxime.leriche/Bureau/projet-rattrapage/ros2_ws/install/turtlesim/share/turtlesim/images/humble.png\n'}
[2.505298] (turtlesim) StdoutLine: {'line': b'-- Up-to-date: /home/maxime.leriche/Bureau/projet-rattrapage/ros2_ws/install/turtlesim/share/turtlesim/images/crystal.png\n'}
[2.507399] (turtlesim) StdoutLine: {'line': b'-- Up-to-date: /home/maxime.leriche/Bureau/projet-rattrapage/ros2_ws/install/turtlesim/share/turtlesim/images/dashing.png\n'}
[2.508988] (turtlesim) StdoutLine: {'line': b'-- Up-to-date: /home/maxime.leriche/Bureau/projet-rattrapage/ros2_ws/install/turtlesim/share/turtlesim/images/foxy.png\n'}
[2.510930] (turtlesim) StdoutLine: {'line': b'-- Up-to-date: /home/maxime.leriche/Bureau/projet-rattrapage/ros2_ws/install/turtlesim/share/turtlesim/images/rolling.png\n'}
[2.512687] (turtlesim) StdoutLine: {'line': b'-- Up-to-date: /home/maxime.leriche/Bureau/projet-rattrapage/ros2_ws/install/turtlesim/share/turtlesim/images/eloquent.png\n'}
[2.514802] (turtlesim) StdoutLine: {'line': b'-- Up-to-date: /home/maxime.leriche/Bureau/projet-rattrapage/ros2_ws/install/turtlesim/share/turtlesim/launch\n'}
[2.518501] (turtlesim) StdoutLine: {'line': b'-- Up-to-date: /home/maxime.leriche/Bureau/projet-rattrapage/ros2_ws/install/turtlesim/share/turtlesim/launch/multisim.launch.py\n'}
[2.519244] (turtlesim) StdoutLine: {'line': b'-- Up-to-date: /home/maxime.leriche/Bureau/projet-rattrapage/ros2_ws/install/turtlesim/share/ament_index/resource_index/package_run_dependencies/turtlesim\n'}
[2.522266] (turtlesim) StdoutLine: {'line': b'-- Up-to-date: /home/maxime.leriche/Bureau/projet-rattrapage/ros2_ws/install/turtlesim/share/ament_index/resource_index/parent_prefix_path/turtlesim\n'}
[2.523530] (turtlesim) StdoutLine: {'line': b'-- Up-to-date: /home/maxime.leriche/Bureau/projet-rattrapage/ros2_ws/install/turtlesim/share/turtlesim/environment/ament_prefix_path.sh\n'}
[2.527790] (turtlesim) StdoutLine: {'line': b'-- Up-to-date: /home/maxime.leriche/Bureau/projet-rattrapage/ros2_ws/install/turtlesim/share/turtlesim/environment/ament_prefix_path.dsv\n'}
[2.528995] (turtlesim) StdoutLine: {'line': b'-- Up-to-date: /home/maxime.leriche/Bureau/projet-rattrapage/ros2_ws/install/turtlesim/share/turtlesim/environment/path.sh\n'}
[2.531389] (turtlesim) StdoutLine: {'line': b'-- Up-to-date: /home/maxime.leriche/Bureau/projet-rattrapage/ros2_ws/install/turtlesim/share/turtlesim/environment/path.dsv\n'}
[2.532459] (turtlesim) StdoutLine: {'line': b'-- Up-to-date: /home/maxime.leriche/Bureau/projet-rattrapage/ros2_ws/install/turtlesim/share/turtlesim/local_setup.bash\n'}
[2.533844] (turtlesim) StdoutLine: {'line': b'-- Up-to-date: /home/maxime.leriche/Bureau/projet-rattrapage/ros2_ws/install/turtlesim/share/turtlesim/local_setup.sh\n'}
[2.534982] (turtlesim) StdoutLine: {'line': b'-- Up-to-date: /home/maxime.leriche/Bureau/projet-rattrapage/ros2_ws/install/turtlesim/share/turtlesim/local_setup.zsh\n'}
[2.536808] (turtlesim) StdoutLine: {'line': b'-- Up-to-date: /home/maxime.leriche/Bureau/projet-rattrapage/ros2_ws/install/turtlesim/share/turtlesim/local_setup.dsv\n'}
[2.538758] (turtlesim) StdoutLine: {'line': b'-- Installing: /home/maxime.leriche/Bureau/projet-rattrapage/ros2_ws/install/turtlesim/share/turtlesim/package.dsv\n'}
[2.547545] (turtlesim) StdoutLine: {'line': b'-- Up-to-date: /home/maxime.leriche/Bureau/projet-rattrapage/ros2_ws/install/turtlesim/share/ament_index/resource_index/packages/turtlesim\n'}
[2.553789] (turtlesim) StdoutLine: {'line': b'-- Up-to-date: /home/maxime.leriche/Bureau/projet-rattrapage/ros2_ws/install/turtlesim/share/turtlesim/cmake/export_turtlesim__rosidl_generator_cExport.cmake\n'}
[2.555727] (turtlesim) StdoutLine: {'line': b'-- Up-to-date: /home/maxime.leriche/Bureau/projet-rattrapage/ros2_ws/install/turtlesim/share/turtlesim/cmake/export_turtlesim__rosidl_generator_cExport-noconfig.cmake\n'}
[2.559533] (turtlesim) StdoutLine: {'line': b'-- Up-to-date: /home/maxime.leriche/Bureau/projet-rattrapage/ros2_ws/install/turtlesim/share/turtlesim/cmake/export_turtlesim__rosidl_typesupport_fastrtps_cExport.cmake\n'}
[2.561855] (turtlesim) StdoutLine: {'line': b'-- Up-to-date: /home/maxime.leriche/Bureau/projet-rattrapage/ros2_ws/install/turtlesim/share/turtlesim/cmake/export_turtlesim__rosidl_typesupport_fastrtps_cExport-noconfig.cmake\n'}
[2.565056] (turtlesim) StdoutLine: {'line': b'-- Up-to-date: /home/maxime.leriche/Bureau/projet-rattrapage/ros2_ws/install/turtlesim/share/turtlesim/cmake/export_turtlesim__rosidl_generator_cppExport.cmake\n'}
[2.568398] (turtlesim) StdoutLine: {'line': b'-- Up-to-date: /home/maxime.leriche/Bureau/projet-rattrapage/ros2_ws/install/turtlesim/share/turtlesim/cmake/export_turtlesim__rosidl_typesupport_fastrtps_cppExport.cmake\n'}
[2.570225] (turtlesim) StdoutLine: {'line': b'-- Up-to-date: /home/maxime.leriche/Bureau/projet-rattrapage/ros2_ws/install/turtlesim/share/turtlesim/cmake/export_turtlesim__rosidl_typesupport_fastrtps_cppExport-noconfig.cmake\n'}
[2.574287] (turtlesim) StdoutLine: {'line': b'-- Up-to-date: /home/maxime.leriche/Bureau/projet-rattrapage/ros2_ws/install/turtlesim/share/turtlesim/cmake/turtlesim__rosidl_typesupport_introspection_cExport.cmake\n'}
[2.576259] (turtlesim) StdoutLine: {'line': b'-- Up-to-date: /home/maxime.leriche/Bureau/projet-rattrapage/ros2_ws/install/turtlesim/share/turtlesim/cmake/turtlesim__rosidl_typesupport_introspection_cExport-noconfig.cmake\n'}
[2.580967] (turtlesim) StdoutLine: {'line': b'-- Up-to-date: /home/maxime.leriche/Bureau/projet-rattrapage/ros2_ws/install/turtlesim/share/turtlesim/cmake/turtlesim__rosidl_typesupport_cExport.cmake\n'}
[2.582969] (turtlesim) StdoutLine: {'line': b'-- Up-to-date: /home/maxime.leriche/Bureau/projet-rattrapage/ros2_ws/install/turtlesim/share/turtlesim/cmake/turtlesim__rosidl_typesupport_cExport-noconfig.cmake\n'}
[2.586634] (turtlesim) StdoutLine: {'line': b'-- Up-to-date: /home/maxime.leriche/Bureau/projet-rattrapage/ros2_ws/install/turtlesim/share/turtlesim/cmake/turtlesim__rosidl_typesupport_introspection_cppExport.cmake\n'}
[2.588750] (turtlesim) StdoutLine: {'line': b'-- Up-to-date: /home/maxime.leriche/Bureau/projet-rattrapage/ros2_ws/install/turtlesim/share/turtlesim/cmake/turtlesim__rosidl_typesupport_introspection_cppExport-noconfig.cmake\n'}
[2.592387] (turtlesim) StdoutLine: {'line': b'-- Up-to-date: /home/maxime.leriche/Bureau/projet-rattrapage/ros2_ws/install/turtlesim/share/turtlesim/cmake/turtlesim__rosidl_typesupport_cppExport.cmake\n'}
[2.594544] (turtlesim) StdoutLine: {'line': b'-- Up-to-date: /home/maxime.leriche/Bureau/projet-rattrapage/ros2_ws/install/turtlesim/share/turtlesim/cmake/turtlesim__rosidl_typesupport_cppExport-noconfig.cmake\n'}
[2.597643] (turtlesim) StdoutLine: {'line': b'-- Up-to-date: /home/maxime.leriche/Bureau/projet-rattrapage/ros2_ws/install/turtlesim/share/turtlesim/cmake/export_turtlesim__rosidl_generator_pyExport.cmake\n'}
[2.599883] (turtlesim) StdoutLine: {'line': b'-- Up-to-date: /home/maxime.leriche/Bureau/projet-rattrapage/ros2_ws/install/turtlesim/share/turtlesim/cmake/export_turtlesim__rosidl_generator_pyExport-noconfig.cmake\n'}
[2.602011] (turtlesim) StdoutLine: {'line': b'-- Up-to-date: /home/maxime.leriche/Bureau/projet-rattrapage/ros2_ws/install/turtlesim/share/turtlesim/cmake/rosidl_cmake-extras.cmake\n'}
[2.602470] (-) TimerEvent: {}
[2.603045] (turtlesim) StdoutLine: {'line': b'-- Up-to-date: /home/maxime.leriche/Bureau/projet-rattrapage/ros2_ws/install/turtlesim/share/turtlesim/cmake/ament_cmake_export_dependencies-extras.cmake\n'}
[2.604221] (turtlesim) StdoutLine: {'line': b'-- Up-to-date: /home/maxime.leriche/Bureau/projet-rattrapage/ros2_ws/install/turtlesim/share/turtlesim/cmake/ament_cmake_export_include_directories-extras.cmake\n'}
[2.606289] (turtlesim) StdoutLine: {'line': b'-- Up-to-date: /home/maxime.leriche/Bureau/projet-rattrapage/ros2_ws/install/turtlesim/share/turtlesim/cmake/ament_cmake_export_libraries-extras.cmake\n'}
[2.607678] (turtlesim) StdoutLine: {'line': b'-- Up-to-date: /home/maxime.leriche/Bureau/projet-rattrapage/ros2_ws/install/turtlesim/share/turtlesim/cmake/ament_cmake_export_targets-extras.cmake\n'}
[2.609978] (turtlesim) StdoutLine: {'line': b'-- Up-to-date: /home/maxime.leriche/Bureau/projet-rattrapage/ros2_ws/install/turtlesim/share/turtlesim/cmake/rosidl_cmake_export_typesupport_targets-extras.cmake\n'}
[2.612215] (turtlesim) StdoutLine: {'line': b'-- Up-to-date: /home/maxime.leriche/Bureau/projet-rattrapage/ros2_ws/install/turtlesim/share/turtlesim/cmake/rosidl_cmake_export_typesupport_libraries-extras.cmake\n'}
[2.613620] (turtlesim) StdoutLine: {'line': b'-- Up-to-date: /home/maxime.leriche/Bureau/projet-rattrapage/ros2_ws/install/turtlesim/share/turtlesim/cmake/turtlesimConfig.cmake\n'}
[2.615720] (turtlesim) StdoutLine: {'line': b'-- Up-to-date: /home/maxime.leriche/Bureau/projet-rattrapage/ros2_ws/install/turtlesim/share/turtlesim/cmake/turtlesimConfig-version.cmake\n'}
[2.616701] (turtlesim) StdoutLine: {'line': b'-- Up-to-date: /home/maxime.leriche/Bureau/projet-rattrapage/ros2_ws/install/turtlesim/share/turtlesim/package.xml\n'}
[2.627673] (turtlesim) CommandEnded: {'returncode': 0}
[2.702553] (-) TimerEvent: {}
[2.802841] (-) TimerEvent: {}
[2.903173] (-) TimerEvent: {}
[3.003628] (-) TimerEvent: {}
[3.004128] (turtlesim) JobEnded: {'identifier': 'turtlesim', 'rc': 0}
[3.008515] (-) EventReactorShutdown: {}
