[0.000000] (-) TimerEvent: {}
[0.000191] (-) JobUnselected: {'identifier': 'my_package'}
[0.000240] (-) JobUnselected: {'identifier': 'py_pubsub'}
[0.000286] (-) JobUnselected: {'identifier': 'py_srvcli'}
[0.000329] (tutorial_interfaces) JobQueued: {'identifier': 'tutorial_interfaces', 'dependencies': OrderedDict()}
[0.000369] (tutorial_interfaces) JobStarted: {'identifier': 'tutorial_interfaces'}
[0.031409] (tutorial_interfaces) JobProgress: {'identifier': 'tutorial_interfaces', 'progress': 'cmake'}
[0.037312] (tutorial_interfaces) Command: {'cmd': ['/usr/bin/cmake', '/home/maxime.leriche/Bureau/projet-rattrapage/ros2_ws/src/tutorial_interfaces', '-DCMAKE_INSTALL_PREFIX=/home/maxime.leriche/Bureau/projet-rattrapage/ros2_ws/install/tutorial_interfaces'], 'cwd': '/home/maxime.leriche/Bureau/projet-rattrapage/ros2_ws/build/tutorial_interfaces', 'env': OrderedDict([('USER', 'maxime.leriche'), ('PT8HOME', '/opt/pt'), ('XDG_SESSION_TYPE', 'x11'), ('XDG_CACHE_HOME', '/run/shm/.cache/maxime.leriche'), ('SHLVL', '1'), ('LD_LIBRARY_PATH', '/home/maxime.leriche/Bureau/projet-rattrapage/ros2_ws/install/turtlesim/lib:/usr/lib/x86_64-linux-gnu/gazebo-11/plugins:/opt/ros/humble/opt/rviz_ogre_vendor/lib:/opt/ros/humble/lib/x86_64-linux-gnu:/opt/ros/humble/lib'), ('HOME', '/home/maxime.leriche'), ('OLDPWD', '/home/maxime.leriche/Bureau/projet-rattrapage/ros2_ws/src'), ('DESKTOP_SESSION', 'ubuntu'), ('ROS_PYTHON_VERSION', '3'), ('GNOME_SHELL_SESSION_MODE', 'ubuntu'), ('GTK_MODULES', 'gail:atk-bridge'), ('MANAGERPID', '66503'), ('SYSTEMD_EXEC_PID', '67261'), ('DBUS_SESSION_BUS_ADDRESS', 'unix:path=/run/user/30333/bus'), ('COLORTERM', 'truecolor'), ('TERMINATOR_DBUS_NAME', 'net.tenshu.Terminator23558193cd9818af7fe4d2c2f5bd9d00f'), ('LIBVIRT_DEFAULT_URI', 'qemu:///system'), ('GIO_LAUNCHED_DESKTOP_FILE_PID', '72597'), ('_colcon_cd_root', '/opt/ros/humble/'), ('COLCON_PREFIX_PATH', '/home/maxime.leriche/Bureau/projet-rattrapage/ros2_ws/install'), ('ROS_DISTRO', 'humble'), ('GTK_IM_MODULE', 'ibus'), ('LOGNAME', 'maxime.leriche'), ('JOURNAL_STREAM', '8:283345'), ('_', '/usr/bin/colcon'), ('ROS_VERSION', '2'), ('XDG_SESSION_CLASS', 'user'), ('USERNAME', 'maxime.leriche'), ('TERM', 'xterm-256color'), ('GNOME_DESKTOP_SESSION_ID', 'this-is-deprecated'), ('ROS_LOCALHOST_ONLY', '1'), ('WINDOWPATH', '2'), ('PATH', '/opt/ros/humble/bin:/softwares/bin:/usr/local/cpe/bin:/usr/local/cpe/sbin:/usr/local/sbin:/usr/local/bin:/usr/sbin:/usr/bin:/sbin:/bin:/snap/bin'), ('SESSION_MANAGER', 'local/tparlem03.cpe.lan:@/tmp/.ICE-unix/66900,unix/tparlem03.cpe.lan:/tmp/.ICE-unix/66900'), ('INVOCATION_ID', 'aec319c97e8f47d89540d70760907dd8'), ('XDG_MENU_PREFIX', 'gnome-'), ('XDG_RUNTIME_DIR', '/run/user/30333'), ('DISPLAY', ':1'), ('TERMINATOR_DBUS_PATH', '/net/tenshu/Terminator2'), ('LANG', 'fr_FR.UTF-8'), ('XDG_CURRENT_DESKTOP', 'ubuntu:GNOME'), ('IBUS_DISABLE_SNOOPER', '1'), ('XMODIFIERS', '@im=ibus'), ('XDG_SESSION_DESKTOP', 'ubuntu'), ('XAUTHORITY', '/run/user/30333/gdm/Xauthority'), ('SSH_AGENT_LAUNCHER', 'gnome-keyring'), ('SSH_AUTH_SOCK', '/run/user/30333/keyring/ssh'), ('ROS_DOMAIN_ID', '0'), ('AMENT_PREFIX_PATH', '/home/maxime.leriche/Bureau/projet-rattrapage/ros2_ws/install/py_srvcli:/home/maxime.leriche/Bureau/projet-rattrapage/ros2_ws/install/turtlesim:/home/maxime.leriche/Bureau/projet-rattrapage/ros2_ws/install/py_pubsub:/home/maxime.leriche/Bureau/projet-rattrapage/ros2_ws/install/my_package:/opt/ros/humble'), ('DEBIAN_FRONTEND', 'noninteractive'), ('SHELL', '/bin/bash'), ('TERMINATOR_UUID', 'urn:uuid:9f0cbd6e-7d99-4d4c-9e56-8282558cbce9'), ('QT_ACCESSIBILITY', '1'), ('GDMSESSION', 'ubuntu'), ('GPG_AGENT_INFO', '/run/user/30333/gnupg/S.gpg-agent:0:1'), ('QT_IM_MODULE', 'ibus'), ('PWD', '/home/maxime.leriche/Bureau/projet-rattrapage/ros2_ws/build/tutorial_interfaces'), ('XDG_CONFIG_DIRS', '/etc/xdg/xdg-ubuntu:/etc/xdg'), ('XDG_DATA_DIRS', '/usr/share/ubuntu:/usr/share/gnome:/home/maxime.leriche/.local/share/flatpak/exports/share:/var/lib/flatpak/exports/share:/usr/local/share/:/usr/share/:/var/lib/snapd/desktop'), ('PYTHONPATH', '/home/maxime.leriche/Bureau/projet-rattrapage/ros2_ws/install/py_srvcli/lib/python3.10/site-packages:/home/maxime.leriche/Bureau/projet-rattrapage/ros2_ws/install/turtlesim/local/lib/python3.10/dist-packages:/home/maxime.leriche/Bureau/projet-rattrapage/ros2_ws/install/py_pubsub/lib/python3.10/site-packages:/home/maxime.leriche/Bureau/projet-rattrapage/ros2_ws/install/my_package/lib/python3.10/site-packages:/opt/ros/humble/lib/python3.10/site-packages:/opt/ros/humble/local/lib/python3.10/dist-packages'), ('COLCON', '1'), ('VTE_VERSION', '6800'), ('CMAKE_PREFIX_PATH', '/home/maxime.leriche/Bureau/projet-rattrapage/ros2_ws/install/turtlesim:/home/maxime.leriche/Bureau/projet-rattrapage/ros2_ws/install/py_srvcli:/home/maxime.leriche/Bureau/projet-rattrapage/ros2_ws/install/py_pubsub:/home/maxime.leriche/Bureau/projet-rattrapage/ros2_ws/install/my_package:/opt/ros/humble')]), 'shell': False}
[0.060501] (tutorial_interfaces) StdoutLine: {'line': b'-- Found ament_cmake: 1.3.5 (/opt/ros/humble/share/ament_cmake/cmake)\n'}
[0.098151] (-) TimerEvent: {}
[0.198440] (-) TimerEvent: {}
[0.281438] (tutorial_interfaces) StdoutLine: {'line': b'-- Found ament_lint_auto: 0.12.7 (/opt/ros/humble/share/ament_lint_auto/cmake)\n'}
[0.298529] (-) TimerEvent: {}
[0.398830] (-) TimerEvent: {}
[0.473726] (tutorial_interfaces) StdoutLine: {'line': b"-- Added test 'lint_cmake' to check CMake code style\n"}
[0.498904] (-) TimerEvent: {}
[0.517683] (tutorial_interfaces) StdoutLine: {'line': b"-- Added test 'xmllint' to check XML markup files\n"}
[0.538751] (tutorial_interfaces) StdoutLine: {'line': b'-- Found geometry_msgs: 4.2.3 (/opt/ros/humble/share/geometry_msgs/cmake)\n'}
[0.579065] (tutorial_interfaces) StdoutLine: {'line': b'-- Found rosidl_generator_c: 3.1.5 (/opt/ros/humble/share/rosidl_generator_c/cmake)\n'}
[0.582301] (tutorial_interfaces) StdoutLine: {'line': b'-- Found rosidl_adapter: 3.1.5 (/opt/ros/humble/share/rosidl_adapter/cmake)\n'}
[0.589721] (tutorial_interfaces) StdoutLine: {'line': b'-- Found rosidl_generator_cpp: 3.1.5 (/opt/ros/humble/share/rosidl_generator_cpp/cmake)\n'}
[0.598980] (-) TimerEvent: {}
[0.603961] (tutorial_interfaces) StdoutLine: {'line': b'-- Using all available rosidl_typesupport_c: rosidl_typesupport_fastrtps_c;rosidl_typesupport_introspection_c\n'}
[0.623784] (tutorial_interfaces) StdoutLine: {'line': b'-- Using all available rosidl_typesupport_cpp: rosidl_typesupport_fastrtps_cpp;rosidl_typesupport_introspection_cpp\n'}
[0.699115] (-) TimerEvent: {}
[0.772313] (tutorial_interfaces) StdoutLine: {'line': b'-- Found rosidl_default_generators: 1.2.0 (/opt/ros/humble/share/rosidl_default_generators/cmake)\n'}
[0.780991] (tutorial_interfaces) StderrLine: {'line': b'\x1b[31mCMake Error at /opt/ros/humble/share/rosidl_cmake/cmake/rosidl_generate_interfaces.cmake:64 (message):\n'}
[0.781156] (tutorial_interfaces) StderrLine: {'line': b'  rosidl_generate_interfaces() must be called before ament_package()\n'}
[0.782421] (tutorial_interfaces) StderrLine: {'line': b'Call Stack (most recent call first):\n'}
[0.783379] (tutorial_interfaces) StderrLine: {'line': b'  CMakeLists.txt:31 (rosidl_generate_interfaces)\n'}
[0.784597] (tutorial_interfaces) StderrLine: {'line': b'\n'}
[0.787789] (tutorial_interfaces) StderrLine: {'line': b'\x1b[0m\n'}
[0.787930] (tutorial_interfaces) StdoutLine: {'line': b'-- Configuring incomplete, errors occurred!\n'}
[0.789269] (tutorial_interfaces) StdoutLine: {'line': b'See also "/home/maxime.leriche/Bureau/projet-rattrapage/ros2_ws/build/tutorial_interfaces/CMakeFiles/CMakeOutput.log".\n'}
[0.799223] (-) TimerEvent: {}
[0.801467] (tutorial_interfaces) CommandEnded: {'returncode': 1}
[0.874302] (tutorial_interfaces) JobEnded: {'identifier': 'tutorial_interfaces', 'rc': 1}
[0.885809] (-) EventReactorShutdown: {}
