[0.478s] DEBUG:colcon:Command line arguments: ['/usr/bin/colcon', 'build', '--packages-select', 'tutorial_interfaces']
[0.478s] DEBUG:colcon:Parsed command line arguments: Namespace(log_base=None, log_level=None, verb_name='build', build_base='build', install_base='install', merge_install=False, symlink_install=False, test_result_base=None, continue_on_error=False, executor='parallel', parallel_workers=4, event_handlers=None, ignore_user_meta=False, metas=['./colcon.meta'], base_paths=['.'], packages_ignore=None, packages_ignore_regex=None, paths=None, packages_up_to=None, packages_up_to_regex=None, packages_above=None, packages_above_and_dependencies=None, packages_above_depth=None, packages_select_by_dep=None, packages_skip_by_dep=None, packages_skip_up_to=None, packages_select_build_failed=False, packages_skip_build_finished=False, packages_select_test_failures=False, packages_skip_test_passed=False, packages_select=['tutorial_interfaces'], packages_skip=None, packages_select_regex=None, packages_skip_regex=None, packages_start=None, packages_end=None, allow_overriding=[], cmake_args=None, cmake_target=None, cmake_target_skip_unavailable=False, cmake_clean_cache=False, cmake_clean_first=False, cmake_force_configure=False, ament_cmake_args=None, catkin_cmake_args=None, catkin_skip_building_tests=False, verb_parser=<colcon_defaults.argument_parser.defaults.DefaultArgumentsDecorator object at 0x7f499802ad40>, verb_extension=<colcon_core.verb.build.BuildVerb object at 0x7f4998a0d390>, main=<bound method BuildVerb.main of <colcon_core.verb.build.BuildVerb object at 0x7f4998a0d390>>)
[0.507s] Level 1:colcon.colcon_core.package_discovery:discover_packages(colcon_meta) check parameters
[0.507s] Level 1:colcon.colcon_core.package_discovery:discover_packages(recursive) check parameters
[0.507s] Level 1:colcon.colcon_core.package_discovery:discover_packages(ignore) check parameters
[0.508s] Level 1:colcon.colcon_core.package_discovery:discover_packages(path) check parameters
[0.509s] Level 1:colcon.colcon_core.package_discovery:discover_packages(colcon_meta) discover
[0.510s] Level 1:colcon.colcon_core.package_discovery:discover_packages(recursive) discover
[0.511s] INFO:colcon.colcon_core.package_discovery:Crawling recursively for packages in '/home/maxime.leriche/Bureau/projet-rattrapage/ros2_ws'
[0.513s] Level 1:colcon.colcon_core.package_identification:_identify(.) by extensions ['ignore', 'ignore_ament_install']
[0.514s] Level 1:colcon.colcon_core.package_identification:_identify(.) by extension 'ignore'
[0.515s] Level 1:colcon.colcon_core.package_identification:_identify(.) by extension 'ignore_ament_install'
[0.516s] Level 1:colcon.colcon_core.package_identification:_identify(.) by extensions ['colcon_pkg']
[0.517s] Level 1:colcon.colcon_core.package_identification:_identify(.) by extension 'colcon_pkg'
[0.517s] Level 1:colcon.colcon_core.package_identification:_identify(.) by extensions ['colcon_meta']
[0.518s] Level 1:colcon.colcon_core.package_identification:_identify(.) by extension 'colcon_meta'
[0.518s] Level 1:colcon.colcon_core.package_identification:_identify(.) by extensions ['ros']
[0.519s] Level 1:colcon.colcon_core.package_identification:_identify(.) by extension 'ros'
[0.532s] Level 1:colcon.colcon_core.package_identification:_identify(.) by extensions ['cmake', 'python']
[0.532s] Level 1:colcon.colcon_core.package_identification:_identify(.) by extension 'cmake'
[0.532s] Level 1:colcon.colcon_core.package_identification:_identify(.) by extension 'python'
[0.534s] Level 1:colcon.colcon_core.package_identification:_identify(.) by extensions ['python_setup_py']
[0.534s] Level 1:colcon.colcon_core.package_identification:_identify(.) by extension 'python_setup_py'
[0.535s] Level 1:colcon.colcon_core.package_identification:_identify(build) by extensions ['ignore', 'ignore_ament_install']
[0.536s] Level 1:colcon.colcon_core.package_identification:_identify(build) by extension 'ignore'
[0.537s] Level 1:colcon.colcon_core.package_identification:_identify(build) ignored
[0.538s] Level 1:colcon.colcon_core.package_identification:_identify(install) by extensions ['ignore', 'ignore_ament_install']
[0.538s] Level 1:colcon.colcon_core.package_identification:_identify(install) by extension 'ignore'
[0.540s] Level 1:colcon.colcon_core.package_identification:_identify(install) ignored
[0.541s] Level 1:colcon.colcon_core.package_identification:_identify(log) by extensions ['ignore', 'ignore_ament_install']
[0.542s] Level 1:colcon.colcon_core.package_identification:_identify(log) by extension 'ignore'
[0.542s] Level 1:colcon.colcon_core.package_identification:_identify(log) ignored
[0.543s] Level 1:colcon.colcon_core.package_identification:_identify(src) by extensions ['ignore', 'ignore_ament_install']
[0.543s] Level 1:colcon.colcon_core.package_identification:_identify(src) by extension 'ignore'
[0.543s] Level 1:colcon.colcon_core.package_identification:_identify(src) by extension 'ignore_ament_install'
[0.544s] Level 1:colcon.colcon_core.package_identification:_identify(src) by extensions ['colcon_pkg']
[0.544s] Level 1:colcon.colcon_core.package_identification:_identify(src) by extension 'colcon_pkg'
[0.545s] Level 1:colcon.colcon_core.package_identification:_identify(src) by extensions ['colcon_meta']
[0.545s] Level 1:colcon.colcon_core.package_identification:_identify(src) by extension 'colcon_meta'
[0.545s] Level 1:colcon.colcon_core.package_identification:_identify(src) by extensions ['ros']
[0.546s] Level 1:colcon.colcon_core.package_identification:_identify(src) by extension 'ros'
[0.546s] Level 1:colcon.colcon_core.package_identification:_identify(src) by extensions ['cmake', 'python']
[0.547s] Level 1:colcon.colcon_core.package_identification:_identify(src) by extension 'cmake'
[0.547s] Level 1:colcon.colcon_core.package_identification:_identify(src) by extension 'python'
[0.548s] Level 1:colcon.colcon_core.package_identification:_identify(src) by extensions ['python_setup_py']
[0.548s] Level 1:colcon.colcon_core.package_identification:_identify(src) by extension 'python_setup_py'
[0.550s] Level 1:colcon.colcon_core.package_identification:_identify(src/my_package) by extensions ['ignore', 'ignore_ament_install']
[0.550s] Level 1:colcon.colcon_core.package_identification:_identify(src/my_package) by extension 'ignore'
[0.551s] Level 1:colcon.colcon_core.package_identification:_identify(src/my_package) by extension 'ignore_ament_install'
[0.552s] Level 1:colcon.colcon_core.package_identification:_identify(src/my_package) by extensions ['colcon_pkg']
[0.553s] Level 1:colcon.colcon_core.package_identification:_identify(src/my_package) by extension 'colcon_pkg'
[0.553s] Level 1:colcon.colcon_core.package_identification:_identify(src/my_package) by extensions ['colcon_meta']
[0.554s] Level 1:colcon.colcon_core.package_identification:_identify(src/my_package) by extension 'colcon_meta'
[0.556s] Level 1:colcon.colcon_core.package_identification:_identify(src/my_package) by extensions ['ros']
[0.557s] Level 1:colcon.colcon_core.package_identification:_identify(src/my_package) by extension 'ros'
[0.561s] DEBUG:colcon.colcon_core.package_identification:Package 'src/my_package' with type 'ros.ament_python' and name 'my_package'
[0.561s] Level 1:colcon.colcon_core.package_identification:_identify(src/py_pubsub) by extensions ['ignore', 'ignore_ament_install']
[0.562s] Level 1:colcon.colcon_core.package_identification:_identify(src/py_pubsub) by extension 'ignore'
[0.563s] Level 1:colcon.colcon_core.package_identification:_identify(src/py_pubsub) by extension 'ignore_ament_install'
[0.564s] Level 1:colcon.colcon_core.package_identification:_identify(src/py_pubsub) by extensions ['colcon_pkg']
[0.566s] Level 1:colcon.colcon_core.package_identification:_identify(src/py_pubsub) by extension 'colcon_pkg'
[0.566s] Level 1:colcon.colcon_core.package_identification:_identify(src/py_pubsub) by extensions ['colcon_meta']
[0.567s] Level 1:colcon.colcon_core.package_identification:_identify(src/py_pubsub) by extension 'colcon_meta'
[0.568s] Level 1:colcon.colcon_core.package_identification:_identify(src/py_pubsub) by extensions ['ros']
[0.569s] Level 1:colcon.colcon_core.package_identification:_identify(src/py_pubsub) by extension 'ros'
[0.571s] DEBUG:colcon.colcon_core.package_identification:Package 'src/py_pubsub' with type 'ros.ament_python' and name 'py_pubsub'
[0.572s] Level 1:colcon.colcon_core.package_identification:_identify(src/py_srvcli) by extensions ['ignore', 'ignore_ament_install']
[0.572s] Level 1:colcon.colcon_core.package_identification:_identify(src/py_srvcli) by extension 'ignore'
[0.573s] Level 1:colcon.colcon_core.package_identification:_identify(src/py_srvcli) by extension 'ignore_ament_install'
[0.574s] Level 1:colcon.colcon_core.package_identification:_identify(src/py_srvcli) by extensions ['colcon_pkg']
[0.574s] Level 1:colcon.colcon_core.package_identification:_identify(src/py_srvcli) by extension 'colcon_pkg'
[0.575s] Level 1:colcon.colcon_core.package_identification:_identify(src/py_srvcli) by extensions ['colcon_meta']
[0.576s] Level 1:colcon.colcon_core.package_identification:_identify(src/py_srvcli) by extension 'colcon_meta'
[0.577s] Level 1:colcon.colcon_core.package_identification:_identify(src/py_srvcli) by extensions ['ros']
[0.578s] Level 1:colcon.colcon_core.package_identification:_identify(src/py_srvcli) by extension 'ros'
[0.580s] DEBUG:colcon.colcon_core.package_identification:Package 'src/py_srvcli' with type 'ros.ament_python' and name 'py_srvcli'
[0.581s] Level 1:colcon.colcon_core.package_identification:_identify(src/tutorial_interfaces) by extensions ['ignore', 'ignore_ament_install']
[0.582s] Level 1:colcon.colcon_core.package_identification:_identify(src/tutorial_interfaces) by extension 'ignore'
[0.583s] Level 1:colcon.colcon_core.package_identification:_identify(src/tutorial_interfaces) by extension 'ignore_ament_install'
[0.583s] Level 1:colcon.colcon_core.package_identification:_identify(src/tutorial_interfaces) by extensions ['colcon_pkg']
[0.584s] Level 1:colcon.colcon_core.package_identification:_identify(src/tutorial_interfaces) by extension 'colcon_pkg'
[0.585s] Level 1:colcon.colcon_core.package_identification:_identify(src/tutorial_interfaces) by extensions ['colcon_meta']
[0.586s] Level 1:colcon.colcon_core.package_identification:_identify(src/tutorial_interfaces) by extension 'colcon_meta'
[0.586s] Level 1:colcon.colcon_core.package_identification:_identify(src/tutorial_interfaces) by extensions ['ros']
[0.587s] Level 1:colcon.colcon_core.package_identification:_identify(src/tutorial_interfaces) by extension 'ros'
[0.590s] DEBUG:colcon.colcon_core.package_identification:Package 'src/tutorial_interfaces' with type 'ros.ament_cmake' and name 'tutorial_interfaces'
[0.590s] Level 1:colcon.colcon_core.package_discovery:discover_packages(recursive) using defaults
[0.590s] Level 1:colcon.colcon_core.package_discovery:discover_packages(ignore) discover
[0.591s] Level 1:colcon.colcon_core.package_discovery:discover_packages(ignore) using defaults
[0.592s] Level 1:colcon.colcon_core.package_discovery:discover_packages(path) discover
[0.593s] Level 1:colcon.colcon_core.package_discovery:discover_packages(path) using defaults
[0.626s] INFO:colcon.colcon_core.package_selection:Skipping not selected package 'my_package' in 'src/my_package'
[0.626s] INFO:colcon.colcon_core.package_selection:Skipping not selected package 'py_pubsub' in 'src/py_pubsub'
[0.626s] INFO:colcon.colcon_core.package_selection:Skipping not selected package 'py_srvcli' in 'src/py_srvcli'
[0.627s] Level 1:colcon.colcon_core.package_discovery:discover_packages(prefix_path) check parameters
[0.628s] Level 1:colcon.colcon_core.package_discovery:discover_packages(prefix_path) discover
[0.646s] DEBUG:colcon.colcon_installed_package_information.package_discovery:Found 5 installed packages in /home/maxime.leriche/Bureau/projet-rattrapage/ros2_ws/install
[0.649s] DEBUG:colcon.colcon_installed_package_information.package_discovery:Found 393 installed packages in /opt/ros/humble
[0.653s] Level 1:colcon.colcon_core.package_discovery:discover_packages(prefix_path) using defaults
[0.755s] Level 5:colcon.colcon_core.verb:set package 'tutorial_interfaces' build argument 'cmake_args' from command line to 'None'
[0.755s] Level 5:colcon.colcon_core.verb:set package 'tutorial_interfaces' build argument 'cmake_target' from command line to 'None'
[0.756s] Level 5:colcon.colcon_core.verb:set package 'tutorial_interfaces' build argument 'cmake_target_skip_unavailable' from command line to 'False'
[0.756s] Level 5:colcon.colcon_core.verb:set package 'tutorial_interfaces' build argument 'cmake_clean_cache' from command line to 'False'
[0.756s] Level 5:colcon.colcon_core.verb:set package 'tutorial_interfaces' build argument 'cmake_clean_first' from command line to 'False'
[0.757s] Level 5:colcon.colcon_core.verb:set package 'tutorial_interfaces' build argument 'cmake_force_configure' from command line to 'False'
[0.758s] Level 5:colcon.colcon_core.verb:set package 'tutorial_interfaces' build argument 'ament_cmake_args' from command line to 'None'
[0.758s] Level 5:colcon.colcon_core.verb:set package 'tutorial_interfaces' build argument 'catkin_cmake_args' from command line to 'None'
[0.759s] Level 5:colcon.colcon_core.verb:set package 'tutorial_interfaces' build argument 'catkin_skip_building_tests' from command line to 'False'
[0.759s] DEBUG:colcon.colcon_core.verb:Building package 'tutorial_interfaces' with the following arguments: {'ament_cmake_args': None, 'build_base': '/home/maxime.leriche/Bureau/projet-rattrapage/ros2_ws/build/tutorial_interfaces', 'catkin_cmake_args': None, 'catkin_skip_building_tests': False, 'cmake_args': None, 'cmake_clean_cache': False, 'cmake_clean_first': False, 'cmake_force_configure': False, 'cmake_target': None, 'cmake_target_skip_unavailable': False, 'install_base': '/home/maxime.leriche/Bureau/projet-rattrapage/ros2_ws/install/tutorial_interfaces', 'merge_install': False, 'path': '/home/maxime.leriche/Bureau/projet-rattrapage/ros2_ws/src/tutorial_interfaces', 'symlink_install': False, 'test_result_base': None}
[0.761s] INFO:colcon.colcon_core.executor:Executing jobs using 'parallel' executor
[0.766s] DEBUG:colcon.colcon_parallel_executor.executor.parallel:run_until_complete
[0.766s] INFO:colcon.colcon_ros.task.ament_cmake.build:Building ROS package in '/home/maxime.leriche/Bureau/projet-rattrapage/ros2_ws/src/tutorial_interfaces' with build type 'ament_cmake'
[0.767s] INFO:colcon.colcon_cmake.task.cmake.build:Building CMake package in '/home/maxime.leriche/Bureau/projet-rattrapage/ros2_ws/src/tutorial_interfaces'
[0.773s] INFO:colcon.colcon_core.plugin_system:Skipping extension 'colcon_core.shell.bat': Not used on non-Windows systems
[0.773s] INFO:colcon.colcon_core.shell:Skip shell extension 'powershell' for command environment: Not usable outside of PowerShell
[0.774s] DEBUG:colcon.colcon_core.shell:Skip shell extension 'dsv' for command environment
[0.815s] DEBUG:colcon.colcon_core.event_handler.log_command:Invoking command in '/home/maxime.leriche/Bureau/projet-rattrapage/ros2_ws/build/tutorial_interfaces': CMAKE_PREFIX_PATH=${CMAKE_PREFIX_PATH}:/home/maxime.leriche/Bureau/projet-rattrapage/ros2_ws/install/py_srvcli:/home/maxime.leriche/Bureau/projet-rattrapage/ros2_ws/install/py_pubsub:/home/maxime.leriche/Bureau/projet-rattrapage/ros2_ws/install/my_package:/opt/ros/humble /usr/bin/cmake /home/maxime.leriche/Bureau/projet-rattrapage/ros2_ws/src/tutorial_interfaces -DCMAKE_INSTALL_PREFIX=/home/maxime.leriche/Bureau/projet-rattrapage/ros2_ws/install/tutorial_interfaces
[1.569s] DEBUG:colcon.colcon_core.event_handler.log_command:Invoked command in '/home/maxime.leriche/Bureau/projet-rattrapage/ros2_ws/build/tutorial_interfaces' returned '1': CMAKE_PREFIX_PATH=${CMAKE_PREFIX_PATH}:/home/maxime.leriche/Bureau/projet-rattrapage/ros2_ws/install/py_srvcli:/home/maxime.leriche/Bureau/projet-rattrapage/ros2_ws/install/py_pubsub:/home/maxime.leriche/Bureau/projet-rattrapage/ros2_ws/install/my_package:/opt/ros/humble /usr/bin/cmake /home/maxime.leriche/Bureau/projet-rattrapage/ros2_ws/src/tutorial_interfaces -DCMAKE_INSTALL_PREFIX=/home/maxime.leriche/Bureau/projet-rattrapage/ros2_ws/install/tutorial_interfaces
[1.588s] Level 1:colcon.colcon_core.environment:create_environment_scripts_only(tutorial_interfaces)
[1.594s] Level 1:colcon.colcon_core.environment:checking '/home/maxime.leriche/Bureau/projet-rattrapage/ros2_ws/install/tutorial_interfaces' for CMake module files
[1.605s] Level 1:colcon.colcon_core.environment:checking '/home/maxime.leriche/Bureau/projet-rattrapage/ros2_ws/install/tutorial_interfaces' for CMake config files
[1.610s] Level 1:colcon.colcon_core.environment:checking '/home/maxime.leriche/Bureau/projet-rattrapage/ros2_ws/install/tutorial_interfaces/bin'
[1.611s] Level 1:colcon.colcon_core.environment:checking '/home/maxime.leriche/Bureau/projet-rattrapage/ros2_ws/install/tutorial_interfaces/lib/pkgconfig/tutorial_interfaces.pc'
[1.611s] Level 1:colcon.colcon_core.environment:checking '/home/maxime.leriche/Bureau/projet-rattrapage/ros2_ws/install/tutorial_interfaces/lib/python3.10/site-packages'
[1.612s] Level 1:colcon.colcon_core.environment:checking '/home/maxime.leriche/Bureau/projet-rattrapage/ros2_ws/install/tutorial_interfaces/bin'
[1.615s] INFO:colcon.colcon_core.shell:Creating package script '/home/maxime.leriche/Bureau/projet-rattrapage/ros2_ws/install/tutorial_interfaces/share/tutorial_interfaces/package.ps1'
[1.620s] INFO:colcon.colcon_core.shell:Creating package descriptor '/home/maxime.leriche/Bureau/projet-rattrapage/ros2_ws/install/tutorial_interfaces/share/tutorial_interfaces/package.dsv'
[1.624s] INFO:colcon.colcon_core.shell:Creating package script '/home/maxime.leriche/Bureau/projet-rattrapage/ros2_ws/install/tutorial_interfaces/share/tutorial_interfaces/package.sh'
[1.628s] INFO:colcon.colcon_core.shell:Creating package script '/home/maxime.leriche/Bureau/projet-rattrapage/ros2_ws/install/tutorial_interfaces/share/tutorial_interfaces/package.bash'
[1.633s] INFO:colcon.colcon_core.shell:Creating package script '/home/maxime.leriche/Bureau/projet-rattrapage/ros2_ws/install/tutorial_interfaces/share/tutorial_interfaces/package.zsh'
[1.638s] Level 1:colcon.colcon_core.environment:create_file_with_runtime_dependencies(/home/maxime.leriche/Bureau/projet-rattrapage/ros2_ws/install/tutorial_interfaces/share/colcon-core/packages/tutorial_interfaces)
[1.652s] DEBUG:colcon.colcon_parallel_executor.executor.parallel:closing loop
[1.652s] DEBUG:colcon.colcon_parallel_executor.executor.parallel:loop closed
[1.652s] DEBUG:colcon.colcon_parallel_executor.executor.parallel:run_until_complete finished with '1'
[1.653s] DEBUG:colcon.colcon_core.event_reactor:joining thread
[1.660s] INFO:colcon.colcon_core.plugin_system:Skipping extension 'colcon_notification.desktop_notification.terminal_notifier': Not used on non-Darwin systems
[1.660s] INFO:colcon.colcon_core.plugin_system:Skipping extension 'colcon_notification.desktop_notification.win32': Not used on non-Windows systems
[1.660s] INFO:colcon.colcon_notification.desktop_notification:Sending desktop notification using 'notify2'
[1.680s] DEBUG:colcon.colcon_core.event_reactor:joined thread
[1.682s] INFO:colcon.colcon_core.shell:Creating prefix script '/home/maxime.leriche/Bureau/projet-rattrapage/ros2_ws/install/local_setup.ps1'
[1.686s] INFO:colcon.colcon_core.shell:Creating prefix util module '/home/maxime.leriche/Bureau/projet-rattrapage/ros2_ws/install/_local_setup_util_ps1.py'
[1.693s] INFO:colcon.colcon_core.shell:Creating prefix chain script '/home/maxime.leriche/Bureau/projet-rattrapage/ros2_ws/install/setup.ps1'
[1.705s] INFO:colcon.colcon_core.shell:Creating prefix script '/home/maxime.leriche/Bureau/projet-rattrapage/ros2_ws/install/local_setup.sh'
[1.709s] INFO:colcon.colcon_core.shell:Creating prefix util module '/home/maxime.leriche/Bureau/projet-rattrapage/ros2_ws/install/_local_setup_util_sh.py'
[1.715s] INFO:colcon.colcon_core.shell:Creating prefix chain script '/home/maxime.leriche/Bureau/projet-rattrapage/ros2_ws/install/setup.sh'
[1.729s] INFO:colcon.colcon_core.shell:Creating prefix script '/home/maxime.leriche/Bureau/projet-rattrapage/ros2_ws/install/local_setup.bash'
[1.733s] INFO:colcon.colcon_core.shell:Creating prefix chain script '/home/maxime.leriche/Bureau/projet-rattrapage/ros2_ws/install/setup.bash'
[1.744s] INFO:colcon.colcon_core.shell:Creating prefix script '/home/maxime.leriche/Bureau/projet-rattrapage/ros2_ws/install/local_setup.zsh'
[1.748s] INFO:colcon.colcon_core.shell:Creating prefix chain script '/home/maxime.leriche/Bureau/projet-rattrapage/ros2_ws/install/setup.zsh'
