[1.227s] Invoking command in '/home/maxime.leriche/Bureau/projet-rattrapage/ros2_ws/src/my_package': PYTHONPATH=/home/maxime.leriche/Bureau/projet-rattrapage/ros2_ws/build/my_package/prefix_override:/home/maxime.leriche/Bureau/projet-rattrapage/ros2_ws/install/my_package/lib/python3.10/site-packages:${PYTHONPATH} /usr/bin/python3 setup.py egg_info --egg-base ../../build/my_package build --build-base /home/maxime.leriche/Bureau/projet-rattrapage/ros2_ws/build/my_package/build install --record /home/maxime.leriche/Bureau/projet-rattrapage/ros2_ws/build/my_package/install.log --single-version-externally-managed
[1.599s] running egg_info
[1.602s] creating ../../build/my_package/my_package.egg-info
[1.603s] writing ../../build/my_package/my_package.egg-info/PKG-INFO
[1.610s] writing dependency_links to ../../build/my_package/my_package.egg-info/dependency_links.txt
[1.613s] writing entry points to ../../build/my_package/my_package.egg-info/entry_points.txt
[1.616s] writing requirements to ../../build/my_package/my_package.egg-info/requires.txt
[1.617s] writing top-level names to ../../build/my_package/my_package.egg-info/top_level.txt
[1.621s] writing manifest file '../../build/my_package/my_package.egg-info/SOURCES.txt'
[1.631s] reading manifest file '../../build/my_package/my_package.egg-info/SOURCES.txt'
[1.635s] writing manifest file '../../build/my_package/my_package.egg-info/SOURCES.txt'
[1.637s] running build
[1.638s] running build_py
[1.638s] creating /home/maxime.leriche/Bureau/projet-rattrapage/ros2_ws/build/my_package/build
[1.639s] creating /home/maxime.leriche/Bureau/projet-rattrapage/ros2_ws/build/my_package/build/lib
[1.641s] creating /home/maxime.leriche/Bureau/projet-rattrapage/ros2_ws/build/my_package/build/lib/my_package
[1.645s] copying my_package/my_node.py -> /home/maxime.leriche/Bureau/projet-rattrapage/ros2_ws/build/my_package/build/lib/my_package
[1.648s] copying my_package/__init__.py -> /home/maxime.leriche/Bureau/projet-rattrapage/ros2_ws/build/my_package/build/lib/my_package
[1.653s] running install
[1.653s] running install_lib
[1.654s] /usr/lib/python3/dist-packages/setuptools/command/install.py:34: SetuptoolsDeprecationWarning: setup.py install is deprecated. Use build and pip and other standards-based tools.
[1.654s]   warnings.warn(
[1.657s] creating /home/maxime.leriche/Bureau/projet-rattrapage/ros2_ws/install/my_package/lib/python3.10/site-packages/my_package
[1.661s] copying /home/maxime.leriche/Bureau/projet-rattrapage/ros2_ws/build/my_package/build/lib/my_package/my_node.py -> /home/maxime.leriche/Bureau/projet-rattrapage/ros2_ws/install/my_package/lib/python3.10/site-packages/my_package
[1.665s] copying /home/maxime.leriche/Bureau/projet-rattrapage/ros2_ws/build/my_package/build/lib/my_package/__init__.py -> /home/maxime.leriche/Bureau/projet-rattrapage/ros2_ws/install/my_package/lib/python3.10/site-packages/my_package
[1.671s] byte-compiling /home/maxime.leriche/Bureau/projet-rattrapage/ros2_ws/install/my_package/lib/python3.10/site-packages/my_package/my_node.py to my_node.cpython-310.pyc
[1.678s] byte-compiling /home/maxime.leriche/Bureau/projet-rattrapage/ros2_ws/install/my_package/lib/python3.10/site-packages/my_package/__init__.py to __init__.cpython-310.pyc
[1.683s] running install_data
[1.684s] creating /home/maxime.leriche/Bureau/projet-rattrapage/ros2_ws/install/my_package/share/ament_index
[1.686s] creating /home/maxime.leriche/Bureau/projet-rattrapage/ros2_ws/install/my_package/share/ament_index/resource_index
[1.687s] creating /home/maxime.leriche/Bureau/projet-rattrapage/ros2_ws/install/my_package/share/ament_index/resource_index/packages
[1.691s] copying resource/my_package -> /home/maxime.leriche/Bureau/projet-rattrapage/ros2_ws/install/my_package/share/ament_index/resource_index/packages
[1.696s] copying package.xml -> /home/maxime.leriche/Bureau/projet-rattrapage/ros2_ws/install/my_package/share/my_package
[1.698s] running install_egg_info
[1.702s] Copying ../../build/my_package/my_package.egg-info to /home/maxime.leriche/Bureau/projet-rattrapage/ros2_ws/install/my_package/lib/python3.10/site-packages/my_package-0.0.0-py3.10.egg-info
[1.747s] running install_scripts
[1.774s] Installing my_node script to /home/maxime.leriche/Bureau/projet-rattrapage/ros2_ws/install/my_package/lib/my_package
[1.781s] writing list of installed files to '/home/maxime.leriche/Bureau/projet-rattrapage/ros2_ws/build/my_package/install.log'
[1.828s] Invoked command in '/home/maxime.leriche/Bureau/projet-rattrapage/ros2_ws/src/my_package' returned '0': PYTHONPATH=/home/maxime.leriche/Bureau/projet-rattrapage/ros2_ws/build/my_package/prefix_override:/home/maxime.leriche/Bureau/projet-rattrapage/ros2_ws/install/my_package/lib/python3.10/site-packages:${PYTHONPATH} /usr/bin/python3 setup.py egg_info --egg-base ../../build/my_package build --build-base /home/maxime.leriche/Bureau/projet-rattrapage/ros2_ws/build/my_package/build install --record /home/maxime.leriche/Bureau/projet-rattrapage/ros2_ws/build/my_package/install.log --single-version-externally-managed
