[0.448s] Invoking command in '/home/maxime.leriche/Bureau/projet-rattrapage/ros2_ws/build/turtlesim': CMAKE_PREFIX_PATH=${CMAKE_PREFIX_PATH}:/opt/ros/humble /usr/bin/cmake --build /home/maxime.leriche/Bureau/projet-rattrapage/ros2_ws/build/turtlesim -- -j4 -l4
[0.623s] [  1%] Built target turtlesim__cpp
[0.695s] [ 11%] Built target turtlesim__rosidl_generator_c
[0.729s] [ 21%] Built target turtlesim__rosidl_typesupport_cpp
[0.791s] [ 32%] Built target turtlesim__rosidl_typesupport_fastrtps_cpp
[0.825s] [ 41%] Built target turtlesim__rosidl_typesupport_introspection_cpp
[0.874s] [ 51%] Built target turtlesim__rosidl_typesupport_fastrtps_c
[0.908s] [ 57%] Built target ament_cmake_python_copy_turtlesim
[0.920s] [ 61%] Built target turtlesim__rosidl_typesupport_introspection_c
[0.923s] [35m[1mConsolidate compiler generated dependencies of target turtlesim_node[0m
[0.995s] [ 71%] Built target turtlesim__rosidl_typesupport_c
[1.022s] [ 73%] Built target turtle_teleop_key
[1.037s] [ 75%] Built target draw_square
[1.061s] [ 82%] Built target mimic
[1.068s] [ 83%] Built target turtlesim_node
[1.074s] [ 83%] Built target turtlesim
[1.128s] [ 84%] Built target turtlesim__py
[1.212s] [ 93%] Built target turtlesim__rosidl_generator_py
[1.269s] [ 97%] Built target turtlesim__rosidl_typesupport_fastrtps_c__pyext
[1.270s] [ 97%] Built target turtlesim__rosidl_typesupport_introspection_c__pyext
[1.279s] [100%] Built target turtlesim__rosidl_typesupport_c__pyext
[1.455s] running egg_info
[1.458s] writing turtlesim.egg-info/PKG-INFO
[1.461s] writing dependency_links to turtlesim.egg-info/dependency_links.txt
[1.463s] writing top-level names to turtlesim.egg-info/top_level.txt
[1.473s] reading manifest file 'turtlesim.egg-info/SOURCES.txt'
[1.476s] writing manifest file 'turtlesim.egg-info/SOURCES.txt'
[1.514s] [100%] Built target ament_cmake_python_build_turtlesim_egg
[1.604s] Invoked command in '/home/maxime.leriche/Bureau/projet-rattrapage/ros2_ws/build/turtlesim' returned '0': CMAKE_PREFIX_PATH=${CMAKE_PREFIX_PATH}:/opt/ros/humble /usr/bin/cmake --build /home/maxime.leriche/Bureau/projet-rattrapage/ros2_ws/build/turtlesim -- -j4 -l4
[1.877s] Invoking command in '/home/maxime.leriche/Bureau/projet-rattrapage/ros2_ws/build/turtlesim': CMAKE_PREFIX_PATH=${CMAKE_PREFIX_PATH}:/opt/ros/humble /usr/bin/cmake --install /home/maxime.leriche/Bureau/projet-rattrapage/ros2_ws/build/turtlesim
[1.891s] -- Install configuration: ""
[1.893s] -- Up-to-date: /home/maxime.leriche/Bureau/projet-rattrapage/ros2_ws/install/turtlesim/share/ament_index/resource_index/rosidl_interfaces/turtlesim
[1.896s] -- Up-to-date: /home/maxime.leriche/Bureau/projet-rattrapage/ros2_ws/install/turtlesim/include/turtlesim/turtlesim
[1.899s] -- Up-to-date: /home/maxime.leriche/Bureau/projet-rattrapage/ros2_ws/install/turtlesim/include/turtlesim/turtlesim/action
[1.901s] -- Up-to-date: /home/maxime.leriche/Bureau/projet-rattrapage/ros2_ws/install/turtlesim/include/turtlesim/turtlesim/action/rotate_absolute.h
[1.903s] -- Up-to-date: /home/maxime.leriche/Bureau/projet-rattrapage/ros2_ws/install/turtlesim/include/turtlesim/turtlesim/action/detail
[1.905s] -- Up-to-date: /home/maxime.leriche/Bureau/projet-rattrapage/ros2_ws/install/turtlesim/include/turtlesim/turtlesim/action/detail/rotate_absolute__functions.h
[1.907s] -- Up-to-date: /home/maxime.leriche/Bureau/projet-rattrapage/ros2_ws/install/turtlesim/include/turtlesim/turtlesim/action/detail/rotate_absolute__struct.h
[1.907s] -- Up-to-date: /home/maxime.leriche/Bureau/projet-rattrapage/ros2_ws/install/turtlesim/include/turtlesim/turtlesim/action/detail/rotate_absolute__functions.c
[1.910s] -- Up-to-date: /home/maxime.leriche/Bureau/projet-rattrapage/ros2_ws/install/turtlesim/include/turtlesim/turtlesim/action/detail/rotate_absolute__type_support.h
[1.911s] -- Up-to-date: /home/maxime.leriche/Bureau/projet-rattrapage/ros2_ws/install/turtlesim/include/turtlesim/turtlesim/srv
[1.914s] -- Up-to-date: /home/maxime.leriche/Bureau/projet-rattrapage/ros2_ws/install/turtlesim/include/turtlesim/turtlesim/srv/detail
[1.917s] -- Up-to-date: /home/maxime.leriche/Bureau/projet-rattrapage/ros2_ws/install/turtlesim/include/turtlesim/turtlesim/srv/detail/teleport_relative__struct.h
[1.918s] -- Up-to-date: /home/maxime.leriche/Bureau/projet-rattrapage/ros2_ws/install/turtlesim/include/turtlesim/turtlesim/srv/detail/set_pen__functions.c
[1.920s] -- Up-to-date: /home/maxime.leriche/Bureau/projet-rattrapage/ros2_ws/install/turtlesim/include/turtlesim/turtlesim/srv/detail/kill__functions.h
[1.922s] -- Up-to-date: /home/maxime.leriche/Bureau/projet-rattrapage/ros2_ws/install/turtlesim/include/turtlesim/turtlesim/srv/detail/spawn__functions.c
[1.923s] -- Up-to-date: /home/maxime.leriche/Bureau/projet-rattrapage/ros2_ws/install/turtlesim/include/turtlesim/turtlesim/srv/detail/teleport_absolute__functions.h
[1.924s] -- Up-to-date: /home/maxime.leriche/Bureau/projet-rattrapage/ros2_ws/install/turtlesim/include/turtlesim/turtlesim/srv/detail/kill__functions.c
[1.926s] -- Up-to-date: /home/maxime.leriche/Bureau/projet-rattrapage/ros2_ws/install/turtlesim/include/turtlesim/turtlesim/srv/detail/spawn__functions.h
[1.927s] -- Up-to-date: /home/maxime.leriche/Bureau/projet-rattrapage/ros2_ws/install/turtlesim/include/turtlesim/turtlesim/srv/detail/teleport_absolute__type_support.h
[1.928s] -- Up-to-date: /home/maxime.leriche/Bureau/projet-rattrapage/ros2_ws/install/turtlesim/include/turtlesim/turtlesim/srv/detail/set_pen__struct.h
[1.932s] -- Up-to-date: /home/maxime.leriche/Bureau/projet-rattrapage/ros2_ws/install/turtlesim/include/turtlesim/turtlesim/srv/detail/spawn__struct.h
[1.933s] -- Up-to-date: /home/maxime.leriche/Bureau/projet-rattrapage/ros2_ws/install/turtlesim/include/turtlesim/turtlesim/srv/detail/teleport_absolute__functions.c
[1.934s] -- Up-to-date: /home/maxime.leriche/Bureau/projet-rattrapage/ros2_ws/install/turtlesim/include/turtlesim/turtlesim/srv/detail/teleport_relative__functions.c
[1.935s] -- Up-to-date: /home/maxime.leriche/Bureau/projet-rattrapage/ros2_ws/install/turtlesim/include/turtlesim/turtlesim/srv/detail/teleport_absolute__struct.h
[1.937s] -- Up-to-date: /home/maxime.leriche/Bureau/projet-rattrapage/ros2_ws/install/turtlesim/include/turtlesim/turtlesim/srv/detail/teleport_relative__functions.h
[1.939s] -- Up-to-date: /home/maxime.leriche/Bureau/projet-rattrapage/ros2_ws/install/turtlesim/include/turtlesim/turtlesim/srv/detail/spawn__type_support.h
[1.939s] -- Up-to-date: /home/maxime.leriche/Bureau/projet-rattrapage/ros2_ws/install/turtlesim/include/turtlesim/turtlesim/srv/detail/set_pen__functions.h
[1.941s] -- Up-to-date: /home/maxime.leriche/Bureau/projet-rattrapage/ros2_ws/install/turtlesim/include/turtlesim/turtlesim/srv/detail/kill__struct.h
[1.943s] -- Up-to-date: /home/maxime.leriche/Bureau/projet-rattrapage/ros2_ws/install/turtlesim/include/turtlesim/turtlesim/srv/detail/kill__type_support.h
[1.943s] -- Up-to-date: /home/maxime.leriche/Bureau/projet-rattrapage/ros2_ws/install/turtlesim/include/turtlesim/turtlesim/srv/detail/set_pen__type_support.h
[1.948s] -- Up-to-date: /home/maxime.leriche/Bureau/projet-rattrapage/ros2_ws/install/turtlesim/include/turtlesim/turtlesim/srv/detail/teleport_relative__type_support.h
[1.949s] -- Up-to-date: /home/maxime.leriche/Bureau/projet-rattrapage/ros2_ws/install/turtlesim/include/turtlesim/turtlesim/srv/spawn.h
[1.950s] -- Up-to-date: /home/maxime.leriche/Bureau/projet-rattrapage/ros2_ws/install/turtlesim/include/turtlesim/turtlesim/srv/teleport_relative.h
[1.952s] -- Up-to-date: /home/maxime.leriche/Bureau/projet-rattrapage/ros2_ws/install/turtlesim/include/turtlesim/turtlesim/srv/set_pen.h
[1.953s] -- Up-to-date: /home/maxime.leriche/Bureau/projet-rattrapage/ros2_ws/install/turtlesim/include/turtlesim/turtlesim/srv/teleport_absolute.h
[1.954s] -- Up-to-date: /home/maxime.leriche/Bureau/projet-rattrapage/ros2_ws/install/turtlesim/include/turtlesim/turtlesim/srv/kill.h
[1.955s] -- Up-to-date: /home/maxime.leriche/Bureau/projet-rattrapage/ros2_ws/install/turtlesim/include/turtlesim/turtlesim/msg
[1.958s] -- Up-to-date: /home/maxime.leriche/Bureau/projet-rattrapage/ros2_ws/install/turtlesim/include/turtlesim/turtlesim/msg/detail
[1.961s] -- Up-to-date: /home/maxime.leriche/Bureau/projet-rattrapage/ros2_ws/install/turtlesim/include/turtlesim/turtlesim/msg/detail/color__functions.h
[1.962s] -- Up-to-date: /home/maxime.leriche/Bureau/projet-rattrapage/ros2_ws/install/turtlesim/include/turtlesim/turtlesim/msg/detail/pose__type_support.h
[1.964s] -- Up-to-date: /home/maxime.leriche/Bureau/projet-rattrapage/ros2_ws/install/turtlesim/include/turtlesim/turtlesim/msg/detail/color__type_support.h
[1.964s] -- Up-to-date: /home/maxime.leriche/Bureau/projet-rattrapage/ros2_ws/install/turtlesim/include/turtlesim/turtlesim/msg/detail/color__struct.h
[1.966s] -- Up-to-date: /home/maxime.leriche/Bureau/projet-rattrapage/ros2_ws/install/turtlesim/include/turtlesim/turtlesim/msg/detail/pose__functions.h
[1.968s] -- Up-to-date: /home/maxime.leriche/Bureau/projet-rattrapage/ros2_ws/install/turtlesim/include/turtlesim/turtlesim/msg/detail/pose__struct.h
[1.968s] -- Up-to-date: /home/maxime.leriche/Bureau/projet-rattrapage/ros2_ws/install/turtlesim/include/turtlesim/turtlesim/msg/detail/pose__functions.c
[1.969s] -- Up-to-date: /home/maxime.leriche/Bureau/projet-rattrapage/ros2_ws/install/turtlesim/include/turtlesim/turtlesim/msg/detail/color__functions.c
[1.971s] -- Up-to-date: /home/maxime.leriche/Bureau/projet-rattrapage/ros2_ws/install/turtlesim/include/turtlesim/turtlesim/msg/rosidl_generator_c__visibility_control.h
[1.973s] -- Up-to-date: /home/maxime.leriche/Bureau/projet-rattrapage/ros2_ws/install/turtlesim/include/turtlesim/turtlesim/msg/pose.h
[1.975s] -- Up-to-date: /home/maxime.leriche/Bureau/projet-rattrapage/ros2_ws/install/turtlesim/include/turtlesim/turtlesim/msg/color.h
[1.977s] -- Up-to-date: /home/maxime.leriche/Bureau/projet-rattrapage/ros2_ws/install/turtlesim/share/turtlesim/environment/library_path.sh
[1.979s] -- Up-to-date: /home/maxime.leriche/Bureau/projet-rattrapage/ros2_ws/install/turtlesim/share/turtlesim/environment/library_path.dsv
[1.981s] -- Up-to-date: /home/maxime.leriche/Bureau/projet-rattrapage/ros2_ws/install/turtlesim/lib/libturtlesim__rosidl_generator_c.so
[1.984s] -- Up-to-date: /home/maxime.leriche/Bureau/projet-rattrapage/ros2_ws/install/turtlesim/include/turtlesim/turtlesim
[1.986s] -- Up-to-date: /home/maxime.leriche/Bureau/projet-rattrapage/ros2_ws/install/turtlesim/include/turtlesim/turtlesim/action
[1.988s] -- Up-to-date: /home/maxime.leriche/Bureau/projet-rattrapage/ros2_ws/install/turtlesim/include/turtlesim/turtlesim/action/detail
[1.992s] -- Up-to-date: /home/maxime.leriche/Bureau/projet-rattrapage/ros2_ws/install/turtlesim/include/turtlesim/turtlesim/action/detail/rotate_absolute__rosidl_typesupport_fastrtps_c.h
[1.993s] -- Up-to-date: /home/maxime.leriche/Bureau/projet-rattrapage/ros2_ws/install/turtlesim/include/turtlesim/turtlesim/srv
[1.995s] -- Up-to-date: /home/maxime.leriche/Bureau/projet-rattrapage/ros2_ws/install/turtlesim/include/turtlesim/turtlesim/srv/detail
[1.998s] -- Up-to-date: /home/maxime.leriche/Bureau/projet-rattrapage/ros2_ws/install/turtlesim/include/turtlesim/turtlesim/srv/detail/teleport_relative__rosidl_typesupport_fastrtps_c.h
[2.001s] -- Up-to-date: /home/maxime.leriche/Bureau/projet-rattrapage/ros2_ws/install/turtlesim/include/turtlesim/turtlesim/srv/detail/teleport_absolute__rosidl_typesupport_fastrtps_c.h
[2.002s] -- Up-to-date: /home/maxime.leriche/Bureau/projet-rattrapage/ros2_ws/install/turtlesim/include/turtlesim/turtlesim/srv/detail/spawn__rosidl_typesupport_fastrtps_c.h
[2.004s] -- Up-to-date: /home/maxime.leriche/Bureau/projet-rattrapage/ros2_ws/install/turtlesim/include/turtlesim/turtlesim/srv/detail/set_pen__rosidl_typesupport_fastrtps_c.h
[2.005s] -- Up-to-date: /home/maxime.leriche/Bureau/projet-rattrapage/ros2_ws/install/turtlesim/include/turtlesim/turtlesim/srv/detail/kill__rosidl_typesupport_fastrtps_c.h
[2.006s] -- Up-to-date: /home/maxime.leriche/Bureau/projet-rattrapage/ros2_ws/install/turtlesim/include/turtlesim/turtlesim/msg
[2.008s] -- Up-to-date: /home/maxime.leriche/Bureau/projet-rattrapage/ros2_ws/install/turtlesim/include/turtlesim/turtlesim/msg/detail
[2.013s] -- Up-to-date: /home/maxime.leriche/Bureau/projet-rattrapage/ros2_ws/install/turtlesim/include/turtlesim/turtlesim/msg/detail/color__rosidl_typesupport_fastrtps_c.h
[2.014s] -- Up-to-date: /home/maxime.leriche/Bureau/projet-rattrapage/ros2_ws/install/turtlesim/include/turtlesim/turtlesim/msg/detail/pose__rosidl_typesupport_fastrtps_c.h
[2.016s] -- Up-to-date: /home/maxime.leriche/Bureau/projet-rattrapage/ros2_ws/install/turtlesim/include/turtlesim/turtlesim/msg/rosidl_typesupport_fastrtps_c__visibility_control.h
[2.018s] -- Up-to-date: /home/maxime.leriche/Bureau/projet-rattrapage/ros2_ws/install/turtlesim/lib/libturtlesim__rosidl_typesupport_fastrtps_c.so
[2.022s] -- Up-to-date: /home/maxime.leriche/Bureau/projet-rattrapage/ros2_ws/install/turtlesim/include/turtlesim/turtlesim
[2.023s] -- Up-to-date: /home/maxime.leriche/Bureau/projet-rattrapage/ros2_ws/install/turtlesim/include/turtlesim/turtlesim/action
[2.026s] -- Up-to-date: /home/maxime.leriche/Bureau/projet-rattrapage/ros2_ws/install/turtlesim/include/turtlesim/turtlesim/action/detail
[2.027s] -- Up-to-date: /home/maxime.leriche/Bureau/projet-rattrapage/ros2_ws/install/turtlesim/include/turtlesim/turtlesim/action/detail/rotate_absolute__traits.hpp
[2.029s] -- Up-to-date: /home/maxime.leriche/Bureau/projet-rattrapage/ros2_ws/install/turtlesim/include/turtlesim/turtlesim/action/detail/rotate_absolute__struct.hpp
[2.030s] -- Up-to-date: /home/maxime.leriche/Bureau/projet-rattrapage/ros2_ws/install/turtlesim/include/turtlesim/turtlesim/action/detail/rotate_absolute__builder.hpp
[2.031s] -- Up-to-date: /home/maxime.leriche/Bureau/projet-rattrapage/ros2_ws/install/turtlesim/include/turtlesim/turtlesim/action/rotate_absolute.hpp
[2.032s] -- Up-to-date: /home/maxime.leriche/Bureau/projet-rattrapage/ros2_ws/install/turtlesim/include/turtlesim/turtlesim/srv
[2.035s] -- Up-to-date: /home/maxime.leriche/Bureau/projet-rattrapage/ros2_ws/install/turtlesim/include/turtlesim/turtlesim/srv/detail
[2.037s] -- Up-to-date: /home/maxime.leriche/Bureau/projet-rattrapage/ros2_ws/install/turtlesim/include/turtlesim/turtlesim/srv/detail/set_pen__traits.hpp
[2.038s] -- Up-to-date: /home/maxime.leriche/Bureau/projet-rattrapage/ros2_ws/install/turtlesim/include/turtlesim/turtlesim/srv/detail/teleport_absolute__builder.hpp
[2.039s] -- Up-to-date: /home/maxime.leriche/Bureau/projet-rattrapage/ros2_ws/install/turtlesim/include/turtlesim/turtlesim/srv/detail/set_pen__struct.hpp
[2.040s] -- Up-to-date: /home/maxime.leriche/Bureau/projet-rattrapage/ros2_ws/install/turtlesim/include/turtlesim/turtlesim/srv/detail/kill__traits.hpp
[2.043s] -- Up-to-date: /home/maxime.leriche/Bureau/projet-rattrapage/ros2_ws/install/turtlesim/include/turtlesim/turtlesim/srv/detail/teleport_absolute__traits.hpp
[2.044s] -- Up-to-date: /home/maxime.leriche/Bureau/projet-rattrapage/ros2_ws/install/turtlesim/include/turtlesim/turtlesim/srv/detail/spawn__builder.hpp
[2.045s] -- Up-to-date: /home/maxime.leriche/Bureau/projet-rattrapage/ros2_ws/install/turtlesim/include/turtlesim/turtlesim/srv/detail/spawn__traits.hpp
[2.048s] -- Up-to-date: /home/maxime.leriche/Bureau/projet-rattrapage/ros2_ws/install/turtlesim/include/turtlesim/turtlesim/srv/detail/teleport_relative__builder.hpp
[2.049s] -- Up-to-date: /home/maxime.leriche/Bureau/projet-rattrapage/ros2_ws/install/turtlesim/include/turtlesim/turtlesim/srv/detail/teleport_relative__struct.hpp
[2.050s] -- Up-to-date: /home/maxime.leriche/Bureau/projet-rattrapage/ros2_ws/install/turtlesim/include/turtlesim/turtlesim/srv/detail/teleport_relative__traits.hpp
[2.052s] -- Up-to-date: /home/maxime.leriche/Bureau/projet-rattrapage/ros2_ws/install/turtlesim/include/turtlesim/turtlesim/srv/detail/set_pen__builder.hpp
[2.054s] -- Up-to-date: /home/maxime.leriche/Bureau/projet-rattrapage/ros2_ws/install/turtlesim/include/turtlesim/turtlesim/srv/detail/kill__builder.hpp
[2.054s] -- Up-to-date: /home/maxime.leriche/Bureau/projet-rattrapage/ros2_ws/install/turtlesim/include/turtlesim/turtlesim/srv/detail/kill__struct.hpp
[2.056s] -- Up-to-date: /home/maxime.leriche/Bureau/projet-rattrapage/ros2_ws/install/turtlesim/include/turtlesim/turtlesim/srv/detail/spawn__struct.hpp
[2.057s] -- Up-to-date: /home/maxime.leriche/Bureau/projet-rattrapage/ros2_ws/install/turtlesim/include/turtlesim/turtlesim/srv/detail/teleport_absolute__struct.hpp
[2.058s] -- Up-to-date: /home/maxime.leriche/Bureau/projet-rattrapage/ros2_ws/install/turtlesim/include/turtlesim/turtlesim/srv/teleport_relative.hpp
[2.060s] -- Up-to-date: /home/maxime.leriche/Bureau/projet-rattrapage/ros2_ws/install/turtlesim/include/turtlesim/turtlesim/srv/teleport_absolute.hpp
[2.062s] -- Up-to-date: /home/maxime.leriche/Bureau/projet-rattrapage/ros2_ws/install/turtlesim/include/turtlesim/turtlesim/srv/kill.hpp
[2.063s] -- Up-to-date: /home/maxime.leriche/Bureau/projet-rattrapage/ros2_ws/install/turtlesim/include/turtlesim/turtlesim/srv/set_pen.hpp
[2.066s] -- Up-to-date: /home/maxime.leriche/Bureau/projet-rattrapage/ros2_ws/install/turtlesim/include/turtlesim/turtlesim/srv/spawn.hpp
[2.067s] -- Up-to-date: /home/maxime.leriche/Bureau/projet-rattrapage/ros2_ws/install/turtlesim/include/turtlesim/turtlesim/msg
[2.069s] -- Up-to-date: /home/maxime.leriche/Bureau/projet-rattrapage/ros2_ws/install/turtlesim/include/turtlesim/turtlesim/msg/pose.hpp
[2.071s] -- Up-to-date: /home/maxime.leriche/Bureau/projet-rattrapage/ros2_ws/install/turtlesim/include/turtlesim/turtlesim/msg/detail
[2.072s] -- Up-to-date: /home/maxime.leriche/Bureau/projet-rattrapage/ros2_ws/install/turtlesim/include/turtlesim/turtlesim/msg/detail/color__struct.hpp
[2.075s] -- Up-to-date: /home/maxime.leriche/Bureau/projet-rattrapage/ros2_ws/install/turtlesim/include/turtlesim/turtlesim/msg/detail/color__builder.hpp
[2.076s] -- Up-to-date: /home/maxime.leriche/Bureau/projet-rattrapage/ros2_ws/install/turtlesim/include/turtlesim/turtlesim/msg/detail/pose__traits.hpp
[2.077s] -- Up-to-date: /home/maxime.leriche/Bureau/projet-rattrapage/ros2_ws/install/turtlesim/include/turtlesim/turtlesim/msg/detail/pose__struct.hpp
[2.078s] -- Up-to-date: /home/maxime.leriche/Bureau/projet-rattrapage/ros2_ws/install/turtlesim/include/turtlesim/turtlesim/msg/detail/color__traits.hpp
[2.079s] -- Up-to-date: /home/maxime.leriche/Bureau/projet-rattrapage/ros2_ws/install/turtlesim/include/turtlesim/turtlesim/msg/detail/pose__builder.hpp
[2.082s] -- Up-to-date: /home/maxime.leriche/Bureau/projet-rattrapage/ros2_ws/install/turtlesim/include/turtlesim/turtlesim/msg/color.hpp
[2.082s] -- Up-to-date: /home/maxime.leriche/Bureau/projet-rattrapage/ros2_ws/install/turtlesim/include/turtlesim/turtlesim
[2.084s] -- Up-to-date: /home/maxime.leriche/Bureau/projet-rattrapage/ros2_ws/install/turtlesim/include/turtlesim/turtlesim/action
[2.086s] -- Up-to-date: /home/maxime.leriche/Bureau/projet-rattrapage/ros2_ws/install/turtlesim/include/turtlesim/turtlesim/action/detail
[2.089s] -- Up-to-date: /home/maxime.leriche/Bureau/projet-rattrapage/ros2_ws/install/turtlesim/include/turtlesim/turtlesim/action/detail/dds_fastrtps
[2.090s] -- Up-to-date: /home/maxime.leriche/Bureau/projet-rattrapage/ros2_ws/install/turtlesim/include/turtlesim/turtlesim/action/detail/rotate_absolute__rosidl_typesupport_fastrtps_cpp.hpp
[2.092s] -- Up-to-date: /home/maxime.leriche/Bureau/projet-rattrapage/ros2_ws/install/turtlesim/include/turtlesim/turtlesim/srv
[2.094s] -- Up-to-date: /home/maxime.leriche/Bureau/projet-rattrapage/ros2_ws/install/turtlesim/include/turtlesim/turtlesim/srv/detail
[2.095s] -- Up-to-date: /home/maxime.leriche/Bureau/projet-rattrapage/ros2_ws/install/turtlesim/include/turtlesim/turtlesim/srv/detail/kill__rosidl_typesupport_fastrtps_cpp.hpp
[2.097s] -- Up-to-date: /home/maxime.leriche/Bureau/projet-rattrapage/ros2_ws/install/turtlesim/include/turtlesim/turtlesim/srv/detail/dds_fastrtps
[2.099s] -- Up-to-date: /home/maxime.leriche/Bureau/projet-rattrapage/ros2_ws/install/turtlesim/include/turtlesim/turtlesim/srv/detail/teleport_absolute__rosidl_typesupport_fastrtps_cpp.hpp
[2.101s] -- Up-to-date: /home/maxime.leriche/Bureau/projet-rattrapage/ros2_ws/install/turtlesim/include/turtlesim/turtlesim/srv/detail/teleport_relative__rosidl_typesupport_fastrtps_cpp.hpp
[2.102s] -- Up-to-date: /home/maxime.leriche/Bureau/projet-rattrapage/ros2_ws/install/turtlesim/include/turtlesim/turtlesim/srv/detail/spawn__rosidl_typesupport_fastrtps_cpp.hpp
[2.103s] -- Up-to-date: /home/maxime.leriche/Bureau/projet-rattrapage/ros2_ws/install/turtlesim/include/turtlesim/turtlesim/srv/detail/set_pen__rosidl_typesupport_fastrtps_cpp.hpp
[2.103s] -- Up-to-date: /home/maxime.leriche/Bureau/projet-rattrapage/ros2_ws/install/turtlesim/include/turtlesim/turtlesim/msg
[2.106s] -- Up-to-date: /home/maxime.leriche/Bureau/projet-rattrapage/ros2_ws/install/turtlesim/include/turtlesim/turtlesim/msg/detail
[2.108s] -- Up-to-date: /home/maxime.leriche/Bureau/projet-rattrapage/ros2_ws/install/turtlesim/include/turtlesim/turtlesim/msg/detail/dds_fastrtps
[2.111s] -- Up-to-date: /home/maxime.leriche/Bureau/projet-rattrapage/ros2_ws/install/turtlesim/include/turtlesim/turtlesim/msg/detail/color__rosidl_typesupport_fastrtps_cpp.hpp
[2.112s] -- Up-to-date: /home/maxime.leriche/Bureau/projet-rattrapage/ros2_ws/install/turtlesim/include/turtlesim/turtlesim/msg/detail/pose__rosidl_typesupport_fastrtps_cpp.hpp
[2.113s] -- Up-to-date: /home/maxime.leriche/Bureau/projet-rattrapage/ros2_ws/install/turtlesim/include/turtlesim/turtlesim/msg/rosidl_typesupport_fastrtps_cpp__visibility_control.h
[2.117s] -- Up-to-date: /home/maxime.leriche/Bureau/projet-rattrapage/ros2_ws/install/turtlesim/lib/libturtlesim__rosidl_typesupport_fastrtps_cpp.so
[2.119s] -- Up-to-date: /home/maxime.leriche/Bureau/projet-rattrapage/ros2_ws/install/turtlesim/include/turtlesim/turtlesim
[2.121s] -- Up-to-date: /home/maxime.leriche/Bureau/projet-rattrapage/ros2_ws/install/turtlesim/include/turtlesim/turtlesim/action
[2.123s] -- Up-to-date: /home/maxime.leriche/Bureau/projet-rattrapage/ros2_ws/install/turtlesim/include/turtlesim/turtlesim/action/detail
[2.126s] -- Up-to-date: /home/maxime.leriche/Bureau/projet-rattrapage/ros2_ws/install/turtlesim/include/turtlesim/turtlesim/action/detail/rotate_absolute__type_support.c
[2.126s] -- Up-to-date: /home/maxime.leriche/Bureau/projet-rattrapage/ros2_ws/install/turtlesim/include/turtlesim/turtlesim/action/detail/rotate_absolute__rosidl_typesupport_introspection_c.h
[2.128s] -- Up-to-date: /home/maxime.leriche/Bureau/projet-rattrapage/ros2_ws/install/turtlesim/include/turtlesim/turtlesim/srv
[2.131s] -- Up-to-date: /home/maxime.leriche/Bureau/projet-rattrapage/ros2_ws/install/turtlesim/include/turtlesim/turtlesim/srv/detail
[2.132s] -- Up-to-date: /home/maxime.leriche/Bureau/projet-rattrapage/ros2_ws/install/turtlesim/include/turtlesim/turtlesim/srv/detail/kill__rosidl_typesupport_introspection_c.h
[2.134s] -- Up-to-date: /home/maxime.leriche/Bureau/projet-rattrapage/ros2_ws/install/turtlesim/include/turtlesim/turtlesim/srv/detail/set_pen__type_support.c
[2.135s] -- Up-to-date: /home/maxime.leriche/Bureau/projet-rattrapage/ros2_ws/install/turtlesim/include/turtlesim/turtlesim/srv/detail/spawn__rosidl_typesupport_introspection_c.h
[2.137s] -- Up-to-date: /home/maxime.leriche/Bureau/projet-rattrapage/ros2_ws/install/turtlesim/include/turtlesim/turtlesim/srv/detail/teleport_absolute__type_support.c
[2.138s] -- Up-to-date: /home/maxime.leriche/Bureau/projet-rattrapage/ros2_ws/install/turtlesim/include/turtlesim/turtlesim/srv/detail/teleport_absolute__rosidl_typesupport_introspection_c.h
[2.139s] -- Up-to-date: /home/maxime.leriche/Bureau/projet-rattrapage/ros2_ws/install/turtlesim/include/turtlesim/turtlesim/srv/detail/kill__type_support.c
[2.142s] -- Up-to-date: /home/maxime.leriche/Bureau/projet-rattrapage/ros2_ws/install/turtlesim/include/turtlesim/turtlesim/srv/detail/teleport_relative__rosidl_typesupport_introspection_c.h
[2.143s] -- Up-to-date: /home/maxime.leriche/Bureau/projet-rattrapage/ros2_ws/install/turtlesim/include/turtlesim/turtlesim/srv/detail/teleport_relative__type_support.c
[2.144s] -- Up-to-date: /home/maxime.leriche/Bureau/projet-rattrapage/ros2_ws/install/turtlesim/include/turtlesim/turtlesim/srv/detail/spawn__type_support.c
[2.146s] -- Up-to-date: /home/maxime.leriche/Bureau/projet-rattrapage/ros2_ws/install/turtlesim/include/turtlesim/turtlesim/srv/detail/set_pen__rosidl_typesupport_introspection_c.h
[2.147s] -- Up-to-date: /home/maxime.leriche/Bureau/projet-rattrapage/ros2_ws/install/turtlesim/include/turtlesim/turtlesim/msg
[2.149s] -- Up-to-date: /home/maxime.leriche/Bureau/projet-rattrapage/ros2_ws/install/turtlesim/include/turtlesim/turtlesim/msg/detail
[2.152s] -- Up-to-date: /home/maxime.leriche/Bureau/projet-rattrapage/ros2_ws/install/turtlesim/include/turtlesim/turtlesim/msg/detail/pose__type_support.c
[2.153s] -- Up-to-date: /home/maxime.leriche/Bureau/projet-rattrapage/ros2_ws/install/turtlesim/include/turtlesim/turtlesim/msg/detail/pose__rosidl_typesupport_introspection_c.h
[2.155s] -- Up-to-date: /home/maxime.leriche/Bureau/projet-rattrapage/ros2_ws/install/turtlesim/include/turtlesim/turtlesim/msg/detail/color__type_support.c
[2.157s] -- Up-to-date: /home/maxime.leriche/Bureau/projet-rattrapage/ros2_ws/install/turtlesim/include/turtlesim/turtlesim/msg/detail/color__rosidl_typesupport_introspection_c.h
[2.157s] -- Up-to-date: /home/maxime.leriche/Bureau/projet-rattrapage/ros2_ws/install/turtlesim/include/turtlesim/turtlesim/msg/rosidl_typesupport_introspection_c__visibility_control.h
[2.161s] -- Up-to-date: /home/maxime.leriche/Bureau/projet-rattrapage/ros2_ws/install/turtlesim/lib/libturtlesim__rosidl_typesupport_introspection_c.so
[2.165s] -- Up-to-date: /home/maxime.leriche/Bureau/projet-rattrapage/ros2_ws/install/turtlesim/lib/libturtlesim__rosidl_typesupport_c.so
[2.167s] -- Up-to-date: /home/maxime.leriche/Bureau/projet-rattrapage/ros2_ws/install/turtlesim/include/turtlesim/turtlesim
[2.169s] -- Up-to-date: /home/maxime.leriche/Bureau/projet-rattrapage/ros2_ws/install/turtlesim/include/turtlesim/turtlesim/action
[2.172s] -- Up-to-date: /home/maxime.leriche/Bureau/projet-rattrapage/ros2_ws/install/turtlesim/include/turtlesim/turtlesim/action/detail
[2.173s] -- Up-to-date: /home/maxime.leriche/Bureau/projet-rattrapage/ros2_ws/install/turtlesim/include/turtlesim/turtlesim/action/detail/rotate_absolute__type_support.cpp
[2.176s] -- Up-to-date: /home/maxime.leriche/Bureau/projet-rattrapage/ros2_ws/install/turtlesim/include/turtlesim/turtlesim/action/detail/rotate_absolute__rosidl_typesupport_introspection_cpp.hpp
[2.176s] -- Up-to-date: /home/maxime.leriche/Bureau/projet-rattrapage/ros2_ws/install/turtlesim/include/turtlesim/turtlesim/srv
[2.178s] -- Up-to-date: /home/maxime.leriche/Bureau/projet-rattrapage/ros2_ws/install/turtlesim/include/turtlesim/turtlesim/srv/detail
[2.181s] -- Up-to-date: /home/maxime.leriche/Bureau/projet-rattrapage/ros2_ws/install/turtlesim/include/turtlesim/turtlesim/srv/detail/teleport_relative__rosidl_typesupport_introspection_cpp.hpp
[2.182s] -- Up-to-date: /home/maxime.leriche/Bureau/projet-rattrapage/ros2_ws/install/turtlesim/include/turtlesim/turtlesim/srv/detail/kill__rosidl_typesupport_introspection_cpp.hpp
[2.184s] -- Up-to-date: /home/maxime.leriche/Bureau/projet-rattrapage/ros2_ws/install/turtlesim/include/turtlesim/turtlesim/srv/detail/teleport_relative__type_support.cpp
[2.185s] -- Up-to-date: /home/maxime.leriche/Bureau/projet-rattrapage/ros2_ws/install/turtlesim/include/turtlesim/turtlesim/srv/detail/spawn__rosidl_typesupport_introspection_cpp.hpp
[2.186s] -- Up-to-date: /home/maxime.leriche/Bureau/projet-rattrapage/ros2_ws/install/turtlesim/include/turtlesim/turtlesim/srv/detail/spawn__type_support.cpp
[2.189s] -- Up-to-date: /home/maxime.leriche/Bureau/projet-rattrapage/ros2_ws/install/turtlesim/include/turtlesim/turtlesim/srv/detail/teleport_absolute__type_support.cpp
[2.190s] -- Up-to-date: /home/maxime.leriche/Bureau/projet-rattrapage/ros2_ws/install/turtlesim/include/turtlesim/turtlesim/srv/detail/teleport_absolute__rosidl_typesupport_introspection_cpp.hpp
[2.191s] -- Up-to-date: /home/maxime.leriche/Bureau/projet-rattrapage/ros2_ws/install/turtlesim/include/turtlesim/turtlesim/srv/detail/kill__type_support.cpp
[2.193s] -- Up-to-date: /home/maxime.leriche/Bureau/projet-rattrapage/ros2_ws/install/turtlesim/include/turtlesim/turtlesim/srv/detail/set_pen__rosidl_typesupport_introspection_cpp.hpp
[2.194s] -- Up-to-date: /home/maxime.leriche/Bureau/projet-rattrapage/ros2_ws/install/turtlesim/include/turtlesim/turtlesim/srv/detail/set_pen__type_support.cpp
[2.195s] -- Up-to-date: /home/maxime.leriche/Bureau/projet-rattrapage/ros2_ws/install/turtlesim/include/turtlesim/turtlesim/msg
[2.196s] -- Up-to-date: /home/maxime.leriche/Bureau/projet-rattrapage/ros2_ws/install/turtlesim/include/turtlesim/turtlesim/msg/detail
[2.199s] -- Up-to-date: /home/maxime.leriche/Bureau/projet-rattrapage/ros2_ws/install/turtlesim/include/turtlesim/turtlesim/msg/detail/color__type_support.cpp
[2.200s] -- Up-to-date: /home/maxime.leriche/Bureau/projet-rattrapage/ros2_ws/install/turtlesim/include/turtlesim/turtlesim/msg/detail/color__rosidl_typesupport_introspection_cpp.hpp
[2.201s] -- Up-to-date: /home/maxime.leriche/Bureau/projet-rattrapage/ros2_ws/install/turtlesim/include/turtlesim/turtlesim/msg/detail/pose__rosidl_typesupport_introspection_cpp.hpp
[2.203s] -- Up-to-date: /home/maxime.leriche/Bureau/projet-rattrapage/ros2_ws/install/turtlesim/include/turtlesim/turtlesim/msg/detail/pose__type_support.cpp
[2.204s] -- Up-to-date: /home/maxime.leriche/Bureau/projet-rattrapage/ros2_ws/install/turtlesim/lib/libturtlesim__rosidl_typesupport_introspection_cpp.so
[2.209s] -- Up-to-date: /home/maxime.leriche/Bureau/projet-rattrapage/ros2_ws/install/turtlesim/lib/libturtlesim__rosidl_typesupport_cpp.so
[2.213s] -- Up-to-date: /home/maxime.leriche/Bureau/projet-rattrapage/ros2_ws/install/turtlesim/share/turtlesim/environment/pythonpath.sh
[2.215s] -- Up-to-date: /home/maxime.leriche/Bureau/projet-rattrapage/ros2_ws/install/turtlesim/share/turtlesim/environment/pythonpath.dsv
[2.216s] -- Up-to-date: /home/maxime.leriche/Bureau/projet-rattrapage/ros2_ws/install/turtlesim/local/lib/python3.10/dist-packages/turtlesim-1.4.2-py3.10.egg-info
[2.218s] -- Installing: /home/maxime.leriche/Bureau/projet-rattrapage/ros2_ws/install/turtlesim/local/lib/python3.10/dist-packages/turtlesim-1.4.2-py3.10.egg-info/dependency_links.txt
[2.228s] -- Installing: /home/maxime.leriche/Bureau/projet-rattrapage/ros2_ws/install/turtlesim/local/lib/python3.10/dist-packages/turtlesim-1.4.2-py3.10.egg-info/PKG-INFO
[2.237s] -- Installing: /home/maxime.leriche/Bureau/projet-rattrapage/ros2_ws/install/turtlesim/local/lib/python3.10/dist-packages/turtlesim-1.4.2-py3.10.egg-info/SOURCES.txt
[2.246s] -- Installing: /home/maxime.leriche/Bureau/projet-rattrapage/ros2_ws/install/turtlesim/local/lib/python3.10/dist-packages/turtlesim-1.4.2-py3.10.egg-info/top_level.txt
[2.255s] -- Up-to-date: /home/maxime.leriche/Bureau/projet-rattrapage/ros2_ws/install/turtlesim/local/lib/python3.10/dist-packages/turtlesim
[2.259s] -- Up-to-date: /home/maxime.leriche/Bureau/projet-rattrapage/ros2_ws/install/turtlesim/local/lib/python3.10/dist-packages/turtlesim/action
[2.261s] -- Up-to-date: /home/maxime.leriche/Bureau/projet-rattrapage/ros2_ws/install/turtlesim/local/lib/python3.10/dist-packages/turtlesim/action/__init__.py
[2.263s] -- Up-to-date: /home/maxime.leriche/Bureau/projet-rattrapage/ros2_ws/install/turtlesim/local/lib/python3.10/dist-packages/turtlesim/action/_rotate_absolute_s.c
[2.265s] -- Up-to-date: /home/maxime.leriche/Bureau/projet-rattrapage/ros2_ws/install/turtlesim/local/lib/python3.10/dist-packages/turtlesim/action/_rotate_absolute.py
[2.266s] -- Up-to-date: /home/maxime.leriche/Bureau/projet-rattrapage/ros2_ws/install/turtlesim/local/lib/python3.10/dist-packages/turtlesim/libturtlesim__rosidl_generator_py.so
[2.268s] -- Up-to-date: /home/maxime.leriche/Bureau/projet-rattrapage/ros2_ws/install/turtlesim/local/lib/python3.10/dist-packages/turtlesim/srv
[2.270s] -- Up-to-date: /home/maxime.leriche/Bureau/projet-rattrapage/ros2_ws/install/turtlesim/local/lib/python3.10/dist-packages/turtlesim/srv/_teleport_absolute_s.c
[2.273s] -- Up-to-date: /home/maxime.leriche/Bureau/projet-rattrapage/ros2_ws/install/turtlesim/local/lib/python3.10/dist-packages/turtlesim/srv/_teleport_relative.py
[2.274s] -- Up-to-date: /home/maxime.leriche/Bureau/projet-rattrapage/ros2_ws/install/turtlesim/local/lib/python3.10/dist-packages/turtlesim/srv/__init__.py
[2.274s] -- Up-to-date: /home/maxime.leriche/Bureau/projet-rattrapage/ros2_ws/install/turtlesim/local/lib/python3.10/dist-packages/turtlesim/srv/_spawn.py
[2.276s] -- Up-to-date: /home/maxime.leriche/Bureau/projet-rattrapage/ros2_ws/install/turtlesim/local/lib/python3.10/dist-packages/turtlesim/srv/_kill_s.c
[2.278s] -- Up-to-date: /home/maxime.leriche/Bureau/projet-rattrapage/ros2_ws/install/turtlesim/local/lib/python3.10/dist-packages/turtlesim/srv/_spawn_s.c
[2.279s] -- Up-to-date: /home/maxime.leriche/Bureau/projet-rattrapage/ros2_ws/install/turtlesim/local/lib/python3.10/dist-packages/turtlesim/srv/_set_pen.py
[2.280s] -- Up-to-date: /home/maxime.leriche/Bureau/projet-rattrapage/ros2_ws/install/turtlesim/local/lib/python3.10/dist-packages/turtlesim/srv/_teleport_absolute.py
[2.282s] -- Up-to-date: /home/maxime.leriche/Bureau/projet-rattrapage/ros2_ws/install/turtlesim/local/lib/python3.10/dist-packages/turtlesim/srv/_kill.py
[2.283s] -- Up-to-date: /home/maxime.leriche/Bureau/projet-rattrapage/ros2_ws/install/turtlesim/local/lib/python3.10/dist-packages/turtlesim/srv/_set_pen_s.c
[2.284s] -- Up-to-date: /home/maxime.leriche/Bureau/projet-rattrapage/ros2_ws/install/turtlesim/local/lib/python3.10/dist-packages/turtlesim/srv/_teleport_relative_s.c
[2.286s] -- Up-to-date: /home/maxime.leriche/Bureau/projet-rattrapage/ros2_ws/install/turtlesim/local/lib/python3.10/dist-packages/turtlesim/_turtlesim_s.ep.rosidl_typesupport_introspection_c.c
[2.288s] -- Up-to-date: /home/maxime.leriche/Bureau/projet-rattrapage/ros2_ws/install/turtlesim/local/lib/python3.10/dist-packages/turtlesim/turtlesim_s__rosidl_typesupport_c.cpython-310-x86_64-linux-gnu.so
[2.290s] -- Up-to-date: /home/maxime.leriche/Bureau/projet-rattrapage/ros2_ws/install/turtlesim/local/lib/python3.10/dist-packages/turtlesim/__init__.py
[2.291s] -- Up-to-date: /home/maxime.leriche/Bureau/projet-rattrapage/ros2_ws/install/turtlesim/local/lib/python3.10/dist-packages/turtlesim/turtlesim_s__rosidl_typesupport_introspection_c.cpython-310-x86_64-linux-gnu.so
[2.292s] -- Up-to-date: /home/maxime.leriche/Bureau/projet-rattrapage/ros2_ws/install/turtlesim/local/lib/python3.10/dist-packages/turtlesim/turtlesim_s__rosidl_typesupport_fastrtps_c.cpython-310-x86_64-linux-gnu.so
[2.295s] -- Up-to-date: /home/maxime.leriche/Bureau/projet-rattrapage/ros2_ws/install/turtlesim/local/lib/python3.10/dist-packages/turtlesim/msg
[2.297s] -- Up-to-date: /home/maxime.leriche/Bureau/projet-rattrapage/ros2_ws/install/turtlesim/local/lib/python3.10/dist-packages/turtlesim/msg/_color.py
[2.300s] -- Up-to-date: /home/maxime.leriche/Bureau/projet-rattrapage/ros2_ws/install/turtlesim/local/lib/python3.10/dist-packages/turtlesim/msg/_pose.py
[2.301s] -- Up-to-date: /home/maxime.leriche/Bureau/projet-rattrapage/ros2_ws/install/turtlesim/local/lib/python3.10/dist-packages/turtlesim/msg/__init__.py
[2.303s] -- Up-to-date: /home/maxime.leriche/Bureau/projet-rattrapage/ros2_ws/install/turtlesim/local/lib/python3.10/dist-packages/turtlesim/msg/_pose_s.c
[2.305s] -- Up-to-date: /home/maxime.leriche/Bureau/projet-rattrapage/ros2_ws/install/turtlesim/local/lib/python3.10/dist-packages/turtlesim/msg/_color_s.c
[2.306s] -- Up-to-date: /home/maxime.leriche/Bureau/projet-rattrapage/ros2_ws/install/turtlesim/local/lib/python3.10/dist-packages/turtlesim/_turtlesim_s.ep.rosidl_typesupport_fastrtps_c.c
[2.307s] -- Up-to-date: /home/maxime.leriche/Bureau/projet-rattrapage/ros2_ws/install/turtlesim/local/lib/python3.10/dist-packages/turtlesim/_turtlesim_s.ep.rosidl_typesupport_c.c
[2.368s] Listing '/home/maxime.leriche/Bureau/projet-rattrapage/ros2_ws/install/turtlesim/local/lib/python3.10/dist-packages/turtlesim'...
[2.369s] Listing '/home/maxime.leriche/Bureau/projet-rattrapage/ros2_ws/install/turtlesim/local/lib/python3.10/dist-packages/turtlesim/action'...
[2.370s] Listing '/home/maxime.leriche/Bureau/projet-rattrapage/ros2_ws/install/turtlesim/local/lib/python3.10/dist-packages/turtlesim/msg'...
[2.371s] Listing '/home/maxime.leriche/Bureau/projet-rattrapage/ros2_ws/install/turtlesim/local/lib/python3.10/dist-packages/turtlesim/srv'...
[2.374s] -- Up-to-date: /home/maxime.leriche/Bureau/projet-rattrapage/ros2_ws/install/turtlesim/local/lib/python3.10/dist-packages/turtlesim/turtlesim_s__rosidl_typesupport_fastrtps_c.cpython-310-x86_64-linux-gnu.so
[2.379s] -- Up-to-date: /home/maxime.leriche/Bureau/projet-rattrapage/ros2_ws/install/turtlesim/local/lib/python3.10/dist-packages/turtlesim/turtlesim_s__rosidl_typesupport_introspection_c.cpython-310-x86_64-linux-gnu.so
[2.384s] -- Up-to-date: /home/maxime.leriche/Bureau/projet-rattrapage/ros2_ws/install/turtlesim/local/lib/python3.10/dist-packages/turtlesim/turtlesim_s__rosidl_typesupport_c.cpython-310-x86_64-linux-gnu.so
[2.388s] -- Up-to-date: /home/maxime.leriche/Bureau/projet-rattrapage/ros2_ws/install/turtlesim/lib/libturtlesim__rosidl_generator_py.so
[2.393s] -- Up-to-date: /home/maxime.leriche/Bureau/projet-rattrapage/ros2_ws/install/turtlesim/share/turtlesim/action/RotateAbsolute.idl
[2.396s] -- Up-to-date: /home/maxime.leriche/Bureau/projet-rattrapage/ros2_ws/install/turtlesim/share/turtlesim/msg/Color.idl
[2.397s] -- Up-to-date: /home/maxime.leriche/Bureau/projet-rattrapage/ros2_ws/install/turtlesim/share/turtlesim/msg/Pose.idl
[2.399s] -- Up-to-date: /home/maxime.leriche/Bureau/projet-rattrapage/ros2_ws/install/turtlesim/share/turtlesim/srv/Kill.idl
[2.402s] -- Up-to-date: /home/maxime.leriche/Bureau/projet-rattrapage/ros2_ws/install/turtlesim/share/turtlesim/srv/SetPen.idl
[2.402s] -- Up-to-date: /home/maxime.leriche/Bureau/projet-rattrapage/ros2_ws/install/turtlesim/share/turtlesim/srv/Spawn.idl
[2.403s] -- Up-to-date: /home/maxime.leriche/Bureau/projet-rattrapage/ros2_ws/install/turtlesim/share/turtlesim/srv/TeleportAbsolute.idl
[2.405s] -- Up-to-date: /home/maxime.leriche/Bureau/projet-rattrapage/ros2_ws/install/turtlesim/share/turtlesim/srv/TeleportRelative.idl
[2.407s] -- Up-to-date: /home/maxime.leriche/Bureau/projet-rattrapage/ros2_ws/install/turtlesim/share/turtlesim/action/RotateAbsolute.action
[2.408s] -- Up-to-date: /home/maxime.leriche/Bureau/projet-rattrapage/ros2_ws/install/turtlesim/share/turtlesim/msg/Color.msg
[2.410s] -- Up-to-date: /home/maxime.leriche/Bureau/projet-rattrapage/ros2_ws/install/turtlesim/share/turtlesim/msg/Pose.msg
[2.410s] -- Up-to-date: /home/maxime.leriche/Bureau/projet-rattrapage/ros2_ws/install/turtlesim/share/turtlesim/srv/Kill.srv
[2.413s] -- Up-to-date: /home/maxime.leriche/Bureau/projet-rattrapage/ros2_ws/install/turtlesim/share/turtlesim/srv/Kill_Request.msg
[2.413s] -- Up-to-date: /home/maxime.leriche/Bureau/projet-rattrapage/ros2_ws/install/turtlesim/share/turtlesim/srv/Kill_Response.msg
[2.415s] -- Up-to-date: /home/maxime.leriche/Bureau/projet-rattrapage/ros2_ws/install/turtlesim/share/turtlesim/srv/SetPen.srv
[2.415s] -- Up-to-date: /home/maxime.leriche/Bureau/projet-rattrapage/ros2_ws/install/turtlesim/share/turtlesim/srv/SetPen_Request.msg
[2.417s] -- Up-to-date: /home/maxime.leriche/Bureau/projet-rattrapage/ros2_ws/install/turtlesim/share/turtlesim/srv/SetPen_Response.msg
[2.420s] -- Up-to-date: /home/maxime.leriche/Bureau/projet-rattrapage/ros2_ws/install/turtlesim/share/turtlesim/srv/Spawn.srv
[2.421s] -- Up-to-date: /home/maxime.leriche/Bureau/projet-rattrapage/ros2_ws/install/turtlesim/share/turtlesim/srv/Spawn_Request.msg
[2.422s] -- Up-to-date: /home/maxime.leriche/Bureau/projet-rattrapage/ros2_ws/install/turtlesim/share/turtlesim/srv/Spawn_Response.msg
[2.423s] -- Up-to-date: /home/maxime.leriche/Bureau/projet-rattrapage/ros2_ws/install/turtlesim/share/turtlesim/srv/TeleportAbsolute.srv
[2.424s] -- Up-to-date: /home/maxime.leriche/Bureau/projet-rattrapage/ros2_ws/install/turtlesim/share/turtlesim/srv/TeleportAbsolute_Request.msg
[2.425s] -- Up-to-date: /home/maxime.leriche/Bureau/projet-rattrapage/ros2_ws/install/turtlesim/share/turtlesim/srv/TeleportAbsolute_Response.msg
[2.427s] -- Up-to-date: /home/maxime.leriche/Bureau/projet-rattrapage/ros2_ws/install/turtlesim/share/turtlesim/srv/TeleportRelative.srv
[2.428s] -- Up-to-date: /home/maxime.leriche/Bureau/projet-rattrapage/ros2_ws/install/turtlesim/share/turtlesim/srv/TeleportRelative_Request.msg
[2.429s] -- Up-to-date: /home/maxime.leriche/Bureau/projet-rattrapage/ros2_ws/install/turtlesim/share/turtlesim/srv/TeleportRelative_Response.msg
[2.432s] -- Up-to-date: /home/maxime.leriche/Bureau/projet-rattrapage/ros2_ws/install/turtlesim/lib/turtlesim/turtlesim_node
[2.436s] -- Up-to-date: /home/maxime.leriche/Bureau/projet-rattrapage/ros2_ws/install/turtlesim/lib/turtlesim/turtle_teleop_key
[2.440s] -- Up-to-date: /home/maxime.leriche/Bureau/projet-rattrapage/ros2_ws/install/turtlesim/lib/turtlesim/draw_square
[2.445s] -- Up-to-date: /home/maxime.leriche/Bureau/projet-rattrapage/ros2_ws/install/turtlesim/lib/turtlesim/mimic
[2.449s] -- Up-to-date: /home/maxime.leriche/Bureau/projet-rattrapage/ros2_ws/install/turtlesim/share/turtlesim/images
[2.452s] -- Up-to-date: /home/maxime.leriche/Bureau/projet-rattrapage/ros2_ws/install/turtlesim/share/turtlesim/images/galactic.png
[2.454s] -- Up-to-date: /home/maxime.leriche/Bureau/projet-rattrapage/ros2_ws/install/turtlesim/share/turtlesim/images/bouncy.png
[2.456s] -- Up-to-date: /home/maxime.leriche/Bureau/projet-rattrapage/ros2_ws/install/turtlesim/share/turtlesim/images/ardent.png
[2.458s] -- Up-to-date: /home/maxime.leriche/Bureau/projet-rattrapage/ros2_ws/install/turtlesim/share/turtlesim/images/humble.png
[2.462s] -- Up-to-date: /home/maxime.leriche/Bureau/projet-rattrapage/ros2_ws/install/turtlesim/share/turtlesim/images/crystal.png
[2.463s] -- Up-to-date: /home/maxime.leriche/Bureau/projet-rattrapage/ros2_ws/install/turtlesim/share/turtlesim/images/dashing.png
[2.464s] -- Up-to-date: /home/maxime.leriche/Bureau/projet-rattrapage/ros2_ws/install/turtlesim/share/turtlesim/images/foxy.png
[2.466s] -- Up-to-date: /home/maxime.leriche/Bureau/projet-rattrapage/ros2_ws/install/turtlesim/share/turtlesim/images/rolling.png
[2.468s] -- Up-to-date: /home/maxime.leriche/Bureau/projet-rattrapage/ros2_ws/install/turtlesim/share/turtlesim/images/eloquent.png
[2.470s] -- Up-to-date: /home/maxime.leriche/Bureau/projet-rattrapage/ros2_ws/install/turtlesim/share/turtlesim/launch
[2.474s] -- Up-to-date: /home/maxime.leriche/Bureau/projet-rattrapage/ros2_ws/install/turtlesim/share/turtlesim/launch/multisim.launch.py
[2.475s] -- Up-to-date: /home/maxime.leriche/Bureau/projet-rattrapage/ros2_ws/install/turtlesim/share/ament_index/resource_index/package_run_dependencies/turtlesim
[2.478s] -- Up-to-date: /home/maxime.leriche/Bureau/projet-rattrapage/ros2_ws/install/turtlesim/share/ament_index/resource_index/parent_prefix_path/turtlesim
[2.479s] -- Up-to-date: /home/maxime.leriche/Bureau/projet-rattrapage/ros2_ws/install/turtlesim/share/turtlesim/environment/ament_prefix_path.sh
[2.483s] -- Up-to-date: /home/maxime.leriche/Bureau/projet-rattrapage/ros2_ws/install/turtlesim/share/turtlesim/environment/ament_prefix_path.dsv
[2.484s] -- Up-to-date: /home/maxime.leriche/Bureau/projet-rattrapage/ros2_ws/install/turtlesim/share/turtlesim/environment/path.sh
[2.486s] -- Up-to-date: /home/maxime.leriche/Bureau/projet-rattrapage/ros2_ws/install/turtlesim/share/turtlesim/environment/path.dsv
[2.488s] -- Up-to-date: /home/maxime.leriche/Bureau/projet-rattrapage/ros2_ws/install/turtlesim/share/turtlesim/local_setup.bash
[2.489s] -- Up-to-date: /home/maxime.leriche/Bureau/projet-rattrapage/ros2_ws/install/turtlesim/share/turtlesim/local_setup.sh
[2.490s] -- Up-to-date: /home/maxime.leriche/Bureau/projet-rattrapage/ros2_ws/install/turtlesim/share/turtlesim/local_setup.zsh
[2.492s] -- Up-to-date: /home/maxime.leriche/Bureau/projet-rattrapage/ros2_ws/install/turtlesim/share/turtlesim/local_setup.dsv
[2.494s] -- Installing: /home/maxime.leriche/Bureau/projet-rattrapage/ros2_ws/install/turtlesim/share/turtlesim/package.dsv
[2.502s] -- Up-to-date: /home/maxime.leriche/Bureau/projet-rattrapage/ros2_ws/install/turtlesim/share/ament_index/resource_index/packages/turtlesim
[2.509s] -- Up-to-date: /home/maxime.leriche/Bureau/projet-rattrapage/ros2_ws/install/turtlesim/share/turtlesim/cmake/export_turtlesim__rosidl_generator_cExport.cmake
[2.511s] -- Up-to-date: /home/maxime.leriche/Bureau/projet-rattrapage/ros2_ws/install/turtlesim/share/turtlesim/cmake/export_turtlesim__rosidl_generator_cExport-noconfig.cmake
[2.514s] -- Up-to-date: /home/maxime.leriche/Bureau/projet-rattrapage/ros2_ws/install/turtlesim/share/turtlesim/cmake/export_turtlesim__rosidl_typesupport_fastrtps_cExport.cmake
[2.518s] -- Up-to-date: /home/maxime.leriche/Bureau/projet-rattrapage/ros2_ws/install/turtlesim/share/turtlesim/cmake/export_turtlesim__rosidl_typesupport_fastrtps_cExport-noconfig.cmake
[2.521s] -- Up-to-date: /home/maxime.leriche/Bureau/projet-rattrapage/ros2_ws/install/turtlesim/share/turtlesim/cmake/export_turtlesim__rosidl_generator_cppExport.cmake
[2.524s] -- Up-to-date: /home/maxime.leriche/Bureau/projet-rattrapage/ros2_ws/install/turtlesim/share/turtlesim/cmake/export_turtlesim__rosidl_typesupport_fastrtps_cppExport.cmake
[2.526s] -- Up-to-date: /home/maxime.leriche/Bureau/projet-rattrapage/ros2_ws/install/turtlesim/share/turtlesim/cmake/export_turtlesim__rosidl_typesupport_fastrtps_cppExport-noconfig.cmake
[2.529s] -- Up-to-date: /home/maxime.leriche/Bureau/projet-rattrapage/ros2_ws/install/turtlesim/share/turtlesim/cmake/turtlesim__rosidl_typesupport_introspection_cExport.cmake
[2.534s] -- Up-to-date: /home/maxime.leriche/Bureau/projet-rattrapage/ros2_ws/install/turtlesim/share/turtlesim/cmake/turtlesim__rosidl_typesupport_introspection_cExport-noconfig.cmake
[2.537s] -- Up-to-date: /home/maxime.leriche/Bureau/projet-rattrapage/ros2_ws/install/turtlesim/share/turtlesim/cmake/turtlesim__rosidl_typesupport_cExport.cmake
[2.538s] -- Up-to-date: /home/maxime.leriche/Bureau/projet-rattrapage/ros2_ws/install/turtlesim/share/turtlesim/cmake/turtlesim__rosidl_typesupport_cExport-noconfig.cmake
[2.542s] -- Up-to-date: /home/maxime.leriche/Bureau/projet-rattrapage/ros2_ws/install/turtlesim/share/turtlesim/cmake/turtlesim__rosidl_typesupport_introspection_cppExport.cmake
[2.545s] -- Up-to-date: /home/maxime.leriche/Bureau/projet-rattrapage/ros2_ws/install/turtlesim/share/turtlesim/cmake/turtlesim__rosidl_typesupport_introspection_cppExport-noconfig.cmake
[2.547s] -- Up-to-date: /home/maxime.leriche/Bureau/projet-rattrapage/ros2_ws/install/turtlesim/share/turtlesim/cmake/turtlesim__rosidl_typesupport_cppExport.cmake
[2.550s] -- Up-to-date: /home/maxime.leriche/Bureau/projet-rattrapage/ros2_ws/install/turtlesim/share/turtlesim/cmake/turtlesim__rosidl_typesupport_cppExport-noconfig.cmake
[2.555s] -- Up-to-date: /home/maxime.leriche/Bureau/projet-rattrapage/ros2_ws/install/turtlesim/share/turtlesim/cmake/export_turtlesim__rosidl_generator_pyExport.cmake
[2.556s] -- Up-to-date: /home/maxime.leriche/Bureau/projet-rattrapage/ros2_ws/install/turtlesim/share/turtlesim/cmake/export_turtlesim__rosidl_generator_pyExport-noconfig.cmake
[2.557s] -- Up-to-date: /home/maxime.leriche/Bureau/projet-rattrapage/ros2_ws/install/turtlesim/share/turtlesim/cmake/rosidl_cmake-extras.cmake
[2.559s] -- Up-to-date: /home/maxime.leriche/Bureau/projet-rattrapage/ros2_ws/install/turtlesim/share/turtlesim/cmake/ament_cmake_export_dependencies-extras.cmake
[2.560s] -- Up-to-date: /home/maxime.leriche/Bureau/projet-rattrapage/ros2_ws/install/turtlesim/share/turtlesim/cmake/ament_cmake_export_include_directories-extras.cmake
[2.561s] -- Up-to-date: /home/maxime.leriche/Bureau/projet-rattrapage/ros2_ws/install/turtlesim/share/turtlesim/cmake/ament_cmake_export_libraries-extras.cmake
[2.563s] -- Up-to-date: /home/maxime.leriche/Bureau/projet-rattrapage/ros2_ws/install/turtlesim/share/turtlesim/cmake/ament_cmake_export_targets-extras.cmake
[2.565s] -- Up-to-date: /home/maxime.leriche/Bureau/projet-rattrapage/ros2_ws/install/turtlesim/share/turtlesim/cmake/rosidl_cmake_export_typesupport_targets-extras.cmake
[2.568s] -- Up-to-date: /home/maxime.leriche/Bureau/projet-rattrapage/ros2_ws/install/turtlesim/share/turtlesim/cmake/rosidl_cmake_export_typesupport_libraries-extras.cmake
[2.569s] -- Up-to-date: /home/maxime.leriche/Bureau/projet-rattrapage/ros2_ws/install/turtlesim/share/turtlesim/cmake/turtlesimConfig.cmake
[2.571s] -- Up-to-date: /home/maxime.leriche/Bureau/projet-rattrapage/ros2_ws/install/turtlesim/share/turtlesim/cmake/turtlesimConfig-version.cmake
[2.572s] -- Up-to-date: /home/maxime.leriche/Bureau/projet-rattrapage/ros2_ws/install/turtlesim/share/turtlesim/package.xml
[2.583s] Invoked command in '/home/maxime.leriche/Bureau/projet-rattrapage/ros2_ws/build/turtlesim' returned '0': CMAKE_PREFIX_PATH=${CMAKE_PREFIX_PATH}:/opt/ros/humble /usr/bin/cmake --install /home/maxime.leriche/Bureau/projet-rattrapage/ros2_ws/build/turtlesim
