[1.290s] Invoking command in '/home/maxime.leriche/Bureau/projet-rattrapage/ros2_ws/src/py_srvcli': PYTHONPATH=/home/maxime.leriche/Bureau/projet-rattrapage/ros2_ws/build/py_srvcli/prefix_override:/home/maxime.leriche/Bureau/projet-rattrapage/ros2_ws/install/py_srvcli/lib/python3.10/site-packages:${PYTHONPATH} /usr/bin/python3 setup.py egg_info --egg-base ../../build/py_srvcli build --build-base /home/maxime.leriche/Bureau/projet-rattrapage/ros2_ws/build/py_srvcli/build install --record /home/maxime.leriche/Bureau/projet-rattrapage/ros2_ws/build/py_srvcli/install.log --single-version-externally-managed
[1.690s] running egg_info
[1.692s] writing ../../build/py_srvcli/py_srvcli.egg-info/PKG-INFO
[1.695s] writing dependency_links to ../../build/py_srvcli/py_srvcli.egg-info/dependency_links.txt
[1.696s] writing entry points to ../../build/py_srvcli/py_srvcli.egg-info/entry_points.txt
[1.699s] writing requirements to ../../build/py_srvcli/py_srvcli.egg-info/requires.txt
[1.701s] writing top-level names to ../../build/py_srvcli/py_srvcli.egg-info/top_level.txt
[1.711s] reading manifest file '../../build/py_srvcli/py_srvcli.egg-info/SOURCES.txt'
[1.714s] writing manifest file '../../build/py_srvcli/py_srvcli.egg-info/SOURCES.txt'
[1.716s] running build
[1.717s] running build_py
[1.718s] copying py_srvcli/service_member_function.py -> /home/maxime.leriche/Bureau/projet-rattrapage/ros2_ws/build/py_srvcli/build/lib/py_srvcli
[1.724s] copying py_srvcli/client_member_function.py -> /home/maxime.leriche/Bureau/projet-rattrapage/ros2_ws/build/py_srvcli/build/lib/py_srvcli
[1.728s] running install
[1.729s] /usr/lib/python3/dist-packages/setuptools/command/install.py:34: SetuptoolsDeprecationWarning: setup.py install is deprecated. Use build and pip and other standards-based tools.
[1.729s]   warnings.warn(
[1.731s] running install_lib
[1.733s] copying /home/maxime.leriche/Bureau/projet-rattrapage/ros2_ws/build/py_srvcli/build/lib/py_srvcli/service_member_function.py -> /home/maxime.leriche/Bureau/projet-rattrapage/ros2_ws/install/py_srvcli/lib/python3.10/site-packages/py_srvcli
[1.740s] copying /home/maxime.leriche/Bureau/projet-rattrapage/ros2_ws/build/py_srvcli/build/lib/py_srvcli/client_member_function.py -> /home/maxime.leriche/Bureau/projet-rattrapage/ros2_ws/install/py_srvcli/lib/python3.10/site-packages/py_srvcli
[1.746s] byte-compiling /home/maxime.leriche/Bureau/projet-rattrapage/ros2_ws/install/py_srvcli/lib/python3.10/site-packages/py_srvcli/service_member_function.py to service_member_function.cpython-310.pyc
[1.753s] byte-compiling /home/maxime.leriche/Bureau/projet-rattrapage/ros2_ws/install/py_srvcli/lib/python3.10/site-packages/py_srvcli/client_member_function.py to client_member_function.cpython-310.pyc
[1.759s] running install_data
[1.761s] copying package.xml -> /home/maxime.leriche/Bureau/projet-rattrapage/ros2_ws/install/py_srvcli/share/py_srvcli
[1.765s] running install_egg_info
[1.767s] removing '/home/maxime.leriche/Bureau/projet-rattrapage/ros2_ws/install/py_srvcli/lib/python3.10/site-packages/py_srvcli-0.0.0-py3.10.egg-info' (and everything under it)
[1.778s] Copying ../../build/py_srvcli/py_srvcli.egg-info to /home/maxime.leriche/Bureau/projet-rattrapage/ros2_ws/install/py_srvcli/lib/python3.10/site-packages/py_srvcli-0.0.0-py3.10.egg-info
[1.815s] running install_scripts
[1.841s] Installing client script to /home/maxime.leriche/Bureau/projet-rattrapage/ros2_ws/install/py_srvcli/lib/py_srvcli
[1.845s] Installing service script to /home/maxime.leriche/Bureau/projet-rattrapage/ros2_ws/install/py_srvcli/lib/py_srvcli
[1.850s] writing list of installed files to '/home/maxime.leriche/Bureau/projet-rattrapage/ros2_ws/build/py_srvcli/install.log'
[1.885s] Invoked command in '/home/maxime.leriche/Bureau/projet-rattrapage/ros2_ws/src/py_srvcli' returned '0': PYTHONPATH=/home/maxime.leriche/Bureau/projet-rattrapage/ros2_ws/build/py_srvcli/prefix_override:/home/maxime.leriche/Bureau/projet-rattrapage/ros2_ws/install/py_srvcli/lib/python3.10/site-packages:${PYTHONPATH} /usr/bin/python3 setup.py egg_info --egg-base ../../build/py_srvcli build --build-base /home/maxime.leriche/Bureau/projet-rattrapage/ros2_ws/build/py_srvcli/build install --record /home/maxime.leriche/Bureau/projet-rattrapage/ros2_ws/build/py_srvcli/install.log --single-version-externally-managed
