[1.245s] Invoking command in '/home/maxime.leriche/Bureau/projet-rattrapage/ros2_ws/src/py_pubsub': PYTHONPATH=/home/maxime.leriche/Bureau/projet-rattrapage/ros2_ws/build/py_pubsub/prefix_override:/home/maxime.leriche/Bureau/projet-rattrapage/ros2_ws/install/py_pubsub/lib/python3.10/site-packages:${PYTHONPATH} /usr/bin/python3 setup.py egg_info --egg-base ../../build/py_pubsub build --build-base /home/maxime.leriche/Bureau/projet-rattrapage/ros2_ws/build/py_pubsub/build install --record /home/maxime.leriche/Bureau/projet-rattrapage/ros2_ws/build/py_pubsub/install.log --single-version-externally-managed
[1.652s] running egg_info
[1.655s] writing ../../build/py_pubsub/py_pubsub.egg-info/PKG-INFO
[1.657s] writing dependency_links to ../../build/py_pubsub/py_pubsub.egg-info/dependency_links.txt
[1.660s] writing entry points to ../../build/py_pubsub/py_pubsub.egg-info/entry_points.txt
[1.661s] writing requirements to ../../build/py_pubsub/py_pubsub.egg-info/requires.txt
[1.664s] writing top-level names to ../../build/py_pubsub/py_pubsub.egg-info/top_level.txt
[1.672s] reading manifest file '../../build/py_pubsub/py_pubsub.egg-info/SOURCES.txt'
[1.675s] writing manifest file '../../build/py_pubsub/py_pubsub.egg-info/SOURCES.txt'
[1.677s] running build
[1.677s] running build_py
[1.678s] copying py_pubsub/subscriber_member_function.py -> /home/maxime.leriche/Bureau/projet-rattrapage/ros2_ws/build/py_pubsub/build/lib/py_pubsub
[1.682s] copying py_pubsub/publisher_member_function.py -> /home/maxime.leriche/Bureau/projet-rattrapage/ros2_ws/build/py_pubsub/build/lib/py_pubsub
[1.687s] running install
[1.687s] /usr/lib/python3/dist-packages/setuptools/command/install.py:34: SetuptoolsDeprecationWarning: setup.py install is deprecated. Use build and pip and other standards-based tools.
[1.688s]   warnings.warn(
[1.689s] running install_lib
[1.691s] copying /home/maxime.leriche/Bureau/projet-rattrapage/ros2_ws/build/py_pubsub/build/lib/py_pubsub/subscriber_member_function.py -> /home/maxime.leriche/Bureau/projet-rattrapage/ros2_ws/install/py_pubsub/lib/python3.10/site-packages/py_pubsub
[1.697s] copying /home/maxime.leriche/Bureau/projet-rattrapage/ros2_ws/build/py_pubsub/build/lib/py_pubsub/publisher_member_function.py -> /home/maxime.leriche/Bureau/projet-rattrapage/ros2_ws/install/py_pubsub/lib/python3.10/site-packages/py_pubsub
[1.704s] byte-compiling /home/maxime.leriche/Bureau/projet-rattrapage/ros2_ws/install/py_pubsub/lib/python3.10/site-packages/py_pubsub/subscriber_member_function.py to subscriber_member_function.cpython-310.pyc
[1.710s] byte-compiling /home/maxime.leriche/Bureau/projet-rattrapage/ros2_ws/install/py_pubsub/lib/python3.10/site-packages/py_pubsub/publisher_member_function.py to publisher_member_function.cpython-310.pyc
[1.715s] running install_data
[1.717s] copying package.xml -> /home/maxime.leriche/Bureau/projet-rattrapage/ros2_ws/install/py_pubsub/share/py_pubsub
[1.721s] running install_egg_info
[1.723s] removing '/home/maxime.leriche/Bureau/projet-rattrapage/ros2_ws/install/py_pubsub/lib/python3.10/site-packages/py_pubsub-0.0.0-py3.10.egg-info' (and everything under it)
[1.733s] Copying ../../build/py_pubsub/py_pubsub.egg-info to /home/maxime.leriche/Bureau/projet-rattrapage/ros2_ws/install/py_pubsub/lib/python3.10/site-packages/py_pubsub-0.0.0-py3.10.egg-info
[1.768s] running install_scripts
[1.793s] Installing listener script to /home/maxime.leriche/Bureau/projet-rattrapage/ros2_ws/install/py_pubsub/lib/py_pubsub
[1.797s] Installing talker script to /home/maxime.leriche/Bureau/projet-rattrapage/ros2_ws/install/py_pubsub/lib/py_pubsub
[1.801s] writing list of installed files to '/home/maxime.leriche/Bureau/projet-rattrapage/ros2_ws/build/py_pubsub/install.log'
[1.840s] Invoked command in '/home/maxime.leriche/Bureau/projet-rattrapage/ros2_ws/src/py_pubsub' returned '0': PYTHONPATH=/home/maxime.leriche/Bureau/projet-rattrapage/ros2_ws/build/py_pubsub/prefix_override:/home/maxime.leriche/Bureau/projet-rattrapage/ros2_ws/install/py_pubsub/lib/python3.10/site-packages:${PYTHONPATH} /usr/bin/python3 setup.py egg_info --egg-base ../../build/py_pubsub build --build-base /home/maxime.leriche/Bureau/projet-rattrapage/ros2_ws/build/py_pubsub/build install --record /home/maxime.leriche/Bureau/projet-rattrapage/ros2_ws/build/py_pubsub/install.log --single-version-externally-managed
