[0.000000] (-) TimerEvent: {}
[0.000146] (-) JobUnselected: {'identifier': 'my_package'}
[0.000191] (py_pubsub) JobQueued: {'identifier': 'py_pubsub', 'dependencies': OrderedDict()}
[0.000220] (py_pubsub) JobStarted: {'identifier': 'py_pubsub'}
[0.097969] (-) TimerEvent: {}
[0.198260] (-) TimerEvent: {}
[0.298561] (-) TimerEvent: {}
[0.398852] (-) TimerEvent: {}
[0.499146] (-) TimerEvent: {}
[0.599443] (-) TimerEvent: {}
[0.699734] (-) TimerEvent: {}
[0.800035] (-) TimerEvent: {}
[0.900341] (-) TimerEvent: {}
[1.000636] (-) TimerEvent: {}
[1.100959] (-) TimerEvent: {}
[1.172563] (py_pubsub) Command: {'cmd': ['/usr/bin/python3', 'setup.py', 'egg_info', '--egg-base', '../../build/py_pubsub', 'build', '--build-base', '/home/maxime.leriche/Bureau/projet-rattrapage/ros2_ws/build/py_pubsub/build', 'install', '--record', '/home/maxime.leriche/Bureau/projet-rattrapage/ros2_ws/build/py_pubsub/install.log', '--single-version-externally-managed'], 'cwd': '/home/maxime.leriche/Bureau/projet-rattrapage/ros2_ws/src/py_pubsub', 'env': {'USER': 'maxime.leriche', 'PT8HOME': '/opt/pt', 'XDG_SESSION_TYPE': 'x11', 'XDG_CACHE_HOME': '/run/shm/.cache/maxime.leriche', 'SHLVL': '1', 'LD_LIBRARY_PATH': '/home/maxime.leriche/Bureau/projet-rattrapage/ros2_ws/install/turtlesim/lib:/usr/lib/x86_64-linux-gnu/gazebo-11/plugins:/opt/ros/humble/opt/rviz_ogre_vendor/lib:/opt/ros/humble/lib/x86_64-linux-gnu:/opt/ros/humble/lib', 'HOME': '/home/maxime.leriche', 'OLDPWD': '/home/maxime.leriche/Bureau/projet-rattrapage/ros2_ws/src/py_pubsub/py_pubsub', 'DESKTOP_SESSION': 'ubuntu', 'ROS_PYTHON_VERSION': '3', 'GNOME_SHELL_SESSION_MODE': 'ubuntu', 'GTK_MODULES': 'gail:atk-bridge', 'MANAGERPID': '66503', 'SYSTEMD_EXEC_PID': '67261', 'DBUS_SESSION_BUS_ADDRESS': 'unix:path=/run/user/30333/bus', 'COLORTERM': 'truecolor', 'TERMINATOR_DBUS_NAME': 'net.tenshu.Terminator23558193cd9818af7fe4d2c2f5bd9d00f', 'LIBVIRT_DEFAULT_URI': 'qemu:///system', 'GIO_LAUNCHED_DESKTOP_FILE_PID': '72597', 'COLCON_PREFIX_PATH': '/home/maxime.leriche/Bureau/projet-rattrapage/ros2_ws/install', 'ROS_DISTRO': 'humble', 'GTK_IM_MODULE': 'ibus', 'LOGNAME': 'maxime.leriche', 'JOURNAL_STREAM': '8:283345', '_': '/usr/bin/colcon', 'ROS_VERSION': '2', 'XDG_SESSION_CLASS': 'user', 'USERNAME': 'maxime.leriche', 'TERM': 'xterm-256color', 'GNOME_DESKTOP_SESSION_ID': 'this-is-deprecated', 'ROS_LOCALHOST_ONLY': '1', 'WINDOWPATH': '2', 'PATH': '/opt/ros/humble/bin:/softwares/bin:/usr/local/cpe/bin:/usr/local/cpe/sbin:/usr/local/sbin:/usr/local/bin:/usr/sbin:/usr/bin:/sbin:/bin:/snap/bin', 'SESSION_MANAGER': 'local/tparlem03.cpe.lan:@/tmp/.ICE-unix/66900,unix/tparlem03.cpe.lan:/tmp/.ICE-unix/66900', 'INVOCATION_ID': 'aec319c97e8f47d89540d70760907dd8', 'XDG_MENU_PREFIX': 'gnome-', 'XDG_RUNTIME_DIR': '/run/user/30333', 'DISPLAY': ':1', 'TERMINATOR_DBUS_PATH': '/net/tenshu/Terminator2', 'LANG': 'fr_FR.UTF-8', 'XDG_CURRENT_DESKTOP': 'ubuntu:GNOME', 'IBUS_DISABLE_SNOOPER': '1', 'XMODIFIERS': '@im=ibus', 'XDG_SESSION_DESKTOP': 'ubuntu', 'XAUTHORITY': '/run/user/30333/gdm/Xauthority', 'SSH_AGENT_LAUNCHER': 'gnome-keyring', 'SSH_AUTH_SOCK': '/run/user/30333/keyring/ssh', 'ROS_DOMAIN_ID': '0', 'AMENT_PREFIX_PATH': '/home/maxime.leriche/Bureau/projet-rattrapage/ros2_ws/install/my_package:/home/maxime.leriche/Bureau/projet-rattrapage/ros2_ws/install/turtlesim:/opt/ros/humble', 'DEBIAN_FRONTEND': 'noninteractive', 'SHELL': '/bin/bash', 'TERMINATOR_UUID': 'urn:uuid:eb5014db-f233-4890-b139-cecd15f14888', 'QT_ACCESSIBILITY': '1', 'GDMSESSION': 'ubuntu', 'GPG_AGENT_INFO': '/run/user/30333/gnupg/S.gpg-agent:0:1', 'QT_IM_MODULE': 'ibus', 'PWD': '/home/maxime.leriche/Bureau/projet-rattrapage/ros2_ws/build/py_pubsub', 'XDG_CONFIG_DIRS': '/etc/xdg/xdg-ubuntu:/etc/xdg', 'XDG_DATA_DIRS': '/usr/share/ubuntu:/usr/share/gnome:/home/maxime.leriche/.local/share/flatpak/exports/share:/var/lib/flatpak/exports/share:/usr/local/share/:/usr/share/:/var/lib/snapd/desktop', 'PYTHONPATH': '/home/maxime.leriche/Bureau/projet-rattrapage/ros2_ws/build/py_pubsub/prefix_override:/home/maxime.leriche/Bureau/projet-rattrapage/ros2_ws/install/py_pubsub/lib/python3.10/site-packages:/home/maxime.leriche/Bureau/projet-rattrapage/ros2_ws/install/my_package/lib/python3.10/site-packages:/home/maxime.leriche/Bureau/projet-rattrapage/ros2_ws/install/turtlesim/local/lib/python3.10/dist-packages:/opt/ros/humble/lib/python3.10/site-packages:/opt/ros/humble/local/lib/python3.10/dist-packages', 'COLCON': '1', 'VTE_VERSION': '6800', 'CMAKE_PREFIX_PATH': '/home/maxime.leriche/Bureau/projet-rattrapage/ros2_ws/install/turtlesim'}, 'shell': False}
[1.201082] (-) TimerEvent: {}
[1.301379] (-) TimerEvent: {}
[1.401726] (-) TimerEvent: {}
[1.502057] (-) TimerEvent: {}
[1.549541] (py_pubsub) StdoutLine: {'line': b'running egg_info\n'}
[1.551195] (py_pubsub) StdoutLine: {'line': b'creating ../../build/py_pubsub/py_pubsub.egg-info\n'}
[1.552998] (py_pubsub) StdoutLine: {'line': b'writing ../../build/py_pubsub/py_pubsub.egg-info/PKG-INFO\n'}
[1.559363] (py_pubsub) StdoutLine: {'line': b'writing dependency_links to ../../build/py_pubsub/py_pubsub.egg-info/dependency_links.txt\n'}
[1.562805] (py_pubsub) StdoutLine: {'line': b'writing entry points to ../../build/py_pubsub/py_pubsub.egg-info/entry_points.txt\n'}
[1.565672] (py_pubsub) StdoutLine: {'line': b'writing requirements to ../../build/py_pubsub/py_pubsub.egg-info/requires.txt\n'}
[1.567863] (py_pubsub) StdoutLine: {'line': b'writing top-level names to ../../build/py_pubsub/py_pubsub.egg-info/top_level.txt\n'}
[1.571550] (py_pubsub) StdoutLine: {'line': b"writing manifest file '../../build/py_pubsub/py_pubsub.egg-info/SOURCES.txt'\n"}
[1.583730] (py_pubsub) StdoutLine: {'line': b"reading manifest file '../../build/py_pubsub/py_pubsub.egg-info/SOURCES.txt'\n"}
[1.587475] (py_pubsub) StdoutLine: {'line': b"writing manifest file '../../build/py_pubsub/py_pubsub.egg-info/SOURCES.txt'\n"}
[1.589957] (py_pubsub) StdoutLine: {'line': b'running build\n'}
[1.590355] (py_pubsub) StdoutLine: {'line': b'running build_py\n'}
[1.591422] (py_pubsub) StdoutLine: {'line': b'creating /home/maxime.leriche/Bureau/projet-rattrapage/ros2_ws/build/py_pubsub/build\n'}
[1.592230] (py_pubsub) StdoutLine: {'line': b'creating /home/maxime.leriche/Bureau/projet-rattrapage/ros2_ws/build/py_pubsub/build/lib\n'}
[1.594340] (py_pubsub) StdoutLine: {'line': b'creating /home/maxime.leriche/Bureau/projet-rattrapage/ros2_ws/build/py_pubsub/build/lib/py_pubsub\n'}
[1.597765] (py_pubsub) StdoutLine: {'line': b'copying py_pubsub/__init__.py -> /home/maxime.leriche/Bureau/projet-rattrapage/ros2_ws/build/py_pubsub/build/lib/py_pubsub\n'}
[1.601146] (py_pubsub) StdoutLine: {'line': b'copying py_pubsub/subscriber_member_function.py -> /home/maxime.leriche/Bureau/projet-rattrapage/ros2_ws/build/py_pubsub/build/lib/py_pubsub\n'}
[1.602124] (-) TimerEvent: {}
[1.604901] (py_pubsub) StdoutLine: {'line': b'copying py_pubsub/publisher_member_function.py -> /home/maxime.leriche/Bureau/projet-rattrapage/ros2_ws/build/py_pubsub/build/lib/py_pubsub\n'}
[1.609171] (py_pubsub) StdoutLine: {'line': b'running install\n'}
[1.609869] (py_pubsub) StderrLine: {'line': b'/usr/lib/python3/dist-packages/setuptools/command/install.py:34: SetuptoolsDeprecationWarning: setup.py install is deprecated. Use build and pip and other standards-based tools.\n'}
[1.610749] (py_pubsub) StderrLine: {'line': b'  warnings.warn(\n'}
[1.610869] (py_pubsub) StdoutLine: {'line': b'running install_lib\n'}
[1.614228] (py_pubsub) StdoutLine: {'line': b'creating /home/maxime.leriche/Bureau/projet-rattrapage/ros2_ws/install/py_pubsub/lib/python3.10/site-packages/py_pubsub\n'}
[1.617105] (py_pubsub) StdoutLine: {'line': b'copying /home/maxime.leriche/Bureau/projet-rattrapage/ros2_ws/build/py_pubsub/build/lib/py_pubsub/__init__.py -> /home/maxime.leriche/Bureau/projet-rattrapage/ros2_ws/install/py_pubsub/lib/python3.10/site-packages/py_pubsub\n'}
[1.621309] (py_pubsub) StdoutLine: {'line': b'copying /home/maxime.leriche/Bureau/projet-rattrapage/ros2_ws/build/py_pubsub/build/lib/py_pubsub/subscriber_member_function.py -> /home/maxime.leriche/Bureau/projet-rattrapage/ros2_ws/install/py_pubsub/lib/python3.10/site-packages/py_pubsub\n'}
[1.626478] (py_pubsub) StdoutLine: {'line': b'copying /home/maxime.leriche/Bureau/projet-rattrapage/ros2_ws/build/py_pubsub/build/lib/py_pubsub/publisher_member_function.py -> /home/maxime.leriche/Bureau/projet-rattrapage/ros2_ws/install/py_pubsub/lib/python3.10/site-packages/py_pubsub\n'}
[1.633354] (py_pubsub) StdoutLine: {'line': b'byte-compiling /home/maxime.leriche/Bureau/projet-rattrapage/ros2_ws/install/py_pubsub/lib/python3.10/site-packages/py_pubsub/__init__.py to __init__.cpython-310.pyc\n'}
[1.640418] (py_pubsub) StdoutLine: {'line': b'byte-compiling /home/maxime.leriche/Bureau/projet-rattrapage/ros2_ws/install/py_pubsub/lib/python3.10/site-packages/py_pubsub/subscriber_member_function.py to subscriber_member_function.cpython-310.pyc\n'}
[1.646714] (py_pubsub) StdoutLine: {'line': b'byte-compiling /home/maxime.leriche/Bureau/projet-rattrapage/ros2_ws/install/py_pubsub/lib/python3.10/site-packages/py_pubsub/publisher_member_function.py to publisher_member_function.cpython-310.pyc\n'}
[1.652695] (py_pubsub) StdoutLine: {'line': b'running install_data\n'}
[1.654236] (py_pubsub) StdoutLine: {'line': b'creating /home/maxime.leriche/Bureau/projet-rattrapage/ros2_ws/install/py_pubsub/share/ament_index\n'}
[1.655343] (py_pubsub) StdoutLine: {'line': b'creating /home/maxime.leriche/Bureau/projet-rattrapage/ros2_ws/install/py_pubsub/share/ament_index/resource_index\n'}
[1.657024] (py_pubsub) StdoutLine: {'line': b'creating /home/maxime.leriche/Bureau/projet-rattrapage/ros2_ws/install/py_pubsub/share/ament_index/resource_index/packages\n'}
[1.660450] (py_pubsub) StdoutLine: {'line': b'copying resource/py_pubsub -> /home/maxime.leriche/Bureau/projet-rattrapage/ros2_ws/install/py_pubsub/share/ament_index/resource_index/packages\n'}
[1.665208] (py_pubsub) StdoutLine: {'line': b'copying package.xml -> /home/maxime.leriche/Bureau/projet-rattrapage/ros2_ws/install/py_pubsub/share/py_pubsub\n'}
[1.669177] (py_pubsub) StdoutLine: {'line': b'running install_egg_info\n'}
[1.672597] (py_pubsub) StdoutLine: {'line': b'Copying ../../build/py_pubsub/py_pubsub.egg-info to /home/maxime.leriche/Bureau/projet-rattrapage/ros2_ws/install/py_pubsub/lib/python3.10/site-packages/py_pubsub-0.0.0-py3.10.egg-info\n'}
[1.702252] (-) TimerEvent: {}
[1.724896] (py_pubsub) StdoutLine: {'line': b'running install_scripts\n'}
[1.751261] (py_pubsub) StdoutLine: {'line': b'Installing listener script to /home/maxime.leriche/Bureau/projet-rattrapage/ros2_ws/install/py_pubsub/lib/py_pubsub\n'}
[1.756676] (py_pubsub) StdoutLine: {'line': b'Installing talker script to /home/maxime.leriche/Bureau/projet-rattrapage/ros2_ws/install/py_pubsub/lib/py_pubsub\n'}
[1.761551] (py_pubsub) StdoutLine: {'line': b"writing list of installed files to '/home/maxime.leriche/Bureau/projet-rattrapage/ros2_ws/build/py_pubsub/install.log'\n"}
[1.795797] (py_pubsub) CommandEnded: {'returncode': 0}
[1.802323] (-) TimerEvent: {}
[1.878600] (py_pubsub) JobEnded: {'identifier': 'py_pubsub', 'rc': 0}
[1.882363] (-) EventReactorShutdown: {}
