[0.049s] Invoking command in '/home/maxime.leriche/Bureau/projet-rattrapage/ros2_ws/build/tutorial_interfaces': CMAKE_PREFIX_PATH=${CMAKE_PREFIX_PATH}:/home/maxime.leriche/Bureau/projet-rattrapage/ros2_ws/install/py_srvcli:/home/maxime.leriche/Bureau/projet-rattrapage/ros2_ws/install/py_pubsub:/home/maxime.leriche/Bureau/projet-rattrapage/ros2_ws/install/my_package:/opt/ros/humble /usr/bin/cmake /home/maxime.leriche/Bureau/projet-rattrapage/ros2_ws/src/tutorial_interfaces -DCMAKE_INSTALL_PREFIX=/home/maxime.leriche/Bureau/projet-rattrapage/ros2_ws/install/tutorial_interfaces
[0.260s] -- The C compiler identification is GNU 11.4.0
[0.429s] -- The CXX compiler identification is GNU 11.4.0
[0.452s] -- Detecting C compiler ABI info
[0.730s] -- Detecting C compiler ABI info - done
[0.752s] -- Check for working C compiler: /usr/bin/cc - skipped
[0.753s] -- Detecting C compile features
[0.754s] -- Detecting C compile features - done
[0.770s] -- Detecting CXX compiler ABI info
[1.026s] -- Detecting CXX compiler ABI info - done
[1.048s] -- Check for working CXX compiler: /usr/bin/c++ - skipped
[1.049s] -- Detecting CXX compile features
[1.049s] -- Detecting CXX compile features - done
[1.104s] -- Found ament_cmake: 1.3.5 (/opt/ros/humble/share/ament_cmake/cmake)
[1.502s] -- Found Python3: /usr/bin/python3.10 (found version "3.10.12") found components: Interpreter 
[2.189s] -- Found ament_lint_auto: 0.12.7 (/opt/ros/humble/share/ament_lint_auto/cmake)
[2.690s] -- Added test 'lint_cmake' to check CMake code style
[2.746s] -- Added test 'xmllint' to check XML markup files
[2.836s] -- Found geometry_msgs: 4.2.3 (/opt/ros/humble/share/geometry_msgs/cmake)
[3.301s] -- Found rosidl_generator_c: 3.1.5 (/opt/ros/humble/share/rosidl_generator_c/cmake)
[3.381s] -- Found rosidl_adapter: 3.1.5 (/opt/ros/humble/share/rosidl_adapter/cmake)
[3.467s] -- Found rosidl_generator_cpp: 3.1.5 (/opt/ros/humble/share/rosidl_generator_cpp/cmake)
[3.565s] -- Using all available rosidl_typesupport_c: rosidl_typesupport_fastrtps_c;rosidl_typesupport_introspection_c
[3.720s] -- Using all available rosidl_typesupport_cpp: rosidl_typesupport_fastrtps_cpp;rosidl_typesupport_introspection_cpp
[3.998s] -- Found rosidl_default_generators: 1.2.0 (/opt/ros/humble/share/rosidl_default_generators/cmake)
[4.047s] [31mCMake Error at /opt/ros/humble/share/rosidl_cmake/cmake/rosidl_generate_interfaces.cmake:64 (message):
[4.048s]   rosidl_generate_interfaces() must be called before ament_package()
[4.049s] Call Stack (most recent call first):
[4.050s]   CMakeLists.txt:31 (rosidl_generate_interfaces)
[4.050s] 
[4.051s] [0m
[4.052s] -- Configuring incomplete, errors occurred!
[4.052s] See also "/home/maxime.leriche/Bureau/projet-rattrapage/ros2_ws/build/tutorial_interfaces/CMakeFiles/CMakeOutput.log".
[4.068s] Invoked command in '/home/maxime.leriche/Bureau/projet-rattrapage/ros2_ws/build/tutorial_interfaces' returned '1': CMAKE_PREFIX_PATH=${CMAKE_PREFIX_PATH}:/home/maxime.leriche/Bureau/projet-rattrapage/ros2_ws/install/py_srvcli:/home/maxime.leriche/Bureau/projet-rattrapage/ros2_ws/install/py_pubsub:/home/maxime.leriche/Bureau/projet-rattrapage/ros2_ws/install/my_package:/opt/ros/humble /usr/bin/cmake /home/maxime.leriche/Bureau/projet-rattrapage/ros2_ws/src/tutorial_interfaces -DCMAKE_INSTALL_PREFIX=/home/maxime.leriche/Bureau/projet-rattrapage/ros2_ws/install/tutorial_interfaces
