[0.000000] (-) TimerEvent: {}
[0.000147] (-) JobUnselected: {'identifier': 'my_package'}
[0.000192] (-) JobUnselected: {'identifier': 'py_pubsub'}
[0.000218] (-) JobUnselected: {'identifier': 'py_srvcli'}
[0.000251] (tutorial_interfaces) JobQueued: {'identifier': 'tutorial_interfaces', 'dependencies': OrderedDict()}
[0.000277] (tutorial_interfaces) JobStarted: {'identifier': 'tutorial_interfaces'}
[0.034917] (tutorial_interfaces) JobProgress: {'identifier': 'tutorial_interfaces', 'progress': 'cmake'}
[0.038719] (tutorial_interfaces) Command: {'cmd': ['/usr/bin/cmake', '/home/maxime.leriche/Bureau/projet-rattrapage/ros2_ws/src/tutorial_interfaces', '-DCMAKE_INSTALL_PREFIX=/home/maxime.leriche/Bureau/projet-rattrapage/ros2_ws/install/tutorial_interfaces'], 'cwd': '/home/maxime.leriche/Bureau/projet-rattrapage/ros2_ws/build/tutorial_interfaces', 'env': OrderedDict([('USER', 'maxime.leriche'), ('PT8HOME', '/opt/pt'), ('XDG_SESSION_TYPE', 'x11'), ('XDG_CACHE_HOME', '/run/shm/.cache/maxime.leriche'), ('SHLVL', '1'), ('LD_LIBRARY_PATH', '/home/maxime.leriche/Bureau/projet-rattrapage/ros2_ws/install/turtlesim/lib:/usr/lib/x86_64-linux-gnu/gazebo-11/plugins:/opt/ros/humble/opt/rviz_ogre_vendor/lib:/opt/ros/humble/lib/x86_64-linux-gnu:/opt/ros/humble/lib'), ('HOME', '/home/maxime.leriche'), ('OLDPWD', '/home/maxime.leriche/Bureau/projet-rattrapage/ros2_ws/src'), ('DESKTOP_SESSION', 'ubuntu'), ('ROS_PYTHON_VERSION', '3'), ('GNOME_SHELL_SESSION_MODE', 'ubuntu'), ('GTK_MODULES', 'gail:atk-bridge'), ('MANAGERPID', '66503'), ('SYSTEMD_EXEC_PID', '67261'), ('DBUS_SESSION_BUS_ADDRESS', 'unix:path=/run/user/30333/bus'), ('COLORTERM', 'truecolor'), ('TERMINATOR_DBUS_NAME', 'net.tenshu.Terminator23558193cd9818af7fe4d2c2f5bd9d00f'), ('LIBVIRT_DEFAULT_URI', 'qemu:///system'), ('GIO_LAUNCHED_DESKTOP_FILE_PID', '72597'), ('_colcon_cd_root', '/opt/ros/humble/'), ('COLCON_PREFIX_PATH', '/home/maxime.leriche/Bureau/projet-rattrapage/ros2_ws/install'), ('ROS_DISTRO', 'humble'), ('GTK_IM_MODULE', 'ibus'), ('LOGNAME', 'maxime.leriche'), ('JOURNAL_STREAM', '8:283345'), ('_', '/usr/bin/colcon'), ('ROS_VERSION', '2'), ('XDG_SESSION_CLASS', 'user'), ('USERNAME', 'maxime.leriche'), ('TERM', 'xterm-256color'), ('GNOME_DESKTOP_SESSION_ID', 'this-is-deprecated'), ('ROS_LOCALHOST_ONLY', '1'), ('WINDOWPATH', '2'), ('PATH', '/opt/ros/humble/bin:/softwares/bin:/usr/local/cpe/bin:/usr/local/cpe/sbin:/usr/local/sbin:/usr/local/bin:/usr/sbin:/usr/bin:/sbin:/bin:/snap/bin'), ('SESSION_MANAGER', 'local/tparlem03.cpe.lan:@/tmp/.ICE-unix/66900,unix/tparlem03.cpe.lan:/tmp/.ICE-unix/66900'), ('INVOCATION_ID', 'aec319c97e8f47d89540d70760907dd8'), ('XDG_MENU_PREFIX', 'gnome-'), ('XDG_RUNTIME_DIR', '/run/user/30333'), ('DISPLAY', ':1'), ('TERMINATOR_DBUS_PATH', '/net/tenshu/Terminator2'), ('LANG', 'fr_FR.UTF-8'), ('XDG_CURRENT_DESKTOP', 'ubuntu:GNOME'), ('IBUS_DISABLE_SNOOPER', '1'), ('XMODIFIERS', '@im=ibus'), ('XDG_SESSION_DESKTOP', 'ubuntu'), ('XAUTHORITY', '/run/user/30333/gdm/Xauthority'), ('SSH_AGENT_LAUNCHER', 'gnome-keyring'), ('SSH_AUTH_SOCK', '/run/user/30333/keyring/ssh'), ('ROS_DOMAIN_ID', '0'), ('AMENT_PREFIX_PATH', '/home/maxime.leriche/Bureau/projet-rattrapage/ros2_ws/install/py_srvcli:/home/maxime.leriche/Bureau/projet-rattrapage/ros2_ws/install/turtlesim:/home/maxime.leriche/Bureau/projet-rattrapage/ros2_ws/install/py_pubsub:/home/maxime.leriche/Bureau/projet-rattrapage/ros2_ws/install/my_package:/opt/ros/humble'), ('DEBIAN_FRONTEND', 'noninteractive'), ('SHELL', '/bin/bash'), ('TERMINATOR_UUID', 'urn:uuid:9f0cbd6e-7d99-4d4c-9e56-8282558cbce9'), ('QT_ACCESSIBILITY', '1'), ('GDMSESSION', 'ubuntu'), ('GPG_AGENT_INFO', '/run/user/30333/gnupg/S.gpg-agent:0:1'), ('QT_IM_MODULE', 'ibus'), ('PWD', '/home/maxime.leriche/Bureau/projet-rattrapage/ros2_ws/build/tutorial_interfaces'), ('XDG_CONFIG_DIRS', '/etc/xdg/xdg-ubuntu:/etc/xdg'), ('XDG_DATA_DIRS', '/usr/share/ubuntu:/usr/share/gnome:/home/maxime.leriche/.local/share/flatpak/exports/share:/var/lib/flatpak/exports/share:/usr/local/share/:/usr/share/:/var/lib/snapd/desktop'), ('PYTHONPATH', '/home/maxime.leriche/Bureau/projet-rattrapage/ros2_ws/install/py_srvcli/lib/python3.10/site-packages:/home/maxime.leriche/Bureau/projet-rattrapage/ros2_ws/install/turtlesim/local/lib/python3.10/dist-packages:/home/maxime.leriche/Bureau/projet-rattrapage/ros2_ws/install/py_pubsub/lib/python3.10/site-packages:/home/maxime.leriche/Bureau/projet-rattrapage/ros2_ws/install/my_package/lib/python3.10/site-packages:/opt/ros/humble/lib/python3.10/site-packages:/opt/ros/humble/local/lib/python3.10/dist-packages'), ('COLCON', '1'), ('VTE_VERSION', '6800'), ('CMAKE_PREFIX_PATH', '/home/maxime.leriche/Bureau/projet-rattrapage/ros2_ws/install/turtlesim:/home/maxime.leriche/Bureau/projet-rattrapage/ros2_ws/install/py_srvcli:/home/maxime.leriche/Bureau/projet-rattrapage/ros2_ws/install/py_pubsub:/home/maxime.leriche/Bureau/projet-rattrapage/ros2_ws/install/my_package:/opt/ros/humble')]), 'shell': False}
[0.098078] (-) TimerEvent: {}
[0.198415] (-) TimerEvent: {}
[0.260275] (tutorial_interfaces) StdoutLine: {'line': b'-- The C compiler identification is GNU 11.4.0\n'}
[0.298492] (-) TimerEvent: {}
[0.398835] (-) TimerEvent: {}
[0.428990] (tutorial_interfaces) StdoutLine: {'line': b'-- The CXX compiler identification is GNU 11.4.0\n'}
[0.451915] (tutorial_interfaces) StdoutLine: {'line': b'-- Detecting C compiler ABI info\n'}
[0.498980] (-) TimerEvent: {}
[0.599291] (-) TimerEvent: {}
[0.699663] (-) TimerEvent: {}
[0.729817] (tutorial_interfaces) StdoutLine: {'line': b'-- Detecting C compiler ABI info - done\n'}
[0.752333] (tutorial_interfaces) StdoutLine: {'line': b'-- Check for working C compiler: /usr/bin/cc - skipped\n'}
[0.752679] (tutorial_interfaces) StdoutLine: {'line': b'-- Detecting C compile features\n'}
[0.753612] (tutorial_interfaces) StdoutLine: {'line': b'-- Detecting C compile features - done\n'}
[0.769879] (tutorial_interfaces) StdoutLine: {'line': b'-- Detecting CXX compiler ABI info\n'}
[0.799794] (-) TimerEvent: {}
[0.900137] (-) TimerEvent: {}
[1.000544] (-) TimerEvent: {}
[1.026247] (tutorial_interfaces) StdoutLine: {'line': b'-- Detecting CXX compiler ABI info - done\n'}
[1.047683] (tutorial_interfaces) StdoutLine: {'line': b'-- Check for working CXX compiler: /usr/bin/c++ - skipped\n'}
[1.047986] (tutorial_interfaces) StdoutLine: {'line': b'-- Detecting CXX compile features\n'}
[1.048859] (tutorial_interfaces) StdoutLine: {'line': b'-- Detecting CXX compile features - done\n'}
[1.100659] (-) TimerEvent: {}
[1.104085] (tutorial_interfaces) StdoutLine: {'line': b'-- Found ament_cmake: 1.3.5 (/opt/ros/humble/share/ament_cmake/cmake)\n'}
[1.200766] (-) TimerEvent: {}
[1.301120] (-) TimerEvent: {}
[1.404310] (-) TimerEvent: {}
[1.502068] (tutorial_interfaces) StdoutLine: {'line': b'-- Found Python3: /usr/bin/python3.10 (found version "3.10.12") found components: Interpreter \n'}
[1.504415] (-) TimerEvent: {}
[1.604725] (-) TimerEvent: {}
[1.705055] (-) TimerEvent: {}
[1.805405] (-) TimerEvent: {}
[1.905770] (-) TimerEvent: {}
[2.006113] (-) TimerEvent: {}
[2.106484] (-) TimerEvent: {}
[2.189323] (tutorial_interfaces) StdoutLine: {'line': b'-- Found ament_lint_auto: 0.12.7 (/opt/ros/humble/share/ament_lint_auto/cmake)\n'}
[2.206560] (-) TimerEvent: {}
[2.306956] (-) TimerEvent: {}
[2.407311] (-) TimerEvent: {}
[2.507676] (-) TimerEvent: {}
[2.608013] (-) TimerEvent: {}
[2.689702] (tutorial_interfaces) StdoutLine: {'line': b"-- Added test 'lint_cmake' to check CMake code style\n"}
[2.708155] (-) TimerEvent: {}
[2.746540] (tutorial_interfaces) StdoutLine: {'line': b"-- Added test 'xmllint' to check XML markup files\n"}
[2.808295] (-) TimerEvent: {}
[2.835934] (tutorial_interfaces) StdoutLine: {'line': b'-- Found geometry_msgs: 4.2.3 (/opt/ros/humble/share/geometry_msgs/cmake)\n'}
[2.908418] (-) TimerEvent: {}
[3.008811] (-) TimerEvent: {}
[3.109134] (-) TimerEvent: {}
[3.209560] (-) TimerEvent: {}
[3.300678] (tutorial_interfaces) StdoutLine: {'line': b'-- Found rosidl_generator_c: 3.1.5 (/opt/ros/humble/share/rosidl_generator_c/cmake)\n'}
[3.309676] (-) TimerEvent: {}
[3.381195] (tutorial_interfaces) StdoutLine: {'line': b'-- Found rosidl_adapter: 3.1.5 (/opt/ros/humble/share/rosidl_adapter/cmake)\n'}
[3.409770] (-) TimerEvent: {}
[3.466885] (tutorial_interfaces) StdoutLine: {'line': b'-- Found rosidl_generator_cpp: 3.1.5 (/opt/ros/humble/share/rosidl_generator_cpp/cmake)\n'}
[3.509879] (-) TimerEvent: {}
[3.565226] (tutorial_interfaces) StdoutLine: {'line': b'-- Using all available rosidl_typesupport_c: rosidl_typesupport_fastrtps_c;rosidl_typesupport_introspection_c\n'}
[3.609977] (-) TimerEvent: {}
[3.710290] (-) TimerEvent: {}
[3.719935] (tutorial_interfaces) StdoutLine: {'line': b'-- Using all available rosidl_typesupport_cpp: rosidl_typesupport_fastrtps_cpp;rosidl_typesupport_introspection_cpp\n'}
[3.810409] (-) TimerEvent: {}
[3.910707] (-) TimerEvent: {}
[3.997891] (tutorial_interfaces) StdoutLine: {'line': b'-- Found rosidl_default_generators: 1.2.0 (/opt/ros/humble/share/rosidl_default_generators/cmake)\n'}
[4.010815] (-) TimerEvent: {}
[4.046937] (tutorial_interfaces) StderrLine: {'line': b'\x1b[31mCMake Error at /opt/ros/humble/share/rosidl_cmake/cmake/rosidl_generate_interfaces.cmake:64 (message):\n'}
[4.047228] (tutorial_interfaces) StderrLine: {'line': b'  rosidl_generate_interfaces() must be called before ament_package()\n'}
[4.048312] (tutorial_interfaces) StderrLine: {'line': b'Call Stack (most recent call first):\n'}
[4.049048] (tutorial_interfaces) StderrLine: {'line': b'  CMakeLists.txt:31 (rosidl_generate_interfaces)\n'}
[4.050168] (tutorial_interfaces) StderrLine: {'line': b'\n'}
[4.051370] (tutorial_interfaces) StderrLine: {'line': b'\x1b[0m\n'}
[4.051487] (tutorial_interfaces) StdoutLine: {'line': b'-- Configuring incomplete, errors occurred!\n'}
[4.052389] (tutorial_interfaces) StdoutLine: {'line': b'See also "/home/maxime.leriche/Bureau/projet-rattrapage/ros2_ws/build/tutorial_interfaces/CMakeFiles/CMakeOutput.log".\n'}
[4.068482] (tutorial_interfaces) CommandEnded: {'returncode': 1}
[4.110891] (-) TimerEvent: {}
[4.138607] (tutorial_interfaces) JobEnded: {'identifier': 'tutorial_interfaces', 'rc': 1}
[4.150169] (-) EventReactorShutdown: {}
