[0.036s] Invoking command in '/home/maxime.leriche/Bureau/projet-rattrapage/ros2_ws/build/turtlesim': CMAKE_PREFIX_PATH=/opt/ros/humble /usr/bin/cmake /home/maxime.leriche/Bureau/projet-rattrapage/ros2_ws/src/ros_tutorials/turtlesim -DCMAKE_INSTALL_PREFIX=/home/maxime.leriche/Bureau/projet-rattrapage/ros2_ws/install/turtlesim
[0.241s] -- The C compiler identification is GNU 11.4.0
[0.366s] -- The CXX compiler identification is GNU 11.4.0
[0.387s] -- Detecting C compiler ABI info
[0.657s] -- Detecting C compiler ABI info - done
[0.677s] -- Check for working C compiler: /usr/bin/cc - skipped
[0.679s] -- Detecting C compile features
[0.680s] -- Detecting C compile features - done
[0.694s] -- Detecting CXX compiler ABI info
[0.972s] -- Detecting CXX compiler ABI info - done
[0.993s] -- Check for working CXX compiler: /usr/bin/c++ - skipped
[0.994s] -- Detecting CXX compile features
[0.996s] -- Detecting CXX compile features - done
[1.011s] -- Found ament_cmake: 1.3.5 (/opt/ros/humble/share/ament_cmake/cmake)
[1.225s] -- Found Python3: /usr/bin/python3.10 (found version "3.10.12") found components: Interpreter 
[1.395s] -- Found ament_index_cpp: 1.4.0 (/opt/ros/humble/share/ament_index_cpp/cmake)
[1.399s] -- Found geometry_msgs: 4.2.3 (/opt/ros/humble/share/geometry_msgs/cmake)
[1.456s] -- Found rosidl_generator_c: 3.1.5 (/opt/ros/humble/share/rosidl_generator_c/cmake)
[1.462s] -- Found rosidl_adapter: 3.1.5 (/opt/ros/humble/share/rosidl_adapter/cmake)
[1.473s] -- Found rosidl_generator_cpp: 3.1.5 (/opt/ros/humble/share/rosidl_generator_cpp/cmake)
[1.491s] -- Using all available rosidl_typesupport_c: rosidl_typesupport_fastrtps_c;rosidl_typesupport_introspection_c
[1.515s] -- Using all available rosidl_typesupport_cpp: rosidl_typesupport_fastrtps_cpp;rosidl_typesupport_introspection_cpp
[1.749s] -- Found rclcpp: 16.0.5 (/opt/ros/humble/share/rclcpp/cmake)
[1.819s] -- Found rmw_implementation_cmake: 6.1.1 (/opt/ros/humble/share/rmw_implementation_cmake/cmake)
[1.822s] -- Found rmw_fastrtps_cpp: 6.2.3 (/opt/ros/humble/share/rmw_fastrtps_cpp/cmake)
[1.938s] -- Found OpenSSL: /usr/lib/x86_64-linux-gnu/libcrypto.so (found version "3.0.2")  
[1.995s] -- Found FastRTPS: /opt/ros/humble/include  
[2.116s] -- Using RMW implementation 'rmw_fastrtps_cpp' as default
[2.184s] -- Looking for pthread.h
[2.444s] -- Looking for pthread.h - found
[2.448s] -- Performing Test CMAKE_HAVE_LIBC_PTHREAD
[2.696s] -- Performing Test CMAKE_HAVE_LIBC_PTHREAD - Success
[2.699s] -- Found Threads: TRUE  
[2.886s] -- Found rclcpp_action: 16.0.5 (/opt/ros/humble/share/rclcpp_action/cmake)
[3.017s] -- Found rosidl_default_generators: 1.2.0 (/opt/ros/humble/share/rosidl_default_generators/cmake)
[3.031s] -- Found std_srvs: 4.2.3 (/opt/ros/humble/share/std_srvs/cmake)
[3.837s] -- Found ament_cmake_ros: 0.10.0 (/opt/ros/humble/share/ament_cmake_ros/cmake)
[4.857s] -- Using all available rosidl_typesupport_c: rosidl_typesupport_fastrtps_c;rosidl_typesupport_introspection_c
[5.231s] -- Using all available rosidl_typesupport_cpp: rosidl_typesupport_fastrtps_cpp;rosidl_typesupport_introspection_cpp
[5.263s] -- Found PythonInterp: /usr/bin/python3 (found suitable version "3.10.12", minimum required is "3.6") 
[5.265s] -- Found python_cmake_module: 0.10.0 (/opt/ros/humble/share/python_cmake_module/cmake)
[5.330s] -- Found PythonLibs: /usr/lib/x86_64-linux-gnu/libpython3.10.so (found suitable version "3.10.12", minimum required is "3.5") 
[5.331s] -- Using PYTHON_EXECUTABLE: /usr/bin/python3
[5.333s] -- Using PYTHON_INCLUDE_DIRS: /usr/include/python3.10
[5.334s] -- Using PYTHON_LIBRARIES: /usr/lib/x86_64-linux-gnu/libpython3.10.so
[5.364s] -- Found PythonExtra: .so  
[5.929s] -- Configuring done
[7.713s] -- Generating done
[7.852s] -- Build files have been written to: /home/maxime.leriche/Bureau/projet-rattrapage/ros2_ws/build/turtlesim
[7.873s] Invoked command in '/home/maxime.leriche/Bureau/projet-rattrapage/ros2_ws/build/turtlesim' returned '0': CMAKE_PREFIX_PATH=/opt/ros/humble /usr/bin/cmake /home/maxime.leriche/Bureau/projet-rattrapage/ros2_ws/src/ros_tutorials/turtlesim -DCMAKE_INSTALL_PREFIX=/home/maxime.leriche/Bureau/projet-rattrapage/ros2_ws/install/turtlesim
[7.877s] Invoking command in '/home/maxime.leriche/Bureau/projet-rattrapage/ros2_ws/build/turtlesim': CMAKE_PREFIX_PATH=/opt/ros/humble /usr/bin/cmake --build /home/maxime.leriche/Bureau/projet-rattrapage/ros2_ws/build/turtlesim -- -j4 -l4
[8.003s] [  1%] [34m[1mGenerating C code for ROS interfaces[0m
[8.015s] [  2%] [34m[1mGenerating C++ code for ROS interfaces[0m
[8.036s] [  2%] Built target ament_cmake_python_copy_turtlesim
[8.440s] running egg_info
[8.443s] creating turtlesim.egg-info
[8.443s] writing turtlesim.egg-info/PKG-INFO
[8.448s] writing dependency_links to turtlesim.egg-info/dependency_links.txt
[8.454s] writing top-level names to turtlesim.egg-info/top_level.txt
[8.458s] writing manifest file 'turtlesim.egg-info/SOURCES.txt'
[8.469s] reading manifest file 'turtlesim.egg-info/SOURCES.txt'
[8.473s] writing manifest file 'turtlesim.egg-info/SOURCES.txt'
[8.510s] [  2%] Built target ament_cmake_python_build_turtlesim_egg
[9.500s] [  2%] Built target turtlesim__cpp
[9.529s] [  3%] [34m[1mGenerating C++ type support dispatch for ROS interfaces[0m
[9.551s] [  4%] [34m[1mGenerating C++ type support for eProsima Fast-RTPS[0m
[9.556s] [  5%] [34m[1mGenerating C++ introspection for ROS interfaces[0m
[9.581s] [  6%] [32mBuilding C object CMakeFiles/turtlesim__rosidl_generator_c.dir/rosidl_generator_c/turtlesim/action/detail/rotate_absolute__functions.c.o[0m
[9.979s] [  7%] [32mBuilding C object CMakeFiles/turtlesim__rosidl_generator_c.dir/rosidl_generator_c/turtlesim/msg/detail/color__functions.c.o[0m
[10.055s] [  8%] [32mBuilding C object CMakeFiles/turtlesim__rosidl_generator_c.dir/rosidl_generator_c/turtlesim/msg/detail/pose__functions.c.o[0m
[10.150s] [  9%] [32mBuilding C object CMakeFiles/turtlesim__rosidl_generator_c.dir/rosidl_generator_c/turtlesim/srv/detail/kill__functions.c.o[0m
[10.284s] [ 10%] [32mBuilding C object CMakeFiles/turtlesim__rosidl_generator_c.dir/rosidl_generator_c/turtlesim/srv/detail/set_pen__functions.c.o[0m
[10.389s] [ 11%] [32mBuilding C object CMakeFiles/turtlesim__rosidl_generator_c.dir/rosidl_generator_c/turtlesim/srv/detail/spawn__functions.c.o[0m
[10.452s] [ 12%] [32mBuilding CXX object CMakeFiles/turtlesim__rosidl_typesupport_cpp.dir/rosidl_typesupport_cpp/turtlesim/action/rotate_absolute__type_support.cpp.o[0m
[10.497s] [ 13%] [32mBuilding C object CMakeFiles/turtlesim__rosidl_generator_c.dir/rosidl_generator_c/turtlesim/srv/detail/teleport_absolute__functions.c.o[0m
[10.596s] [ 14%] [32mBuilding C object CMakeFiles/turtlesim__rosidl_generator_c.dir/rosidl_generator_c/turtlesim/srv/detail/teleport_relative__functions.c.o[0m
[10.687s] [ 15%] [32m[1mLinking C shared library libturtlesim__rosidl_generator_c.so[0m
[10.830s] [ 15%] Built target turtlesim__rosidl_generator_c
[10.847s] [ 16%] [32mBuilding CXX object CMakeFiles/turtlesim__rosidl_typesupport_introspection_cpp.dir/rosidl_typesupport_introspection_cpp/turtlesim/action/detail/rotate_absolute__type_support.cpp.o[0m
[10.859s] [ 17%] [34m[1mGenerating C type support for eProsima Fast-RTPS[0m
[11.209s] [ 18%] [32mBuilding CXX object CMakeFiles/turtlesim__rosidl_typesupport_cpp.dir/rosidl_typesupport_cpp/turtlesim/msg/color__type_support.cpp.o[0m
[11.398s] [ 19%] [32mBuilding CXX object CMakeFiles/turtlesim__rosidl_typesupport_fastrtps_cpp.dir/rosidl_typesupport_fastrtps_cpp/turtlesim/action/detail/dds_fastrtps/rotate_absolute__type_support.cpp.o[0m
[11.640s] [ 20%] [32mBuilding CXX object CMakeFiles/turtlesim__rosidl_typesupport_cpp.dir/rosidl_typesupport_cpp/turtlesim/msg/pose__type_support.cpp.o[0m
[12.084s] [ 21%] [32mBuilding CXX object CMakeFiles/turtlesim__rosidl_typesupport_cpp.dir/rosidl_typesupport_cpp/turtlesim/srv/kill__type_support.cpp.o[0m
[12.298s] [ 22%] [32mBuilding CXX object CMakeFiles/turtlesim__rosidl_typesupport_introspection_cpp.dir/rosidl_typesupport_introspection_cpp/turtlesim/msg/detail/color__type_support.cpp.o[0m
[12.532s] [ 23%] [32mBuilding CXX object CMakeFiles/turtlesim__rosidl_typesupport_cpp.dir/rosidl_typesupport_cpp/turtlesim/srv/set_pen__type_support.cpp.o[0m
[12.541s] [ 24%] [32mBuilding CXX object CMakeFiles/turtlesim__rosidl_typesupport_fastrtps_cpp.dir/rosidl_typesupport_fastrtps_cpp/turtlesim/msg/detail/dds_fastrtps/color__type_support.cpp.o[0m
[12.660s] [ 25%] [32mBuilding CXX object CMakeFiles/turtlesim__rosidl_typesupport_fastrtps_c.dir/rosidl_typesupport_fastrtps_c/turtlesim/action/detail/rotate_absolute__type_support_c.cpp.o[0m
[12.924s] [ 26%] [32mBuilding CXX object CMakeFiles/turtlesim__rosidl_typesupport_introspection_cpp.dir/rosidl_typesupport_introspection_cpp/turtlesim/msg/detail/pose__type_support.cpp.o[0m
[12.933s] [ 27%] [32mBuilding CXX object CMakeFiles/turtlesim__rosidl_typesupport_cpp.dir/rosidl_typesupport_cpp/turtlesim/srv/spawn__type_support.cpp.o[0m
[13.154s] [ 28%] [32mBuilding CXX object CMakeFiles/turtlesim__rosidl_typesupport_fastrtps_cpp.dir/rosidl_typesupport_fastrtps_cpp/turtlesim/msg/detail/dds_fastrtps/pose__type_support.cpp.o[0m
[13.308s] [ 29%] [32mBuilding CXX object CMakeFiles/turtlesim__rosidl_typesupport_cpp.dir/rosidl_typesupport_cpp/turtlesim/srv/teleport_absolute__type_support.cpp.o[0m
[13.352s] [ 30%] [32mBuilding CXX object CMakeFiles/turtlesim__rosidl_typesupport_fastrtps_c.dir/rosidl_typesupport_fastrtps_c/turtlesim/msg/detail/color__type_support_c.cpp.o[0m
[13.471s] [ 31%] [32mBuilding CXX object CMakeFiles/turtlesim__rosidl_typesupport_introspection_cpp.dir/rosidl_typesupport_introspection_cpp/turtlesim/srv/detail/kill__type_support.cpp.o[0m
[13.664s] [ 33%] [32mBuilding CXX object CMakeFiles/turtlesim__rosidl_typesupport_cpp.dir/rosidl_typesupport_cpp/turtlesim/srv/teleport_relative__type_support.cpp.o[0m
[13.666s] [ 33%] [32mBuilding CXX object CMakeFiles/turtlesim__rosidl_typesupport_fastrtps_cpp.dir/rosidl_typesupport_fastrtps_cpp/turtlesim/srv/detail/dds_fastrtps/kill__type_support.cpp.o[0m
[13.875s] [ 34%] [32mBuilding CXX object CMakeFiles/turtlesim__rosidl_typesupport_fastrtps_c.dir/rosidl_typesupport_fastrtps_c/turtlesim/msg/detail/pose__type_support_c.cpp.o[0m
[14.095s] [ 35%] [32m[1mLinking CXX shared library libturtlesim__rosidl_typesupport_cpp.so[0m
[14.157s] [ 36%] [32mBuilding CXX object CMakeFiles/turtlesim__rosidl_typesupport_introspection_cpp.dir/rosidl_typesupport_introspection_cpp/turtlesim/srv/detail/set_pen__type_support.cpp.o[0m
[14.267s] [ 36%] Built target turtlesim__rosidl_typesupport_cpp
[14.284s] [ 37%] [32mBuilding CXX object CMakeFiles/turtlesim__rosidl_typesupport_introspection_cpp.dir/rosidl_typesupport_introspection_cpp/turtlesim/srv/detail/spawn__type_support.cpp.o[0m
[14.304s] [ 38%] [32mBuilding CXX object CMakeFiles/turtlesim__rosidl_typesupport_fastrtps_cpp.dir/rosidl_typesupport_fastrtps_cpp/turtlesim/srv/detail/dds_fastrtps/set_pen__type_support.cpp.o[0m
[14.484s] [ 39%] [32mBuilding CXX object CMakeFiles/turtlesim__rosidl_typesupport_fastrtps_c.dir/rosidl_typesupport_fastrtps_c/turtlesim/srv/detail/kill__type_support_c.cpp.o[0m
[14.779s] [ 40%] [32mBuilding CXX object CMakeFiles/turtlesim__rosidl_typesupport_introspection_cpp.dir/rosidl_typesupport_introspection_cpp/turtlesim/srv/detail/teleport_absolute__type_support.cpp.o[0m
[14.869s] [ 41%] [32mBuilding CXX object CMakeFiles/turtlesim__rosidl_typesupport_fastrtps_cpp.dir/rosidl_typesupport_fastrtps_cpp/turtlesim/srv/detail/dds_fastrtps/spawn__type_support.cpp.o[0m
[14.952s] [ 42%] [32mBuilding CXX object CMakeFiles/turtlesim__rosidl_typesupport_introspection_cpp.dir/rosidl_typesupport_introspection_cpp/turtlesim/srv/detail/teleport_relative__type_support.cpp.o[0m
[15.117s] [ 43%] [32mBuilding CXX object CMakeFiles/turtlesim__rosidl_typesupport_fastrtps_c.dir/rosidl_typesupport_fastrtps_c/turtlesim/srv/detail/set_pen__type_support_c.cpp.o[0m
[15.450s] [ 44%] [32mBuilding CXX object CMakeFiles/turtlesim__rosidl_typesupport_fastrtps_c.dir/rosidl_typesupport_fastrtps_c/turtlesim/srv/detail/spawn__type_support_c.cpp.o[0m
[15.484s] [ 45%] [32m[1mLinking CXX shared library libturtlesim__rosidl_typesupport_introspection_cpp.so[0m
[15.503s] [ 46%] [32mBuilding CXX object CMakeFiles/turtlesim__rosidl_typesupport_fastrtps_cpp.dir/rosidl_typesupport_fastrtps_cpp/turtlesim/srv/detail/dds_fastrtps/teleport_absolute__type_support.cpp.o[0m
[15.606s] [ 47%] [32mBuilding CXX object CMakeFiles/turtlesim__rosidl_typesupport_fastrtps_cpp.dir/rosidl_typesupport_fastrtps_cpp/turtlesim/srv/detail/dds_fastrtps/teleport_relative__type_support.cpp.o[0m
[15.666s] [ 47%] Built target turtlesim__rosidl_typesupport_introspection_cpp
[15.707s] [ 48%] [34m[1mGenerating C introspection for ROS interfaces[0m
[16.009s] [ 49%] [32mBuilding CXX object CMakeFiles/turtlesim__rosidl_typesupport_fastrtps_c.dir/rosidl_typesupport_fastrtps_c/turtlesim/srv/detail/teleport_absolute__type_support_c.cpp.o[0m
[16.181s] [ 50%] [32mBuilding CXX object CMakeFiles/turtlesim__rosidl_typesupport_fastrtps_c.dir/rosidl_typesupport_fastrtps_c/turtlesim/srv/detail/teleport_relative__type_support_c.cpp.o[0m
[16.187s] [ 51%] [32m[1mLinking CXX shared library libturtlesim__rosidl_typesupport_fastrtps_cpp.so[0m
[16.396s] [ 51%] Built target turtlesim__rosidl_typesupport_fastrtps_cpp
[16.423s] [ 52%] [34m[1mGenerating C type support dispatch for ROS interfaces[0m
[16.525s] [ 53%] [34m[1mGenerating include/turtlesim/moc_turtle_frame.cpp[0m
[16.667s] [ 54%] [32m[1mLinking CXX shared library libturtlesim__rosidl_typesupport_fastrtps_c.so[0m
[16.689s] [ 55%] [32mBuilding CXX object CMakeFiles/turtlesim_node.dir/src/turtlesim.cpp.o[0m
[16.904s] [ 55%] Built target turtlesim__rosidl_typesupport_fastrtps_c
[16.959s] [ 56%] [32mBuilding CXX object CMakeFiles/turtle_teleop_key.dir/tutorials/teleop_turtle_key.cpp.o[0m
[17.153s] [ 57%] [32mBuilding C object CMakeFiles/turtlesim__rosidl_typesupport_introspection_c.dir/rosidl_typesupport_introspection_c/turtlesim/action/detail/rotate_absolute__type_support.c.o[0m
[17.254s] [ 58%] [32mBuilding C object CMakeFiles/turtlesim__rosidl_typesupport_introspection_c.dir/rosidl_typesupport_introspection_c/turtlesim/msg/detail/color__type_support.c.o[0m
[17.266s] [ 59%] [32mBuilding CXX object CMakeFiles/turtlesim__rosidl_typesupport_c.dir/rosidl_typesupport_c/turtlesim/action/rotate_absolute__type_support.cpp.o[0m
[17.319s] [ 60%] [32mBuilding C object CMakeFiles/turtlesim__rosidl_typesupport_introspection_c.dir/rosidl_typesupport_introspection_c/turtlesim/msg/detail/pose__type_support.c.o[0m
[17.369s] [ 61%] [32mBuilding CXX object CMakeFiles/turtlesim__rosidl_typesupport_c.dir/rosidl_typesupport_c/turtlesim/msg/color__type_support.cpp.o[0m
[17.383s] [ 62%] [32mBuilding C object CMakeFiles/turtlesim__rosidl_typesupport_introspection_c.dir/rosidl_typesupport_introspection_c/turtlesim/srv/detail/kill__type_support.c.o[0m
[17.431s] [ 63%] [32mBuilding CXX object CMakeFiles/turtlesim__rosidl_typesupport_c.dir/rosidl_typesupport_c/turtlesim/msg/pose__type_support.cpp.o[0m
[17.457s] [ 64%] [32mBuilding C object CMakeFiles/turtlesim__rosidl_typesupport_introspection_c.dir/rosidl_typesupport_introspection_c/turtlesim/srv/detail/set_pen__type_support.c.o[0m
[17.483s] [ 65%] [32mBuilding CXX object CMakeFiles/turtlesim__rosidl_typesupport_c.dir/rosidl_typesupport_c/turtlesim/srv/kill__type_support.cpp.o[0m
[17.539s] [ 67%] [32mBuilding C object CMakeFiles/turtlesim__rosidl_typesupport_introspection_c.dir/rosidl_typesupport_introspection_c/turtlesim/srv/detail/spawn__type_support.c.o[0m
[17.540s] [ 67%] [32mBuilding CXX object CMakeFiles/turtlesim__rosidl_typesupport_c.dir/rosidl_typesupport_c/turtlesim/srv/set_pen__type_support.cpp.o[0m
[17.595s] [ 68%] [32mBuilding CXX object CMakeFiles/turtlesim__rosidl_typesupport_c.dir/rosidl_typesupport_c/turtlesim/srv/spawn__type_support.cpp.o[0m
[17.606s] [ 69%] [32mBuilding C object CMakeFiles/turtlesim__rosidl_typesupport_introspection_c.dir/rosidl_typesupport_introspection_c/turtlesim/srv/detail/teleport_absolute__type_support.c.o[0m
[17.645s] [ 70%] [32mBuilding CXX object CMakeFiles/turtlesim__rosidl_typesupport_c.dir/rosidl_typesupport_c/turtlesim/srv/teleport_absolute__type_support.cpp.o[0m
[17.678s] [ 71%] [32mBuilding C object CMakeFiles/turtlesim__rosidl_typesupport_introspection_c.dir/rosidl_typesupport_introspection_c/turtlesim/srv/detail/teleport_relative__type_support.c.o[0m
[17.699s] [ 72%] [32mBuilding CXX object CMakeFiles/turtlesim__rosidl_typesupport_c.dir/rosidl_typesupport_c/turtlesim/srv/teleport_relative__type_support.cpp.o[0m
[17.751s] [ 74%] [32m[1mLinking C shared library libturtlesim__rosidl_typesupport_introspection_c.so[0m
[17.752s] [ 74%] [32m[1mLinking CXX shared library libturtlesim__rosidl_typesupport_c.so[0m
[17.884s] [ 74%] Built target turtlesim__rosidl_typesupport_introspection_c
[17.888s] [ 74%] Built target turtlesim__rosidl_typesupport_c
[17.940s] [ 75%] [32mBuilding CXX object CMakeFiles/mimic.dir/tutorials/mimic.cpp.o[0m
[17.946s] [ 76%] [32mBuilding CXX object CMakeFiles/draw_square.dir/tutorials/draw_square.cpp.o[0m
[23.341s] [ 77%] [32mBuilding CXX object CMakeFiles/turtlesim_node.dir/src/turtle.cpp.o[0m
[26.369s] [ 78%] [32m[1mLinking CXX executable turtle_teleop_key[0m
[26.997s] [ 78%] Built target turtle_teleop_key
[27.059s] [ 78%] Built target turtlesim
[27.116s] [ 79%] [34m[1mGenerating Python code for ROS interfaces[0m
[30.069s] [ 79%] Built target turtlesim__py
[30.465s] [ 80%] [32mBuilding CXX object CMakeFiles/turtlesim_node.dir/src/turtle_frame.cpp.o[0m
[30.492s] [ 81%] [32m[1mLinking CXX executable mimic[0m
[31.658s] [ 82%] [32m[1mLinking CXX executable draw_square[0m
[33.277s] [ 82%] Built target mimic
[33.681s] [ 83%] [32mBuilding C object CMakeFiles/turtlesim__rosidl_generator_py.dir/rosidl_generator_py/turtlesim/action/_rotate_absolute_s.c.o[0m
[33.730s] [ 83%] Built target draw_square
[33.746s] [ 84%] [32mBuilding C object CMakeFiles/turtlesim__rosidl_generator_py.dir/rosidl_generator_py/turtlesim/msg/_color_s.c.o[0m
[33.915s] [ 85%] [32mBuilding C object CMakeFiles/turtlesim__rosidl_generator_py.dir/rosidl_generator_py/turtlesim/msg/_pose_s.c.o[0m
[33.999s] [ 86%] [32mBuilding C object CMakeFiles/turtlesim__rosidl_generator_py.dir/rosidl_generator_py/turtlesim/srv/_kill_s.c.o[0m
[34.068s] [ 87%] [32mBuilding C object CMakeFiles/turtlesim__rosidl_generator_py.dir/rosidl_generator_py/turtlesim/srv/_set_pen_s.c.o[0m
[34.158s] [ 88%] [32mBuilding C object CMakeFiles/turtlesim__rosidl_generator_py.dir/rosidl_generator_py/turtlesim/srv/_spawn_s.c.o[0m
[34.223s] [ 89%] [32mBuilding C object CMakeFiles/turtlesim__rosidl_generator_py.dir/rosidl_generator_py/turtlesim/srv/_teleport_absolute_s.c.o[0m
[34.332s] [ 90%] [32mBuilding CXX object CMakeFiles/turtlesim_node.dir/include/turtlesim/moc_turtle_frame.cpp.o[0m
[34.396s] [ 91%] [32mBuilding C object CMakeFiles/turtlesim__rosidl_generator_py.dir/rosidl_generator_py/turtlesim/srv/_teleport_relative_s.c.o[0m
[34.567s] [ 92%] [32m[1mLinking C shared library rosidl_generator_py/turtlesim/libturtlesim__rosidl_generator_py.so[0m
[34.714s] [ 92%] Built target turtlesim__rosidl_generator_py
[34.773s] [ 93%] [32mBuilding C object CMakeFiles/turtlesim__rosidl_typesupport_fastrtps_c__pyext.dir/rosidl_generator_py/turtlesim/_turtlesim_s.ep.rosidl_typesupport_fastrtps_c.c.o[0m
[35.067s] [ 94%] [32m[1mLinking C shared library rosidl_generator_py/turtlesim/turtlesim_s__rosidl_typesupport_fastrtps_c.cpython-310-x86_64-linux-gnu.so[0m
[35.178s] [ 94%] Built target turtlesim__rosidl_typesupport_fastrtps_c__pyext
[35.232s] [ 95%] [32mBuilding C object CMakeFiles/turtlesim__rosidl_typesupport_introspection_c__pyext.dir/rosidl_generator_py/turtlesim/_turtlesim_s.ep.rosidl_typesupport_introspection_c.c.o[0m
[35.514s] [ 96%] [32m[1mLinking C shared library rosidl_generator_py/turtlesim/turtlesim_s__rosidl_typesupport_introspection_c.cpython-310-x86_64-linux-gnu.so[0m
[35.611s] [ 96%] Built target turtlesim__rosidl_typesupport_introspection_c__pyext
[35.670s] [ 97%] [32mBuilding C object CMakeFiles/turtlesim__rosidl_typesupport_c__pyext.dir/rosidl_generator_py/turtlesim/_turtlesim_s.ep.rosidl_typesupport_c.c.o[0m
[35.922s] [ 98%] [32m[1mLinking C shared library rosidl_generator_py/turtlesim/turtlesim_s__rosidl_typesupport_c.cpython-310-x86_64-linux-gnu.so[0m
[36.032s] [ 98%] Built target turtlesim__rosidl_typesupport_c__pyext
[46.907s] [100%] [32m[1mLinking CXX executable turtlesim_node[0m
[51.528s] [100%] Built target turtlesim_node
[51.679s] Invoked command in '/home/maxime.leriche/Bureau/projet-rattrapage/ros2_ws/build/turtlesim' returned '0': CMAKE_PREFIX_PATH=/opt/ros/humble /usr/bin/cmake --build /home/maxime.leriche/Bureau/projet-rattrapage/ros2_ws/build/turtlesim -- -j4 -l4
[51.902s] Invoking command in '/home/maxime.leriche/Bureau/projet-rattrapage/ros2_ws/build/turtlesim': CMAKE_PREFIX_PATH=/opt/ros/humble /usr/bin/cmake --install /home/maxime.leriche/Bureau/projet-rattrapage/ros2_ws/build/turtlesim
[51.921s] -- Install configuration: ""
[51.940s] -- Installing: /home/maxime.leriche/Bureau/projet-rattrapage/ros2_ws/install/turtlesim/share/ament_index/resource_index/rosidl_interfaces/turtlesim
[51.951s] -- Installing: /home/maxime.leriche/Bureau/projet-rattrapage/ros2_ws/install/turtlesim/include/turtlesim/turtlesim
[51.962s] -- Installing: /home/maxime.leriche/Bureau/projet-rattrapage/ros2_ws/install/turtlesim/include/turtlesim/turtlesim/action
[51.972s] -- Installing: /home/maxime.leriche/Bureau/projet-rattrapage/ros2_ws/install/turtlesim/include/turtlesim/turtlesim/action/rotate_absolute.h
[51.981s] -- Installing: /home/maxime.leriche/Bureau/projet-rattrapage/ros2_ws/install/turtlesim/include/turtlesim/turtlesim/action/detail
[51.993s] -- Installing: /home/maxime.leriche/Bureau/projet-rattrapage/ros2_ws/install/turtlesim/include/turtlesim/turtlesim/action/detail/rotate_absolute__functions.h
[52.006s] -- Installing: /home/maxime.leriche/Bureau/projet-rattrapage/ros2_ws/install/turtlesim/include/turtlesim/turtlesim/action/detail/rotate_absolute__struct.h
[52.015s] -- Installing: /home/maxime.leriche/Bureau/projet-rattrapage/ros2_ws/install/turtlesim/include/turtlesim/turtlesim/action/detail/rotate_absolute__functions.c
[52.029s] -- Installing: /home/maxime.leriche/Bureau/projet-rattrapage/ros2_ws/install/turtlesim/include/turtlesim/turtlesim/action/detail/rotate_absolute__type_support.h
[52.037s] -- Installing: /home/maxime.leriche/Bureau/projet-rattrapage/ros2_ws/install/turtlesim/include/turtlesim/turtlesim/srv
[52.046s] -- Installing: /home/maxime.leriche/Bureau/projet-rattrapage/ros2_ws/install/turtlesim/include/turtlesim/turtlesim/srv/detail
[52.057s] -- Installing: /home/maxime.leriche/Bureau/projet-rattrapage/ros2_ws/install/turtlesim/include/turtlesim/turtlesim/srv/detail/teleport_relative__struct.h
[52.066s] -- Installing: /home/maxime.leriche/Bureau/projet-rattrapage/ros2_ws/install/turtlesim/include/turtlesim/turtlesim/srv/detail/set_pen__functions.c
[52.076s] -- Installing: /home/maxime.leriche/Bureau/projet-rattrapage/ros2_ws/install/turtlesim/include/turtlesim/turtlesim/srv/detail/kill__functions.h
[52.085s] -- Installing: /home/maxime.leriche/Bureau/projet-rattrapage/ros2_ws/install/turtlesim/include/turtlesim/turtlesim/srv/detail/spawn__functions.c
[52.095s] -- Installing: /home/maxime.leriche/Bureau/projet-rattrapage/ros2_ws/install/turtlesim/include/turtlesim/turtlesim/srv/detail/teleport_absolute__functions.h
[52.105s] -- Installing: /home/maxime.leriche/Bureau/projet-rattrapage/ros2_ws/install/turtlesim/include/turtlesim/turtlesim/srv/detail/kill__functions.c
[52.115s] -- Installing: /home/maxime.leriche/Bureau/projet-rattrapage/ros2_ws/install/turtlesim/include/turtlesim/turtlesim/srv/detail/spawn__functions.h
[52.124s] -- Installing: /home/maxime.leriche/Bureau/projet-rattrapage/ros2_ws/install/turtlesim/include/turtlesim/turtlesim/srv/detail/teleport_absolute__type_support.h
[52.132s] -- Installing: /home/maxime.leriche/Bureau/projet-rattrapage/ros2_ws/install/turtlesim/include/turtlesim/turtlesim/srv/detail/set_pen__struct.h
[52.140s] -- Installing: /home/maxime.leriche/Bureau/projet-rattrapage/ros2_ws/install/turtlesim/include/turtlesim/turtlesim/srv/detail/spawn__struct.h
[52.149s] -- Installing: /home/maxime.leriche/Bureau/projet-rattrapage/ros2_ws/install/turtlesim/include/turtlesim/turtlesim/srv/detail/teleport_absolute__functions.c
[52.159s] -- Installing: /home/maxime.leriche/Bureau/projet-rattrapage/ros2_ws/install/turtlesim/include/turtlesim/turtlesim/srv/detail/teleport_relative__functions.c
[52.169s] -- Installing: /home/maxime.leriche/Bureau/projet-rattrapage/ros2_ws/install/turtlesim/include/turtlesim/turtlesim/srv/detail/teleport_absolute__struct.h
[52.177s] -- Installing: /home/maxime.leriche/Bureau/projet-rattrapage/ros2_ws/install/turtlesim/include/turtlesim/turtlesim/srv/detail/teleport_relative__functions.h
[52.187s] -- Installing: /home/maxime.leriche/Bureau/projet-rattrapage/ros2_ws/install/turtlesim/include/turtlesim/turtlesim/srv/detail/spawn__type_support.h
[52.195s] -- Installing: /home/maxime.leriche/Bureau/projet-rattrapage/ros2_ws/install/turtlesim/include/turtlesim/turtlesim/srv/detail/set_pen__functions.h
[52.204s] -- Installing: /home/maxime.leriche/Bureau/projet-rattrapage/ros2_ws/install/turtlesim/include/turtlesim/turtlesim/srv/detail/kill__struct.h
[52.213s] -- Installing: /home/maxime.leriche/Bureau/projet-rattrapage/ros2_ws/install/turtlesim/include/turtlesim/turtlesim/srv/detail/kill__type_support.h
[52.221s] -- Installing: /home/maxime.leriche/Bureau/projet-rattrapage/ros2_ws/install/turtlesim/include/turtlesim/turtlesim/srv/detail/set_pen__type_support.h
[52.229s] -- Installing: /home/maxime.leriche/Bureau/projet-rattrapage/ros2_ws/install/turtlesim/include/turtlesim/turtlesim/srv/detail/teleport_relative__type_support.h
[52.236s] -- Installing: /home/maxime.leriche/Bureau/projet-rattrapage/ros2_ws/install/turtlesim/include/turtlesim/turtlesim/srv/spawn.h
[52.245s] -- Installing: /home/maxime.leriche/Bureau/projet-rattrapage/ros2_ws/install/turtlesim/include/turtlesim/turtlesim/srv/teleport_relative.h
[52.253s] -- Installing: /home/maxime.leriche/Bureau/projet-rattrapage/ros2_ws/install/turtlesim/include/turtlesim/turtlesim/srv/set_pen.h
[52.260s] -- Installing: /home/maxime.leriche/Bureau/projet-rattrapage/ros2_ws/install/turtlesim/include/turtlesim/turtlesim/srv/teleport_absolute.h
[52.269s] -- Installing: /home/maxime.leriche/Bureau/projet-rattrapage/ros2_ws/install/turtlesim/include/turtlesim/turtlesim/srv/kill.h
[52.278s] -- Installing: /home/maxime.leriche/Bureau/projet-rattrapage/ros2_ws/install/turtlesim/include/turtlesim/turtlesim/msg
[52.288s] -- Installing: /home/maxime.leriche/Bureau/projet-rattrapage/ros2_ws/install/turtlesim/include/turtlesim/turtlesim/msg/detail
[52.298s] -- Installing: /home/maxime.leriche/Bureau/projet-rattrapage/ros2_ws/install/turtlesim/include/turtlesim/turtlesim/msg/detail/color__functions.h
[52.307s] -- Installing: /home/maxime.leriche/Bureau/projet-rattrapage/ros2_ws/install/turtlesim/include/turtlesim/turtlesim/msg/detail/pose__type_support.h
[52.315s] -- Installing: /home/maxime.leriche/Bureau/projet-rattrapage/ros2_ws/install/turtlesim/include/turtlesim/turtlesim/msg/detail/color__type_support.h
[52.324s] -- Installing: /home/maxime.leriche/Bureau/projet-rattrapage/ros2_ws/install/turtlesim/include/turtlesim/turtlesim/msg/detail/color__struct.h
[52.331s] -- Installing: /home/maxime.leriche/Bureau/projet-rattrapage/ros2_ws/install/turtlesim/include/turtlesim/turtlesim/msg/detail/pose__functions.h
[52.340s] -- Installing: /home/maxime.leriche/Bureau/projet-rattrapage/ros2_ws/install/turtlesim/include/turtlesim/turtlesim/msg/detail/pose__struct.h
[52.348s] -- Installing: /home/maxime.leriche/Bureau/projet-rattrapage/ros2_ws/install/turtlesim/include/turtlesim/turtlesim/msg/detail/pose__functions.c
[52.356s] -- Installing: /home/maxime.leriche/Bureau/projet-rattrapage/ros2_ws/install/turtlesim/include/turtlesim/turtlesim/msg/detail/color__functions.c
[52.364s] -- Installing: /home/maxime.leriche/Bureau/projet-rattrapage/ros2_ws/install/turtlesim/include/turtlesim/turtlesim/msg/rosidl_generator_c__visibility_control.h
[52.373s] -- Installing: /home/maxime.leriche/Bureau/projet-rattrapage/ros2_ws/install/turtlesim/include/turtlesim/turtlesim/msg/pose.h
[52.381s] -- Installing: /home/maxime.leriche/Bureau/projet-rattrapage/ros2_ws/install/turtlesim/include/turtlesim/turtlesim/msg/color.h
[52.398s] -- Installing: /home/maxime.leriche/Bureau/projet-rattrapage/ros2_ws/install/turtlesim/share/turtlesim/environment/library_path.sh
[52.407s] -- Installing: /home/maxime.leriche/Bureau/projet-rattrapage/ros2_ws/install/turtlesim/share/turtlesim/environment/library_path.dsv
[52.421s] -- Installing: /home/maxime.leriche/Bureau/projet-rattrapage/ros2_ws/install/turtlesim/lib/libturtlesim__rosidl_generator_c.so
[52.446s] -- Set runtime path of "/home/maxime.leriche/Bureau/projet-rattrapage/ros2_ws/install/turtlesim/lib/libturtlesim__rosidl_generator_c.so" to ""
[52.448s] -- Up-to-date: /home/maxime.leriche/Bureau/projet-rattrapage/ros2_ws/install/turtlesim/include/turtlesim/turtlesim
[52.452s] -- Up-to-date: /home/maxime.leriche/Bureau/projet-rattrapage/ros2_ws/install/turtlesim/include/turtlesim/turtlesim/action
[52.454s] -- Up-to-date: /home/maxime.leriche/Bureau/projet-rattrapage/ros2_ws/install/turtlesim/include/turtlesim/turtlesim/action/detail
[52.458s] -- Installing: /home/maxime.leriche/Bureau/projet-rattrapage/ros2_ws/install/turtlesim/include/turtlesim/turtlesim/action/detail/rotate_absolute__rosidl_typesupport_fastrtps_c.h
[52.468s] -- Up-to-date: /home/maxime.leriche/Bureau/projet-rattrapage/ros2_ws/install/turtlesim/include/turtlesim/turtlesim/srv
[52.472s] -- Up-to-date: /home/maxime.leriche/Bureau/projet-rattrapage/ros2_ws/install/turtlesim/include/turtlesim/turtlesim/srv/detail
[52.477s] -- Installing: /home/maxime.leriche/Bureau/projet-rattrapage/ros2_ws/install/turtlesim/include/turtlesim/turtlesim/srv/detail/teleport_relative__rosidl_typesupport_fastrtps_c.h
[52.486s] -- Installing: /home/maxime.leriche/Bureau/projet-rattrapage/ros2_ws/install/turtlesim/include/turtlesim/turtlesim/srv/detail/teleport_absolute__rosidl_typesupport_fastrtps_c.h
[52.495s] -- Installing: /home/maxime.leriche/Bureau/projet-rattrapage/ros2_ws/install/turtlesim/include/turtlesim/turtlesim/srv/detail/spawn__rosidl_typesupport_fastrtps_c.h
[52.503s] -- Installing: /home/maxime.leriche/Bureau/projet-rattrapage/ros2_ws/install/turtlesim/include/turtlesim/turtlesim/srv/detail/set_pen__rosidl_typesupport_fastrtps_c.h
[52.512s] -- Installing: /home/maxime.leriche/Bureau/projet-rattrapage/ros2_ws/install/turtlesim/include/turtlesim/turtlesim/srv/detail/kill__rosidl_typesupport_fastrtps_c.h
[52.520s] -- Up-to-date: /home/maxime.leriche/Bureau/projet-rattrapage/ros2_ws/install/turtlesim/include/turtlesim/turtlesim/msg
[52.523s] -- Up-to-date: /home/maxime.leriche/Bureau/projet-rattrapage/ros2_ws/install/turtlesim/include/turtlesim/turtlesim/msg/detail
[52.528s] -- Installing: /home/maxime.leriche/Bureau/projet-rattrapage/ros2_ws/install/turtlesim/include/turtlesim/turtlesim/msg/detail/color__rosidl_typesupport_fastrtps_c.h
[52.536s] -- Installing: /home/maxime.leriche/Bureau/projet-rattrapage/ros2_ws/install/turtlesim/include/turtlesim/turtlesim/msg/detail/pose__rosidl_typesupport_fastrtps_c.h
[52.545s] -- Installing: /home/maxime.leriche/Bureau/projet-rattrapage/ros2_ws/install/turtlesim/include/turtlesim/turtlesim/msg/rosidl_typesupport_fastrtps_c__visibility_control.h
[52.555s] -- Installing: /home/maxime.leriche/Bureau/projet-rattrapage/ros2_ws/install/turtlesim/lib/libturtlesim__rosidl_typesupport_fastrtps_c.so
[52.577s] -- Set runtime path of "/home/maxime.leriche/Bureau/projet-rattrapage/ros2_ws/install/turtlesim/lib/libturtlesim__rosidl_typesupport_fastrtps_c.so" to ""
[52.580s] -- Up-to-date: /home/maxime.leriche/Bureau/projet-rattrapage/ros2_ws/install/turtlesim/include/turtlesim/turtlesim
[52.582s] -- Up-to-date: /home/maxime.leriche/Bureau/projet-rattrapage/ros2_ws/install/turtlesim/include/turtlesim/turtlesim/action
[52.585s] -- Up-to-date: /home/maxime.leriche/Bureau/projet-rattrapage/ros2_ws/install/turtlesim/include/turtlesim/turtlesim/action/detail
[52.589s] -- Installing: /home/maxime.leriche/Bureau/projet-rattrapage/ros2_ws/install/turtlesim/include/turtlesim/turtlesim/action/detail/rotate_absolute__traits.hpp
[52.601s] -- Installing: /home/maxime.leriche/Bureau/projet-rattrapage/ros2_ws/install/turtlesim/include/turtlesim/turtlesim/action/detail/rotate_absolute__struct.hpp
[52.615s] -- Installing: /home/maxime.leriche/Bureau/projet-rattrapage/ros2_ws/install/turtlesim/include/turtlesim/turtlesim/action/detail/rotate_absolute__builder.hpp
[52.625s] -- Installing: /home/maxime.leriche/Bureau/projet-rattrapage/ros2_ws/install/turtlesim/include/turtlesim/turtlesim/action/rotate_absolute.hpp
[52.633s] -- Up-to-date: /home/maxime.leriche/Bureau/projet-rattrapage/ros2_ws/install/turtlesim/include/turtlesim/turtlesim/srv
[52.636s] -- Up-to-date: /home/maxime.leriche/Bureau/projet-rattrapage/ros2_ws/install/turtlesim/include/turtlesim/turtlesim/srv/detail
[52.641s] -- Installing: /home/maxime.leriche/Bureau/projet-rattrapage/ros2_ws/install/turtlesim/include/turtlesim/turtlesim/srv/detail/set_pen__traits.hpp
[52.651s] -- Installing: /home/maxime.leriche/Bureau/projet-rattrapage/ros2_ws/install/turtlesim/include/turtlesim/turtlesim/srv/detail/teleport_absolute__builder.hpp
[52.659s] -- Installing: /home/maxime.leriche/Bureau/projet-rattrapage/ros2_ws/install/turtlesim/include/turtlesim/turtlesim/srv/detail/set_pen__struct.hpp
[52.669s] -- Installing: /home/maxime.leriche/Bureau/projet-rattrapage/ros2_ws/install/turtlesim/include/turtlesim/turtlesim/srv/detail/kill__traits.hpp
[52.678s] -- Installing: /home/maxime.leriche/Bureau/projet-rattrapage/ros2_ws/install/turtlesim/include/turtlesim/turtlesim/srv/detail/teleport_absolute__traits.hpp
[52.686s] -- Installing: /home/maxime.leriche/Bureau/projet-rattrapage/ros2_ws/install/turtlesim/include/turtlesim/turtlesim/srv/detail/spawn__builder.hpp
[52.694s] -- Installing: /home/maxime.leriche/Bureau/projet-rattrapage/ros2_ws/install/turtlesim/include/turtlesim/turtlesim/srv/detail/spawn__traits.hpp
[52.703s] -- Installing: /home/maxime.leriche/Bureau/projet-rattrapage/ros2_ws/install/turtlesim/include/turtlesim/turtlesim/srv/detail/teleport_relative__builder.hpp
[52.713s] -- Installing: /home/maxime.leriche/Bureau/projet-rattrapage/ros2_ws/install/turtlesim/include/turtlesim/turtlesim/srv/detail/teleport_relative__struct.hpp
[52.722s] -- Installing: /home/maxime.leriche/Bureau/projet-rattrapage/ros2_ws/install/turtlesim/include/turtlesim/turtlesim/srv/detail/teleport_relative__traits.hpp
[52.731s] -- Installing: /home/maxime.leriche/Bureau/projet-rattrapage/ros2_ws/install/turtlesim/include/turtlesim/turtlesim/srv/detail/set_pen__builder.hpp
[52.740s] -- Installing: /home/maxime.leriche/Bureau/projet-rattrapage/ros2_ws/install/turtlesim/include/turtlesim/turtlesim/srv/detail/kill__builder.hpp
[52.749s] -- Installing: /home/maxime.leriche/Bureau/projet-rattrapage/ros2_ws/install/turtlesim/include/turtlesim/turtlesim/srv/detail/kill__struct.hpp
[52.759s] -- Installing: /home/maxime.leriche/Bureau/projet-rattrapage/ros2_ws/install/turtlesim/include/turtlesim/turtlesim/srv/detail/spawn__struct.hpp
[52.769s] -- Installing: /home/maxime.leriche/Bureau/projet-rattrapage/ros2_ws/install/turtlesim/include/turtlesim/turtlesim/srv/detail/teleport_absolute__struct.hpp
[52.778s] -- Installing: /home/maxime.leriche/Bureau/projet-rattrapage/ros2_ws/install/turtlesim/include/turtlesim/turtlesim/srv/teleport_relative.hpp
[52.788s] -- Installing: /home/maxime.leriche/Bureau/projet-rattrapage/ros2_ws/install/turtlesim/include/turtlesim/turtlesim/srv/teleport_absolute.hpp
[52.797s] -- Installing: /home/maxime.leriche/Bureau/projet-rattrapage/ros2_ws/install/turtlesim/include/turtlesim/turtlesim/srv/kill.hpp
[52.805s] -- Installing: /home/maxime.leriche/Bureau/projet-rattrapage/ros2_ws/install/turtlesim/include/turtlesim/turtlesim/srv/set_pen.hpp
[52.813s] -- Installing: /home/maxime.leriche/Bureau/projet-rattrapage/ros2_ws/install/turtlesim/include/turtlesim/turtlesim/srv/spawn.hpp
[52.819s] -- Up-to-date: /home/maxime.leriche/Bureau/projet-rattrapage/ros2_ws/install/turtlesim/include/turtlesim/turtlesim/msg
[52.823s] -- Installing: /home/maxime.leriche/Bureau/projet-rattrapage/ros2_ws/install/turtlesim/include/turtlesim/turtlesim/msg/pose.hpp
[52.830s] -- Up-to-date: /home/maxime.leriche/Bureau/projet-rattrapage/ros2_ws/install/turtlesim/include/turtlesim/turtlesim/msg/detail
[52.834s] -- Installing: /home/maxime.leriche/Bureau/projet-rattrapage/ros2_ws/install/turtlesim/include/turtlesim/turtlesim/msg/detail/color__struct.hpp
[52.844s] -- Installing: /home/maxime.leriche/Bureau/projet-rattrapage/ros2_ws/install/turtlesim/include/turtlesim/turtlesim/msg/detail/color__builder.hpp
[52.852s] -- Installing: /home/maxime.leriche/Bureau/projet-rattrapage/ros2_ws/install/turtlesim/include/turtlesim/turtlesim/msg/detail/pose__traits.hpp
[52.860s] -- Installing: /home/maxime.leriche/Bureau/projet-rattrapage/ros2_ws/install/turtlesim/include/turtlesim/turtlesim/msg/detail/pose__struct.hpp
[52.869s] -- Installing: /home/maxime.leriche/Bureau/projet-rattrapage/ros2_ws/install/turtlesim/include/turtlesim/turtlesim/msg/detail/color__traits.hpp
[52.877s] -- Installing: /home/maxime.leriche/Bureau/projet-rattrapage/ros2_ws/install/turtlesim/include/turtlesim/turtlesim/msg/detail/pose__builder.hpp
[52.914s] -- Installing: /home/maxime.leriche/Bureau/projet-rattrapage/ros2_ws/install/turtlesim/include/turtlesim/turtlesim/msg/color.hpp
[52.922s] -- Up-to-date: /home/maxime.leriche/Bureau/projet-rattrapage/ros2_ws/install/turtlesim/include/turtlesim/turtlesim
[52.926s] -- Up-to-date: /home/maxime.leriche/Bureau/projet-rattrapage/ros2_ws/install/turtlesim/include/turtlesim/turtlesim/action
[52.929s] -- Up-to-date: /home/maxime.leriche/Bureau/projet-rattrapage/ros2_ws/install/turtlesim/include/turtlesim/turtlesim/action/detail
[52.933s] -- Installing: /home/maxime.leriche/Bureau/projet-rattrapage/ros2_ws/install/turtlesim/include/turtlesim/turtlesim/action/detail/dds_fastrtps
[52.942s] -- Installing: /home/maxime.leriche/Bureau/projet-rattrapage/ros2_ws/install/turtlesim/include/turtlesim/turtlesim/action/detail/rotate_absolute__rosidl_typesupport_fastrtps_cpp.hpp
[52.952s] -- Up-to-date: /home/maxime.leriche/Bureau/projet-rattrapage/ros2_ws/install/turtlesim/include/turtlesim/turtlesim/srv
[52.956s] -- Up-to-date: /home/maxime.leriche/Bureau/projet-rattrapage/ros2_ws/install/turtlesim/include/turtlesim/turtlesim/srv/detail
[52.960s] -- Installing: /home/maxime.leriche/Bureau/projet-rattrapage/ros2_ws/install/turtlesim/include/turtlesim/turtlesim/srv/detail/kill__rosidl_typesupport_fastrtps_cpp.hpp
[52.969s] -- Installing: /home/maxime.leriche/Bureau/projet-rattrapage/ros2_ws/install/turtlesim/include/turtlesim/turtlesim/srv/detail/dds_fastrtps
[52.979s] -- Installing: /home/maxime.leriche/Bureau/projet-rattrapage/ros2_ws/install/turtlesim/include/turtlesim/turtlesim/srv/detail/teleport_absolute__rosidl_typesupport_fastrtps_cpp.hpp
[52.988s] -- Installing: /home/maxime.leriche/Bureau/projet-rattrapage/ros2_ws/install/turtlesim/include/turtlesim/turtlesim/srv/detail/teleport_relative__rosidl_typesupport_fastrtps_cpp.hpp
[52.996s] -- Installing: /home/maxime.leriche/Bureau/projet-rattrapage/ros2_ws/install/turtlesim/include/turtlesim/turtlesim/srv/detail/spawn__rosidl_typesupport_fastrtps_cpp.hpp
[53.005s] -- Installing: /home/maxime.leriche/Bureau/projet-rattrapage/ros2_ws/install/turtlesim/include/turtlesim/turtlesim/srv/detail/set_pen__rosidl_typesupport_fastrtps_cpp.hpp
[53.013s] -- Up-to-date: /home/maxime.leriche/Bureau/projet-rattrapage/ros2_ws/install/turtlesim/include/turtlesim/turtlesim/msg
[53.016s] -- Up-to-date: /home/maxime.leriche/Bureau/projet-rattrapage/ros2_ws/install/turtlesim/include/turtlesim/turtlesim/msg/detail
[53.020s] -- Installing: /home/maxime.leriche/Bureau/projet-rattrapage/ros2_ws/install/turtlesim/include/turtlesim/turtlesim/msg/detail/dds_fastrtps
[53.029s] -- Installing: /home/maxime.leriche/Bureau/projet-rattrapage/ros2_ws/install/turtlesim/include/turtlesim/turtlesim/msg/detail/color__rosidl_typesupport_fastrtps_cpp.hpp
[53.038s] -- Installing: /home/maxime.leriche/Bureau/projet-rattrapage/ros2_ws/install/turtlesim/include/turtlesim/turtlesim/msg/detail/pose__rosidl_typesupport_fastrtps_cpp.hpp
[53.047s] -- Installing: /home/maxime.leriche/Bureau/projet-rattrapage/ros2_ws/install/turtlesim/include/turtlesim/turtlesim/msg/rosidl_typesupport_fastrtps_cpp__visibility_control.h
[53.057s] -- Installing: /home/maxime.leriche/Bureau/projet-rattrapage/ros2_ws/install/turtlesim/lib/libturtlesim__rosidl_typesupport_fastrtps_cpp.so
[53.082s] -- Set runtime path of "/home/maxime.leriche/Bureau/projet-rattrapage/ros2_ws/install/turtlesim/lib/libturtlesim__rosidl_typesupport_fastrtps_cpp.so" to ""
[53.084s] -- Up-to-date: /home/maxime.leriche/Bureau/projet-rattrapage/ros2_ws/install/turtlesim/include/turtlesim/turtlesim
[53.087s] -- Up-to-date: /home/maxime.leriche/Bureau/projet-rattrapage/ros2_ws/install/turtlesim/include/turtlesim/turtlesim/action
[53.089s] -- Up-to-date: /home/maxime.leriche/Bureau/projet-rattrapage/ros2_ws/install/turtlesim/include/turtlesim/turtlesim/action/detail
[53.093s] -- Installing: /home/maxime.leriche/Bureau/projet-rattrapage/ros2_ws/install/turtlesim/include/turtlesim/turtlesim/action/detail/rotate_absolute__type_support.c
[53.106s] -- Installing: /home/maxime.leriche/Bureau/projet-rattrapage/ros2_ws/install/turtlesim/include/turtlesim/turtlesim/action/detail/rotate_absolute__rosidl_typesupport_introspection_c.h
[53.114s] -- Up-to-date: /home/maxime.leriche/Bureau/projet-rattrapage/ros2_ws/install/turtlesim/include/turtlesim/turtlesim/srv
[53.117s] -- Up-to-date: /home/maxime.leriche/Bureau/projet-rattrapage/ros2_ws/install/turtlesim/include/turtlesim/turtlesim/srv/detail
[53.122s] -- Installing: /home/maxime.leriche/Bureau/projet-rattrapage/ros2_ws/install/turtlesim/include/turtlesim/turtlesim/srv/detail/kill__rosidl_typesupport_introspection_c.h
[53.130s] -- Installing: /home/maxime.leriche/Bureau/projet-rattrapage/ros2_ws/install/turtlesim/include/turtlesim/turtlesim/srv/detail/set_pen__type_support.c
[53.139s] -- Installing: /home/maxime.leriche/Bureau/projet-rattrapage/ros2_ws/install/turtlesim/include/turtlesim/turtlesim/srv/detail/spawn__rosidl_typesupport_introspection_c.h
[53.148s] -- Installing: /home/maxime.leriche/Bureau/projet-rattrapage/ros2_ws/install/turtlesim/include/turtlesim/turtlesim/srv/detail/teleport_absolute__type_support.c
[53.157s] -- Installing: /home/maxime.leriche/Bureau/projet-rattrapage/ros2_ws/install/turtlesim/include/turtlesim/turtlesim/srv/detail/teleport_absolute__rosidl_typesupport_introspection_c.h
[53.166s] -- Installing: /home/maxime.leriche/Bureau/projet-rattrapage/ros2_ws/install/turtlesim/include/turtlesim/turtlesim/srv/detail/kill__type_support.c
[53.176s] -- Installing: /home/maxime.leriche/Bureau/projet-rattrapage/ros2_ws/install/turtlesim/include/turtlesim/turtlesim/srv/detail/teleport_relative__rosidl_typesupport_introspection_c.h
[53.185s] -- Installing: /home/maxime.leriche/Bureau/projet-rattrapage/ros2_ws/install/turtlesim/include/turtlesim/turtlesim/srv/detail/teleport_relative__type_support.c
[53.195s] -- Installing: /home/maxime.leriche/Bureau/projet-rattrapage/ros2_ws/install/turtlesim/include/turtlesim/turtlesim/srv/detail/spawn__type_support.c
[53.206s] -- Installing: /home/maxime.leriche/Bureau/projet-rattrapage/ros2_ws/install/turtlesim/include/turtlesim/turtlesim/srv/detail/set_pen__rosidl_typesupport_introspection_c.h
[53.214s] -- Up-to-date: /home/maxime.leriche/Bureau/projet-rattrapage/ros2_ws/install/turtlesim/include/turtlesim/turtlesim/msg
[53.218s] -- Up-to-date: /home/maxime.leriche/Bureau/projet-rattrapage/ros2_ws/install/turtlesim/include/turtlesim/turtlesim/msg/detail
[53.223s] -- Installing: /home/maxime.leriche/Bureau/projet-rattrapage/ros2_ws/install/turtlesim/include/turtlesim/turtlesim/msg/detail/pose__type_support.c
[53.232s] -- Installing: /home/maxime.leriche/Bureau/projet-rattrapage/ros2_ws/install/turtlesim/include/turtlesim/turtlesim/msg/detail/pose__rosidl_typesupport_introspection_c.h
[53.240s] -- Installing: /home/maxime.leriche/Bureau/projet-rattrapage/ros2_ws/install/turtlesim/include/turtlesim/turtlesim/msg/detail/color__type_support.c
[53.249s] -- Installing: /home/maxime.leriche/Bureau/projet-rattrapage/ros2_ws/install/turtlesim/include/turtlesim/turtlesim/msg/detail/color__rosidl_typesupport_introspection_c.h
[53.258s] -- Installing: /home/maxime.leriche/Bureau/projet-rattrapage/ros2_ws/install/turtlesim/include/turtlesim/turtlesim/msg/rosidl_typesupport_introspection_c__visibility_control.h
[53.269s] -- Installing: /home/maxime.leriche/Bureau/projet-rattrapage/ros2_ws/install/turtlesim/lib/libturtlesim__rosidl_typesupport_introspection_c.so
[53.291s] -- Set runtime path of "/home/maxime.leriche/Bureau/projet-rattrapage/ros2_ws/install/turtlesim/lib/libturtlesim__rosidl_typesupport_introspection_c.so" to ""
[53.295s] -- Installing: /home/maxime.leriche/Bureau/projet-rattrapage/ros2_ws/install/turtlesim/lib/libturtlesim__rosidl_typesupport_c.so
[53.314s] -- Set runtime path of "/home/maxime.leriche/Bureau/projet-rattrapage/ros2_ws/install/turtlesim/lib/libturtlesim__rosidl_typesupport_c.so" to ""
[53.317s] -- Up-to-date: /home/maxime.leriche/Bureau/projet-rattrapage/ros2_ws/install/turtlesim/include/turtlesim/turtlesim
[53.319s] -- Up-to-date: /home/maxime.leriche/Bureau/projet-rattrapage/ros2_ws/install/turtlesim/include/turtlesim/turtlesim/action
[53.322s] -- Up-to-date: /home/maxime.leriche/Bureau/projet-rattrapage/ros2_ws/install/turtlesim/include/turtlesim/turtlesim/action/detail
[53.326s] -- Installing: /home/maxime.leriche/Bureau/projet-rattrapage/ros2_ws/install/turtlesim/include/turtlesim/turtlesim/action/detail/rotate_absolute__type_support.cpp
[53.340s] -- Installing: /home/maxime.leriche/Bureau/projet-rattrapage/ros2_ws/install/turtlesim/include/turtlesim/turtlesim/action/detail/rotate_absolute__rosidl_typesupport_introspection_cpp.hpp
[53.348s] -- Up-to-date: /home/maxime.leriche/Bureau/projet-rattrapage/ros2_ws/install/turtlesim/include/turtlesim/turtlesim/srv
[53.351s] -- Up-to-date: /home/maxime.leriche/Bureau/projet-rattrapage/ros2_ws/install/turtlesim/include/turtlesim/turtlesim/srv/detail
[53.356s] -- Installing: /home/maxime.leriche/Bureau/projet-rattrapage/ros2_ws/install/turtlesim/include/turtlesim/turtlesim/srv/detail/teleport_relative__rosidl_typesupport_introspection_cpp.hpp
[53.365s] -- Installing: /home/maxime.leriche/Bureau/projet-rattrapage/ros2_ws/install/turtlesim/include/turtlesim/turtlesim/srv/detail/kill__rosidl_typesupport_introspection_cpp.hpp
[53.374s] -- Installing: /home/maxime.leriche/Bureau/projet-rattrapage/ros2_ws/install/turtlesim/include/turtlesim/turtlesim/srv/detail/teleport_relative__type_support.cpp
[53.384s] -- Installing: /home/maxime.leriche/Bureau/projet-rattrapage/ros2_ws/install/turtlesim/include/turtlesim/turtlesim/srv/detail/spawn__rosidl_typesupport_introspection_cpp.hpp
[53.393s] -- Installing: /home/maxime.leriche/Bureau/projet-rattrapage/ros2_ws/install/turtlesim/include/turtlesim/turtlesim/srv/detail/spawn__type_support.cpp
[53.403s] -- Installing: /home/maxime.leriche/Bureau/projet-rattrapage/ros2_ws/install/turtlesim/include/turtlesim/turtlesim/srv/detail/teleport_absolute__type_support.cpp
[53.413s] -- Installing: /home/maxime.leriche/Bureau/projet-rattrapage/ros2_ws/install/turtlesim/include/turtlesim/turtlesim/srv/detail/teleport_absolute__rosidl_typesupport_introspection_cpp.hpp
[53.421s] -- Installing: /home/maxime.leriche/Bureau/projet-rattrapage/ros2_ws/install/turtlesim/include/turtlesim/turtlesim/srv/detail/kill__type_support.cpp
[53.431s] -- Installing: /home/maxime.leriche/Bureau/projet-rattrapage/ros2_ws/install/turtlesim/include/turtlesim/turtlesim/srv/detail/set_pen__rosidl_typesupport_introspection_cpp.hpp
[53.440s] -- Installing: /home/maxime.leriche/Bureau/projet-rattrapage/ros2_ws/install/turtlesim/include/turtlesim/turtlesim/srv/detail/set_pen__type_support.cpp
[53.450s] -- Up-to-date: /home/maxime.leriche/Bureau/projet-rattrapage/ros2_ws/install/turtlesim/include/turtlesim/turtlesim/msg
[53.454s] -- Up-to-date: /home/maxime.leriche/Bureau/projet-rattrapage/ros2_ws/install/turtlesim/include/turtlesim/turtlesim/msg/detail
[53.459s] -- Installing: /home/maxime.leriche/Bureau/projet-rattrapage/ros2_ws/install/turtlesim/include/turtlesim/turtlesim/msg/detail/color__type_support.cpp
[53.468s] -- Installing: /home/maxime.leriche/Bureau/projet-rattrapage/ros2_ws/install/turtlesim/include/turtlesim/turtlesim/msg/detail/color__rosidl_typesupport_introspection_cpp.hpp
[53.477s] -- Installing: /home/maxime.leriche/Bureau/projet-rattrapage/ros2_ws/install/turtlesim/include/turtlesim/turtlesim/msg/detail/pose__rosidl_typesupport_introspection_cpp.hpp
[53.486s] -- Installing: /home/maxime.leriche/Bureau/projet-rattrapage/ros2_ws/install/turtlesim/include/turtlesim/turtlesim/msg/detail/pose__type_support.cpp
[53.498s] -- Installing: /home/maxime.leriche/Bureau/projet-rattrapage/ros2_ws/install/turtlesim/lib/libturtlesim__rosidl_typesupport_introspection_cpp.so
[53.523s] -- Set runtime path of "/home/maxime.leriche/Bureau/projet-rattrapage/ros2_ws/install/turtlesim/lib/libturtlesim__rosidl_typesupport_introspection_cpp.so" to ""
[53.525s] -- Installing: /home/maxime.leriche/Bureau/projet-rattrapage/ros2_ws/install/turtlesim/lib/libturtlesim__rosidl_typesupport_cpp.so
[53.545s] -- Set runtime path of "/home/maxime.leriche/Bureau/projet-rattrapage/ros2_ws/install/turtlesim/lib/libturtlesim__rosidl_typesupport_cpp.so" to ""
[53.547s] -- Installing: /home/maxime.leriche/Bureau/projet-rattrapage/ros2_ws/install/turtlesim/share/turtlesim/environment/pythonpath.sh
[53.556s] -- Installing: /home/maxime.leriche/Bureau/projet-rattrapage/ros2_ws/install/turtlesim/share/turtlesim/environment/pythonpath.dsv
[53.566s] -- Installing: /home/maxime.leriche/Bureau/projet-rattrapage/ros2_ws/install/turtlesim/local/lib/python3.10/dist-packages/turtlesim-1.4.2-py3.10.egg-info
[53.583s] -- Installing: /home/maxime.leriche/Bureau/projet-rattrapage/ros2_ws/install/turtlesim/local/lib/python3.10/dist-packages/turtlesim-1.4.2-py3.10.egg-info/dependency_links.txt
[53.594s] -- Installing: /home/maxime.leriche/Bureau/projet-rattrapage/ros2_ws/install/turtlesim/local/lib/python3.10/dist-packages/turtlesim-1.4.2-py3.10.egg-info/PKG-INFO
[53.603s] -- Installing: /home/maxime.leriche/Bureau/projet-rattrapage/ros2_ws/install/turtlesim/local/lib/python3.10/dist-packages/turtlesim-1.4.2-py3.10.egg-info/SOURCES.txt
[53.613s] -- Installing: /home/maxime.leriche/Bureau/projet-rattrapage/ros2_ws/install/turtlesim/local/lib/python3.10/dist-packages/turtlesim-1.4.2-py3.10.egg-info/top_level.txt
[53.623s] -- Installing: /home/maxime.leriche/Bureau/projet-rattrapage/ros2_ws/install/turtlesim/local/lib/python3.10/dist-packages/turtlesim
[53.633s] -- Installing: /home/maxime.leriche/Bureau/projet-rattrapage/ros2_ws/install/turtlesim/local/lib/python3.10/dist-packages/turtlesim/action
[53.645s] -- Installing: /home/maxime.leriche/Bureau/projet-rattrapage/ros2_ws/install/turtlesim/local/lib/python3.10/dist-packages/turtlesim/action/__init__.py
[53.656s] -- Installing: /home/maxime.leriche/Bureau/projet-rattrapage/ros2_ws/install/turtlesim/local/lib/python3.10/dist-packages/turtlesim/action/_rotate_absolute_s.c
[53.670s] -- Installing: /home/maxime.leriche/Bureau/projet-rattrapage/ros2_ws/install/turtlesim/local/lib/python3.10/dist-packages/turtlesim/action/_rotate_absolute.py
[53.684s] -- Installing: /home/maxime.leriche/Bureau/projet-rattrapage/ros2_ws/install/turtlesim/local/lib/python3.10/dist-packages/turtlesim/libturtlesim__rosidl_generator_py.so
[53.702s] -- Installing: /home/maxime.leriche/Bureau/projet-rattrapage/ros2_ws/install/turtlesim/local/lib/python3.10/dist-packages/turtlesim/srv
[53.713s] -- Installing: /home/maxime.leriche/Bureau/projet-rattrapage/ros2_ws/install/turtlesim/local/lib/python3.10/dist-packages/turtlesim/srv/_teleport_absolute_s.c
[53.724s] -- Installing: /home/maxime.leriche/Bureau/projet-rattrapage/ros2_ws/install/turtlesim/local/lib/python3.10/dist-packages/turtlesim/srv/_teleport_relative.py
[53.734s] -- Installing: /home/maxime.leriche/Bureau/projet-rattrapage/ros2_ws/install/turtlesim/local/lib/python3.10/dist-packages/turtlesim/srv/__init__.py
[53.744s] -- Installing: /home/maxime.leriche/Bureau/projet-rattrapage/ros2_ws/install/turtlesim/local/lib/python3.10/dist-packages/turtlesim/srv/_spawn.py
[53.756s] -- Installing: /home/maxime.leriche/Bureau/projet-rattrapage/ros2_ws/install/turtlesim/local/lib/python3.10/dist-packages/turtlesim/srv/_kill_s.c
[53.766s] -- Installing: /home/maxime.leriche/Bureau/projet-rattrapage/ros2_ws/install/turtlesim/local/lib/python3.10/dist-packages/turtlesim/srv/_spawn_s.c
[53.778s] -- Installing: /home/maxime.leriche/Bureau/projet-rattrapage/ros2_ws/install/turtlesim/local/lib/python3.10/dist-packages/turtlesim/srv/_set_pen.py
[53.789s] -- Installing: /home/maxime.leriche/Bureau/projet-rattrapage/ros2_ws/install/turtlesim/local/lib/python3.10/dist-packages/turtlesim/srv/_teleport_absolute.py
[53.800s] -- Installing: /home/maxime.leriche/Bureau/projet-rattrapage/ros2_ws/install/turtlesim/local/lib/python3.10/dist-packages/turtlesim/srv/_kill.py
[53.811s] -- Installing: /home/maxime.leriche/Bureau/projet-rattrapage/ros2_ws/install/turtlesim/local/lib/python3.10/dist-packages/turtlesim/srv/_set_pen_s.c
[53.822s] -- Installing: /home/maxime.leriche/Bureau/projet-rattrapage/ros2_ws/install/turtlesim/local/lib/python3.10/dist-packages/turtlesim/srv/_teleport_relative_s.c
[53.832s] -- Installing: /home/maxime.leriche/Bureau/projet-rattrapage/ros2_ws/install/turtlesim/local/lib/python3.10/dist-packages/turtlesim/_turtlesim_s.ep.rosidl_typesupport_introspection_c.c
[53.851s] -- Installing: /home/maxime.leriche/Bureau/projet-rattrapage/ros2_ws/install/turtlesim/local/lib/python3.10/dist-packages/turtlesim/turtlesim_s__rosidl_typesupport_c.cpython-310-x86_64-linux-gnu.so
[53.868s] -- Installing: /home/maxime.leriche/Bureau/projet-rattrapage/ros2_ws/install/turtlesim/local/lib/python3.10/dist-packages/turtlesim/__init__.py
[53.876s] -- Installing: /home/maxime.leriche/Bureau/projet-rattrapage/ros2_ws/install/turtlesim/local/lib/python3.10/dist-packages/turtlesim/turtlesim_s__rosidl_typesupport_introspection_c.cpython-310-x86_64-linux-gnu.so
[53.893s] -- Installing: /home/maxime.leriche/Bureau/projet-rattrapage/ros2_ws/install/turtlesim/local/lib/python3.10/dist-packages/turtlesim/turtlesim_s__rosidl_typesupport_fastrtps_c.cpython-310-x86_64-linux-gnu.so
[53.909s] -- Installing: /home/maxime.leriche/Bureau/projet-rattrapage/ros2_ws/install/turtlesim/local/lib/python3.10/dist-packages/turtlesim/msg
[53.921s] -- Installing: /home/maxime.leriche/Bureau/projet-rattrapage/ros2_ws/install/turtlesim/local/lib/python3.10/dist-packages/turtlesim/msg/_color.py
[53.931s] -- Installing: /home/maxime.leriche/Bureau/projet-rattrapage/ros2_ws/install/turtlesim/local/lib/python3.10/dist-packages/turtlesim/msg/_pose.py
[53.940s] -- Installing: /home/maxime.leriche/Bureau/projet-rattrapage/ros2_ws/install/turtlesim/local/lib/python3.10/dist-packages/turtlesim/msg/__init__.py
[53.950s] -- Installing: /home/maxime.leriche/Bureau/projet-rattrapage/ros2_ws/install/turtlesim/local/lib/python3.10/dist-packages/turtlesim/msg/_pose_s.c
[53.960s] -- Installing: /home/maxime.leriche/Bureau/projet-rattrapage/ros2_ws/install/turtlesim/local/lib/python3.10/dist-packages/turtlesim/msg/_color_s.c
[53.968s] -- Installing: /home/maxime.leriche/Bureau/projet-rattrapage/ros2_ws/install/turtlesim/local/lib/python3.10/dist-packages/turtlesim/_turtlesim_s.ep.rosidl_typesupport_fastrtps_c.c
[53.987s] -- Installing: /home/maxime.leriche/Bureau/projet-rattrapage/ros2_ws/install/turtlesim/local/lib/python3.10/dist-packages/turtlesim/_turtlesim_s.ep.rosidl_typesupport_c.c
[54.172s] Listing '/home/maxime.leriche/Bureau/projet-rattrapage/ros2_ws/install/turtlesim/local/lib/python3.10/dist-packages/turtlesim'...
[54.173s] Compiling '/home/maxime.leriche/Bureau/projet-rattrapage/ros2_ws/install/turtlesim/local/lib/python3.10/dist-packages/turtlesim/__init__.py'...
[54.173s] Listing '/home/maxime.leriche/Bureau/projet-rattrapage/ros2_ws/install/turtlesim/local/lib/python3.10/dist-packages/turtlesim/action'...
[54.173s] Compiling '/home/maxime.leriche/Bureau/projet-rattrapage/ros2_ws/install/turtlesim/local/lib/python3.10/dist-packages/turtlesim/action/__init__.py'...
[54.173s] Compiling '/home/maxime.leriche/Bureau/projet-rattrapage/ros2_ws/install/turtlesim/local/lib/python3.10/dist-packages/turtlesim/action/_rotate_absolute.py'...
[54.173s] Listing '/home/maxime.leriche/Bureau/projet-rattrapage/ros2_ws/install/turtlesim/local/lib/python3.10/dist-packages/turtlesim/msg'...
[54.173s] Compiling '/home/maxime.leriche/Bureau/projet-rattrapage/ros2_ws/install/turtlesim/local/lib/python3.10/dist-packages/turtlesim/msg/__init__.py'...
[54.174s] Compiling '/home/maxime.leriche/Bureau/projet-rattrapage/ros2_ws/install/turtlesim/local/lib/python3.10/dist-packages/turtlesim/msg/_color.py'...
[54.175s] Compiling '/home/maxime.leriche/Bureau/projet-rattrapage/ros2_ws/install/turtlesim/local/lib/python3.10/dist-packages/turtlesim/msg/_pose.py'...
[54.176s] Listing '/home/maxime.leriche/Bureau/projet-rattrapage/ros2_ws/install/turtlesim/local/lib/python3.10/dist-packages/turtlesim/srv'...
[54.177s] Compiling '/home/maxime.leriche/Bureau/projet-rattrapage/ros2_ws/install/turtlesim/local/lib/python3.10/dist-packages/turtlesim/srv/__init__.py'...
[54.179s] Compiling '/home/maxime.leriche/Bureau/projet-rattrapage/ros2_ws/install/turtlesim/local/lib/python3.10/dist-packages/turtlesim/srv/_kill.py'...
[54.180s] Compiling '/home/maxime.leriche/Bureau/projet-rattrapage/ros2_ws/install/turtlesim/local/lib/python3.10/dist-packages/turtlesim/srv/_set_pen.py'...
[54.181s] Compiling '/home/maxime.leriche/Bureau/projet-rattrapage/ros2_ws/install/turtlesim/local/lib/python3.10/dist-packages/turtlesim/srv/_spawn.py'...
[54.182s] Compiling '/home/maxime.leriche/Bureau/projet-rattrapage/ros2_ws/install/turtlesim/local/lib/python3.10/dist-packages/turtlesim/srv/_teleport_absolute.py'...
[54.183s] Compiling '/home/maxime.leriche/Bureau/projet-rattrapage/ros2_ws/install/turtlesim/local/lib/python3.10/dist-packages/turtlesim/srv/_teleport_relative.py'...
[54.184s] -- Installing: /home/maxime.leriche/Bureau/projet-rattrapage/ros2_ws/install/turtlesim/local/lib/python3.10/dist-packages/turtlesim/turtlesim_s__rosidl_typesupport_fastrtps_c.cpython-310-x86_64-linux-gnu.so
[54.201s] -- Set runtime path of "/home/maxime.leriche/Bureau/projet-rattrapage/ros2_ws/install/turtlesim/local/lib/python3.10/dist-packages/turtlesim/turtlesim_s__rosidl_typesupport_fastrtps_c.cpython-310-x86_64-linux-gnu.so" to ""
[54.205s] -- Installing: /home/maxime.leriche/Bureau/projet-rattrapage/ros2_ws/install/turtlesim/local/lib/python3.10/dist-packages/turtlesim/turtlesim_s__rosidl_typesupport_introspection_c.cpython-310-x86_64-linux-gnu.so
[54.225s] -- Set runtime path of "/home/maxime.leriche/Bureau/projet-rattrapage/ros2_ws/install/turtlesim/local/lib/python3.10/dist-packages/turtlesim/turtlesim_s__rosidl_typesupport_introspection_c.cpython-310-x86_64-linux-gnu.so" to ""
[54.229s] -- Installing: /home/maxime.leriche/Bureau/projet-rattrapage/ros2_ws/install/turtlesim/local/lib/python3.10/dist-packages/turtlesim/turtlesim_s__rosidl_typesupport_c.cpython-310-x86_64-linux-gnu.so
[54.249s] -- Set runtime path of "/home/maxime.leriche/Bureau/projet-rattrapage/ros2_ws/install/turtlesim/local/lib/python3.10/dist-packages/turtlesim/turtlesim_s__rosidl_typesupport_c.cpython-310-x86_64-linux-gnu.so" to ""
[54.251s] -- Installing: /home/maxime.leriche/Bureau/projet-rattrapage/ros2_ws/install/turtlesim/lib/libturtlesim__rosidl_generator_py.so
[54.272s] -- Set runtime path of "/home/maxime.leriche/Bureau/projet-rattrapage/ros2_ws/install/turtlesim/lib/libturtlesim__rosidl_generator_py.so" to ""
[54.282s] -- Installing: /home/maxime.leriche/Bureau/projet-rattrapage/ros2_ws/install/turtlesim/share/turtlesim/action/RotateAbsolute.idl
[54.297s] -- Installing: /home/maxime.leriche/Bureau/projet-rattrapage/ros2_ws/install/turtlesim/share/turtlesim/msg/Color.idl
[54.307s] -- Installing: /home/maxime.leriche/Bureau/projet-rattrapage/ros2_ws/install/turtlesim/share/turtlesim/msg/Pose.idl
[54.321s] -- Installing: /home/maxime.leriche/Bureau/projet-rattrapage/ros2_ws/install/turtlesim/share/turtlesim/srv/Kill.idl
[54.330s] -- Installing: /home/maxime.leriche/Bureau/projet-rattrapage/ros2_ws/install/turtlesim/share/turtlesim/srv/SetPen.idl
[54.339s] -- Installing: /home/maxime.leriche/Bureau/projet-rattrapage/ros2_ws/install/turtlesim/share/turtlesim/srv/Spawn.idl
[54.347s] -- Installing: /home/maxime.leriche/Bureau/projet-rattrapage/ros2_ws/install/turtlesim/share/turtlesim/srv/TeleportAbsolute.idl
[54.357s] -- Installing: /home/maxime.leriche/Bureau/projet-rattrapage/ros2_ws/install/turtlesim/share/turtlesim/srv/TeleportRelative.idl
[54.367s] -- Installing: /home/maxime.leriche/Bureau/projet-rattrapage/ros2_ws/install/turtlesim/share/turtlesim/action/RotateAbsolute.action
[54.377s] -- Installing: /home/maxime.leriche/Bureau/projet-rattrapage/ros2_ws/install/turtlesim/share/turtlesim/msg/Color.msg
[54.387s] -- Installing: /home/maxime.leriche/Bureau/projet-rattrapage/ros2_ws/install/turtlesim/share/turtlesim/msg/Pose.msg
[54.396s] -- Installing: /home/maxime.leriche/Bureau/projet-rattrapage/ros2_ws/install/turtlesim/share/turtlesim/srv/Kill.srv
[54.406s] -- Installing: /home/maxime.leriche/Bureau/projet-rattrapage/ros2_ws/install/turtlesim/share/turtlesim/srv/Kill_Request.msg
[54.415s] -- Installing: /home/maxime.leriche/Bureau/projet-rattrapage/ros2_ws/install/turtlesim/share/turtlesim/srv/Kill_Response.msg
[54.423s] -- Installing: /home/maxime.leriche/Bureau/projet-rattrapage/ros2_ws/install/turtlesim/share/turtlesim/srv/SetPen.srv
[54.431s] -- Installing: /home/maxime.leriche/Bureau/projet-rattrapage/ros2_ws/install/turtlesim/share/turtlesim/srv/SetPen_Request.msg
[54.440s] -- Installing: /home/maxime.leriche/Bureau/projet-rattrapage/ros2_ws/install/turtlesim/share/turtlesim/srv/SetPen_Response.msg
[54.449s] -- Installing: /home/maxime.leriche/Bureau/projet-rattrapage/ros2_ws/install/turtlesim/share/turtlesim/srv/Spawn.srv
[54.460s] -- Installing: /home/maxime.leriche/Bureau/projet-rattrapage/ros2_ws/install/turtlesim/share/turtlesim/srv/Spawn_Request.msg
[54.469s] -- Installing: /home/maxime.leriche/Bureau/projet-rattrapage/ros2_ws/install/turtlesim/share/turtlesim/srv/Spawn_Response.msg
[54.478s] -- Installing: /home/maxime.leriche/Bureau/projet-rattrapage/ros2_ws/install/turtlesim/share/turtlesim/srv/TeleportAbsolute.srv
[54.487s] -- Installing: /home/maxime.leriche/Bureau/projet-rattrapage/ros2_ws/install/turtlesim/share/turtlesim/srv/TeleportAbsolute_Request.msg
[54.496s] -- Installing: /home/maxime.leriche/Bureau/projet-rattrapage/ros2_ws/install/turtlesim/share/turtlesim/srv/TeleportAbsolute_Response.msg
[54.505s] -- Installing: /home/maxime.leriche/Bureau/projet-rattrapage/ros2_ws/install/turtlesim/share/turtlesim/srv/TeleportRelative.srv
[54.513s] -- Installing: /home/maxime.leriche/Bureau/projet-rattrapage/ros2_ws/install/turtlesim/share/turtlesim/srv/TeleportRelative_Request.msg
[54.522s] -- Installing: /home/maxime.leriche/Bureau/projet-rattrapage/ros2_ws/install/turtlesim/share/turtlesim/srv/TeleportRelative_Response.msg
[54.536s] -- Installing: /home/maxime.leriche/Bureau/projet-rattrapage/ros2_ws/install/turtlesim/lib/turtlesim/turtlesim_node
[55.502s] -- Set runtime path of "/home/maxime.leriche/Bureau/projet-rattrapage/ros2_ws/install/turtlesim/lib/turtlesim/turtlesim_node" to ""
[55.506s] -- Installing: /home/maxime.leriche/Bureau/projet-rattrapage/ros2_ws/install/turtlesim/lib/turtlesim/turtle_teleop_key
[55.692s] -- Set runtime path of "/home/maxime.leriche/Bureau/projet-rattrapage/ros2_ws/install/turtlesim/lib/turtlesim/turtle_teleop_key" to ""
[55.695s] -- Installing: /home/maxime.leriche/Bureau/projet-rattrapage/ros2_ws/install/turtlesim/lib/turtlesim/draw_square
[56.014s] -- Set runtime path of "/home/maxime.leriche/Bureau/projet-rattrapage/ros2_ws/install/turtlesim/lib/turtlesim/draw_square" to ""
[56.017s] -- Installing: /home/maxime.leriche/Bureau/projet-rattrapage/ros2_ws/install/turtlesim/lib/turtlesim/mimic
[56.310s] -- Set runtime path of "/home/maxime.leriche/Bureau/projet-rattrapage/ros2_ws/install/turtlesim/lib/turtlesim/mimic" to ""
[56.313s] -- Installing: /home/maxime.leriche/Bureau/projet-rattrapage/ros2_ws/install/turtlesim/share/turtlesim/images
[56.323s] -- Installing: /home/maxime.leriche/Bureau/projet-rattrapage/ros2_ws/install/turtlesim/share/turtlesim/images/galactic.png
[56.333s] -- Installing: /home/maxime.leriche/Bureau/projet-rattrapage/ros2_ws/install/turtlesim/share/turtlesim/images/bouncy.png
[56.343s] -- Installing: /home/maxime.leriche/Bureau/projet-rattrapage/ros2_ws/install/turtlesim/share/turtlesim/images/ardent.png
[56.360s] -- Installing: /home/maxime.leriche/Bureau/projet-rattrapage/ros2_ws/install/turtlesim/share/turtlesim/images/humble.png
[56.370s] -- Installing: /home/maxime.leriche/Bureau/projet-rattrapage/ros2_ws/install/turtlesim/share/turtlesim/images/crystal.png
[56.381s] -- Installing: /home/maxime.leriche/Bureau/projet-rattrapage/ros2_ws/install/turtlesim/share/turtlesim/images/dashing.png
[56.391s] -- Installing: /home/maxime.leriche/Bureau/projet-rattrapage/ros2_ws/install/turtlesim/share/turtlesim/images/foxy.png
[56.401s] -- Installing: /home/maxime.leriche/Bureau/projet-rattrapage/ros2_ws/install/turtlesim/share/turtlesim/images/rolling.png
[56.412s] -- Installing: /home/maxime.leriche/Bureau/projet-rattrapage/ros2_ws/install/turtlesim/share/turtlesim/images/eloquent.png
[56.422s] -- Installing: /home/maxime.leriche/Bureau/projet-rattrapage/ros2_ws/install/turtlesim/share/turtlesim/launch
[56.432s] -- Installing: /home/maxime.leriche/Bureau/projet-rattrapage/ros2_ws/install/turtlesim/share/turtlesim/launch/multisim.launch.py
[56.451s] -- Installing: /home/maxime.leriche/Bureau/projet-rattrapage/ros2_ws/install/turtlesim/share/ament_index/resource_index/package_run_dependencies/turtlesim
[56.470s] -- Installing: /home/maxime.leriche/Bureau/projet-rattrapage/ros2_ws/install/turtlesim/share/ament_index/resource_index/parent_prefix_path/turtlesim
[56.480s] -- Installing: /home/maxime.leriche/Bureau/projet-rattrapage/ros2_ws/install/turtlesim/share/turtlesim/environment/ament_prefix_path.sh
[56.490s] -- Installing: /home/maxime.leriche/Bureau/projet-rattrapage/ros2_ws/install/turtlesim/share/turtlesim/environment/ament_prefix_path.dsv
[56.499s] -- Installing: /home/maxime.leriche/Bureau/projet-rattrapage/ros2_ws/install/turtlesim/share/turtlesim/environment/path.sh
[56.508s] -- Installing: /home/maxime.leriche/Bureau/projet-rattrapage/ros2_ws/install/turtlesim/share/turtlesim/environment/path.dsv
[56.518s] -- Installing: /home/maxime.leriche/Bureau/projet-rattrapage/ros2_ws/install/turtlesim/share/turtlesim/local_setup.bash
[56.527s] -- Installing: /home/maxime.leriche/Bureau/projet-rattrapage/ros2_ws/install/turtlesim/share/turtlesim/local_setup.sh
[56.537s] -- Installing: /home/maxime.leriche/Bureau/projet-rattrapage/ros2_ws/install/turtlesim/share/turtlesim/local_setup.zsh
[56.547s] -- Installing: /home/maxime.leriche/Bureau/projet-rattrapage/ros2_ws/install/turtlesim/share/turtlesim/local_setup.dsv
[56.563s] -- Installing: /home/maxime.leriche/Bureau/projet-rattrapage/ros2_ws/install/turtlesim/share/turtlesim/package.dsv
[56.581s] -- Installing: /home/maxime.leriche/Bureau/projet-rattrapage/ros2_ws/install/turtlesim/share/ament_index/resource_index/packages/turtlesim
[56.601s] -- Installing: /home/maxime.leriche/Bureau/projet-rattrapage/ros2_ws/install/turtlesim/share/turtlesim/cmake/export_turtlesim__rosidl_generator_cExport.cmake
[56.615s] -- Installing: /home/maxime.leriche/Bureau/projet-rattrapage/ros2_ws/install/turtlesim/share/turtlesim/cmake/export_turtlesim__rosidl_generator_cExport-noconfig.cmake
[56.627s] -- Installing: /home/maxime.leriche/Bureau/projet-rattrapage/ros2_ws/install/turtlesim/share/turtlesim/cmake/export_turtlesim__rosidl_typesupport_fastrtps_cExport.cmake
[56.639s] -- Installing: /home/maxime.leriche/Bureau/projet-rattrapage/ros2_ws/install/turtlesim/share/turtlesim/cmake/export_turtlesim__rosidl_typesupport_fastrtps_cExport-noconfig.cmake
[56.651s] -- Installing: /home/maxime.leriche/Bureau/projet-rattrapage/ros2_ws/install/turtlesim/share/turtlesim/cmake/export_turtlesim__rosidl_generator_cppExport.cmake
[56.662s] -- Installing: /home/maxime.leriche/Bureau/projet-rattrapage/ros2_ws/install/turtlesim/share/turtlesim/cmake/export_turtlesim__rosidl_typesupport_fastrtps_cppExport.cmake
[56.673s] -- Installing: /home/maxime.leriche/Bureau/projet-rattrapage/ros2_ws/install/turtlesim/share/turtlesim/cmake/export_turtlesim__rosidl_typesupport_fastrtps_cppExport-noconfig.cmake
[56.685s] -- Installing: /home/maxime.leriche/Bureau/projet-rattrapage/ros2_ws/install/turtlesim/share/turtlesim/cmake/turtlesim__rosidl_typesupport_introspection_cExport.cmake
[56.698s] -- Installing: /home/maxime.leriche/Bureau/projet-rattrapage/ros2_ws/install/turtlesim/share/turtlesim/cmake/turtlesim__rosidl_typesupport_introspection_cExport-noconfig.cmake
[56.710s] -- Installing: /home/maxime.leriche/Bureau/projet-rattrapage/ros2_ws/install/turtlesim/share/turtlesim/cmake/turtlesim__rosidl_typesupport_cExport.cmake
[56.721s] -- Installing: /home/maxime.leriche/Bureau/projet-rattrapage/ros2_ws/install/turtlesim/share/turtlesim/cmake/turtlesim__rosidl_typesupport_cExport-noconfig.cmake
[56.735s] -- Installing: /home/maxime.leriche/Bureau/projet-rattrapage/ros2_ws/install/turtlesim/share/turtlesim/cmake/turtlesim__rosidl_typesupport_introspection_cppExport.cmake
[56.749s] -- Installing: /home/maxime.leriche/Bureau/projet-rattrapage/ros2_ws/install/turtlesim/share/turtlesim/cmake/turtlesim__rosidl_typesupport_introspection_cppExport-noconfig.cmake
[56.760s] -- Installing: /home/maxime.leriche/Bureau/projet-rattrapage/ros2_ws/install/turtlesim/share/turtlesim/cmake/turtlesim__rosidl_typesupport_cppExport.cmake
[56.773s] -- Installing: /home/maxime.leriche/Bureau/projet-rattrapage/ros2_ws/install/turtlesim/share/turtlesim/cmake/turtlesim__rosidl_typesupport_cppExport-noconfig.cmake
[56.787s] -- Installing: /home/maxime.leriche/Bureau/projet-rattrapage/ros2_ws/install/turtlesim/share/turtlesim/cmake/export_turtlesim__rosidl_generator_pyExport.cmake
[56.799s] -- Installing: /home/maxime.leriche/Bureau/projet-rattrapage/ros2_ws/install/turtlesim/share/turtlesim/cmake/export_turtlesim__rosidl_generator_pyExport-noconfig.cmake
[56.810s] -- Installing: /home/maxime.leriche/Bureau/projet-rattrapage/ros2_ws/install/turtlesim/share/turtlesim/cmake/rosidl_cmake-extras.cmake
[56.821s] -- Installing: /home/maxime.leriche/Bureau/projet-rattrapage/ros2_ws/install/turtlesim/share/turtlesim/cmake/ament_cmake_export_dependencies-extras.cmake
[56.832s] -- Installing: /home/maxime.leriche/Bureau/projet-rattrapage/ros2_ws/install/turtlesim/share/turtlesim/cmake/ament_cmake_export_include_directories-extras.cmake
[56.842s] -- Installing: /home/maxime.leriche/Bureau/projet-rattrapage/ros2_ws/install/turtlesim/share/turtlesim/cmake/ament_cmake_export_libraries-extras.cmake
[56.853s] -- Installing: /home/maxime.leriche/Bureau/projet-rattrapage/ros2_ws/install/turtlesim/share/turtlesim/cmake/ament_cmake_export_targets-extras.cmake
[56.863s] -- Installing: /home/maxime.leriche/Bureau/projet-rattrapage/ros2_ws/install/turtlesim/share/turtlesim/cmake/rosidl_cmake_export_typesupport_targets-extras.cmake
[56.873s] -- Installing: /home/maxime.leriche/Bureau/projet-rattrapage/ros2_ws/install/turtlesim/share/turtlesim/cmake/rosidl_cmake_export_typesupport_libraries-extras.cmake
[56.884s] -- Installing: /home/maxime.leriche/Bureau/projet-rattrapage/ros2_ws/install/turtlesim/share/turtlesim/cmake/turtlesimConfig.cmake
[56.893s] -- Installing: /home/maxime.leriche/Bureau/projet-rattrapage/ros2_ws/install/turtlesim/share/turtlesim/cmake/turtlesimConfig-version.cmake
[56.902s] -- Installing: /home/maxime.leriche/Bureau/projet-rattrapage/ros2_ws/install/turtlesim/share/turtlesim/package.xml
[56.923s] Invoked command in '/home/maxime.leriche/Bureau/projet-rattrapage/ros2_ws/build/turtlesim' returned '0': CMAKE_PREFIX_PATH=/opt/ros/humble /usr/bin/cmake --install /home/maxime.leriche/Bureau/projet-rattrapage/ros2_ws/build/turtlesim
