[0.000000] (-) TimerEvent: {}
[0.000164] (-) JobUnselected: {'identifier': 'my_package'}
[0.000220] (-) JobUnselected: {'identifier': 'py_pubsub'}
[0.000247] (-) JobUnselected: {'identifier': 'tutorial_interfaces'}
[0.000399] (py_srvcli) JobQueued: {'identifier': 'py_srvcli', 'dependencies': OrderedDict([('tutorial_interfaces', '/home/maxime.leriche/Bureau/projet-rattrapage/ros2_ws/install/tutorial_interfaces')])}
[0.000433] (py_srvcli) JobStarted: {'identifier': 'py_srvcli'}
[0.097710] (-) TimerEvent: {}
[0.198015] (-) TimerEvent: {}
[0.298318] (-) TimerEvent: {}
[0.398717] (-) TimerEvent: {}
[0.499030] (-) TimerEvent: {}
[0.599269] (-) TimerEvent: {}
[0.699565] (-) TimerEvent: {}
[0.799884] (-) TimerEvent: {}
[0.900207] (-) TimerEvent: {}
[1.000505] (-) TimerEvent: {}
[1.100800] (-) TimerEvent: {}
[1.202519] (-) TimerEvent: {}
[1.278992] (py_srvcli) Command: {'cmd': ['/usr/bin/python3', 'setup.py', 'egg_info', '--egg-base', '../../build/py_srvcli', 'build', '--build-base', '/home/maxime.leriche/Bureau/projet-rattrapage/ros2_ws/build/py_srvcli/build', 'install', '--record', '/home/maxime.leriche/Bureau/projet-rattrapage/ros2_ws/build/py_srvcli/install.log', '--single-version-externally-managed'], 'cwd': '/home/maxime.leriche/Bureau/projet-rattrapage/ros2_ws/src/py_srvcli', 'env': {'USER': 'maxime.leriche', 'PT8HOME': '/opt/pt', 'XDG_SESSION_TYPE': 'x11', 'XDG_CACHE_HOME': '/run/shm/.cache/maxime.leriche', 'SHLVL': '1', 'LD_LIBRARY_PATH': '/home/maxime.leriche/Bureau/projet-rattrapage/ros2_ws/install/tutorial_interfaces/lib:/home/maxime.leriche/Bureau/projet-rattrapage/ros2_ws/install/turtlesim/lib:/usr/lib/x86_64-linux-gnu/gazebo-11/plugins:/opt/ros/humble/opt/rviz_ogre_vendor/lib:/opt/ros/humble/lib/x86_64-linux-gnu:/opt/ros/humble/lib', 'HOME': '/home/maxime.leriche', 'OLDPWD': '/home/maxime.leriche/Bureau/projet-rattrapage/ros2_ws/src', 'DESKTOP_SESSION': 'ubuntu', 'ROS_PYTHON_VERSION': '3', 'GNOME_SHELL_SESSION_MODE': 'ubuntu', 'GTK_MODULES': 'gail:atk-bridge', 'MANAGERPID': '66503', 'SYSTEMD_EXEC_PID': '67261', 'DBUS_SESSION_BUS_ADDRESS': 'unix:path=/run/user/30333/bus', 'COLORTERM': 'truecolor', 'TERMINATOR_DBUS_NAME': 'net.tenshu.Terminator23558193cd9818af7fe4d2c2f5bd9d00f', 'LIBVIRT_DEFAULT_URI': 'qemu:///system', 'GIO_LAUNCHED_DESKTOP_FILE_PID': '72597', '_colcon_cd_root': '/opt/ros/humble/', 'COLCON_PREFIX_PATH': '/home/maxime.leriche/Bureau/projet-rattrapage/ros2_ws/install', 'ROS_DISTRO': 'humble', 'GTK_IM_MODULE': 'ibus', 'LOGNAME': 'maxime.leriche', 'JOURNAL_STREAM': '8:283345', '_': '/usr/bin/colcon', 'ROS_VERSION': '2', 'XDG_SESSION_CLASS': 'user', 'USERNAME': 'maxime.leriche', 'TERM': 'xterm-256color', 'GNOME_DESKTOP_SESSION_ID': 'this-is-deprecated', 'ROS_LOCALHOST_ONLY': '1', 'WINDOWPATH': '2', 'PATH': '/opt/ros/humble/bin:/softwares/bin:/usr/local/cpe/bin:/usr/local/cpe/sbin:/usr/local/sbin:/usr/local/bin:/usr/sbin:/usr/bin:/sbin:/bin:/snap/bin', 'SESSION_MANAGER': 'local/tparlem03.cpe.lan:@/tmp/.ICE-unix/66900,unix/tparlem03.cpe.lan:/tmp/.ICE-unix/66900', 'INVOCATION_ID': 'aec319c97e8f47d89540d70760907dd8', 'XDG_MENU_PREFIX': 'gnome-', 'XDG_RUNTIME_DIR': '/run/user/30333', 'DISPLAY': ':1', 'TERMINATOR_DBUS_PATH': '/net/tenshu/Terminator2', 'LANG': 'fr_FR.UTF-8', 'XDG_CURRENT_DESKTOP': 'ubuntu:GNOME', 'IBUS_DISABLE_SNOOPER': '1', 'XMODIFIERS': '@im=ibus', 'XDG_SESSION_DESKTOP': 'ubuntu', 'XAUTHORITY': '/run/user/30333/gdm/Xauthority', 'SSH_AGENT_LAUNCHER': 'gnome-keyring', 'SSH_AUTH_SOCK': '/run/user/30333/keyring/ssh', 'ROS_DOMAIN_ID': '0', 'AMENT_PREFIX_PATH': '/home/maxime.leriche/Bureau/projet-rattrapage/ros2_ws/install/tutorial_interfaces:/home/maxime.leriche/Bureau/projet-rattrapage/ros2_ws/install/py_srvcli:/home/maxime.leriche/Bureau/projet-rattrapage/ros2_ws/install/turtlesim:/home/maxime.leriche/Bureau/projet-rattrapage/ros2_ws/install/py_pubsub:/home/maxime.leriche/Bureau/projet-rattrapage/ros2_ws/install/my_package:/opt/ros/humble', 'DEBIAN_FRONTEND': 'noninteractive', 'SHELL': '/bin/bash', 'TERMINATOR_UUID': 'urn:uuid:9f0cbd6e-7d99-4d4c-9e56-8282558cbce9', 'QT_ACCESSIBILITY': '1', 'GDMSESSION': 'ubuntu', 'GPG_AGENT_INFO': '/run/user/30333/gnupg/S.gpg-agent:0:1', 'QT_IM_MODULE': 'ibus', 'PWD': '/home/maxime.leriche/Bureau/projet-rattrapage/ros2_ws/build/py_srvcli', 'XDG_CONFIG_DIRS': '/etc/xdg/xdg-ubuntu:/etc/xdg', 'XDG_DATA_DIRS': '/usr/share/ubuntu:/usr/share/gnome:/home/maxime.leriche/.local/share/flatpak/exports/share:/var/lib/flatpak/exports/share:/usr/local/share/:/usr/share/:/var/lib/snapd/desktop', 'PYTHONPATH': '/home/maxime.leriche/Bureau/projet-rattrapage/ros2_ws/build/py_srvcli/prefix_override:/home/maxime.leriche/Bureau/projet-rattrapage/ros2_ws/install/py_srvcli/lib/python3.10/site-packages:/home/maxime.leriche/Bureau/projet-rattrapage/ros2_ws/install/tutorial_interfaces/local/lib/python3.10/dist-packages:/home/maxime.leriche/Bureau/projet-rattrapage/ros2_ws/install/py_srvcli/lib/python3.10/site-packages:/home/maxime.leriche/Bureau/projet-rattrapage/ros2_ws/install/turtlesim/local/lib/python3.10/dist-packages:/home/maxime.leriche/Bureau/projet-rattrapage/ros2_ws/install/py_pubsub/lib/python3.10/site-packages:/home/maxime.leriche/Bureau/projet-rattrapage/ros2_ws/install/my_package/lib/python3.10/site-packages:/opt/ros/humble/lib/python3.10/site-packages:/opt/ros/humble/local/lib/python3.10/dist-packages', 'COLCON': '1', 'VTE_VERSION': '6800', 'CMAKE_PREFIX_PATH': '/home/maxime.leriche/Bureau/projet-rattrapage/ros2_ws/install/tutorial_interfaces:/home/maxime.leriche/Bureau/projet-rattrapage/ros2_ws/install/turtlesim'}, 'shell': False}
[1.302635] (-) TimerEvent: {}
[1.403022] (-) TimerEvent: {}
[1.503419] (-) TimerEvent: {}
[1.603718] (-) TimerEvent: {}
[1.689865] (py_srvcli) StdoutLine: {'line': b'running egg_info\n'}
[1.691628] (py_srvcli) StdoutLine: {'line': b'writing ../../build/py_srvcli/py_srvcli.egg-info/PKG-INFO\n'}
[1.694485] (py_srvcli) StdoutLine: {'line': b'writing dependency_links to ../../build/py_srvcli/py_srvcli.egg-info/dependency_links.txt\n'}
[1.696737] (py_srvcli) StdoutLine: {'line': b'writing entry points to ../../build/py_srvcli/py_srvcli.egg-info/entry_points.txt\n'}
[1.699142] (py_srvcli) StdoutLine: {'line': b'writing requirements to ../../build/py_srvcli/py_srvcli.egg-info/requires.txt\n'}
[1.701166] (py_srvcli) StdoutLine: {'line': b'writing top-level names to ../../build/py_srvcli/py_srvcli.egg-info/top_level.txt\n'}
[1.703780] (-) TimerEvent: {}
[1.711121] (py_srvcli) StdoutLine: {'line': b"reading manifest file '../../build/py_srvcli/py_srvcli.egg-info/SOURCES.txt'\n"}
[1.714505] (py_srvcli) StdoutLine: {'line': b"writing manifest file '../../build/py_srvcli/py_srvcli.egg-info/SOURCES.txt'\n"}
[1.716569] (py_srvcli) StdoutLine: {'line': b'running build\n'}
[1.717003] (py_srvcli) StdoutLine: {'line': b'running build_py\n'}
[1.718137] (py_srvcli) StdoutLine: {'line': b'copying py_srvcli/service_member_function.py -> /home/maxime.leriche/Bureau/projet-rattrapage/ros2_ws/build/py_srvcli/build/lib/py_srvcli\n'}
[1.723911] (py_srvcli) StdoutLine: {'line': b'copying py_srvcli/client_member_function.py -> /home/maxime.leriche/Bureau/projet-rattrapage/ros2_ws/build/py_srvcli/build/lib/py_srvcli\n'}
[1.728501] (py_srvcli) StdoutLine: {'line': b'running install\n'}
[1.728687] (py_srvcli) StderrLine: {'line': b'/usr/lib/python3/dist-packages/setuptools/command/install.py:34: SetuptoolsDeprecationWarning: setup.py install is deprecated. Use build and pip and other standards-based tools.\n'}
[1.729642] (py_srvcli) StderrLine: {'line': b'  warnings.warn(\n'}
[1.729737] (py_srvcli) StdoutLine: {'line': b'running install_lib\n'}
[1.732732] (py_srvcli) StdoutLine: {'line': b'copying /home/maxime.leriche/Bureau/projet-rattrapage/ros2_ws/build/py_srvcli/build/lib/py_srvcli/service_member_function.py -> /home/maxime.leriche/Bureau/projet-rattrapage/ros2_ws/install/py_srvcli/lib/python3.10/site-packages/py_srvcli\n'}
[1.739927] (py_srvcli) StdoutLine: {'line': b'copying /home/maxime.leriche/Bureau/projet-rattrapage/ros2_ws/build/py_srvcli/build/lib/py_srvcli/client_member_function.py -> /home/maxime.leriche/Bureau/projet-rattrapage/ros2_ws/install/py_srvcli/lib/python3.10/site-packages/py_srvcli\n'}
[1.746343] (py_srvcli) StdoutLine: {'line': b'byte-compiling /home/maxime.leriche/Bureau/projet-rattrapage/ros2_ws/install/py_srvcli/lib/python3.10/site-packages/py_srvcli/service_member_function.py to service_member_function.cpython-310.pyc\n'}
[1.753592] (py_srvcli) StdoutLine: {'line': b'byte-compiling /home/maxime.leriche/Bureau/projet-rattrapage/ros2_ws/install/py_srvcli/lib/python3.10/site-packages/py_srvcli/client_member_function.py to client_member_function.cpython-310.pyc\n'}
[1.759159] (py_srvcli) StdoutLine: {'line': b'running install_data\n'}
[1.761195] (py_srvcli) StdoutLine: {'line': b'copying package.xml -> /home/maxime.leriche/Bureau/projet-rattrapage/ros2_ws/install/py_srvcli/share/py_srvcli\n'}
[1.765317] (py_srvcli) StdoutLine: {'line': b'running install_egg_info\n'}
[1.767435] (py_srvcli) StdoutLine: {'line': b"removing '/home/maxime.leriche/Bureau/projet-rattrapage/ros2_ws/install/py_srvcli/lib/python3.10/site-packages/py_srvcli-0.0.0-py3.10.egg-info' (and everything under it)\n"}
[1.778278] (py_srvcli) StdoutLine: {'line': b'Copying ../../build/py_srvcli/py_srvcli.egg-info to /home/maxime.leriche/Bureau/projet-rattrapage/ros2_ws/install/py_srvcli/lib/python3.10/site-packages/py_srvcli-0.0.0-py3.10.egg-info\n'}
[1.803878] (-) TimerEvent: {}
[1.815210] (py_srvcli) StdoutLine: {'line': b'running install_scripts\n'}
[1.841320] (py_srvcli) StdoutLine: {'line': b'Installing client script to /home/maxime.leriche/Bureau/projet-rattrapage/ros2_ws/install/py_srvcli/lib/py_srvcli\n'}
[1.844927] (py_srvcli) StdoutLine: {'line': b'Installing service script to /home/maxime.leriche/Bureau/projet-rattrapage/ros2_ws/install/py_srvcli/lib/py_srvcli\n'}
[1.850168] (py_srvcli) StdoutLine: {'line': b"writing list of installed files to '/home/maxime.leriche/Bureau/projet-rattrapage/ros2_ws/build/py_srvcli/install.log'\n"}
[1.885128] (py_srvcli) CommandEnded: {'returncode': 0}
[1.904008] (-) TimerEvent: {}
[1.951061] (py_srvcli) JobEnded: {'identifier': 'py_srvcli', 'rc': 0}
[1.954500] (-) EventReactorShutdown: {}
