[1.136s] Invoking command in '/home/maxime.leriche/Bureau/projet-rattrapage/ros2_ws/src/py_srvcli': PYTHONPATH=/home/maxime.leriche/Bureau/projet-rattrapage/ros2_ws/build/py_srvcli/prefix_override:/home/maxime.leriche/Bureau/projet-rattrapage/ros2_ws/install/py_srvcli/lib/python3.10/site-packages:${PYTHONPATH} /usr/bin/python3 setup.py egg_info --egg-base ../../build/py_srvcli build --build-base /home/maxime.leriche/Bureau/projet-rattrapage/ros2_ws/build/py_srvcli/build install --record /home/maxime.leriche/Bureau/projet-rattrapage/ros2_ws/build/py_srvcli/install.log --single-version-externally-managed
[1.508s] running egg_info
[1.510s] creating ../../build/py_srvcli/py_srvcli.egg-info
[1.512s] writing ../../build/py_srvcli/py_srvcli.egg-info/PKG-INFO
[1.518s] writing dependency_links to ../../build/py_srvcli/py_srvcli.egg-info/dependency_links.txt
[1.522s] writing entry points to ../../build/py_srvcli/py_srvcli.egg-info/entry_points.txt
[1.525s] writing requirements to ../../build/py_srvcli/py_srvcli.egg-info/requires.txt
[1.528s] writing top-level names to ../../build/py_srvcli/py_srvcli.egg-info/top_level.txt
[1.531s] writing manifest file '../../build/py_srvcli/py_srvcli.egg-info/SOURCES.txt'
[1.543s] reading manifest file '../../build/py_srvcli/py_srvcli.egg-info/SOURCES.txt'
[1.547s] writing manifest file '../../build/py_srvcli/py_srvcli.egg-info/SOURCES.txt'
[1.549s] running build
[1.549s] running build_py
[1.550s] creating /home/maxime.leriche/Bureau/projet-rattrapage/ros2_ws/build/py_srvcli/build
[1.551s] creating /home/maxime.leriche/Bureau/projet-rattrapage/ros2_ws/build/py_srvcli/build/lib
[1.553s] creating /home/maxime.leriche/Bureau/projet-rattrapage/ros2_ws/build/py_srvcli/build/lib/py_srvcli
[1.557s] copying py_srvcli/service_member_function.py -> /home/maxime.leriche/Bureau/projet-rattrapage/ros2_ws/build/py_srvcli/build/lib/py_srvcli
[1.561s] copying py_srvcli/__init__.py -> /home/maxime.leriche/Bureau/projet-rattrapage/ros2_ws/build/py_srvcli/build/lib/py_srvcli
[1.564s] copying py_srvcli/client_member_function.py -> /home/maxime.leriche/Bureau/projet-rattrapage/ros2_ws/build/py_srvcli/build/lib/py_srvcli
[1.568s] running install
[1.569s] /usr/lib/python3/dist-packages/setuptools/command/install.py:34: SetuptoolsDeprecationWarning: setup.py install is deprecated. Use build and pip and other standards-based tools.
[1.569s]   warnings.warn(
[1.570s] running install_lib
[1.574s] creating /home/maxime.leriche/Bureau/projet-rattrapage/ros2_ws/install/py_srvcli/lib/python3.10/site-packages/py_srvcli
[1.577s] copying /home/maxime.leriche/Bureau/projet-rattrapage/ros2_ws/build/py_srvcli/build/lib/py_srvcli/service_member_function.py -> /home/maxime.leriche/Bureau/projet-rattrapage/ros2_ws/install/py_srvcli/lib/python3.10/site-packages/py_srvcli
[1.582s] copying /home/maxime.leriche/Bureau/projet-rattrapage/ros2_ws/build/py_srvcli/build/lib/py_srvcli/__init__.py -> /home/maxime.leriche/Bureau/projet-rattrapage/ros2_ws/install/py_srvcli/lib/python3.10/site-packages/py_srvcli
[1.586s] copying /home/maxime.leriche/Bureau/projet-rattrapage/ros2_ws/build/py_srvcli/build/lib/py_srvcli/client_member_function.py -> /home/maxime.leriche/Bureau/projet-rattrapage/ros2_ws/install/py_srvcli/lib/python3.10/site-packages/py_srvcli
[1.593s] byte-compiling /home/maxime.leriche/Bureau/projet-rattrapage/ros2_ws/install/py_srvcli/lib/python3.10/site-packages/py_srvcli/service_member_function.py to service_member_function.cpython-310.pyc
[1.601s] byte-compiling /home/maxime.leriche/Bureau/projet-rattrapage/ros2_ws/install/py_srvcli/lib/python3.10/site-packages/py_srvcli/__init__.py to __init__.cpython-310.pyc
[1.606s] byte-compiling /home/maxime.leriche/Bureau/projet-rattrapage/ros2_ws/install/py_srvcli/lib/python3.10/site-packages/py_srvcli/client_member_function.py to client_member_function.cpython-310.pyc
[1.612s] running install_data
[1.613s] creating /home/maxime.leriche/Bureau/projet-rattrapage/ros2_ws/install/py_srvcli/share/ament_index
[1.614s] creating /home/maxime.leriche/Bureau/projet-rattrapage/ros2_ws/install/py_srvcli/share/ament_index/resource_index
[1.616s] creating /home/maxime.leriche/Bureau/projet-rattrapage/ros2_ws/install/py_srvcli/share/ament_index/resource_index/packages
[1.622s] copying resource/py_srvcli -> /home/maxime.leriche/Bureau/projet-rattrapage/ros2_ws/install/py_srvcli/share/ament_index/resource_index/packages
[1.627s] copying package.xml -> /home/maxime.leriche/Bureau/projet-rattrapage/ros2_ws/install/py_srvcli/share/py_srvcli
[1.630s] running install_egg_info
[1.634s] Copying ../../build/py_srvcli/py_srvcli.egg-info to /home/maxime.leriche/Bureau/projet-rattrapage/ros2_ws/install/py_srvcli/lib/python3.10/site-packages/py_srvcli-0.0.0-py3.10.egg-info
[1.679s] running install_scripts
[1.706s] Installing client script to /home/maxime.leriche/Bureau/projet-rattrapage/ros2_ws/install/py_srvcli/lib/py_srvcli
[1.712s] Installing service script to /home/maxime.leriche/Bureau/projet-rattrapage/ros2_ws/install/py_srvcli/lib/py_srvcli
[1.717s] writing list of installed files to '/home/maxime.leriche/Bureau/projet-rattrapage/ros2_ws/build/py_srvcli/install.log'
[1.755s] Invoked command in '/home/maxime.leriche/Bureau/projet-rattrapage/ros2_ws/src/py_srvcli' returned '0': PYTHONPATH=/home/maxime.leriche/Bureau/projet-rattrapage/ros2_ws/build/py_srvcli/prefix_override:/home/maxime.leriche/Bureau/projet-rattrapage/ros2_ws/install/py_srvcli/lib/python3.10/site-packages:${PYTHONPATH} /usr/bin/python3 setup.py egg_info --egg-base ../../build/py_srvcli build --build-base /home/maxime.leriche/Bureau/projet-rattrapage/ros2_ws/build/py_srvcli/build install --record /home/maxime.leriche/Bureau/projet-rattrapage/ros2_ws/build/py_srvcli/install.log --single-version-externally-managed
