[0.000000] (-) TimerEvent: {}
[0.000129] (-) JobUnselected: {'identifier': 'my_package'}
[0.000178] (-) JobUnselected: {'identifier': 'py_pubsub'}
[0.000202] (-) JobUnselected: {'identifier': 'py_srvcli'}
[0.000227] (tutorial_interfaces) JobQueued: {'identifier': 'tutorial_interfaces', 'dependencies': OrderedDict()}
[0.000253] (tutorial_interfaces) JobStarted: {'identifier': 'tutorial_interfaces'}
[0.031130] (tutorial_interfaces) JobProgress: {'identifier': 'tutorial_interfaces', 'progress': 'cmake'}
[0.037742] (tutorial_interfaces) Command: {'cmd': ['/usr/bin/cmake', '/home/maxime.leriche/Bureau/projet-rattrapage/ros2_ws/src/tutorial_interfaces', '-DCMAKE_INSTALL_PREFIX=/home/maxime.leriche/Bureau/projet-rattrapage/ros2_ws/install/tutorial_interfaces'], 'cwd': '/home/maxime.leriche/Bureau/projet-rattrapage/ros2_ws/build/tutorial_interfaces', 'env': OrderedDict([('USER', 'maxime.leriche'), ('PT8HOME', '/opt/pt'), ('XDG_SESSION_TYPE', 'x11'), ('XDG_CACHE_HOME', '/run/shm/.cache/maxime.leriche'), ('SHLVL', '1'), ('LD_LIBRARY_PATH', '/home/maxime.leriche/Bureau/projet-rattrapage/ros2_ws/install/turtlesim/lib:/usr/lib/x86_64-linux-gnu/gazebo-11/plugins:/opt/ros/humble/opt/rviz_ogre_vendor/lib:/opt/ros/humble/lib/x86_64-linux-gnu:/opt/ros/humble/lib'), ('HOME', '/home/maxime.leriche'), ('OLDPWD', '/home/maxime.leriche/Bureau/projet-rattrapage/ros2_ws/src'), ('DESKTOP_SESSION', 'ubuntu'), ('ROS_PYTHON_VERSION', '3'), ('GNOME_SHELL_SESSION_MODE', 'ubuntu'), ('GTK_MODULES', 'gail:atk-bridge'), ('MANAGERPID', '66503'), ('SYSTEMD_EXEC_PID', '67261'), ('DBUS_SESSION_BUS_ADDRESS', 'unix:path=/run/user/30333/bus'), ('COLORTERM', 'truecolor'), ('TERMINATOR_DBUS_NAME', 'net.tenshu.Terminator23558193cd9818af7fe4d2c2f5bd9d00f'), ('LIBVIRT_DEFAULT_URI', 'qemu:///system'), ('GIO_LAUNCHED_DESKTOP_FILE_PID', '72597'), ('_colcon_cd_root', '/opt/ros/humble/'), ('COLCON_PREFIX_PATH', '/home/maxime.leriche/Bureau/projet-rattrapage/ros2_ws/install'), ('ROS_DISTRO', 'humble'), ('GTK_IM_MODULE', 'ibus'), ('LOGNAME', 'maxime.leriche'), ('JOURNAL_STREAM', '8:283345'), ('_', '/usr/bin/colcon'), ('ROS_VERSION', '2'), ('XDG_SESSION_CLASS', 'user'), ('USERNAME', 'maxime.leriche'), ('TERM', 'xterm-256color'), ('GNOME_DESKTOP_SESSION_ID', 'this-is-deprecated'), ('ROS_LOCALHOST_ONLY', '1'), ('WINDOWPATH', '2'), ('PATH', '/opt/ros/humble/bin:/softwares/bin:/usr/local/cpe/bin:/usr/local/cpe/sbin:/usr/local/sbin:/usr/local/bin:/usr/sbin:/usr/bin:/sbin:/bin:/snap/bin'), ('SESSION_MANAGER', 'local/tparlem03.cpe.lan:@/tmp/.ICE-unix/66900,unix/tparlem03.cpe.lan:/tmp/.ICE-unix/66900'), ('INVOCATION_ID', 'aec319c97e8f47d89540d70760907dd8'), ('XDG_MENU_PREFIX', 'gnome-'), ('XDG_RUNTIME_DIR', '/run/user/30333'), ('DISPLAY', ':1'), ('TERMINATOR_DBUS_PATH', '/net/tenshu/Terminator2'), ('LANG', 'fr_FR.UTF-8'), ('XDG_CURRENT_DESKTOP', 'ubuntu:GNOME'), ('IBUS_DISABLE_SNOOPER', '1'), ('XMODIFIERS', '@im=ibus'), ('XDG_SESSION_DESKTOP', 'ubuntu'), ('XAUTHORITY', '/run/user/30333/gdm/Xauthority'), ('SSH_AGENT_LAUNCHER', 'gnome-keyring'), ('SSH_AUTH_SOCK', '/run/user/30333/keyring/ssh'), ('ROS_DOMAIN_ID', '0'), ('AMENT_PREFIX_PATH', '/home/maxime.leriche/Bureau/projet-rattrapage/ros2_ws/install/py_srvcli:/home/maxime.leriche/Bureau/projet-rattrapage/ros2_ws/install/turtlesim:/home/maxime.leriche/Bureau/projet-rattrapage/ros2_ws/install/py_pubsub:/home/maxime.leriche/Bureau/projet-rattrapage/ros2_ws/install/my_package:/opt/ros/humble'), ('DEBIAN_FRONTEND', 'noninteractive'), ('SHELL', '/bin/bash'), ('TERMINATOR_UUID', 'urn:uuid:9f0cbd6e-7d99-4d4c-9e56-8282558cbce9'), ('QT_ACCESSIBILITY', '1'), ('GDMSESSION', 'ubuntu'), ('GPG_AGENT_INFO', '/run/user/30333/gnupg/S.gpg-agent:0:1'), ('QT_IM_MODULE', 'ibus'), ('PWD', '/home/maxime.leriche/Bureau/projet-rattrapage/ros2_ws/build/tutorial_interfaces'), ('XDG_CONFIG_DIRS', '/etc/xdg/xdg-ubuntu:/etc/xdg'), ('XDG_DATA_DIRS', '/usr/share/ubuntu:/usr/share/gnome:/home/maxime.leriche/.local/share/flatpak/exports/share:/var/lib/flatpak/exports/share:/usr/local/share/:/usr/share/:/var/lib/snapd/desktop'), ('PYTHONPATH', '/home/maxime.leriche/Bureau/projet-rattrapage/ros2_ws/install/py_srvcli/lib/python3.10/site-packages:/home/maxime.leriche/Bureau/projet-rattrapage/ros2_ws/install/turtlesim/local/lib/python3.10/dist-packages:/home/maxime.leriche/Bureau/projet-rattrapage/ros2_ws/install/py_pubsub/lib/python3.10/site-packages:/home/maxime.leriche/Bureau/projet-rattrapage/ros2_ws/install/my_package/lib/python3.10/site-packages:/opt/ros/humble/lib/python3.10/site-packages:/opt/ros/humble/local/lib/python3.10/dist-packages'), ('COLCON', '1'), ('VTE_VERSION', '6800'), ('CMAKE_PREFIX_PATH', '/home/maxime.leriche/Bureau/projet-rattrapage/ros2_ws/install/turtlesim:/home/maxime.leriche/Bureau/projet-rattrapage/ros2_ws/install/py_srvcli:/home/maxime.leriche/Bureau/projet-rattrapage/ros2_ws/install/py_pubsub:/home/maxime.leriche/Bureau/projet-rattrapage/ros2_ws/install/my_package:/opt/ros/humble')]), 'shell': False}
[0.059991] (tutorial_interfaces) StdoutLine: {'line': b'-- Found ament_cmake: 1.3.5 (/opt/ros/humble/share/ament_cmake/cmake)\n'}
[0.097933] (-) TimerEvent: {}
[0.198227] (-) TimerEvent: {}
[0.278734] (tutorial_interfaces) StdoutLine: {'line': b'-- Found ament_lint_auto: 0.12.7 (/opt/ros/humble/share/ament_lint_auto/cmake)\n'}
[0.298317] (-) TimerEvent: {}
[0.374136] (tutorial_interfaces) StdoutLine: {'line': b'-- Found geometry_msgs: 4.2.3 (/opt/ros/humble/share/geometry_msgs/cmake)\n'}
[0.398455] (-) TimerEvent: {}
[0.427753] (tutorial_interfaces) StdoutLine: {'line': b'-- Found rosidl_generator_c: 3.1.5 (/opt/ros/humble/share/rosidl_generator_c/cmake)\n'}
[0.431168] (tutorial_interfaces) StdoutLine: {'line': b'-- Found rosidl_adapter: 3.1.5 (/opt/ros/humble/share/rosidl_adapter/cmake)\n'}
[0.439353] (tutorial_interfaces) StdoutLine: {'line': b'-- Found rosidl_generator_cpp: 3.1.5 (/opt/ros/humble/share/rosidl_generator_cpp/cmake)\n'}
[0.453630] (tutorial_interfaces) StdoutLine: {'line': b'-- Using all available rosidl_typesupport_c: rosidl_typesupport_fastrtps_c;rosidl_typesupport_introspection_c\n'}
[0.474698] (tutorial_interfaces) StdoutLine: {'line': b'-- Using all available rosidl_typesupport_cpp: rosidl_typesupport_fastrtps_cpp;rosidl_typesupport_introspection_cpp\n'}
[0.498541] (-) TimerEvent: {}
[0.598843] (-) TimerEvent: {}
[0.625770] (tutorial_interfaces) StdoutLine: {'line': b'-- Found rosidl_default_generators: 1.2.0 (/opt/ros/humble/share/rosidl_default_generators/cmake)\n'}
[0.698939] (-) TimerEvent: {}
[0.799232] (-) TimerEvent: {}
[0.899579] (-) TimerEvent: {}
[0.999956] (-) TimerEvent: {}
[1.100382] (-) TimerEvent: {}
[1.200754] (-) TimerEvent: {}
[1.301192] (-) TimerEvent: {}
[1.400979] (tutorial_interfaces) StdoutLine: {'line': b'-- Found ament_cmake_ros: 0.10.0 (/opt/ros/humble/share/ament_cmake_ros/cmake)\n'}
[1.401220] (-) TimerEvent: {}
[1.502452] (-) TimerEvent: {}
[1.602794] (-) TimerEvent: {}
[1.703114] (-) TimerEvent: {}
[1.803506] (-) TimerEvent: {}
[1.903885] (-) TimerEvent: {}
[2.004281] (-) TimerEvent: {}
[2.104645] (-) TimerEvent: {}
[2.205142] (-) TimerEvent: {}
[2.305455] (-) TimerEvent: {}
[2.405801] (-) TimerEvent: {}
[2.506165] (-) TimerEvent: {}
[2.606514] (-) TimerEvent: {}
[2.706841] (-) TimerEvent: {}
[2.807177] (-) TimerEvent: {}
[2.907585] (-) TimerEvent: {}
[3.008014] (-) TimerEvent: {}
[3.108340] (-) TimerEvent: {}
[3.208702] (-) TimerEvent: {}
[3.309162] (-) TimerEvent: {}
[3.409479] (-) TimerEvent: {}
[3.509767] (-) TimerEvent: {}
[3.595281] (tutorial_interfaces) StdoutLine: {'line': b'-- Using all available rosidl_typesupport_c: rosidl_typesupport_fastrtps_c;rosidl_typesupport_introspection_c\n'}
[3.609840] (-) TimerEvent: {}
[3.710110] (-) TimerEvent: {}
[3.810445] (-) TimerEvent: {}
[3.910735] (-) TimerEvent: {}
[4.011054] (-) TimerEvent: {}
[4.111377] (-) TimerEvent: {}
[4.211731] (-) TimerEvent: {}
[4.312099] (-) TimerEvent: {}
[4.410000] (tutorial_interfaces) StdoutLine: {'line': b'-- Using all available rosidl_typesupport_cpp: rosidl_typesupport_fastrtps_cpp;rosidl_typesupport_introspection_cpp\n'}
[4.412172] (-) TimerEvent: {}
[4.454179] (tutorial_interfaces) StdoutLine: {'line': b'-- Found PythonInterp: /usr/bin/python3 (found suitable version "3.10.12", minimum required is "3.6") \n'}
[4.494972] (tutorial_interfaces) StdoutLine: {'line': b'-- Found python_cmake_module: 0.10.0 (/opt/ros/humble/share/python_cmake_module/cmake)\n'}
[4.512297] (-) TimerEvent: {}
[4.554778] (tutorial_interfaces) StdoutLine: {'line': b'-- Found PythonLibs: /usr/lib/x86_64-linux-gnu/libpython3.10.so (found suitable version "3.10.12", minimum required is "3.5") \n'}
[4.555005] (tutorial_interfaces) StdoutLine: {'line': b'-- Using PYTHON_EXECUTABLE: /usr/bin/python3\n'}
[4.556092] (tutorial_interfaces) StdoutLine: {'line': b'-- Using PYTHON_INCLUDE_DIRS: /usr/include/python3.10\n'}
[4.557094] (tutorial_interfaces) StdoutLine: {'line': b'-- Using PYTHON_LIBRARIES: /usr/lib/x86_64-linux-gnu/libpython3.10.so\n'}
[4.588848] (tutorial_interfaces) StdoutLine: {'line': b'-- Found PythonExtra: .so  \n'}
[4.612415] (-) TimerEvent: {}
[4.712729] (-) TimerEvent: {}
[4.813127] (-) TimerEvent: {}
[4.913506] (-) TimerEvent: {}
[5.013924] (-) TimerEvent: {}
[5.114293] (-) TimerEvent: {}
[5.180069] (tutorial_interfaces) StdoutLine: {'line': b"-- Added test 'lint_cmake' to check CMake code style\n"}
[5.214400] (-) TimerEvent: {}
[5.226977] (tutorial_interfaces) StdoutLine: {'line': b"-- Added test 'xmllint' to check XML markup files\n"}
[5.314514] (-) TimerEvent: {}
[5.408924] (tutorial_interfaces) StdoutLine: {'line': b'-- Configuring done\n'}
[5.414612] (-) TimerEvent: {}
[5.514941] (-) TimerEvent: {}
[5.615297] (-) TimerEvent: {}
[5.715646] (-) TimerEvent: {}
[5.816029] (-) TimerEvent: {}
[5.916395] (-) TimerEvent: {}
[6.016747] (-) TimerEvent: {}
[6.117107] (-) TimerEvent: {}
[6.217457] (-) TimerEvent: {}
[6.317808] (-) TimerEvent: {}
[6.418121] (-) TimerEvent: {}
[6.518472] (-) TimerEvent: {}
[6.618810] (-) TimerEvent: {}
[6.644518] (tutorial_interfaces) StdoutLine: {'line': b'-- Generating done\n'}
[6.718953] (-) TimerEvent: {}
[6.747846] (tutorial_interfaces) StdoutLine: {'line': b'-- Build files have been written to: /home/maxime.leriche/Bureau/projet-rattrapage/ros2_ws/build/tutorial_interfaces\n'}
[6.759694] (tutorial_interfaces) CommandEnded: {'returncode': 0}
[6.760803] (tutorial_interfaces) JobProgress: {'identifier': 'tutorial_interfaces', 'progress': 'build'}
[6.765279] (tutorial_interfaces) Command: {'cmd': ['/usr/bin/cmake', '--build', '/home/maxime.leriche/Bureau/projet-rattrapage/ros2_ws/build/tutorial_interfaces', '--', '-j4', '-l4'], 'cwd': '/home/maxime.leriche/Bureau/projet-rattrapage/ros2_ws/build/tutorial_interfaces', 'env': OrderedDict([('USER', 'maxime.leriche'), ('PT8HOME', '/opt/pt'), ('XDG_SESSION_TYPE', 'x11'), ('XDG_CACHE_HOME', '/run/shm/.cache/maxime.leriche'), ('SHLVL', '1'), ('LD_LIBRARY_PATH', '/home/maxime.leriche/Bureau/projet-rattrapage/ros2_ws/install/turtlesim/lib:/usr/lib/x86_64-linux-gnu/gazebo-11/plugins:/opt/ros/humble/opt/rviz_ogre_vendor/lib:/opt/ros/humble/lib/x86_64-linux-gnu:/opt/ros/humble/lib'), ('HOME', '/home/maxime.leriche'), ('OLDPWD', '/home/maxime.leriche/Bureau/projet-rattrapage/ros2_ws/src'), ('DESKTOP_SESSION', 'ubuntu'), ('ROS_PYTHON_VERSION', '3'), ('GNOME_SHELL_SESSION_MODE', 'ubuntu'), ('GTK_MODULES', 'gail:atk-bridge'), ('MANAGERPID', '66503'), ('SYSTEMD_EXEC_PID', '67261'), ('DBUS_SESSION_BUS_ADDRESS', 'unix:path=/run/user/30333/bus'), ('COLORTERM', 'truecolor'), ('TERMINATOR_DBUS_NAME', 'net.tenshu.Terminator23558193cd9818af7fe4d2c2f5bd9d00f'), ('LIBVIRT_DEFAULT_URI', 'qemu:///system'), ('GIO_LAUNCHED_DESKTOP_FILE_PID', '72597'), ('_colcon_cd_root', '/opt/ros/humble/'), ('COLCON_PREFIX_PATH', '/home/maxime.leriche/Bureau/projet-rattrapage/ros2_ws/install'), ('ROS_DISTRO', 'humble'), ('GTK_IM_MODULE', 'ibus'), ('LOGNAME', 'maxime.leriche'), ('JOURNAL_STREAM', '8:283345'), ('_', '/usr/bin/colcon'), ('ROS_VERSION', '2'), ('XDG_SESSION_CLASS', 'user'), ('USERNAME', 'maxime.leriche'), ('TERM', 'xterm-256color'), ('GNOME_DESKTOP_SESSION_ID', 'this-is-deprecated'), ('ROS_LOCALHOST_ONLY', '1'), ('WINDOWPATH', '2'), ('PATH', '/opt/ros/humble/bin:/softwares/bin:/usr/local/cpe/bin:/usr/local/cpe/sbin:/usr/local/sbin:/usr/local/bin:/usr/sbin:/usr/bin:/sbin:/bin:/snap/bin'), ('SESSION_MANAGER', 'local/tparlem03.cpe.lan:@/tmp/.ICE-unix/66900,unix/tparlem03.cpe.lan:/tmp/.ICE-unix/66900'), ('INVOCATION_ID', 'aec319c97e8f47d89540d70760907dd8'), ('XDG_MENU_PREFIX', 'gnome-'), ('XDG_RUNTIME_DIR', '/run/user/30333'), ('DISPLAY', ':1'), ('TERMINATOR_DBUS_PATH', '/net/tenshu/Terminator2'), ('LANG', 'fr_FR.UTF-8'), ('XDG_CURRENT_DESKTOP', 'ubuntu:GNOME'), ('IBUS_DISABLE_SNOOPER', '1'), ('XMODIFIERS', '@im=ibus'), ('XDG_SESSION_DESKTOP', 'ubuntu'), ('XAUTHORITY', '/run/user/30333/gdm/Xauthority'), ('SSH_AGENT_LAUNCHER', 'gnome-keyring'), ('SSH_AUTH_SOCK', '/run/user/30333/keyring/ssh'), ('ROS_DOMAIN_ID', '0'), ('AMENT_PREFIX_PATH', '/home/maxime.leriche/Bureau/projet-rattrapage/ros2_ws/install/py_srvcli:/home/maxime.leriche/Bureau/projet-rattrapage/ros2_ws/install/turtlesim:/home/maxime.leriche/Bureau/projet-rattrapage/ros2_ws/install/py_pubsub:/home/maxime.leriche/Bureau/projet-rattrapage/ros2_ws/install/my_package:/opt/ros/humble'), ('DEBIAN_FRONTEND', 'noninteractive'), ('SHELL', '/bin/bash'), ('TERMINATOR_UUID', 'urn:uuid:9f0cbd6e-7d99-4d4c-9e56-8282558cbce9'), ('QT_ACCESSIBILITY', '1'), ('GDMSESSION', 'ubuntu'), ('GPG_AGENT_INFO', '/run/user/30333/gnupg/S.gpg-agent:0:1'), ('QT_IM_MODULE', 'ibus'), ('PWD', '/home/maxime.leriche/Bureau/projet-rattrapage/ros2_ws/build/tutorial_interfaces'), ('XDG_CONFIG_DIRS', '/etc/xdg/xdg-ubuntu:/etc/xdg'), ('XDG_DATA_DIRS', '/usr/share/ubuntu:/usr/share/gnome:/home/maxime.leriche/.local/share/flatpak/exports/share:/var/lib/flatpak/exports/share:/usr/local/share/:/usr/share/:/var/lib/snapd/desktop'), ('PYTHONPATH', '/home/maxime.leriche/Bureau/projet-rattrapage/ros2_ws/install/py_srvcli/lib/python3.10/site-packages:/home/maxime.leriche/Bureau/projet-rattrapage/ros2_ws/install/turtlesim/local/lib/python3.10/dist-packages:/home/maxime.leriche/Bureau/projet-rattrapage/ros2_ws/install/py_pubsub/lib/python3.10/site-packages:/home/maxime.leriche/Bureau/projet-rattrapage/ros2_ws/install/my_package/lib/python3.10/site-packages:/opt/ros/humble/lib/python3.10/site-packages:/opt/ros/humble/local/lib/python3.10/dist-packages'), ('COLCON', '1'), ('VTE_VERSION', '6800'), ('CMAKE_PREFIX_PATH', '/home/maxime.leriche/Bureau/projet-rattrapage/ros2_ws/install/turtlesim:/home/maxime.leriche/Bureau/projet-rattrapage/ros2_ws/install/py_srvcli:/home/maxime.leriche/Bureau/projet-rattrapage/ros2_ws/install/py_pubsub:/home/maxime.leriche/Bureau/projet-rattrapage/ros2_ws/install/my_package:/opt/ros/humble')]), 'shell': False}
[6.819079] (-) TimerEvent: {}
[6.871301] (tutorial_interfaces) StdoutLine: {'line': b'[  2%] \x1b[34m\x1b[1mGenerating C code for ROS interfaces\x1b[0m\n'}
[6.896036] (tutorial_interfaces) StdoutLine: {'line': b'[  4%] \x1b[34m\x1b[1mGenerating C++ code for ROS interfaces\x1b[0m\n'}
[6.919175] (-) TimerEvent: {}
[6.931856] (tutorial_interfaces) StdoutLine: {'line': b'[  4%] Built target ament_cmake_python_copy_tutorial_interfaces\n'}
[7.019268] (-) TimerEvent: {}
[7.119543] (-) TimerEvent: {}
[7.219818] (-) TimerEvent: {}
[7.320248] (-) TimerEvent: {}
[7.420579] (-) TimerEvent: {}
[7.492854] (tutorial_interfaces) StdoutLine: {'line': b'running egg_info\n'}
[7.495518] (tutorial_interfaces) StdoutLine: {'line': b'creating tutorial_interfaces.egg-info\n'}
[7.497485] (tutorial_interfaces) StdoutLine: {'line': b'writing tutorial_interfaces.egg-info/PKG-INFO\n'}
[7.503901] (tutorial_interfaces) StdoutLine: {'line': b'writing dependency_links to tutorial_interfaces.egg-info/dependency_links.txt\n'}
[7.509158] (tutorial_interfaces) StdoutLine: {'line': b'writing top-level names to tutorial_interfaces.egg-info/top_level.txt\n'}
[7.513271] (tutorial_interfaces) StdoutLine: {'line': b"writing manifest file 'tutorial_interfaces.egg-info/SOURCES.txt'\n"}
[7.522133] (-) TimerEvent: {}
[7.524079] (tutorial_interfaces) StdoutLine: {'line': b"reading manifest file 'tutorial_interfaces.egg-info/SOURCES.txt'\n"}
[7.527693] (tutorial_interfaces) StdoutLine: {'line': b"writing manifest file 'tutorial_interfaces.egg-info/SOURCES.txt'\n"}
[7.603480] (tutorial_interfaces) StdoutLine: {'line': b'[  4%] Built target ament_cmake_python_build_tutorial_interfaces_egg\n'}
[7.622426] (-) TimerEvent: {}
[7.638163] (tutorial_interfaces) StdoutLine: {'line': b'[  4%] Built target tutorial_interfaces__cpp\n'}
[7.669003] (tutorial_interfaces) StdoutLine: {'line': b'[  8%] \x1b[34m\x1b[1mGenerating C++ introspection for ROS interfaces\x1b[0m\n'}
[7.671775] (tutorial_interfaces) StdoutLine: {'line': b'[ 10%] \x1b[34m\x1b[1mGenerating C++ type support for eProsima Fast-RTPS\x1b[0m\n'}
[7.673360] (tutorial_interfaces) StdoutLine: {'line': b'[ 10%] \x1b[34m\x1b[1mGenerating C++ type support dispatch for ROS interfaces\x1b[0m\n'}
[7.677921] (tutorial_interfaces) StdoutLine: {'line': b'[ 12%] \x1b[32mBuilding C object CMakeFiles/tutorial_interfaces__rosidl_generator_c.dir/rosidl_generator_c/tutorial_interfaces/msg/detail/num__functions.c.o\x1b[0m\n'}
[7.722514] (-) TimerEvent: {}
[7.779407] (tutorial_interfaces) StdoutLine: {'line': b'[ 14%] \x1b[32mBuilding C object CMakeFiles/tutorial_interfaces__rosidl_generator_c.dir/rosidl_generator_c/tutorial_interfaces/msg/detail/sphere__functions.c.o\x1b[0m\n'}
[7.822608] (-) TimerEvent: {}
[7.872771] (tutorial_interfaces) StdoutLine: {'line': b'[ 17%] \x1b[32mBuilding C object CMakeFiles/tutorial_interfaces__rosidl_generator_c.dir/rosidl_generator_c/tutorial_interfaces/srv/detail/add_three_ints__functions.c.o\x1b[0m\n'}
[7.922748] (-) TimerEvent: {}
[7.967545] (tutorial_interfaces) StdoutLine: {'line': b'[ 19%] \x1b[32m\x1b[1mLinking C shared library libtutorial_interfaces__rosidl_generator_c.so\x1b[0m\n'}
[8.024544] (-) TimerEvent: {}
[8.072556] (tutorial_interfaces) StdoutLine: {'line': b'[ 19%] Built target tutorial_interfaces__rosidl_generator_c\n'}
[8.106773] (tutorial_interfaces) StdoutLine: {'line': b'[ 21%] \x1b[34m\x1b[1mGenerating C type support dispatch for ROS interfaces\x1b[0m\n'}
[8.125150] (-) TimerEvent: {}
[8.154930] (tutorial_interfaces) StdoutLine: {'line': b'[ 23%] \x1b[32mBuilding CXX object CMakeFiles/tutorial_interfaces__rosidl_typesupport_cpp.dir/rosidl_typesupport_cpp/tutorial_interfaces/msg/num__type_support.cpp.o\x1b[0m\n'}
[8.225036] (-) TimerEvent: {}
[8.315472] (tutorial_interfaces) StdoutLine: {'line': b'[ 25%] \x1b[32mBuilding CXX object CMakeFiles/tutorial_interfaces__rosidl_typesupport_fastrtps_cpp.dir/rosidl_typesupport_fastrtps_cpp/tutorial_interfaces/msg/detail/dds_fastrtps/num__type_support.cpp.o\x1b[0m\n'}
[8.325132] (-) TimerEvent: {}
[8.369919] (tutorial_interfaces) StdoutLine: {'line': b'[ 27%] \x1b[32mBuilding CXX object CMakeFiles/tutorial_interfaces__rosidl_typesupport_introspection_cpp.dir/rosidl_typesupport_introspection_cpp/tutorial_interfaces/msg/detail/num__type_support.cpp.o\x1b[0m\n'}
[8.425241] (-) TimerEvent: {}
[8.525874] (-) TimerEvent: {}
[8.626506] (-) TimerEvent: {}
[8.627598] (tutorial_interfaces) StdoutLine: {'line': b'[ 29%] \x1b[32mBuilding CXX object CMakeFiles/tutorial_interfaces__rosidl_typesupport_c.dir/rosidl_typesupport_c/tutorial_interfaces/msg/num__type_support.cpp.o\x1b[0m\n'}
[8.643595] (tutorial_interfaces) StdoutLine: {'line': b'[ 31%] \x1b[32mBuilding CXX object CMakeFiles/tutorial_interfaces__rosidl_typesupport_cpp.dir/rosidl_typesupport_cpp/tutorial_interfaces/msg/sphere__type_support.cpp.o\x1b[0m\n'}
[8.726612] (-) TimerEvent: {}
[8.754103] (tutorial_interfaces) StdoutLine: {'line': b'[ 34%] \x1b[32mBuilding CXX object CMakeFiles/tutorial_interfaces__rosidl_typesupport_c.dir/rosidl_typesupport_c/tutorial_interfaces/msg/sphere__type_support.cpp.o\x1b[0m\n'}
[8.826722] (-) TimerEvent: {}
[8.918308] (tutorial_interfaces) StdoutLine: {'line': b'[ 36%] \x1b[32mBuilding CXX object CMakeFiles/tutorial_interfaces__rosidl_typesupport_c.dir/rosidl_typesupport_c/tutorial_interfaces/srv/add_three_ints__type_support.cpp.o\x1b[0m\n'}
[8.926831] (-) TimerEvent: {}
[9.018427] (tutorial_interfaces) StdoutLine: {'line': b'[ 38%] \x1b[32mBuilding CXX object CMakeFiles/tutorial_interfaces__rosidl_typesupport_introspection_cpp.dir/rosidl_typesupport_introspection_cpp/tutorial_interfaces/msg/detail/sphere__type_support.cpp.o\x1b[0m\n'}
[9.027077] (-) TimerEvent: {}
[9.030068] (tutorial_interfaces) StdoutLine: {'line': b'[ 40%] \x1b[32m\x1b[1mLinking CXX shared library libtutorial_interfaces__rosidl_typesupport_c.so\x1b[0m\n'}
[9.059344] (tutorial_interfaces) StdoutLine: {'line': b'[ 42%] \x1b[32mBuilding CXX object CMakeFiles/tutorial_interfaces__rosidl_typesupport_cpp.dir/rosidl_typesupport_cpp/tutorial_interfaces/srv/add_three_ints__type_support.cpp.o\x1b[0m\n'}
[9.107759] (tutorial_interfaces) StdoutLine: {'line': b'[ 44%] \x1b[32mBuilding CXX object CMakeFiles/tutorial_interfaces__rosidl_typesupport_fastrtps_cpp.dir/rosidl_typesupport_fastrtps_cpp/tutorial_interfaces/msg/detail/dds_fastrtps/sphere__type_support.cpp.o\x1b[0m\n'}
[9.127187] (-) TimerEvent: {}
[9.165075] (tutorial_interfaces) StdoutLine: {'line': b'[ 44%] Built target tutorial_interfaces__rosidl_typesupport_c\n'}
[9.210353] (tutorial_interfaces) StdoutLine: {'line': b'[ 46%] \x1b[32mBuilding CXX object CMakeFiles/tutorial_interfaces__rosidl_typesupport_fastrtps_cpp.dir/rosidl_typesupport_fastrtps_cpp/tutorial_interfaces/srv/detail/dds_fastrtps/add_three_ints__type_support.cpp.o\x1b[0m\n'}
[9.227297] (-) TimerEvent: {}
[9.331069] (-) TimerEvent: {}
[9.431549] (-) TimerEvent: {}
[9.501185] (tutorial_interfaces) StdoutLine: {'line': b'[ 48%] \x1b[32m\x1b[1mLinking CXX shared library libtutorial_interfaces__rosidl_typesupport_cpp.so\x1b[0m\n'}
[9.531669] (-) TimerEvent: {}
[9.563737] (tutorial_interfaces) StdoutLine: {'line': b'[ 51%] \x1b[32mBuilding CXX object CMakeFiles/tutorial_interfaces__rosidl_typesupport_introspection_cpp.dir/rosidl_typesupport_introspection_cpp/tutorial_interfaces/srv/detail/add_three_ints__type_support.cpp.o\x1b[0m\n'}
[9.590404] (tutorial_interfaces) StdoutLine: {'line': b'[ 51%] Built target tutorial_interfaces__rosidl_typesupport_cpp\n'}
[9.618002] (tutorial_interfaces) StdoutLine: {'line': b'[ 53%] \x1b[34m\x1b[1mGenerating C type support for eProsima Fast-RTPS\x1b[0m\n'}
[9.631766] (-) TimerEvent: {}
[9.706730] (tutorial_interfaces) StdoutLine: {'line': b'[ 55%] \x1b[34m\x1b[1mGenerating C introspection for ROS interfaces\x1b[0m\n'}
[9.731861] (-) TimerEvent: {}
[9.832144] (-) TimerEvent: {}
[9.931994] (tutorial_interfaces) StdoutLine: {'line': b'[ 57%] \x1b[32m\x1b[1mLinking CXX shared library libtutorial_interfaces__rosidl_typesupport_fastrtps_cpp.so\x1b[0m\n'}
[9.932200] (-) TimerEvent: {}
[10.033234] (-) TimerEvent: {}
[10.072452] (tutorial_interfaces) StdoutLine: {'line': b'[ 57%] Built target tutorial_interfaces__rosidl_typesupport_fastrtps_cpp\n'}
[10.085772] (tutorial_interfaces) StdoutLine: {'line': b'[ 59%] \x1b[32m\x1b[1mLinking CXX shared library libtutorial_interfaces__rosidl_typesupport_introspection_cpp.so\x1b[0m\n'}
[10.133377] (-) TimerEvent: {}
[10.140160] (tutorial_interfaces) StdoutLine: {'line': b'[ 63%] \x1b[32mBuilding CXX object CMakeFiles/tutorial_interfaces__rosidl_typesupport_fastrtps_c.dir/rosidl_typesupport_fastrtps_c/tutorial_interfaces/msg/detail/sphere__type_support_c.cpp.o\x1b[0m\n'}
[10.140395] (tutorial_interfaces) StdoutLine: {'line': b'[ 63%] \x1b[32mBuilding CXX object CMakeFiles/tutorial_interfaces__rosidl_typesupport_fastrtps_c.dir/rosidl_typesupport_fastrtps_c/tutorial_interfaces/msg/detail/num__type_support_c.cpp.o\x1b[0m\n'}
[10.203256] (tutorial_interfaces) StdoutLine: {'line': b'[ 63%] Built target tutorial_interfaces__rosidl_typesupport_introspection_cpp\n'}
[10.223431] (tutorial_interfaces) StdoutLine: {'line': b'[ 65%] \x1b[32mBuilding CXX object CMakeFiles/tutorial_interfaces__rosidl_typesupport_fastrtps_c.dir/rosidl_typesupport_fastrtps_c/tutorial_interfaces/srv/detail/add_three_ints__type_support_c.cpp.o\x1b[0m\n'}
[10.233505] (-) TimerEvent: {}
[10.257033] (tutorial_interfaces) StdoutLine: {'line': b'[ 68%] \x1b[32mBuilding C object CMakeFiles/tutorial_interfaces__rosidl_typesupport_introspection_c.dir/rosidl_typesupport_introspection_c/tutorial_interfaces/msg/detail/num__type_support.c.o\x1b[0m\n'}
[10.333622] (-) TimerEvent: {}
[10.346725] (tutorial_interfaces) StdoutLine: {'line': b'[ 70%] \x1b[32mBuilding C object CMakeFiles/tutorial_interfaces__rosidl_typesupport_introspection_c.dir/rosidl_typesupport_introspection_c/tutorial_interfaces/msg/detail/sphere__type_support.c.o\x1b[0m\n'}
[10.409612] (tutorial_interfaces) StdoutLine: {'line': b'[ 72%] \x1b[32mBuilding C object CMakeFiles/tutorial_interfaces__rosidl_typesupport_introspection_c.dir/rosidl_typesupport_introspection_c/tutorial_interfaces/srv/detail/add_three_ints__type_support.c.o\x1b[0m\n'}
[10.433739] (-) TimerEvent: {}
[10.472632] (tutorial_interfaces) StdoutLine: {'line': b'[ 74%] \x1b[32m\x1b[1mLinking C shared library libtutorial_interfaces__rosidl_typesupport_introspection_c.so\x1b[0m\n'}
[10.533850] (-) TimerEvent: {}
[10.549891] (tutorial_interfaces) StdoutLine: {'line': b'[ 74%] Built target tutorial_interfaces__rosidl_typesupport_introspection_c\n'}
[10.633967] (-) TimerEvent: {}
[10.703374] (tutorial_interfaces) StdoutLine: {'line': b'[ 76%] \x1b[32m\x1b[1mLinking CXX shared library libtutorial_interfaces__rosidl_typesupport_fastrtps_c.so\x1b[0m\n'}
[10.734087] (-) TimerEvent: {}
[10.830439] (tutorial_interfaces) StdoutLine: {'line': b'[ 76%] Built target tutorial_interfaces__rosidl_typesupport_fastrtps_c\n'}
[10.834182] (-) TimerEvent: {}
[10.868671] (tutorial_interfaces) StdoutLine: {'line': b'[ 76%] Built target tutorial_interfaces\n'}
[10.910913] (tutorial_interfaces) StdoutLine: {'line': b'[ 78%] \x1b[34m\x1b[1mGenerating Python code for ROS interfaces\x1b[0m\n'}
[10.934286] (-) TimerEvent: {}
[11.034588] (-) TimerEvent: {}
[11.134897] (-) TimerEvent: {}
[11.235202] (-) TimerEvent: {}
[11.335486] (-) TimerEvent: {}
[11.435913] (-) TimerEvent: {}
[11.536302] (-) TimerEvent: {}
[11.597120] (tutorial_interfaces) StdoutLine: {'line': b'[ 78%] Built target tutorial_interfaces__py\n'}
[11.636435] (-) TimerEvent: {}
[11.651030] (tutorial_interfaces) StdoutLine: {'line': b'[ 82%] \x1b[32mBuilding C object CMakeFiles/tutorial_interfaces__rosidl_generator_py.dir/rosidl_generator_py/tutorial_interfaces/msg/_sphere_s.c.o\x1b[0m\n'}
[11.654906] (tutorial_interfaces) StdoutLine: {'line': b'[ 85%] \x1b[32mBuilding C object CMakeFiles/tutorial_interfaces__rosidl_generator_py.dir/rosidl_generator_py/tutorial_interfaces/msg/_num_s.c.o\x1b[0m\n'}
[11.655982] (tutorial_interfaces) StdoutLine: {'line': b'[ 85%] \x1b[32mBuilding C object CMakeFiles/tutorial_interfaces__rosidl_generator_py.dir/rosidl_generator_py/tutorial_interfaces/srv/_add_three_ints_s.c.o\x1b[0m\n'}
[11.736529] (-) TimerEvent: {}
[11.835440] (tutorial_interfaces) StdoutLine: {'line': b'[ 87%] \x1b[32m\x1b[1mLinking C shared library rosidl_generator_py/tutorial_interfaces/libtutorial_interfaces__rosidl_generator_py.so\x1b[0m\n'}
[11.836636] (-) TimerEvent: {}
[11.920735] (tutorial_interfaces) StdoutLine: {'line': b'[ 87%] Built target tutorial_interfaces__rosidl_generator_py\n'}
[11.936767] (-) TimerEvent: {}
[11.973336] (tutorial_interfaces) StdoutLine: {'line': b'[ 91%] \x1b[32mBuilding C object CMakeFiles/tutorial_interfaces__rosidl_typesupport_c__pyext.dir/rosidl_generator_py/tutorial_interfaces/_tutorial_interfaces_s.ep.rosidl_typesupport_c.c.o\x1b[0m\n'}
[11.977376] (tutorial_interfaces) StdoutLine: {'line': b'[ 93%] \x1b[32mBuilding C object CMakeFiles/tutorial_interfaces__rosidl_typesupport_introspection_c__pyext.dir/rosidl_generator_py/tutorial_interfaces/_tutorial_interfaces_s.ep.rosidl_typesupport_introspection_c.c.o\x1b[0m\n'}
[11.977734] (tutorial_interfaces) StdoutLine: {'line': b'[ 93%] \x1b[32mBuilding C object CMakeFiles/tutorial_interfaces__rosidl_typesupport_fastrtps_c__pyext.dir/rosidl_generator_py/tutorial_interfaces/_tutorial_interfaces_s.ep.rosidl_typesupport_fastrtps_c.c.o\x1b[0m\n'}
[12.036889] (-) TimerEvent: {}
[12.135875] (tutorial_interfaces) StdoutLine: {'line': b'[ 97%] \x1b[32m\x1b[1mLinking C shared library rosidl_generator_py/tutorial_interfaces/tutorial_interfaces_s__rosidl_typesupport_c.cpython-310-x86_64-linux-gnu.so\x1b[0m\n'}
[12.136096] (tutorial_interfaces) StdoutLine: {'line': b'[ 97%] \x1b[32m\x1b[1mLinking C shared library rosidl_generator_py/tutorial_interfaces/tutorial_interfaces_s__rosidl_typesupport_fastrtps_c.cpython-310-x86_64-linux-gnu.so\x1b[0m\n'}
[12.137040] (-) TimerEvent: {}
[12.148066] (tutorial_interfaces) StdoutLine: {'line': b'[100%] \x1b[32m\x1b[1mLinking C shared library rosidl_generator_py/tutorial_interfaces/tutorial_interfaces_s__rosidl_typesupport_introspection_c.cpython-310-x86_64-linux-gnu.so\x1b[0m\n'}
[12.215823] (tutorial_interfaces) StdoutLine: {'line': b'[100%] Built target tutorial_interfaces__rosidl_typesupport_c__pyext\n'}
[12.216638] (tutorial_interfaces) StdoutLine: {'line': b'[100%] Built target tutorial_interfaces__rosidl_typesupport_fastrtps_c__pyext\n'}
[12.231766] (tutorial_interfaces) StdoutLine: {'line': b'[100%] Built target tutorial_interfaces__rosidl_typesupport_introspection_c__pyext\n'}
[12.237169] (-) TimerEvent: {}
[12.285568] (tutorial_interfaces) CommandEnded: {'returncode': 0}
[12.337250] (-) TimerEvent: {}
[12.384631] (tutorial_interfaces) JobProgress: {'identifier': 'tutorial_interfaces', 'progress': 'install'}
[12.396081] (tutorial_interfaces) Command: {'cmd': ['/usr/bin/cmake', '--install', '/home/maxime.leriche/Bureau/projet-rattrapage/ros2_ws/build/tutorial_interfaces'], 'cwd': '/home/maxime.leriche/Bureau/projet-rattrapage/ros2_ws/build/tutorial_interfaces', 'env': OrderedDict([('USER', 'maxime.leriche'), ('PT8HOME', '/opt/pt'), ('XDG_SESSION_TYPE', 'x11'), ('XDG_CACHE_HOME', '/run/shm/.cache/maxime.leriche'), ('SHLVL', '1'), ('LD_LIBRARY_PATH', '/home/maxime.leriche/Bureau/projet-rattrapage/ros2_ws/install/turtlesim/lib:/usr/lib/x86_64-linux-gnu/gazebo-11/plugins:/opt/ros/humble/opt/rviz_ogre_vendor/lib:/opt/ros/humble/lib/x86_64-linux-gnu:/opt/ros/humble/lib'), ('HOME', '/home/maxime.leriche'), ('OLDPWD', '/home/maxime.leriche/Bureau/projet-rattrapage/ros2_ws/src'), ('DESKTOP_SESSION', 'ubuntu'), ('ROS_PYTHON_VERSION', '3'), ('GNOME_SHELL_SESSION_MODE', 'ubuntu'), ('GTK_MODULES', 'gail:atk-bridge'), ('MANAGERPID', '66503'), ('SYSTEMD_EXEC_PID', '67261'), ('DBUS_SESSION_BUS_ADDRESS', 'unix:path=/run/user/30333/bus'), ('COLORTERM', 'truecolor'), ('TERMINATOR_DBUS_NAME', 'net.tenshu.Terminator23558193cd9818af7fe4d2c2f5bd9d00f'), ('LIBVIRT_DEFAULT_URI', 'qemu:///system'), ('GIO_LAUNCHED_DESKTOP_FILE_PID', '72597'), ('_colcon_cd_root', '/opt/ros/humble/'), ('COLCON_PREFIX_PATH', '/home/maxime.leriche/Bureau/projet-rattrapage/ros2_ws/install'), ('ROS_DISTRO', 'humble'), ('GTK_IM_MODULE', 'ibus'), ('LOGNAME', 'maxime.leriche'), ('JOURNAL_STREAM', '8:283345'), ('_', '/usr/bin/colcon'), ('ROS_VERSION', '2'), ('XDG_SESSION_CLASS', 'user'), ('USERNAME', 'maxime.leriche'), ('TERM', 'xterm-256color'), ('GNOME_DESKTOP_SESSION_ID', 'this-is-deprecated'), ('ROS_LOCALHOST_ONLY', '1'), ('WINDOWPATH', '2'), ('PATH', '/opt/ros/humble/bin:/softwares/bin:/usr/local/cpe/bin:/usr/local/cpe/sbin:/usr/local/sbin:/usr/local/bin:/usr/sbin:/usr/bin:/sbin:/bin:/snap/bin'), ('SESSION_MANAGER', 'local/tparlem03.cpe.lan:@/tmp/.ICE-unix/66900,unix/tparlem03.cpe.lan:/tmp/.ICE-unix/66900'), ('INVOCATION_ID', 'aec319c97e8f47d89540d70760907dd8'), ('XDG_MENU_PREFIX', 'gnome-'), ('XDG_RUNTIME_DIR', '/run/user/30333'), ('DISPLAY', ':1'), ('TERMINATOR_DBUS_PATH', '/net/tenshu/Terminator2'), ('LANG', 'fr_FR.UTF-8'), ('XDG_CURRENT_DESKTOP', 'ubuntu:GNOME'), ('IBUS_DISABLE_SNOOPER', '1'), ('XMODIFIERS', '@im=ibus'), ('XDG_SESSION_DESKTOP', 'ubuntu'), ('XAUTHORITY', '/run/user/30333/gdm/Xauthority'), ('SSH_AGENT_LAUNCHER', 'gnome-keyring'), ('SSH_AUTH_SOCK', '/run/user/30333/keyring/ssh'), ('ROS_DOMAIN_ID', '0'), ('AMENT_PREFIX_PATH', '/home/maxime.leriche/Bureau/projet-rattrapage/ros2_ws/install/py_srvcli:/home/maxime.leriche/Bureau/projet-rattrapage/ros2_ws/install/turtlesim:/home/maxime.leriche/Bureau/projet-rattrapage/ros2_ws/install/py_pubsub:/home/maxime.leriche/Bureau/projet-rattrapage/ros2_ws/install/my_package:/opt/ros/humble'), ('DEBIAN_FRONTEND', 'noninteractive'), ('SHELL', '/bin/bash'), ('TERMINATOR_UUID', 'urn:uuid:9f0cbd6e-7d99-4d4c-9e56-8282558cbce9'), ('QT_ACCESSIBILITY', '1'), ('GDMSESSION', 'ubuntu'), ('GPG_AGENT_INFO', '/run/user/30333/gnupg/S.gpg-agent:0:1'), ('QT_IM_MODULE', 'ibus'), ('PWD', '/home/maxime.leriche/Bureau/projet-rattrapage/ros2_ws/build/tutorial_interfaces'), ('XDG_CONFIG_DIRS', '/etc/xdg/xdg-ubuntu:/etc/xdg'), ('XDG_DATA_DIRS', '/usr/share/ubuntu:/usr/share/gnome:/home/maxime.leriche/.local/share/flatpak/exports/share:/var/lib/flatpak/exports/share:/usr/local/share/:/usr/share/:/var/lib/snapd/desktop'), ('PYTHONPATH', '/home/maxime.leriche/Bureau/projet-rattrapage/ros2_ws/install/py_srvcli/lib/python3.10/site-packages:/home/maxime.leriche/Bureau/projet-rattrapage/ros2_ws/install/turtlesim/local/lib/python3.10/dist-packages:/home/maxime.leriche/Bureau/projet-rattrapage/ros2_ws/install/py_pubsub/lib/python3.10/site-packages:/home/maxime.leriche/Bureau/projet-rattrapage/ros2_ws/install/my_package/lib/python3.10/site-packages:/opt/ros/humble/lib/python3.10/site-packages:/opt/ros/humble/local/lib/python3.10/dist-packages'), ('COLCON', '1'), ('VTE_VERSION', '6800'), ('CMAKE_PREFIX_PATH', '/home/maxime.leriche/Bureau/projet-rattrapage/ros2_ws/install/turtlesim:/home/maxime.leriche/Bureau/projet-rattrapage/ros2_ws/install/py_srvcli:/home/maxime.leriche/Bureau/projet-rattrapage/ros2_ws/install/py_pubsub:/home/maxime.leriche/Bureau/projet-rattrapage/ros2_ws/install/my_package:/opt/ros/humble')]), 'shell': False}
[12.416269] (tutorial_interfaces) StdoutLine: {'line': b'-- Install configuration: ""\n'}
[12.426801] (tutorial_interfaces) StdoutLine: {'line': b'-- Installing: /home/maxime.leriche/Bureau/projet-rattrapage/ros2_ws/install/tutorial_interfaces/share/ament_index/resource_index/rosidl_interfaces/tutorial_interfaces\n'}
[12.435913] (tutorial_interfaces) StdoutLine: {'line': b'-- Installing: /home/maxime.leriche/Bureau/projet-rattrapage/ros2_ws/install/tutorial_interfaces/include/tutorial_interfaces/tutorial_interfaces\n'}
[12.437317] (-) TimerEvent: {}
[12.446647] (tutorial_interfaces) StdoutLine: {'line': b'-- Installing: /home/maxime.leriche/Bureau/projet-rattrapage/ros2_ws/install/tutorial_interfaces/include/tutorial_interfaces/tutorial_interfaces/srv\n'}
[12.455316] (tutorial_interfaces) StdoutLine: {'line': b'-- Installing: /home/maxime.leriche/Bureau/projet-rattrapage/ros2_ws/install/tutorial_interfaces/include/tutorial_interfaces/tutorial_interfaces/srv/detail\n'}
[12.466317] (tutorial_interfaces) StdoutLine: {'line': b'-- Installing: /home/maxime.leriche/Bureau/projet-rattrapage/ros2_ws/install/tutorial_interfaces/include/tutorial_interfaces/tutorial_interfaces/srv/detail/add_three_ints__functions.h\n'}
[12.476907] (tutorial_interfaces) StdoutLine: {'line': b'-- Installing: /home/maxime.leriche/Bureau/projet-rattrapage/ros2_ws/install/tutorial_interfaces/include/tutorial_interfaces/tutorial_interfaces/srv/detail/add_three_ints__type_support.h\n'}
[12.486006] (tutorial_interfaces) StdoutLine: {'line': b'-- Installing: /home/maxime.leriche/Bureau/projet-rattrapage/ros2_ws/install/tutorial_interfaces/include/tutorial_interfaces/tutorial_interfaces/srv/detail/add_three_ints__struct.h\n'}
[12.494190] (tutorial_interfaces) StdoutLine: {'line': b'-- Installing: /home/maxime.leriche/Bureau/projet-rattrapage/ros2_ws/install/tutorial_interfaces/include/tutorial_interfaces/tutorial_interfaces/srv/detail/add_three_ints__functions.c\n'}
[12.505560] (tutorial_interfaces) StdoutLine: {'line': b'-- Installing: /home/maxime.leriche/Bureau/projet-rattrapage/ros2_ws/install/tutorial_interfaces/include/tutorial_interfaces/tutorial_interfaces/srv/add_three_ints.h\n'}
[12.513835] (tutorial_interfaces) StdoutLine: {'line': b'-- Installing: /home/maxime.leriche/Bureau/projet-rattrapage/ros2_ws/install/tutorial_interfaces/include/tutorial_interfaces/tutorial_interfaces/msg\n'}
[12.521898] (tutorial_interfaces) StdoutLine: {'line': b'-- Installing: /home/maxime.leriche/Bureau/projet-rattrapage/ros2_ws/install/tutorial_interfaces/include/tutorial_interfaces/tutorial_interfaces/msg/detail\n'}
[12.531516] (tutorial_interfaces) StdoutLine: {'line': b'-- Installing: /home/maxime.leriche/Bureau/projet-rattrapage/ros2_ws/install/tutorial_interfaces/include/tutorial_interfaces/tutorial_interfaces/msg/detail/sphere__type_support.h\n'}
[12.537437] (-) TimerEvent: {}
[12.540459] (tutorial_interfaces) StdoutLine: {'line': b'-- Installing: /home/maxime.leriche/Bureau/projet-rattrapage/ros2_ws/install/tutorial_interfaces/include/tutorial_interfaces/tutorial_interfaces/msg/detail/sphere__struct.h\n'}
[12.548050] (tutorial_interfaces) StdoutLine: {'line': b'-- Installing: /home/maxime.leriche/Bureau/projet-rattrapage/ros2_ws/install/tutorial_interfaces/include/tutorial_interfaces/tutorial_interfaces/msg/detail/num__type_support.h\n'}
[12.555988] (tutorial_interfaces) StdoutLine: {'line': b'-- Installing: /home/maxime.leriche/Bureau/projet-rattrapage/ros2_ws/install/tutorial_interfaces/include/tutorial_interfaces/tutorial_interfaces/msg/detail/sphere__functions.c\n'}
[12.563792] (tutorial_interfaces) StdoutLine: {'line': b'-- Installing: /home/maxime.leriche/Bureau/projet-rattrapage/ros2_ws/install/tutorial_interfaces/include/tutorial_interfaces/tutorial_interfaces/msg/detail/sphere__functions.h\n'}
[12.571690] (tutorial_interfaces) StdoutLine: {'line': b'-- Installing: /home/maxime.leriche/Bureau/projet-rattrapage/ros2_ws/install/tutorial_interfaces/include/tutorial_interfaces/tutorial_interfaces/msg/detail/num__struct.h\n'}
[12.579183] (tutorial_interfaces) StdoutLine: {'line': b'-- Installing: /home/maxime.leriche/Bureau/projet-rattrapage/ros2_ws/install/tutorial_interfaces/include/tutorial_interfaces/tutorial_interfaces/msg/detail/num__functions.h\n'}
[12.587805] (tutorial_interfaces) StdoutLine: {'line': b'-- Installing: /home/maxime.leriche/Bureau/projet-rattrapage/ros2_ws/install/tutorial_interfaces/include/tutorial_interfaces/tutorial_interfaces/msg/detail/num__functions.c\n'}
[12.595607] (tutorial_interfaces) StdoutLine: {'line': b'-- Installing: /home/maxime.leriche/Bureau/projet-rattrapage/ros2_ws/install/tutorial_interfaces/include/tutorial_interfaces/tutorial_interfaces/msg/rosidl_generator_c__visibility_control.h\n'}
[12.605311] (tutorial_interfaces) StdoutLine: {'line': b'-- Installing: /home/maxime.leriche/Bureau/projet-rattrapage/ros2_ws/install/tutorial_interfaces/include/tutorial_interfaces/tutorial_interfaces/msg/sphere.h\n'}
[12.614796] (tutorial_interfaces) StdoutLine: {'line': b'-- Installing: /home/maxime.leriche/Bureau/projet-rattrapage/ros2_ws/install/tutorial_interfaces/include/tutorial_interfaces/tutorial_interfaces/msg/num.h\n'}
[12.629930] (tutorial_interfaces) StdoutLine: {'line': b'-- Installing: /home/maxime.leriche/Bureau/projet-rattrapage/ros2_ws/install/tutorial_interfaces/share/tutorial_interfaces/environment/library_path.sh\n'}
[12.637507] (-) TimerEvent: {}
[12.639971] (tutorial_interfaces) StdoutLine: {'line': b'-- Installing: /home/maxime.leriche/Bureau/projet-rattrapage/ros2_ws/install/tutorial_interfaces/share/tutorial_interfaces/environment/library_path.dsv\n'}
[12.652546] (tutorial_interfaces) StdoutLine: {'line': b'-- Installing: /home/maxime.leriche/Bureau/projet-rattrapage/ros2_ws/install/tutorial_interfaces/lib/libtutorial_interfaces__rosidl_generator_c.so\n'}
[12.670198] (tutorial_interfaces) StdoutLine: {'line': b'-- Set runtime path of "/home/maxime.leriche/Bureau/projet-rattrapage/ros2_ws/install/tutorial_interfaces/lib/libtutorial_interfaces__rosidl_generator_c.so" to ""\n'}
[12.670814] (tutorial_interfaces) StdoutLine: {'line': b'-- Up-to-date: /home/maxime.leriche/Bureau/projet-rattrapage/ros2_ws/install/tutorial_interfaces/include/tutorial_interfaces/tutorial_interfaces\n'}
[12.672946] (tutorial_interfaces) StdoutLine: {'line': b'-- Up-to-date: /home/maxime.leriche/Bureau/projet-rattrapage/ros2_ws/install/tutorial_interfaces/include/tutorial_interfaces/tutorial_interfaces/srv\n'}
[12.675648] (tutorial_interfaces) StdoutLine: {'line': b'-- Up-to-date: /home/maxime.leriche/Bureau/projet-rattrapage/ros2_ws/install/tutorial_interfaces/include/tutorial_interfaces/tutorial_interfaces/srv/detail\n'}
[12.678248] (tutorial_interfaces) StdoutLine: {'line': b'-- Installing: /home/maxime.leriche/Bureau/projet-rattrapage/ros2_ws/install/tutorial_interfaces/include/tutorial_interfaces/tutorial_interfaces/srv/detail/add_three_ints__rosidl_typesupport_fastrtps_c.h\n'}
[12.686681] (tutorial_interfaces) StdoutLine: {'line': b'-- Up-to-date: /home/maxime.leriche/Bureau/projet-rattrapage/ros2_ws/install/tutorial_interfaces/include/tutorial_interfaces/tutorial_interfaces/msg\n'}
[12.688542] (tutorial_interfaces) StdoutLine: {'line': b'-- Up-to-date: /home/maxime.leriche/Bureau/projet-rattrapage/ros2_ws/install/tutorial_interfaces/include/tutorial_interfaces/tutorial_interfaces/msg/detail\n'}
[12.691382] (tutorial_interfaces) StdoutLine: {'line': b'-- Installing: /home/maxime.leriche/Bureau/projet-rattrapage/ros2_ws/install/tutorial_interfaces/include/tutorial_interfaces/tutorial_interfaces/msg/detail/sphere__rosidl_typesupport_fastrtps_c.h\n'}
[12.699732] (tutorial_interfaces) StdoutLine: {'line': b'-- Installing: /home/maxime.leriche/Bureau/projet-rattrapage/ros2_ws/install/tutorial_interfaces/include/tutorial_interfaces/tutorial_interfaces/msg/detail/num__rosidl_typesupport_fastrtps_c.h\n'}
[12.708297] (tutorial_interfaces) StdoutLine: {'line': b'-- Installing: /home/maxime.leriche/Bureau/projet-rattrapage/ros2_ws/install/tutorial_interfaces/include/tutorial_interfaces/tutorial_interfaces/msg/rosidl_typesupport_fastrtps_c__visibility_control.h\n'}
[12.716729] (tutorial_interfaces) StdoutLine: {'line': b'-- Installing: /home/maxime.leriche/Bureau/projet-rattrapage/ros2_ws/install/tutorial_interfaces/lib/libtutorial_interfaces__rosidl_typesupport_fastrtps_c.so\n'}
[12.736729] (tutorial_interfaces) StdoutLine: {'line': b'-- Set runtime path of "/home/maxime.leriche/Bureau/projet-rattrapage/ros2_ws/install/tutorial_interfaces/lib/libtutorial_interfaces__rosidl_typesupport_fastrtps_c.so" to ""\n'}
[12.737316] (tutorial_interfaces) StdoutLine: {'line': b'-- Up-to-date: /home/maxime.leriche/Bureau/projet-rattrapage/ros2_ws/install/tutorial_interfaces/include/tutorial_interfaces/tutorial_interfaces\n'}
[12.737964] (-) TimerEvent: {}
[12.739418] (tutorial_interfaces) StdoutLine: {'line': b'-- Up-to-date: /home/maxime.leriche/Bureau/projet-rattrapage/ros2_ws/install/tutorial_interfaces/include/tutorial_interfaces/tutorial_interfaces/srv\n'}
[12.742068] (tutorial_interfaces) StdoutLine: {'line': b'-- Up-to-date: /home/maxime.leriche/Bureau/projet-rattrapage/ros2_ws/install/tutorial_interfaces/include/tutorial_interfaces/tutorial_interfaces/srv/detail\n'}
[12.745274] (tutorial_interfaces) StdoutLine: {'line': b'-- Installing: /home/maxime.leriche/Bureau/projet-rattrapage/ros2_ws/install/tutorial_interfaces/include/tutorial_interfaces/tutorial_interfaces/srv/detail/add_three_ints__struct.hpp\n'}
[12.756036] (tutorial_interfaces) StdoutLine: {'line': b'-- Installing: /home/maxime.leriche/Bureau/projet-rattrapage/ros2_ws/install/tutorial_interfaces/include/tutorial_interfaces/tutorial_interfaces/srv/detail/add_three_ints__builder.hpp\n'}
[12.764792] (tutorial_interfaces) StdoutLine: {'line': b'-- Installing: /home/maxime.leriche/Bureau/projet-rattrapage/ros2_ws/install/tutorial_interfaces/include/tutorial_interfaces/tutorial_interfaces/srv/detail/add_three_ints__traits.hpp\n'}
[12.774576] (tutorial_interfaces) StdoutLine: {'line': b'-- Installing: /home/maxime.leriche/Bureau/projet-rattrapage/ros2_ws/install/tutorial_interfaces/include/tutorial_interfaces/tutorial_interfaces/srv/add_three_ints.hpp\n'}
[12.782441] (tutorial_interfaces) StdoutLine: {'line': b'-- Up-to-date: /home/maxime.leriche/Bureau/projet-rattrapage/ros2_ws/install/tutorial_interfaces/include/tutorial_interfaces/tutorial_interfaces/msg\n'}
[12.785971] (tutorial_interfaces) StdoutLine: {'line': b'-- Installing: /home/maxime.leriche/Bureau/projet-rattrapage/ros2_ws/install/tutorial_interfaces/include/tutorial_interfaces/tutorial_interfaces/msg/sphere.hpp\n'}
[12.795617] (tutorial_interfaces) StdoutLine: {'line': b'-- Installing: /home/maxime.leriche/Bureau/projet-rattrapage/ros2_ws/install/tutorial_interfaces/include/tutorial_interfaces/tutorial_interfaces/msg/num.hpp\n'}
[12.803277] (tutorial_interfaces) StdoutLine: {'line': b'-- Up-to-date: /home/maxime.leriche/Bureau/projet-rattrapage/ros2_ws/install/tutorial_interfaces/include/tutorial_interfaces/tutorial_interfaces/msg/detail\n'}
[12.806896] (tutorial_interfaces) StdoutLine: {'line': b'-- Installing: /home/maxime.leriche/Bureau/projet-rattrapage/ros2_ws/install/tutorial_interfaces/include/tutorial_interfaces/tutorial_interfaces/msg/detail/num__struct.hpp\n'}
[12.815518] (tutorial_interfaces) StdoutLine: {'line': b'-- Installing: /home/maxime.leriche/Bureau/projet-rattrapage/ros2_ws/install/tutorial_interfaces/include/tutorial_interfaces/tutorial_interfaces/msg/detail/num__traits.hpp\n'}
[12.823961] (tutorial_interfaces) StdoutLine: {'line': b'-- Installing: /home/maxime.leriche/Bureau/projet-rattrapage/ros2_ws/install/tutorial_interfaces/include/tutorial_interfaces/tutorial_interfaces/msg/detail/sphere__struct.hpp\n'}
[12.831874] (tutorial_interfaces) StdoutLine: {'line': b'-- Installing: /home/maxime.leriche/Bureau/projet-rattrapage/ros2_ws/install/tutorial_interfaces/include/tutorial_interfaces/tutorial_interfaces/msg/detail/num__builder.hpp\n'}
[12.838065] (-) TimerEvent: {}
[12.840179] (tutorial_interfaces) StdoutLine: {'line': b'-- Installing: /home/maxime.leriche/Bureau/projet-rattrapage/ros2_ws/install/tutorial_interfaces/include/tutorial_interfaces/tutorial_interfaces/msg/detail/sphere__traits.hpp\n'}
[12.849721] (tutorial_interfaces) StdoutLine: {'line': b'-- Installing: /home/maxime.leriche/Bureau/projet-rattrapage/ros2_ws/install/tutorial_interfaces/include/tutorial_interfaces/tutorial_interfaces/msg/detail/sphere__builder.hpp\n'}
[12.857672] (tutorial_interfaces) StdoutLine: {'line': b'-- Up-to-date: /home/maxime.leriche/Bureau/projet-rattrapage/ros2_ws/install/tutorial_interfaces/include/tutorial_interfaces/tutorial_interfaces\n'}
[12.859328] (tutorial_interfaces) StdoutLine: {'line': b'-- Up-to-date: /home/maxime.leriche/Bureau/projet-rattrapage/ros2_ws/install/tutorial_interfaces/include/tutorial_interfaces/tutorial_interfaces/srv\n'}
[12.861203] (tutorial_interfaces) StdoutLine: {'line': b'-- Up-to-date: /home/maxime.leriche/Bureau/projet-rattrapage/ros2_ws/install/tutorial_interfaces/include/tutorial_interfaces/tutorial_interfaces/srv/detail\n'}
[12.863880] (tutorial_interfaces) StdoutLine: {'line': b'-- Installing: /home/maxime.leriche/Bureau/projet-rattrapage/ros2_ws/install/tutorial_interfaces/include/tutorial_interfaces/tutorial_interfaces/srv/detail/dds_fastrtps\n'}
[12.872446] (tutorial_interfaces) StdoutLine: {'line': b'-- Installing: /home/maxime.leriche/Bureau/projet-rattrapage/ros2_ws/install/tutorial_interfaces/include/tutorial_interfaces/tutorial_interfaces/srv/detail/add_three_ints__rosidl_typesupport_fastrtps_cpp.hpp\n'}
[12.879932] (tutorial_interfaces) StdoutLine: {'line': b'-- Up-to-date: /home/maxime.leriche/Bureau/projet-rattrapage/ros2_ws/install/tutorial_interfaces/include/tutorial_interfaces/tutorial_interfaces/msg\n'}
[12.881650] (tutorial_interfaces) StdoutLine: {'line': b'-- Up-to-date: /home/maxime.leriche/Bureau/projet-rattrapage/ros2_ws/install/tutorial_interfaces/include/tutorial_interfaces/tutorial_interfaces/msg/detail\n'}
[12.884886] (tutorial_interfaces) StdoutLine: {'line': b'-- Installing: /home/maxime.leriche/Bureau/projet-rattrapage/ros2_ws/install/tutorial_interfaces/include/tutorial_interfaces/tutorial_interfaces/msg/detail/dds_fastrtps\n'}
[12.895091] (tutorial_interfaces) StdoutLine: {'line': b'-- Installing: /home/maxime.leriche/Bureau/projet-rattrapage/ros2_ws/install/tutorial_interfaces/include/tutorial_interfaces/tutorial_interfaces/msg/detail/num__rosidl_typesupport_fastrtps_cpp.hpp\n'}
[12.903845] (tutorial_interfaces) StdoutLine: {'line': b'-- Installing: /home/maxime.leriche/Bureau/projet-rattrapage/ros2_ws/install/tutorial_interfaces/include/tutorial_interfaces/tutorial_interfaces/msg/detail/sphere__rosidl_typesupport_fastrtps_cpp.hpp\n'}
[12.912063] (tutorial_interfaces) StdoutLine: {'line': b'-- Installing: /home/maxime.leriche/Bureau/projet-rattrapage/ros2_ws/install/tutorial_interfaces/include/tutorial_interfaces/tutorial_interfaces/msg/rosidl_typesupport_fastrtps_cpp__visibility_control.h\n'}
[12.922340] (tutorial_interfaces) StdoutLine: {'line': b'-- Installing: /home/maxime.leriche/Bureau/projet-rattrapage/ros2_ws/install/tutorial_interfaces/lib/libtutorial_interfaces__rosidl_typesupport_fastrtps_cpp.so\n'}
[12.938146] (-) TimerEvent: {}
[12.939665] (tutorial_interfaces) StdoutLine: {'line': b'-- Set runtime path of "/home/maxime.leriche/Bureau/projet-rattrapage/ros2_ws/install/tutorial_interfaces/lib/libtutorial_interfaces__rosidl_typesupport_fastrtps_cpp.so" to ""\n'}
[12.940265] (tutorial_interfaces) StdoutLine: {'line': b'-- Up-to-date: /home/maxime.leriche/Bureau/projet-rattrapage/ros2_ws/install/tutorial_interfaces/include/tutorial_interfaces/tutorial_interfaces\n'}
[12.942892] (tutorial_interfaces) StdoutLine: {'line': b'-- Up-to-date: /home/maxime.leriche/Bureau/projet-rattrapage/ros2_ws/install/tutorial_interfaces/include/tutorial_interfaces/tutorial_interfaces/srv\n'}
[12.945101] (tutorial_interfaces) StdoutLine: {'line': b'-- Up-to-date: /home/maxime.leriche/Bureau/projet-rattrapage/ros2_ws/install/tutorial_interfaces/include/tutorial_interfaces/tutorial_interfaces/srv/detail\n'}
[12.947282] (tutorial_interfaces) StdoutLine: {'line': b'-- Installing: /home/maxime.leriche/Bureau/projet-rattrapage/ros2_ws/install/tutorial_interfaces/include/tutorial_interfaces/tutorial_interfaces/srv/detail/add_three_ints__rosidl_typesupport_introspection_c.h\n'}
[12.955162] (tutorial_interfaces) StdoutLine: {'line': b'-- Installing: /home/maxime.leriche/Bureau/projet-rattrapage/ros2_ws/install/tutorial_interfaces/include/tutorial_interfaces/tutorial_interfaces/srv/detail/add_three_ints__type_support.c\n'}
[12.963155] (tutorial_interfaces) StdoutLine: {'line': b'-- Up-to-date: /home/maxime.leriche/Bureau/projet-rattrapage/ros2_ws/install/tutorial_interfaces/include/tutorial_interfaces/tutorial_interfaces/msg\n'}
[12.964859] (tutorial_interfaces) StdoutLine: {'line': b'-- Up-to-date: /home/maxime.leriche/Bureau/projet-rattrapage/ros2_ws/install/tutorial_interfaces/include/tutorial_interfaces/tutorial_interfaces/msg/detail\n'}
[12.967946] (tutorial_interfaces) StdoutLine: {'line': b'-- Installing: /home/maxime.leriche/Bureau/projet-rattrapage/ros2_ws/install/tutorial_interfaces/include/tutorial_interfaces/tutorial_interfaces/msg/detail/num__type_support.c\n'}
[12.976017] (tutorial_interfaces) StdoutLine: {'line': b'-- Installing: /home/maxime.leriche/Bureau/projet-rattrapage/ros2_ws/install/tutorial_interfaces/include/tutorial_interfaces/tutorial_interfaces/msg/detail/sphere__type_support.c\n'}
[12.983968] (tutorial_interfaces) StdoutLine: {'line': b'-- Installing: /home/maxime.leriche/Bureau/projet-rattrapage/ros2_ws/install/tutorial_interfaces/include/tutorial_interfaces/tutorial_interfaces/msg/detail/num__rosidl_typesupport_introspection_c.h\n'}
[12.995204] (tutorial_interfaces) StdoutLine: {'line': b'-- Installing: /home/maxime.leriche/Bureau/projet-rattrapage/ros2_ws/install/tutorial_interfaces/include/tutorial_interfaces/tutorial_interfaces/msg/detail/sphere__rosidl_typesupport_introspection_c.h\n'}
[13.003374] (tutorial_interfaces) StdoutLine: {'line': b'-- Installing: /home/maxime.leriche/Bureau/projet-rattrapage/ros2_ws/install/tutorial_interfaces/include/tutorial_interfaces/tutorial_interfaces/msg/rosidl_typesupport_introspection_c__visibility_control.h\n'}
[13.012303] (tutorial_interfaces) StdoutLine: {'line': b'-- Installing: /home/maxime.leriche/Bureau/projet-rattrapage/ros2_ws/install/tutorial_interfaces/lib/libtutorial_interfaces__rosidl_typesupport_introspection_c.so\n'}
[13.028171] (tutorial_interfaces) StdoutLine: {'line': b'-- Set runtime path of "/home/maxime.leriche/Bureau/projet-rattrapage/ros2_ws/install/tutorial_interfaces/lib/libtutorial_interfaces__rosidl_typesupport_introspection_c.so" to ""\n'}
[13.029939] (tutorial_interfaces) StdoutLine: {'line': b'-- Installing: /home/maxime.leriche/Bureau/projet-rattrapage/ros2_ws/install/tutorial_interfaces/lib/libtutorial_interfaces__rosidl_typesupport_c.so\n'}
[13.038194] (-) TimerEvent: {}
[13.045505] (tutorial_interfaces) StdoutLine: {'line': b'-- Set runtime path of "/home/maxime.leriche/Bureau/projet-rattrapage/ros2_ws/install/tutorial_interfaces/lib/libtutorial_interfaces__rosidl_typesupport_c.so" to ""\n'}
[13.046077] (tutorial_interfaces) StdoutLine: {'line': b'-- Up-to-date: /home/maxime.leriche/Bureau/projet-rattrapage/ros2_ws/install/tutorial_interfaces/include/tutorial_interfaces/tutorial_interfaces\n'}
[13.048865] (tutorial_interfaces) StdoutLine: {'line': b'-- Up-to-date: /home/maxime.leriche/Bureau/projet-rattrapage/ros2_ws/install/tutorial_interfaces/include/tutorial_interfaces/tutorial_interfaces/srv\n'}
[13.050721] (tutorial_interfaces) StdoutLine: {'line': b'-- Up-to-date: /home/maxime.leriche/Bureau/projet-rattrapage/ros2_ws/install/tutorial_interfaces/include/tutorial_interfaces/tutorial_interfaces/srv/detail\n'}
[13.053620] (tutorial_interfaces) StdoutLine: {'line': b'-- Installing: /home/maxime.leriche/Bureau/projet-rattrapage/ros2_ws/install/tutorial_interfaces/include/tutorial_interfaces/tutorial_interfaces/srv/detail/add_three_ints__type_support.cpp\n'}
[13.064009] (tutorial_interfaces) StdoutLine: {'line': b'-- Installing: /home/maxime.leriche/Bureau/projet-rattrapage/ros2_ws/install/tutorial_interfaces/include/tutorial_interfaces/tutorial_interfaces/srv/detail/add_three_ints__rosidl_typesupport_introspection_cpp.hpp\n'}
[13.071122] (tutorial_interfaces) StdoutLine: {'line': b'-- Up-to-date: /home/maxime.leriche/Bureau/projet-rattrapage/ros2_ws/install/tutorial_interfaces/include/tutorial_interfaces/tutorial_interfaces/msg\n'}
[13.073854] (tutorial_interfaces) StdoutLine: {'line': b'-- Up-to-date: /home/maxime.leriche/Bureau/projet-rattrapage/ros2_ws/install/tutorial_interfaces/include/tutorial_interfaces/tutorial_interfaces/msg/detail\n'}
[13.076399] (tutorial_interfaces) StdoutLine: {'line': b'-- Installing: /home/maxime.leriche/Bureau/projet-rattrapage/ros2_ws/install/tutorial_interfaces/include/tutorial_interfaces/tutorial_interfaces/msg/detail/sphere__type_support.cpp\n'}
[13.084328] (tutorial_interfaces) StdoutLine: {'line': b'-- Installing: /home/maxime.leriche/Bureau/projet-rattrapage/ros2_ws/install/tutorial_interfaces/include/tutorial_interfaces/tutorial_interfaces/msg/detail/sphere__rosidl_typesupport_introspection_cpp.hpp\n'}
[13.091213] (tutorial_interfaces) StdoutLine: {'line': b'-- Installing: /home/maxime.leriche/Bureau/projet-rattrapage/ros2_ws/install/tutorial_interfaces/include/tutorial_interfaces/tutorial_interfaces/msg/detail/num__type_support.cpp\n'}
[13.098922] (tutorial_interfaces) StdoutLine: {'line': b'-- Installing: /home/maxime.leriche/Bureau/projet-rattrapage/ros2_ws/install/tutorial_interfaces/include/tutorial_interfaces/tutorial_interfaces/msg/detail/num__rosidl_typesupport_introspection_cpp.hpp\n'}
[13.107255] (tutorial_interfaces) StdoutLine: {'line': b'-- Installing: /home/maxime.leriche/Bureau/projet-rattrapage/ros2_ws/install/tutorial_interfaces/lib/libtutorial_interfaces__rosidl_typesupport_introspection_cpp.so\n'}
[13.123485] (tutorial_interfaces) StdoutLine: {'line': b'-- Set runtime path of "/home/maxime.leriche/Bureau/projet-rattrapage/ros2_ws/install/tutorial_interfaces/lib/libtutorial_interfaces__rosidl_typesupport_introspection_cpp.so" to ""\n'}
[13.125956] (tutorial_interfaces) StdoutLine: {'line': b'-- Installing: /home/maxime.leriche/Bureau/projet-rattrapage/ros2_ws/install/tutorial_interfaces/lib/libtutorial_interfaces__rosidl_typesupport_cpp.so\n'}
[13.138322] (-) TimerEvent: {}
[13.141842] (tutorial_interfaces) StdoutLine: {'line': b'-- Set runtime path of "/home/maxime.leriche/Bureau/projet-rattrapage/ros2_ws/install/tutorial_interfaces/lib/libtutorial_interfaces__rosidl_typesupport_cpp.so" to ""\n'}
[13.143859] (tutorial_interfaces) StdoutLine: {'line': b'-- Installing: /home/maxime.leriche/Bureau/projet-rattrapage/ros2_ws/install/tutorial_interfaces/share/tutorial_interfaces/environment/pythonpath.sh\n'}
[13.154226] (tutorial_interfaces) StdoutLine: {'line': b'-- Installing: /home/maxime.leriche/Bureau/projet-rattrapage/ros2_ws/install/tutorial_interfaces/share/tutorial_interfaces/environment/pythonpath.dsv\n'}
[13.162325] (tutorial_interfaces) StdoutLine: {'line': b'-- Installing: /home/maxime.leriche/Bureau/projet-rattrapage/ros2_ws/install/tutorial_interfaces/local/lib/python3.10/dist-packages/tutorial_interfaces-0.0.0-py3.10.egg-info\n'}
[13.181644] (tutorial_interfaces) StdoutLine: {'line': b'-- Installing: /home/maxime.leriche/Bureau/projet-rattrapage/ros2_ws/install/tutorial_interfaces/local/lib/python3.10/dist-packages/tutorial_interfaces-0.0.0-py3.10.egg-info/dependency_links.txt\n'}
[13.191698] (tutorial_interfaces) StdoutLine: {'line': b'-- Installing: /home/maxime.leriche/Bureau/projet-rattrapage/ros2_ws/install/tutorial_interfaces/local/lib/python3.10/dist-packages/tutorial_interfaces-0.0.0-py3.10.egg-info/PKG-INFO\n'}
[13.202611] (tutorial_interfaces) StdoutLine: {'line': b'-- Installing: /home/maxime.leriche/Bureau/projet-rattrapage/ros2_ws/install/tutorial_interfaces/local/lib/python3.10/dist-packages/tutorial_interfaces-0.0.0-py3.10.egg-info/SOURCES.txt\n'}
[13.212491] (tutorial_interfaces) StdoutLine: {'line': b'-- Installing: /home/maxime.leriche/Bureau/projet-rattrapage/ros2_ws/install/tutorial_interfaces/local/lib/python3.10/dist-packages/tutorial_interfaces-0.0.0-py3.10.egg-info/top_level.txt\n'}
[13.221577] (tutorial_interfaces) StdoutLine: {'line': b'-- Installing: /home/maxime.leriche/Bureau/projet-rattrapage/ros2_ws/install/tutorial_interfaces/local/lib/python3.10/dist-packages/tutorial_interfaces\n'}
[13.230969] (tutorial_interfaces) StdoutLine: {'line': b'-- Installing: /home/maxime.leriche/Bureau/projet-rattrapage/ros2_ws/install/tutorial_interfaces/local/lib/python3.10/dist-packages/tutorial_interfaces/_tutorial_interfaces_s.ep.rosidl_typesupport_fastrtps_c.c\n'}
[13.238458] (-) TimerEvent: {}
[13.243494] (tutorial_interfaces) StdoutLine: {'line': b'-- Installing: /home/maxime.leriche/Bureau/projet-rattrapage/ros2_ws/install/tutorial_interfaces/local/lib/python3.10/dist-packages/tutorial_interfaces/srv\n'}
[13.256511] (tutorial_interfaces) StdoutLine: {'line': b'-- Installing: /home/maxime.leriche/Bureau/projet-rattrapage/ros2_ws/install/tutorial_interfaces/local/lib/python3.10/dist-packages/tutorial_interfaces/srv/_add_three_ints.py\n'}
[13.268985] (tutorial_interfaces) StdoutLine: {'line': b'-- Installing: /home/maxime.leriche/Bureau/projet-rattrapage/ros2_ws/install/tutorial_interfaces/local/lib/python3.10/dist-packages/tutorial_interfaces/srv/__init__.py\n'}
[13.276674] (tutorial_interfaces) StdoutLine: {'line': b'-- Installing: /home/maxime.leriche/Bureau/projet-rattrapage/ros2_ws/install/tutorial_interfaces/local/lib/python3.10/dist-packages/tutorial_interfaces/srv/_add_three_ints_s.c\n'}
[13.289179] (tutorial_interfaces) StdoutLine: {'line': b'-- Installing: /home/maxime.leriche/Bureau/projet-rattrapage/ros2_ws/install/tutorial_interfaces/local/lib/python3.10/dist-packages/tutorial_interfaces/tutorial_interfaces_s__rosidl_typesupport_c.cpython-310-x86_64-linux-gnu.so\n'}
[13.300873] (tutorial_interfaces) StdoutLine: {'line': b'-- Installing: /home/maxime.leriche/Bureau/projet-rattrapage/ros2_ws/install/tutorial_interfaces/local/lib/python3.10/dist-packages/tutorial_interfaces/__init__.py\n'}
[13.308538] (tutorial_interfaces) StdoutLine: {'line': b'-- Installing: /home/maxime.leriche/Bureau/projet-rattrapage/ros2_ws/install/tutorial_interfaces/local/lib/python3.10/dist-packages/tutorial_interfaces/tutorial_interfaces_s__rosidl_typesupport_fastrtps_c.cpython-310-x86_64-linux-gnu.so\n'}
[13.320316] (tutorial_interfaces) StdoutLine: {'line': b'-- Installing: /home/maxime.leriche/Bureau/projet-rattrapage/ros2_ws/install/tutorial_interfaces/local/lib/python3.10/dist-packages/tutorial_interfaces/_tutorial_interfaces_s.ep.rosidl_typesupport_introspection_c.c\n'}
[13.330682] (tutorial_interfaces) StdoutLine: {'line': b'-- Installing: /home/maxime.leriche/Bureau/projet-rattrapage/ros2_ws/install/tutorial_interfaces/local/lib/python3.10/dist-packages/tutorial_interfaces/_tutorial_interfaces_s.ep.rosidl_typesupport_c.c\n'}
[13.338538] (-) TimerEvent: {}
[13.341101] (tutorial_interfaces) StdoutLine: {'line': b'-- Installing: /home/maxime.leriche/Bureau/projet-rattrapage/ros2_ws/install/tutorial_interfaces/local/lib/python3.10/dist-packages/tutorial_interfaces/msg\n'}
[13.351591] (tutorial_interfaces) StdoutLine: {'line': b'-- Installing: /home/maxime.leriche/Bureau/projet-rattrapage/ros2_ws/install/tutorial_interfaces/local/lib/python3.10/dist-packages/tutorial_interfaces/msg/_sphere_s.c\n'}
[13.360330] (tutorial_interfaces) StdoutLine: {'line': b'-- Installing: /home/maxime.leriche/Bureau/projet-rattrapage/ros2_ws/install/tutorial_interfaces/local/lib/python3.10/dist-packages/tutorial_interfaces/msg/__init__.py\n'}
[13.368245] (tutorial_interfaces) StdoutLine: {'line': b'-- Installing: /home/maxime.leriche/Bureau/projet-rattrapage/ros2_ws/install/tutorial_interfaces/local/lib/python3.10/dist-packages/tutorial_interfaces/msg/_num.py\n'}
[13.376337] (tutorial_interfaces) StdoutLine: {'line': b'-- Installing: /home/maxime.leriche/Bureau/projet-rattrapage/ros2_ws/install/tutorial_interfaces/local/lib/python3.10/dist-packages/tutorial_interfaces/msg/_num_s.c\n'}
[13.383986] (tutorial_interfaces) StdoutLine: {'line': b'-- Installing: /home/maxime.leriche/Bureau/projet-rattrapage/ros2_ws/install/tutorial_interfaces/local/lib/python3.10/dist-packages/tutorial_interfaces/msg/_sphere.py\n'}
[13.392866] (tutorial_interfaces) StdoutLine: {'line': b'-- Installing: /home/maxime.leriche/Bureau/projet-rattrapage/ros2_ws/install/tutorial_interfaces/local/lib/python3.10/dist-packages/tutorial_interfaces/libtutorial_interfaces__rosidl_generator_py.so\n'}
[13.404728] (tutorial_interfaces) StdoutLine: {'line': b'-- Installing: /home/maxime.leriche/Bureau/projet-rattrapage/ros2_ws/install/tutorial_interfaces/local/lib/python3.10/dist-packages/tutorial_interfaces/tutorial_interfaces_s__rosidl_typesupport_introspection_c.cpython-310-x86_64-linux-gnu.so\n'}
[13.438638] (-) TimerEvent: {}
[13.514267] (tutorial_interfaces) StdoutLine: {'line': b"Listing '/home/maxime.leriche/Bureau/projet-rattrapage/ros2_ws/install/tutorial_interfaces/local/lib/python3.10/dist-packages/tutorial_interfaces'...\n"}
[13.514468] (tutorial_interfaces) StdoutLine: {'line': b"Compiling '/home/maxime.leriche/Bureau/projet-rattrapage/ros2_ws/install/tutorial_interfaces/local/lib/python3.10/dist-packages/tutorial_interfaces/__init__.py'...\n"}
[13.514568] (tutorial_interfaces) StdoutLine: {'line': b"Listing '/home/maxime.leriche/Bureau/projet-rattrapage/ros2_ws/install/tutorial_interfaces/local/lib/python3.10/dist-packages/tutorial_interfaces/msg'...\n"}
[13.514842] (tutorial_interfaces) StdoutLine: {'line': b"Compiling '/home/maxime.leriche/Bureau/projet-rattrapage/ros2_ws/install/tutorial_interfaces/local/lib/python3.10/dist-packages/tutorial_interfaces/msg/__init__.py'...\n"}
[13.514960] (tutorial_interfaces) StdoutLine: {'line': b"Compiling '/home/maxime.leriche/Bureau/projet-rattrapage/ros2_ws/install/tutorial_interfaces/local/lib/python3.10/dist-packages/tutorial_interfaces/msg/_num.py'...\n"}
[13.515052] (tutorial_interfaces) StdoutLine: {'line': b"Compiling '/home/maxime.leriche/Bureau/projet-rattrapage/ros2_ws/install/tutorial_interfaces/local/lib/python3.10/dist-packages/tutorial_interfaces/msg/_sphere.py'...\n"}
[13.515141] (tutorial_interfaces) StdoutLine: {'line': b"Listing '/home/maxime.leriche/Bureau/projet-rattrapage/ros2_ws/install/tutorial_interfaces/local/lib/python3.10/dist-packages/tutorial_interfaces/srv'...\n"}
[13.515279] (tutorial_interfaces) StdoutLine: {'line': b"Compiling '/home/maxime.leriche/Bureau/projet-rattrapage/ros2_ws/install/tutorial_interfaces/local/lib/python3.10/dist-packages/tutorial_interfaces/srv/__init__.py'...\n"}
[13.515369] (tutorial_interfaces) StdoutLine: {'line': b"Compiling '/home/maxime.leriche/Bureau/projet-rattrapage/ros2_ws/install/tutorial_interfaces/local/lib/python3.10/dist-packages/tutorial_interfaces/srv/_add_three_ints.py'...\n"}
[13.523185] (tutorial_interfaces) StdoutLine: {'line': b'-- Installing: /home/maxime.leriche/Bureau/projet-rattrapage/ros2_ws/install/tutorial_interfaces/local/lib/python3.10/dist-packages/tutorial_interfaces/tutorial_interfaces_s__rosidl_typesupport_fastrtps_c.cpython-310-x86_64-linux-gnu.so\n'}
[13.537786] (tutorial_interfaces) StdoutLine: {'line': b'-- Set runtime path of "/home/maxime.leriche/Bureau/projet-rattrapage/ros2_ws/install/tutorial_interfaces/local/lib/python3.10/dist-packages/tutorial_interfaces/tutorial_interfaces_s__rosidl_typesupport_fastrtps_c.cpython-310-x86_64-linux-gnu.so" to ""\n'}
[13.538710] (-) TimerEvent: {}
[13.541716] (tutorial_interfaces) StdoutLine: {'line': b'-- Installing: /home/maxime.leriche/Bureau/projet-rattrapage/ros2_ws/install/tutorial_interfaces/local/lib/python3.10/dist-packages/tutorial_interfaces/tutorial_interfaces_s__rosidl_typesupport_introspection_c.cpython-310-x86_64-linux-gnu.so\n'}
[13.556950] (tutorial_interfaces) StdoutLine: {'line': b'-- Set runtime path of "/home/maxime.leriche/Bureau/projet-rattrapage/ros2_ws/install/tutorial_interfaces/local/lib/python3.10/dist-packages/tutorial_interfaces/tutorial_interfaces_s__rosidl_typesupport_introspection_c.cpython-310-x86_64-linux-gnu.so" to ""\n'}
[13.560466] (tutorial_interfaces) StdoutLine: {'line': b'-- Installing: /home/maxime.leriche/Bureau/projet-rattrapage/ros2_ws/install/tutorial_interfaces/local/lib/python3.10/dist-packages/tutorial_interfaces/tutorial_interfaces_s__rosidl_typesupport_c.cpython-310-x86_64-linux-gnu.so\n'}
[13.575261] (tutorial_interfaces) StdoutLine: {'line': b'-- Set runtime path of "/home/maxime.leriche/Bureau/projet-rattrapage/ros2_ws/install/tutorial_interfaces/local/lib/python3.10/dist-packages/tutorial_interfaces/tutorial_interfaces_s__rosidl_typesupport_c.cpython-310-x86_64-linux-gnu.so" to ""\n'}
[13.576562] (tutorial_interfaces) StdoutLine: {'line': b'-- Installing: /home/maxime.leriche/Bureau/projet-rattrapage/ros2_ws/install/tutorial_interfaces/lib/libtutorial_interfaces__rosidl_generator_py.so\n'}
[13.593207] (tutorial_interfaces) StdoutLine: {'line': b'-- Set runtime path of "/home/maxime.leriche/Bureau/projet-rattrapage/ros2_ws/install/tutorial_interfaces/lib/libtutorial_interfaces__rosidl_generator_py.so" to ""\n'}
[13.601488] (tutorial_interfaces) StdoutLine: {'line': b'-- Installing: /home/maxime.leriche/Bureau/projet-rattrapage/ros2_ws/install/tutorial_interfaces/share/tutorial_interfaces/msg/Num.idl\n'}
[13.610529] (tutorial_interfaces) StdoutLine: {'line': b'-- Installing: /home/maxime.leriche/Bureau/projet-rattrapage/ros2_ws/install/tutorial_interfaces/share/tutorial_interfaces/msg/Sphere.idl\n'}
[13.624820] (tutorial_interfaces) StdoutLine: {'line': b'-- Installing: /home/maxime.leriche/Bureau/projet-rattrapage/ros2_ws/install/tutorial_interfaces/share/tutorial_interfaces/srv/AddThreeInts.idl\n'}
[13.632819] (tutorial_interfaces) StdoutLine: {'line': b'-- Installing: /home/maxime.leriche/Bureau/projet-rattrapage/ros2_ws/install/tutorial_interfaces/share/tutorial_interfaces/msg/Num.msg\n'}
[13.638819] (-) TimerEvent: {}
[13.640519] (tutorial_interfaces) StdoutLine: {'line': b'-- Installing: /home/maxime.leriche/Bureau/projet-rattrapage/ros2_ws/install/tutorial_interfaces/share/tutorial_interfaces/msg/Sphere.msg\n'}
[13.649201] (tutorial_interfaces) StdoutLine: {'line': b'-- Installing: /home/maxime.leriche/Bureau/projet-rattrapage/ros2_ws/install/tutorial_interfaces/share/tutorial_interfaces/srv/AddThreeInts.srv\n'}
[13.658815] (tutorial_interfaces) StdoutLine: {'line': b'-- Installing: /home/maxime.leriche/Bureau/projet-rattrapage/ros2_ws/install/tutorial_interfaces/share/tutorial_interfaces/srv/AddThreeInts_Request.msg\n'}
[13.667847] (tutorial_interfaces) StdoutLine: {'line': b'-- Installing: /home/maxime.leriche/Bureau/projet-rattrapage/ros2_ws/install/tutorial_interfaces/share/tutorial_interfaces/srv/AddThreeInts_Response.msg\n'}
[13.683150] (tutorial_interfaces) StdoutLine: {'line': b'-- Installing: /home/maxime.leriche/Bureau/projet-rattrapage/ros2_ws/install/tutorial_interfaces/share/ament_index/resource_index/package_run_dependencies/tutorial_interfaces\n'}
[13.699774] (tutorial_interfaces) StdoutLine: {'line': b'-- Installing: /home/maxime.leriche/Bureau/projet-rattrapage/ros2_ws/install/tutorial_interfaces/share/ament_index/resource_index/parent_prefix_path/tutorial_interfaces\n'}
[13.707956] (tutorial_interfaces) StdoutLine: {'line': b'-- Installing: /home/maxime.leriche/Bureau/projet-rattrapage/ros2_ws/install/tutorial_interfaces/share/tutorial_interfaces/environment/ament_prefix_path.sh\n'}
[13.714604] (tutorial_interfaces) StdoutLine: {'line': b'-- Installing: /home/maxime.leriche/Bureau/projet-rattrapage/ros2_ws/install/tutorial_interfaces/share/tutorial_interfaces/environment/ament_prefix_path.dsv\n'}
[13.722076] (tutorial_interfaces) StdoutLine: {'line': b'-- Installing: /home/maxime.leriche/Bureau/projet-rattrapage/ros2_ws/install/tutorial_interfaces/share/tutorial_interfaces/environment/path.sh\n'}
[13.728654] (tutorial_interfaces) StdoutLine: {'line': b'-- Installing: /home/maxime.leriche/Bureau/projet-rattrapage/ros2_ws/install/tutorial_interfaces/share/tutorial_interfaces/environment/path.dsv\n'}
[13.735880] (tutorial_interfaces) StdoutLine: {'line': b'-- Installing: /home/maxime.leriche/Bureau/projet-rattrapage/ros2_ws/install/tutorial_interfaces/share/tutorial_interfaces/local_setup.bash\n'}
[13.738908] (-) TimerEvent: {}
[13.744134] (tutorial_interfaces) StdoutLine: {'line': b'-- Installing: /home/maxime.leriche/Bureau/projet-rattrapage/ros2_ws/install/tutorial_interfaces/share/tutorial_interfaces/local_setup.sh\n'}
[13.752302] (tutorial_interfaces) StdoutLine: {'line': b'-- Installing: /home/maxime.leriche/Bureau/projet-rattrapage/ros2_ws/install/tutorial_interfaces/share/tutorial_interfaces/local_setup.zsh\n'}
[13.760273] (tutorial_interfaces) StdoutLine: {'line': b'-- Installing: /home/maxime.leriche/Bureau/projet-rattrapage/ros2_ws/install/tutorial_interfaces/share/tutorial_interfaces/local_setup.dsv\n'}
[13.767161] (tutorial_interfaces) StdoutLine: {'line': b'-- Installing: /home/maxime.leriche/Bureau/projet-rattrapage/ros2_ws/install/tutorial_interfaces/share/tutorial_interfaces/package.dsv\n'}
[13.782433] (tutorial_interfaces) StdoutLine: {'line': b'-- Installing: /home/maxime.leriche/Bureau/projet-rattrapage/ros2_ws/install/tutorial_interfaces/share/ament_index/resource_index/packages/tutorial_interfaces\n'}
[13.796837] (tutorial_interfaces) StdoutLine: {'line': b'-- Installing: /home/maxime.leriche/Bureau/projet-rattrapage/ros2_ws/install/tutorial_interfaces/share/tutorial_interfaces/cmake/export_tutorial_interfaces__rosidl_generator_cExport.cmake\n'}
[13.808868] (tutorial_interfaces) StdoutLine: {'line': b'-- Installing: /home/maxime.leriche/Bureau/projet-rattrapage/ros2_ws/install/tutorial_interfaces/share/tutorial_interfaces/cmake/export_tutorial_interfaces__rosidl_generator_cExport-noconfig.cmake\n'}
[13.819319] (tutorial_interfaces) StdoutLine: {'line': b'-- Installing: /home/maxime.leriche/Bureau/projet-rattrapage/ros2_ws/install/tutorial_interfaces/share/tutorial_interfaces/cmake/export_tutorial_interfaces__rosidl_typesupport_fastrtps_cExport.cmake\n'}
[13.829987] (tutorial_interfaces) StdoutLine: {'line': b'-- Installing: /home/maxime.leriche/Bureau/projet-rattrapage/ros2_ws/install/tutorial_interfaces/share/tutorial_interfaces/cmake/export_tutorial_interfaces__rosidl_typesupport_fastrtps_cExport-noconfig.cmake\n'}
[13.838996] (-) TimerEvent: {}
[13.840856] (tutorial_interfaces) StdoutLine: {'line': b'-- Installing: /home/maxime.leriche/Bureau/projet-rattrapage/ros2_ws/install/tutorial_interfaces/share/tutorial_interfaces/cmake/export_tutorial_interfaces__rosidl_generator_cppExport.cmake\n'}
[13.851044] (tutorial_interfaces) StdoutLine: {'line': b'-- Installing: /home/maxime.leriche/Bureau/projet-rattrapage/ros2_ws/install/tutorial_interfaces/share/tutorial_interfaces/cmake/export_tutorial_interfaces__rosidl_typesupport_fastrtps_cppExport.cmake\n'}
[13.862409] (tutorial_interfaces) StdoutLine: {'line': b'-- Installing: /home/maxime.leriche/Bureau/projet-rattrapage/ros2_ws/install/tutorial_interfaces/share/tutorial_interfaces/cmake/export_tutorial_interfaces__rosidl_typesupport_fastrtps_cppExport-noconfig.cmake\n'}
[13.873070] (tutorial_interfaces) StdoutLine: {'line': b'-- Installing: /home/maxime.leriche/Bureau/projet-rattrapage/ros2_ws/install/tutorial_interfaces/share/tutorial_interfaces/cmake/tutorial_interfaces__rosidl_typesupport_introspection_cExport.cmake\n'}
[13.884939] (tutorial_interfaces) StdoutLine: {'line': b'-- Installing: /home/maxime.leriche/Bureau/projet-rattrapage/ros2_ws/install/tutorial_interfaces/share/tutorial_interfaces/cmake/tutorial_interfaces__rosidl_typesupport_introspection_cExport-noconfig.cmake\n'}
[13.896658] (tutorial_interfaces) StdoutLine: {'line': b'-- Installing: /home/maxime.leriche/Bureau/projet-rattrapage/ros2_ws/install/tutorial_interfaces/share/tutorial_interfaces/cmake/tutorial_interfaces__rosidl_typesupport_cExport.cmake\n'}
[13.907863] (tutorial_interfaces) StdoutLine: {'line': b'-- Installing: /home/maxime.leriche/Bureau/projet-rattrapage/ros2_ws/install/tutorial_interfaces/share/tutorial_interfaces/cmake/tutorial_interfaces__rosidl_typesupport_cExport-noconfig.cmake\n'}
[13.919627] (tutorial_interfaces) StdoutLine: {'line': b'-- Installing: /home/maxime.leriche/Bureau/projet-rattrapage/ros2_ws/install/tutorial_interfaces/share/tutorial_interfaces/cmake/tutorial_interfaces__rosidl_typesupport_introspection_cppExport.cmake\n'}
[13.930408] (tutorial_interfaces) StdoutLine: {'line': b'-- Installing: /home/maxime.leriche/Bureau/projet-rattrapage/ros2_ws/install/tutorial_interfaces/share/tutorial_interfaces/cmake/tutorial_interfaces__rosidl_typesupport_introspection_cppExport-noconfig.cmake\n'}
[13.939081] (-) TimerEvent: {}
[13.939818] (tutorial_interfaces) StdoutLine: {'line': b'-- Installing: /home/maxime.leriche/Bureau/projet-rattrapage/ros2_ws/install/tutorial_interfaces/share/tutorial_interfaces/cmake/tutorial_interfaces__rosidl_typesupport_cppExport.cmake\n'}
[13.957646] (tutorial_interfaces) StdoutLine: {'line': b'-- Installing: /home/maxime.leriche/Bureau/projet-rattrapage/ros2_ws/install/tutorial_interfaces/share/tutorial_interfaces/cmake/tutorial_interfaces__rosidl_typesupport_cppExport-noconfig.cmake\n'}
[13.969327] (tutorial_interfaces) StdoutLine: {'line': b'-- Installing: /home/maxime.leriche/Bureau/projet-rattrapage/ros2_ws/install/tutorial_interfaces/share/tutorial_interfaces/cmake/export_tutorial_interfaces__rosidl_generator_pyExport.cmake\n'}
[13.978871] (tutorial_interfaces) StdoutLine: {'line': b'-- Installing: /home/maxime.leriche/Bureau/projet-rattrapage/ros2_ws/install/tutorial_interfaces/share/tutorial_interfaces/cmake/export_tutorial_interfaces__rosidl_generator_pyExport-noconfig.cmake\n'}
[13.987514] (tutorial_interfaces) StdoutLine: {'line': b'-- Installing: /home/maxime.leriche/Bureau/projet-rattrapage/ros2_ws/install/tutorial_interfaces/share/tutorial_interfaces/cmake/rosidl_cmake-extras.cmake\n'}
[13.995243] (tutorial_interfaces) StdoutLine: {'line': b'-- Installing: /home/maxime.leriche/Bureau/projet-rattrapage/ros2_ws/install/tutorial_interfaces/share/tutorial_interfaces/cmake/ament_cmake_export_dependencies-extras.cmake\n'}
[14.003937] (tutorial_interfaces) StdoutLine: {'line': b'-- Installing: /home/maxime.leriche/Bureau/projet-rattrapage/ros2_ws/install/tutorial_interfaces/share/tutorial_interfaces/cmake/ament_cmake_export_include_directories-extras.cmake\n'}
[14.011968] (tutorial_interfaces) StdoutLine: {'line': b'-- Installing: /home/maxime.leriche/Bureau/projet-rattrapage/ros2_ws/install/tutorial_interfaces/share/tutorial_interfaces/cmake/ament_cmake_export_libraries-extras.cmake\n'}
[14.019959] (tutorial_interfaces) StdoutLine: {'line': b'-- Installing: /home/maxime.leriche/Bureau/projet-rattrapage/ros2_ws/install/tutorial_interfaces/share/tutorial_interfaces/cmake/ament_cmake_export_targets-extras.cmake\n'}
[14.027908] (tutorial_interfaces) StdoutLine: {'line': b'-- Installing: /home/maxime.leriche/Bureau/projet-rattrapage/ros2_ws/install/tutorial_interfaces/share/tutorial_interfaces/cmake/rosidl_cmake_export_typesupport_targets-extras.cmake\n'}
[14.036294] (tutorial_interfaces) StdoutLine: {'line': b'-- Installing: /home/maxime.leriche/Bureau/projet-rattrapage/ros2_ws/install/tutorial_interfaces/share/tutorial_interfaces/cmake/rosidl_cmake_export_typesupport_libraries-extras.cmake\n'}
[14.039170] (-) TimerEvent: {}
[14.044513] (tutorial_interfaces) StdoutLine: {'line': b'-- Installing: /home/maxime.leriche/Bureau/projet-rattrapage/ros2_ws/install/tutorial_interfaces/share/tutorial_interfaces/cmake/tutorial_interfacesConfig.cmake\n'}
[14.052665] (tutorial_interfaces) StdoutLine: {'line': b'-- Installing: /home/maxime.leriche/Bureau/projet-rattrapage/ros2_ws/install/tutorial_interfaces/share/tutorial_interfaces/cmake/tutorial_interfacesConfig-version.cmake\n'}
[14.061068] (tutorial_interfaces) StdoutLine: {'line': b'-- Installing: /home/maxime.leriche/Bureau/projet-rattrapage/ros2_ws/install/tutorial_interfaces/share/tutorial_interfaces/package.xml\n'}
[14.077382] (tutorial_interfaces) CommandEnded: {'returncode': 0}
[14.139300] (-) TimerEvent: {}
[14.239559] (-) TimerEvent: {}
[14.338676] (tutorial_interfaces) JobEnded: {'identifier': 'tutorial_interfaces', 'rc': 0}
[14.342105] (-) TimerEvent: {}
[14.342200] (-) EventReactorShutdown: {}
