[0.000000] (-) TimerEvent: {}
[0.000134] (turtlesim) JobQueued: {'identifier': 'turtlesim', 'dependencies': OrderedDict()}
[0.000171] (turtlesim) JobStarted: {'identifier': 'turtlesim'}
[0.028455] (turtlesim) JobProgress: {'identifier': 'turtlesim', 'progress': 'cmake'}
[0.036637] (turtlesim) JobProgress: {'identifier': 'turtlesim', 'progress': 'build'}
[0.038334] (turtlesim) Command: {'cmd': ['/usr/bin/cmake', '--build', '/home/maxime.leriche/Bureau/projet-rattrapage/ros2_ws/build/turtlesim', '--', '-j4', '-l4'], 'cwd': '/home/maxime.leriche/Bureau/projet-rattrapage/ros2_ws/build/turtlesim', 'env': OrderedDict([('USER', 'maxime.leriche'), ('PT8HOME', '/opt/pt'), ('XDG_SESSION_TYPE', 'x11'), ('XDG_CACHE_HOME', '/run/shm/.cache/maxime.leriche'), ('SHLVL', '1'), ('LD_LIBRARY_PATH', '/home/maxime.leriche/Bureau/projet-rattrapage/ros2_ws/install/turtlesim/lib:/usr/lib/x86_64-linux-gnu/gazebo-11/plugins:/opt/ros/humble/opt/rviz_ogre_vendor/lib:/opt/ros/humble/lib/x86_64-linux-gnu:/opt/ros/humble/lib'), ('HOME', '/home/maxime.leriche'), ('OLDPWD', '/home/maxime.leriche/Bureau/projet-rattrapage'), ('DESKTOP_SESSION', 'ubuntu'), ('ROS_PYTHON_VERSION', '3'), ('GNOME_SHELL_SESSION_MODE', 'ubuntu'), ('GTK_MODULES', 'gail:atk-bridge'), ('MANAGERPID', '66503'), ('SYSTEMD_EXEC_PID', '67261'), ('DBUS_SESSION_BUS_ADDRESS', 'unix:path=/run/user/30333/bus'), ('COLORTERM', 'truecolor'), ('TERMINATOR_DBUS_NAME', 'net.tenshu.Terminator23558193cd9818af7fe4d2c2f5bd9d00f'), ('LIBVIRT_DEFAULT_URI', 'qemu:///system'), ('GIO_LAUNCHED_DESKTOP_FILE_PID', '72597'), ('COLCON_PREFIX_PATH', '/home/maxime.leriche/Bureau/projet-rattrapage/ros2_ws/install'), ('ROS_DISTRO', 'humble'), ('GTK_IM_MODULE', 'ibus'), ('LOGNAME', 'maxime.leriche'), ('JOURNAL_STREAM', '8:283345'), ('_', '/usr/bin/colcon'), ('ROS_VERSION', '2'), ('XDG_SESSION_CLASS', 'user'), ('USERNAME', 'maxime.leriche'), ('TERM', 'xterm-256color'), ('GNOME_DESKTOP_SESSION_ID', 'this-is-deprecated'), ('ROS_LOCALHOST_ONLY', '1'), ('WINDOWPATH', '2'), ('PATH', '/opt/ros/humble/bin:/softwares/bin:/usr/local/cpe/bin:/usr/local/cpe/sbin:/usr/local/sbin:/usr/local/bin:/usr/sbin:/usr/bin:/sbin:/bin:/snap/bin'), ('SESSION_MANAGER', 'local/tparlem03.cpe.lan:@/tmp/.ICE-unix/66900,unix/tparlem03.cpe.lan:/tmp/.ICE-unix/66900'), ('INVOCATION_ID', 'aec319c97e8f47d89540d70760907dd8'), ('XDG_MENU_PREFIX', 'gnome-'), ('XDG_RUNTIME_DIR', '/run/user/30333'), ('DISPLAY', ':1'), ('TERMINATOR_DBUS_PATH', '/net/tenshu/Terminator2'), ('LANG', 'fr_FR.UTF-8'), ('XDG_CURRENT_DESKTOP', 'ubuntu:GNOME'), ('IBUS_DISABLE_SNOOPER', '1'), ('XMODIFIERS', '@im=ibus'), ('XDG_SESSION_DESKTOP', 'ubuntu'), ('XAUTHORITY', '/run/user/30333/gdm/Xauthority'), ('SSH_AGENT_LAUNCHER', 'gnome-keyring'), ('SSH_AUTH_SOCK', '/run/user/30333/keyring/ssh'), ('ROS_DOMAIN_ID', '0'), ('AMENT_PREFIX_PATH', '/home/maxime.leriche/Bureau/projet-rattrapage/ros2_ws/install/turtlesim:/opt/ros/humble'), ('DEBIAN_FRONTEND', 'noninteractive'), ('SHELL', '/bin/bash'), ('TERMINATOR_UUID', 'urn:uuid:eb5014db-f233-4890-b139-cecd15f14888'), ('QT_ACCESSIBILITY', '1'), ('GDMSESSION', 'ubuntu'), ('GPG_AGENT_INFO', '/run/user/30333/gnupg/S.gpg-agent:0:1'), ('QT_IM_MODULE', 'ibus'), ('PWD', '/home/maxime.leriche/Bureau/projet-rattrapage/ros2_ws/build/turtlesim'), ('XDG_CONFIG_DIRS', '/etc/xdg/xdg-ubuntu:/etc/xdg'), ('XDG_DATA_DIRS', '/usr/share/ubuntu:/usr/share/gnome:/home/maxime.leriche/.local/share/flatpak/exports/share:/var/lib/flatpak/exports/share:/usr/local/share/:/usr/share/:/var/lib/snapd/desktop'), ('PYTHONPATH', '/home/maxime.leriche/Bureau/projet-rattrapage/ros2_ws/install/turtlesim/local/lib/python3.10/dist-packages:/opt/ros/humble/lib/python3.10/site-packages:/opt/ros/humble/local/lib/python3.10/dist-packages'), ('COLCON', '1'), ('VTE_VERSION', '6800'), ('CMAKE_PREFIX_PATH', '/home/maxime.leriche/Bureau/projet-rattrapage/ros2_ws/install/turtlesim:/opt/ros/humble')]), 'shell': False}
[0.098110] (-) TimerEvent: {}
[0.198560] (-) TimerEvent: {}
[0.254913] (turtlesim) StdoutLine: {'line': b'[  1%] Built target turtlesim__cpp\n'}
[0.279727] (turtlesim) StdoutLine: {'line': b'\x1b[35m\x1b[1mConsolidate compiler generated dependencies of target turtlesim__rosidl_generator_c\x1b[0m\n'}
[0.298710] (-) TimerEvent: {}
[0.311904] (turtlesim) StdoutLine: {'line': b'\x1b[35m\x1b[1mConsolidate compiler generated dependencies of target turtlesim__rosidl_typesupport_cpp\x1b[0m\n'}
[0.341152] (turtlesim) StdoutLine: {'line': b'\x1b[35m\x1b[1mConsolidate compiler generated dependencies of target turtlesim__rosidl_typesupport_fastrtps_cpp\x1b[0m\n'}
[0.398038] (turtlesim) StdoutLine: {'line': b'[ 11%] Built target turtlesim__rosidl_generator_c\n'}
[0.398768] (-) TimerEvent: {}
[0.425656] (turtlesim) StdoutLine: {'line': b'[ 23%] Built target turtlesim__rosidl_typesupport_cpp\n'}
[0.462369] (turtlesim) StdoutLine: {'line': b'[ 31%] Built target turtlesim__rosidl_typesupport_fastrtps_cpp\n'}
[0.467258] (turtlesim) StdoutLine: {'line': b'\x1b[35m\x1b[1mConsolidate compiler generated dependencies of target turtlesim__rosidl_typesupport_introspection_cpp\x1b[0m\n'}
[0.498937] (-) TimerEvent: {}
[0.528216] (turtlesim) StdoutLine: {'line': b'\x1b[35m\x1b[1mConsolidate compiler generated dependencies of target turtlesim__rosidl_typesupport_fastrtps_c\x1b[0m\n'}
[0.563400] (turtlesim) StdoutLine: {'line': b'\x1b[35m\x1b[1mConsolidate compiler generated dependencies of target turtlesim__rosidl_typesupport_introspection_c\x1b[0m\n'}
[0.597798] (turtlesim) StdoutLine: {'line': b'[ 41%] Built target turtlesim__rosidl_typesupport_introspection_cpp\n'}
[0.599006] (-) TimerEvent: {}
[0.647428] (turtlesim) StdoutLine: {'line': b'[ 55%] Built target ament_cmake_python_copy_turtlesim\n'}
[0.654619] (turtlesim) StdoutLine: {'line': b'[ 58%] Built target turtlesim__rosidl_typesupport_fastrtps_c\n'}
[0.659003] (turtlesim) StdoutLine: {'line': b'\x1b[35m\x1b[1mConsolidate compiler generated dependencies of target turtlesim__rosidl_typesupport_c\x1b[0m\n'}
[0.666553] (turtlesim) StdoutLine: {'line': b'[ 61%] Built target turtlesim__rosidl_typesupport_introspection_c\n'}
[0.675293] (turtlesim) StdoutLine: {'line': b'\x1b[35m\x1b[1mConsolidate compiler generated dependencies of target turtle_teleop_key\x1b[0m\n'}
[0.682410] (turtlesim) StdoutLine: {'line': b'\x1b[35m\x1b[1mConsolidate compiler generated dependencies of target turtlesim_node\x1b[0m\n'}
[0.697651] (turtlesim) StdoutLine: {'line': b'\x1b[35m\x1b[1mConsolidate compiler generated dependencies of target draw_square\x1b[0m\n'}
[0.699079] (-) TimerEvent: {}
[0.799337] (-) TimerEvent: {}
[0.811474] (turtlesim) StdoutLine: {'line': b'[ 72%] Built target turtle_teleop_key\n'}
[0.814994] (turtlesim) StdoutLine: {'line': b'[ 73%] Built target turtlesim__rosidl_typesupport_c\n'}
[0.823842] (turtlesim) StdoutLine: {'line': b'[ 75%] Built target draw_square\n'}
[0.829691] (turtlesim) StdoutLine: {'line': b'[ 76%] \x1b[32mBuilding CXX object CMakeFiles/turtlesim_node.dir/src/turtle_frame.cpp.o\x1b[0m\n'}
[0.831755] (turtlesim) StdoutLine: {'line': b'\x1b[35m\x1b[1mConsolidate compiler generated dependencies of target mimic\x1b[0m\n'}
[0.865043] (turtlesim) StdoutLine: {'line': b'[ 76%] Built target turtlesim\n'}
[0.899425] (-) TimerEvent: {}
[0.912801] (turtlesim) StdoutLine: {'line': b'[ 78%] Built target mimic\n'}
[0.923990] (turtlesim) StdoutLine: {'line': b'[ 79%] Built target turtlesim__py\n'}
[0.958848] (turtlesim) StdoutLine: {'line': b'\x1b[35m\x1b[1mConsolidate compiler generated dependencies of target turtlesim__rosidl_generator_py\x1b[0m\n'}
[0.999526] (-) TimerEvent: {}
[1.049970] (turtlesim) StdoutLine: {'line': b'[ 88%] Built target turtlesim__rosidl_generator_py\n'}
[1.075932] (turtlesim) StdoutLine: {'line': b'\x1b[35m\x1b[1mConsolidate compiler generated dependencies of target turtlesim__rosidl_typesupport_fastrtps_c__pyext\x1b[0m\n'}
[1.079804] (turtlesim) StdoutLine: {'line': b'\x1b[35m\x1b[1mConsolidate compiler generated dependencies of target turtlesim__rosidl_typesupport_introspection_c__pyext\x1b[0m\n'}
[1.099616] (-) TimerEvent: {}
[1.126192] (turtlesim) StdoutLine: {'line': b'[ 90%] Built target turtlesim__rosidl_typesupport_fastrtps_c__pyext\n'}
[1.136290] (turtlesim) StdoutLine: {'line': b'[ 92%] Built target turtlesim__rosidl_typesupport_introspection_c__pyext\n'}
[1.148121] (turtlesim) StdoutLine: {'line': b'\x1b[35m\x1b[1mConsolidate compiler generated dependencies of target turtlesim__rosidl_typesupport_c__pyext\x1b[0m\n'}
[1.193798] (turtlesim) StdoutLine: {'line': b'[ 94%] Built target turtlesim__rosidl_typesupport_c__pyext\n'}
[1.199711] (-) TimerEvent: {}
[1.254018] (turtlesim) StdoutLine: {'line': b'running egg_info\n'}
[1.255682] (turtlesim) StdoutLine: {'line': b'writing turtlesim.egg-info/PKG-INFO\n'}
[1.258892] (turtlesim) StdoutLine: {'line': b'writing dependency_links to turtlesim.egg-info/dependency_links.txt\n'}
[1.261137] (turtlesim) StdoutLine: {'line': b'writing top-level names to turtlesim.egg-info/top_level.txt\n'}
[1.272726] (turtlesim) StdoutLine: {'line': b"reading manifest file 'turtlesim.egg-info/SOURCES.txt'\n"}
[1.276208] (turtlesim) StdoutLine: {'line': b"writing manifest file 'turtlesim.egg-info/SOURCES.txt'\n"}
[1.299841] (-) TimerEvent: {}
[1.314992] (turtlesim) StdoutLine: {'line': b'[ 94%] Built target ament_cmake_python_build_turtlesim_egg\n'}
[1.399952] (-) TimerEvent: {}
[1.500292] (-) TimerEvent: {}
[1.600734] (-) TimerEvent: {}
[1.701073] (-) TimerEvent: {}
[1.801413] (-) TimerEvent: {}
[1.901767] (-) TimerEvent: {}
[2.002117] (-) TimerEvent: {}
[2.102468] (-) TimerEvent: {}
[2.202810] (-) TimerEvent: {}
[2.303158] (-) TimerEvent: {}
[2.403505] (-) TimerEvent: {}
[2.503847] (-) TimerEvent: {}
[2.604192] (-) TimerEvent: {}
[2.704563] (-) TimerEvent: {}
[2.804917] (-) TimerEvent: {}
[2.905275] (-) TimerEvent: {}
[3.005636] (-) TimerEvent: {}
[3.105991] (-) TimerEvent: {}
[3.206342] (-) TimerEvent: {}
[3.306707] (-) TimerEvent: {}
[3.407067] (-) TimerEvent: {}
[3.507419] (-) TimerEvent: {}
[3.607779] (-) TimerEvent: {}
[3.708132] (-) TimerEvent: {}
[3.808503] (-) TimerEvent: {}
[3.908870] (-) TimerEvent: {}
[4.009214] (-) TimerEvent: {}
[4.109565] (-) TimerEvent: {}
[4.209921] (-) TimerEvent: {}
[4.310272] (-) TimerEvent: {}
[4.410624] (-) TimerEvent: {}
[4.510978] (-) TimerEvent: {}
[4.611326] (-) TimerEvent: {}
[4.711673] (-) TimerEvent: {}
[4.812032] (-) TimerEvent: {}
[4.912397] (-) TimerEvent: {}
[5.012788] (-) TimerEvent: {}
[5.113152] (-) TimerEvent: {}
[5.213509] (-) TimerEvent: {}
[5.313871] (-) TimerEvent: {}
[5.414231] (-) TimerEvent: {}
[5.514587] (-) TimerEvent: {}
[5.614945] (-) TimerEvent: {}
[5.715289] (-) TimerEvent: {}
[5.815627] (-) TimerEvent: {}
[5.916027] (-) TimerEvent: {}
[6.016367] (-) TimerEvent: {}
[6.116730] (-) TimerEvent: {}
[6.217064] (-) TimerEvent: {}
[6.317403] (-) TimerEvent: {}
[6.417745] (-) TimerEvent: {}
[6.518086] (-) TimerEvent: {}
[6.618422] (-) TimerEvent: {}
[6.718762] (-) TimerEvent: {}
[6.819104] (-) TimerEvent: {}
[6.919447] (-) TimerEvent: {}
[7.019791] (-) TimerEvent: {}
[7.120133] (-) TimerEvent: {}
[7.220514] (-) TimerEvent: {}
[7.320869] (-) TimerEvent: {}
[7.421211] (-) TimerEvent: {}
[7.521561] (-) TimerEvent: {}
[7.621913] (-) TimerEvent: {}
[7.722258] (-) TimerEvent: {}
[7.822648] (-) TimerEvent: {}
[7.922996] (-) TimerEvent: {}
[8.023355] (-) TimerEvent: {}
[8.123725] (-) TimerEvent: {}
[8.224089] (-) TimerEvent: {}
[8.324455] (-) TimerEvent: {}
[8.424860] (-) TimerEvent: {}
[8.525243] (-) TimerEvent: {}
[8.625597] (-) TimerEvent: {}
[8.725963] (-) TimerEvent: {}
[8.826322] (-) TimerEvent: {}
[8.926681] (-) TimerEvent: {}
[9.027040] (-) TimerEvent: {}
[9.127390] (-) TimerEvent: {}
[9.227740] (-) TimerEvent: {}
[9.328135] (-) TimerEvent: {}
[9.428636] (-) TimerEvent: {}
[9.529098] (-) TimerEvent: {}
[9.629469] (-) TimerEvent: {}
[9.729829] (-) TimerEvent: {}
[9.830175] (-) TimerEvent: {}
[9.930516] (-) TimerEvent: {}
[10.030848] (-) TimerEvent: {}
[10.131180] (-) TimerEvent: {}
[10.231512] (-) TimerEvent: {}
[10.331939] (-) TimerEvent: {}
[10.432277] (-) TimerEvent: {}
[10.532624] (-) TimerEvent: {}
[10.632961] (-) TimerEvent: {}
[10.733315] (-) TimerEvent: {}
[10.833725] (-) TimerEvent: {}
[10.934069] (-) TimerEvent: {}
[11.034412] (-) TimerEvent: {}
[11.134749] (-) TimerEvent: {}
[11.235099] (-) TimerEvent: {}
[11.335436] (-) TimerEvent: {}
[11.435784] (-) TimerEvent: {}
[11.536144] (-) TimerEvent: {}
[11.636522] (-) TimerEvent: {}
[11.736856] (-) TimerEvent: {}
[11.837196] (-) TimerEvent: {}
[11.937533] (-) TimerEvent: {}
[12.037878] (-) TimerEvent: {}
[12.138218] (-) TimerEvent: {}
[12.238559] (-) TimerEvent: {}
[12.338899] (-) TimerEvent: {}
[12.439238] (-) TimerEvent: {}
[12.539587] (-) TimerEvent: {}
[12.639927] (-) TimerEvent: {}
[12.740265] (-) TimerEvent: {}
[12.840610] (-) TimerEvent: {}
[12.940950] (-) TimerEvent: {}
[13.041286] (-) TimerEvent: {}
[13.141625] (-) TimerEvent: {}
[13.241963] (-) TimerEvent: {}
[13.342299] (-) TimerEvent: {}
[13.442637] (-) TimerEvent: {}
[13.543001] (-) TimerEvent: {}
[13.643353] (-) TimerEvent: {}
[13.743713] (-) TimerEvent: {}
[13.844056] (-) TimerEvent: {}
[13.944413] (-) TimerEvent: {}
[14.044790] (-) TimerEvent: {}
[14.145173] (-) TimerEvent: {}
[14.245528] (-) TimerEvent: {}
[14.345939] (-) TimerEvent: {}
[14.446417] (-) TimerEvent: {}
[14.546844] (-) TimerEvent: {}
[14.647190] (-) TimerEvent: {}
[14.747671] (-) TimerEvent: {}
[14.848125] (-) TimerEvent: {}
[14.948491] (-) TimerEvent: {}
[15.048819] (-) TimerEvent: {}
[15.149136] (-) TimerEvent: {}
[15.249419] (-) TimerEvent: {}
[15.317072] (turtlesim) StdoutLine: {'line': b'[ 95%] \x1b[32m\x1b[1mLinking CXX executable turtlesim_node\x1b[0m\n'}
[15.349576] (-) TimerEvent: {}
[15.449952] (-) TimerEvent: {}
[15.550358] (-) TimerEvent: {}
[15.650729] (-) TimerEvent: {}
[15.751177] (-) TimerEvent: {}
[15.851558] (-) TimerEvent: {}
[15.951900] (-) TimerEvent: {}
[16.052243] (-) TimerEvent: {}
[16.152610] (-) TimerEvent: {}
[16.253036] (-) TimerEvent: {}
[16.353436] (-) TimerEvent: {}
[16.453856] (-) TimerEvent: {}
[16.554253] (-) TimerEvent: {}
[16.654672] (-) TimerEvent: {}
[16.755098] (-) TimerEvent: {}
[16.855519] (-) TimerEvent: {}
[16.955946] (-) TimerEvent: {}
[17.056360] (-) TimerEvent: {}
[17.156782] (-) TimerEvent: {}
[17.257169] (-) TimerEvent: {}
[17.357573] (-) TimerEvent: {}
[17.458021] (-) TimerEvent: {}
[17.558439] (-) TimerEvent: {}
[17.658830] (-) TimerEvent: {}
[17.759241] (-) TimerEvent: {}
[17.859592] (-) TimerEvent: {}
[17.959948] (-) TimerEvent: {}
[18.060311] (-) TimerEvent: {}
[18.160698] (-) TimerEvent: {}
[18.261086] (-) TimerEvent: {}
[18.361446] (-) TimerEvent: {}
[18.461875] (-) TimerEvent: {}
[18.562343] (-) TimerEvent: {}
[18.662802] (-) TimerEvent: {}
[18.763212] (-) TimerEvent: {}
[18.863561] (-) TimerEvent: {}
[18.963953] (-) TimerEvent: {}
[19.064333] (-) TimerEvent: {}
[19.164655] (-) TimerEvent: {}
[19.265051] (-) TimerEvent: {}
[19.365387] (-) TimerEvent: {}
[19.465747] (-) TimerEvent: {}
[19.566159] (-) TimerEvent: {}
[19.666524] (-) TimerEvent: {}
[19.766864] (-) TimerEvent: {}
[19.826926] (turtlesim) StdoutLine: {'line': b'[100%] Built target turtlesim_node\n'}
[19.867004] (-) TimerEvent: {}
[19.967399] (-) TimerEvent: {}
[19.977133] (turtlesim) CommandEnded: {'returncode': 0}
[20.067484] (-) TimerEvent: {}
[20.167918] (-) TimerEvent: {}
[20.213031] (turtlesim) JobProgress: {'identifier': 'turtlesim', 'progress': 'install'}
[20.225375] (turtlesim) Command: {'cmd': ['/usr/bin/cmake', '--install', '/home/maxime.leriche/Bureau/projet-rattrapage/ros2_ws/build/turtlesim'], 'cwd': '/home/maxime.leriche/Bureau/projet-rattrapage/ros2_ws/build/turtlesim', 'env': OrderedDict([('USER', 'maxime.leriche'), ('PT8HOME', '/opt/pt'), ('XDG_SESSION_TYPE', 'x11'), ('XDG_CACHE_HOME', '/run/shm/.cache/maxime.leriche'), ('SHLVL', '1'), ('LD_LIBRARY_PATH', '/home/maxime.leriche/Bureau/projet-rattrapage/ros2_ws/install/turtlesim/lib:/usr/lib/x86_64-linux-gnu/gazebo-11/plugins:/opt/ros/humble/opt/rviz_ogre_vendor/lib:/opt/ros/humble/lib/x86_64-linux-gnu:/opt/ros/humble/lib'), ('HOME', '/home/maxime.leriche'), ('OLDPWD', '/home/maxime.leriche/Bureau/projet-rattrapage'), ('DESKTOP_SESSION', 'ubuntu'), ('ROS_PYTHON_VERSION', '3'), ('GNOME_SHELL_SESSION_MODE', 'ubuntu'), ('GTK_MODULES', 'gail:atk-bridge'), ('MANAGERPID', '66503'), ('SYSTEMD_EXEC_PID', '67261'), ('DBUS_SESSION_BUS_ADDRESS', 'unix:path=/run/user/30333/bus'), ('COLORTERM', 'truecolor'), ('TERMINATOR_DBUS_NAME', 'net.tenshu.Terminator23558193cd9818af7fe4d2c2f5bd9d00f'), ('LIBVIRT_DEFAULT_URI', 'qemu:///system'), ('GIO_LAUNCHED_DESKTOP_FILE_PID', '72597'), ('COLCON_PREFIX_PATH', '/home/maxime.leriche/Bureau/projet-rattrapage/ros2_ws/install'), ('ROS_DISTRO', 'humble'), ('GTK_IM_MODULE', 'ibus'), ('LOGNAME', 'maxime.leriche'), ('JOURNAL_STREAM', '8:283345'), ('_', '/usr/bin/colcon'), ('ROS_VERSION', '2'), ('XDG_SESSION_CLASS', 'user'), ('USERNAME', 'maxime.leriche'), ('TERM', 'xterm-256color'), ('GNOME_DESKTOP_SESSION_ID', 'this-is-deprecated'), ('ROS_LOCALHOST_ONLY', '1'), ('WINDOWPATH', '2'), ('PATH', '/opt/ros/humble/bin:/softwares/bin:/usr/local/cpe/bin:/usr/local/cpe/sbin:/usr/local/sbin:/usr/local/bin:/usr/sbin:/usr/bin:/sbin:/bin:/snap/bin'), ('SESSION_MANAGER', 'local/tparlem03.cpe.lan:@/tmp/.ICE-unix/66900,unix/tparlem03.cpe.lan:/tmp/.ICE-unix/66900'), ('INVOCATION_ID', 'aec319c97e8f47d89540d70760907dd8'), ('XDG_MENU_PREFIX', 'gnome-'), ('XDG_RUNTIME_DIR', '/run/user/30333'), ('DISPLAY', ':1'), ('TERMINATOR_DBUS_PATH', '/net/tenshu/Terminator2'), ('LANG', 'fr_FR.UTF-8'), ('XDG_CURRENT_DESKTOP', 'ubuntu:GNOME'), ('IBUS_DISABLE_SNOOPER', '1'), ('XMODIFIERS', '@im=ibus'), ('XDG_SESSION_DESKTOP', 'ubuntu'), ('XAUTHORITY', '/run/user/30333/gdm/Xauthority'), ('SSH_AGENT_LAUNCHER', 'gnome-keyring'), ('SSH_AUTH_SOCK', '/run/user/30333/keyring/ssh'), ('ROS_DOMAIN_ID', '0'), ('AMENT_PREFIX_PATH', '/home/maxime.leriche/Bureau/projet-rattrapage/ros2_ws/install/turtlesim:/opt/ros/humble'), ('DEBIAN_FRONTEND', 'noninteractive'), ('SHELL', '/bin/bash'), ('TERMINATOR_UUID', 'urn:uuid:eb5014db-f233-4890-b139-cecd15f14888'), ('QT_ACCESSIBILITY', '1'), ('GDMSESSION', 'ubuntu'), ('GPG_AGENT_INFO', '/run/user/30333/gnupg/S.gpg-agent:0:1'), ('QT_IM_MODULE', 'ibus'), ('PWD', '/home/maxime.leriche/Bureau/projet-rattrapage/ros2_ws/build/turtlesim'), ('XDG_CONFIG_DIRS', '/etc/xdg/xdg-ubuntu:/etc/xdg'), ('XDG_DATA_DIRS', '/usr/share/ubuntu:/usr/share/gnome:/home/maxime.leriche/.local/share/flatpak/exports/share:/var/lib/flatpak/exports/share:/usr/local/share/:/usr/share/:/var/lib/snapd/desktop'), ('PYTHONPATH', '/home/maxime.leriche/Bureau/projet-rattrapage/ros2_ws/install/turtlesim/local/lib/python3.10/dist-packages:/opt/ros/humble/lib/python3.10/site-packages:/opt/ros/humble/local/lib/python3.10/dist-packages'), ('COLCON', '1'), ('VTE_VERSION', '6800'), ('CMAKE_PREFIX_PATH', '/home/maxime.leriche/Bureau/projet-rattrapage/ros2_ws/install/turtlesim:/opt/ros/humble')]), 'shell': False}
[20.236498] (turtlesim) StdoutLine: {'line': b'-- Install configuration: ""\n'}
[20.238273] (turtlesim) StdoutLine: {'line': b'-- Up-to-date: /home/maxime.leriche/Bureau/projet-rattrapage/ros2_ws/install/turtlesim/share/ament_index/resource_index/rosidl_interfaces/turtlesim\n'}
[20.241761] (turtlesim) StdoutLine: {'line': b'-- Up-to-date: /home/maxime.leriche/Bureau/projet-rattrapage/ros2_ws/install/turtlesim/include/turtlesim/turtlesim\n'}
[20.245554] (turtlesim) StdoutLine: {'line': b'-- Up-to-date: /home/maxime.leriche/Bureau/projet-rattrapage/ros2_ws/install/turtlesim/include/turtlesim/turtlesim/action\n'}
[20.248924] (turtlesim) StdoutLine: {'line': b'-- Up-to-date: /home/maxime.leriche/Bureau/projet-rattrapage/ros2_ws/install/turtlesim/include/turtlesim/turtlesim/action/rotate_absolute.h\n'}
[20.250362] (turtlesim) StdoutLine: {'line': b'-- Up-to-date: /home/maxime.leriche/Bureau/projet-rattrapage/ros2_ws/install/turtlesim/include/turtlesim/turtlesim/action/detail\n'}
[20.253755] (turtlesim) StdoutLine: {'line': b'-- Up-to-date: /home/maxime.leriche/Bureau/projet-rattrapage/ros2_ws/install/turtlesim/include/turtlesim/turtlesim/action/detail/rotate_absolute__functions.h\n'}
[20.255630] (turtlesim) StdoutLine: {'line': b'-- Up-to-date: /home/maxime.leriche/Bureau/projet-rattrapage/ros2_ws/install/turtlesim/include/turtlesim/turtlesim/action/detail/rotate_absolute__struct.h\n'}
[20.257679] (turtlesim) StdoutLine: {'line': b'-- Up-to-date: /home/maxime.leriche/Bureau/projet-rattrapage/ros2_ws/install/turtlesim/include/turtlesim/turtlesim/action/detail/rotate_absolute__functions.c\n'}
[20.259060] (turtlesim) StdoutLine: {'line': b'-- Up-to-date: /home/maxime.leriche/Bureau/projet-rattrapage/ros2_ws/install/turtlesim/include/turtlesim/turtlesim/action/detail/rotate_absolute__type_support.h\n'}
[20.260479] (turtlesim) StdoutLine: {'line': b'-- Up-to-date: /home/maxime.leriche/Bureau/projet-rattrapage/ros2_ws/install/turtlesim/include/turtlesim/turtlesim/srv\n'}
[20.263212] (turtlesim) StdoutLine: {'line': b'-- Up-to-date: /home/maxime.leriche/Bureau/projet-rattrapage/ros2_ws/install/turtlesim/include/turtlesim/turtlesim/srv/detail\n'}
[20.266174] (turtlesim) StdoutLine: {'line': b'-- Up-to-date: /home/maxime.leriche/Bureau/projet-rattrapage/ros2_ws/install/turtlesim/include/turtlesim/turtlesim/srv/detail/teleport_relative__struct.h\n'}
[20.267997] (-) TimerEvent: {}
[20.268274] (turtlesim) StdoutLine: {'line': b'-- Up-to-date: /home/maxime.leriche/Bureau/projet-rattrapage/ros2_ws/install/turtlesim/include/turtlesim/turtlesim/srv/detail/set_pen__functions.c\n'}
[20.269910] (turtlesim) StdoutLine: {'line': b'-- Up-to-date: /home/maxime.leriche/Bureau/projet-rattrapage/ros2_ws/install/turtlesim/include/turtlesim/turtlesim/srv/detail/kill__functions.h\n'}
[20.272132] (turtlesim) StdoutLine: {'line': b'-- Up-to-date: /home/maxime.leriche/Bureau/projet-rattrapage/ros2_ws/install/turtlesim/include/turtlesim/turtlesim/srv/detail/spawn__functions.c\n'}
[20.273763] (turtlesim) StdoutLine: {'line': b'-- Up-to-date: /home/maxime.leriche/Bureau/projet-rattrapage/ros2_ws/install/turtlesim/include/turtlesim/turtlesim/srv/detail/teleport_absolute__functions.h\n'}
[20.275665] (turtlesim) StdoutLine: {'line': b'-- Up-to-date: /home/maxime.leriche/Bureau/projet-rattrapage/ros2_ws/install/turtlesim/include/turtlesim/turtlesim/srv/detail/kill__functions.c\n'}
[20.276968] (turtlesim) StdoutLine: {'line': b'-- Up-to-date: /home/maxime.leriche/Bureau/projet-rattrapage/ros2_ws/install/turtlesim/include/turtlesim/turtlesim/srv/detail/spawn__functions.h\n'}
[20.278332] (turtlesim) StdoutLine: {'line': b'-- Up-to-date: /home/maxime.leriche/Bureau/projet-rattrapage/ros2_ws/install/turtlesim/include/turtlesim/turtlesim/srv/detail/teleport_absolute__type_support.h\n'}
[20.279886] (turtlesim) StdoutLine: {'line': b'-- Up-to-date: /home/maxime.leriche/Bureau/projet-rattrapage/ros2_ws/install/turtlesim/include/turtlesim/turtlesim/srv/detail/set_pen__struct.h\n'}
[20.281237] (turtlesim) StdoutLine: {'line': b'-- Up-to-date: /home/maxime.leriche/Bureau/projet-rattrapage/ros2_ws/install/turtlesim/include/turtlesim/turtlesim/srv/detail/spawn__struct.h\n'}
[20.283185] (turtlesim) StdoutLine: {'line': b'-- Up-to-date: /home/maxime.leriche/Bureau/projet-rattrapage/ros2_ws/install/turtlesim/include/turtlesim/turtlesim/srv/detail/teleport_absolute__functions.c\n'}
[20.285319] (turtlesim) StdoutLine: {'line': b'-- Up-to-date: /home/maxime.leriche/Bureau/projet-rattrapage/ros2_ws/install/turtlesim/include/turtlesim/turtlesim/srv/detail/teleport_relative__functions.c\n'}
[20.286866] (turtlesim) StdoutLine: {'line': b'-- Up-to-date: /home/maxime.leriche/Bureau/projet-rattrapage/ros2_ws/install/turtlesim/include/turtlesim/turtlesim/srv/detail/teleport_absolute__struct.h\n'}
[20.288189] (turtlesim) StdoutLine: {'line': b'-- Up-to-date: /home/maxime.leriche/Bureau/projet-rattrapage/ros2_ws/install/turtlesim/include/turtlesim/turtlesim/srv/detail/teleport_relative__functions.h\n'}
[20.289523] (turtlesim) StdoutLine: {'line': b'-- Up-to-date: /home/maxime.leriche/Bureau/projet-rattrapage/ros2_ws/install/turtlesim/include/turtlesim/turtlesim/srv/detail/spawn__type_support.h\n'}
[20.290707] (turtlesim) StdoutLine: {'line': b'-- Up-to-date: /home/maxime.leriche/Bureau/projet-rattrapage/ros2_ws/install/turtlesim/include/turtlesim/turtlesim/srv/detail/set_pen__functions.h\n'}
[20.292038] (turtlesim) StdoutLine: {'line': b'-- Up-to-date: /home/maxime.leriche/Bureau/projet-rattrapage/ros2_ws/install/turtlesim/include/turtlesim/turtlesim/srv/detail/kill__struct.h\n'}
[20.293359] (turtlesim) StdoutLine: {'line': b'-- Up-to-date: /home/maxime.leriche/Bureau/projet-rattrapage/ros2_ws/install/turtlesim/include/turtlesim/turtlesim/srv/detail/kill__type_support.h\n'}
[20.294676] (turtlesim) StdoutLine: {'line': b'-- Up-to-date: /home/maxime.leriche/Bureau/projet-rattrapage/ros2_ws/install/turtlesim/include/turtlesim/turtlesim/srv/detail/set_pen__type_support.h\n'}
[20.295944] (turtlesim) StdoutLine: {'line': b'-- Up-to-date: /home/maxime.leriche/Bureau/projet-rattrapage/ros2_ws/install/turtlesim/include/turtlesim/turtlesim/srv/detail/teleport_relative__type_support.h\n'}
[20.297903] (turtlesim) StdoutLine: {'line': b'-- Up-to-date: /home/maxime.leriche/Bureau/projet-rattrapage/ros2_ws/install/turtlesim/include/turtlesim/turtlesim/srv/spawn.h\n'}
[20.299290] (turtlesim) StdoutLine: {'line': b'-- Up-to-date: /home/maxime.leriche/Bureau/projet-rattrapage/ros2_ws/install/turtlesim/include/turtlesim/turtlesim/srv/teleport_relative.h\n'}
[20.300779] (turtlesim) StdoutLine: {'line': b'-- Up-to-date: /home/maxime.leriche/Bureau/projet-rattrapage/ros2_ws/install/turtlesim/include/turtlesim/turtlesim/srv/set_pen.h\n'}
[20.302383] (turtlesim) StdoutLine: {'line': b'-- Up-to-date: /home/maxime.leriche/Bureau/projet-rattrapage/ros2_ws/install/turtlesim/include/turtlesim/turtlesim/srv/teleport_absolute.h\n'}
[20.303807] (turtlesim) StdoutLine: {'line': b'-- Up-to-date: /home/maxime.leriche/Bureau/projet-rattrapage/ros2_ws/install/turtlesim/include/turtlesim/turtlesim/srv/kill.h\n'}
[20.305554] (turtlesim) StdoutLine: {'line': b'-- Up-to-date: /home/maxime.leriche/Bureau/projet-rattrapage/ros2_ws/install/turtlesim/include/turtlesim/turtlesim/msg\n'}
[20.309015] (turtlesim) StdoutLine: {'line': b'-- Up-to-date: /home/maxime.leriche/Bureau/projet-rattrapage/ros2_ws/install/turtlesim/include/turtlesim/turtlesim/msg/detail\n'}
[20.311689] (turtlesim) StdoutLine: {'line': b'-- Up-to-date: /home/maxime.leriche/Bureau/projet-rattrapage/ros2_ws/install/turtlesim/include/turtlesim/turtlesim/msg/detail/color__functions.h\n'}
[20.313120] (turtlesim) StdoutLine: {'line': b'-- Up-to-date: /home/maxime.leriche/Bureau/projet-rattrapage/ros2_ws/install/turtlesim/include/turtlesim/turtlesim/msg/detail/pose__type_support.h\n'}
[20.314728] (turtlesim) StdoutLine: {'line': b'-- Up-to-date: /home/maxime.leriche/Bureau/projet-rattrapage/ros2_ws/install/turtlesim/include/turtlesim/turtlesim/msg/detail/color__type_support.h\n'}
[20.316147] (turtlesim) StdoutLine: {'line': b'-- Up-to-date: /home/maxime.leriche/Bureau/projet-rattrapage/ros2_ws/install/turtlesim/include/turtlesim/turtlesim/msg/detail/color__struct.h\n'}
[20.317836] (turtlesim) StdoutLine: {'line': b'-- Up-to-date: /home/maxime.leriche/Bureau/projet-rattrapage/ros2_ws/install/turtlesim/include/turtlesim/turtlesim/msg/detail/pose__functions.h\n'}
[20.319227] (turtlesim) StdoutLine: {'line': b'-- Up-to-date: /home/maxime.leriche/Bureau/projet-rattrapage/ros2_ws/install/turtlesim/include/turtlesim/turtlesim/msg/detail/pose__struct.h\n'}
[20.321365] (turtlesim) StdoutLine: {'line': b'-- Up-to-date: /home/maxime.leriche/Bureau/projet-rattrapage/ros2_ws/install/turtlesim/include/turtlesim/turtlesim/msg/detail/pose__functions.c\n'}
[20.323564] (turtlesim) StdoutLine: {'line': b'-- Up-to-date: /home/maxime.leriche/Bureau/projet-rattrapage/ros2_ws/install/turtlesim/include/turtlesim/turtlesim/msg/detail/color__functions.c\n'}
[20.324901] (turtlesim) StdoutLine: {'line': b'-- Up-to-date: /home/maxime.leriche/Bureau/projet-rattrapage/ros2_ws/install/turtlesim/include/turtlesim/turtlesim/msg/rosidl_generator_c__visibility_control.h\n'}
[20.327448] (turtlesim) StdoutLine: {'line': b'-- Up-to-date: /home/maxime.leriche/Bureau/projet-rattrapage/ros2_ws/install/turtlesim/include/turtlesim/turtlesim/msg/pose.h\n'}
[20.329551] (turtlesim) StdoutLine: {'line': b'-- Up-to-date: /home/maxime.leriche/Bureau/projet-rattrapage/ros2_ws/install/turtlesim/include/turtlesim/turtlesim/msg/color.h\n'}
[20.332801] (turtlesim) StdoutLine: {'line': b'-- Up-to-date: /home/maxime.leriche/Bureau/projet-rattrapage/ros2_ws/install/turtlesim/share/turtlesim/environment/library_path.sh\n'}
[20.334884] (turtlesim) StdoutLine: {'line': b'-- Up-to-date: /home/maxime.leriche/Bureau/projet-rattrapage/ros2_ws/install/turtlesim/share/turtlesim/environment/library_path.dsv\n'}
[20.337202] (turtlesim) StdoutLine: {'line': b'-- Up-to-date: /home/maxime.leriche/Bureau/projet-rattrapage/ros2_ws/install/turtlesim/lib/libturtlesim__rosidl_generator_c.so\n'}
[20.340605] (turtlesim) StdoutLine: {'line': b'-- Up-to-date: /home/maxime.leriche/Bureau/projet-rattrapage/ros2_ws/install/turtlesim/include/turtlesim/turtlesim\n'}
[20.342622] (turtlesim) StdoutLine: {'line': b'-- Up-to-date: /home/maxime.leriche/Bureau/projet-rattrapage/ros2_ws/install/turtlesim/include/turtlesim/turtlesim/action\n'}
[20.344950] (turtlesim) StdoutLine: {'line': b'-- Up-to-date: /home/maxime.leriche/Bureau/projet-rattrapage/ros2_ws/install/turtlesim/include/turtlesim/turtlesim/action/detail\n'}
[20.348415] (turtlesim) StdoutLine: {'line': b'-- Up-to-date: /home/maxime.leriche/Bureau/projet-rattrapage/ros2_ws/install/turtlesim/include/turtlesim/turtlesim/action/detail/rotate_absolute__rosidl_typesupport_fastrtps_c.h\n'}
[20.349132] (turtlesim) StdoutLine: {'line': b'-- Up-to-date: /home/maxime.leriche/Bureau/projet-rattrapage/ros2_ws/install/turtlesim/include/turtlesim/turtlesim/srv\n'}
[20.351107] (turtlesim) StdoutLine: {'line': b'-- Up-to-date: /home/maxime.leriche/Bureau/projet-rattrapage/ros2_ws/install/turtlesim/include/turtlesim/turtlesim/srv/detail\n'}
[20.353684] (turtlesim) StdoutLine: {'line': b'-- Up-to-date: /home/maxime.leriche/Bureau/projet-rattrapage/ros2_ws/install/turtlesim/include/turtlesim/turtlesim/srv/detail/teleport_relative__rosidl_typesupport_fastrtps_c.h\n'}
[20.355111] (turtlesim) StdoutLine: {'line': b'-- Up-to-date: /home/maxime.leriche/Bureau/projet-rattrapage/ros2_ws/install/turtlesim/include/turtlesim/turtlesim/srv/detail/teleport_absolute__rosidl_typesupport_fastrtps_c.h\n'}
[20.356380] (turtlesim) StdoutLine: {'line': b'-- Up-to-date: /home/maxime.leriche/Bureau/projet-rattrapage/ros2_ws/install/turtlesim/include/turtlesim/turtlesim/srv/detail/spawn__rosidl_typesupport_fastrtps_c.h\n'}
[20.358213] (turtlesim) StdoutLine: {'line': b'-- Up-to-date: /home/maxime.leriche/Bureau/projet-rattrapage/ros2_ws/install/turtlesim/include/turtlesim/turtlesim/srv/detail/set_pen__rosidl_typesupport_fastrtps_c.h\n'}
[20.360022] (turtlesim) StdoutLine: {'line': b'-- Up-to-date: /home/maxime.leriche/Bureau/projet-rattrapage/ros2_ws/install/turtlesim/include/turtlesim/turtlesim/srv/detail/kill__rosidl_typesupport_fastrtps_c.h\n'}
[20.360510] (turtlesim) StdoutLine: {'line': b'-- Up-to-date: /home/maxime.leriche/Bureau/projet-rattrapage/ros2_ws/install/turtlesim/include/turtlesim/turtlesim/msg\n'}
[20.362615] (turtlesim) StdoutLine: {'line': b'-- Up-to-date: /home/maxime.leriche/Bureau/projet-rattrapage/ros2_ws/install/turtlesim/include/turtlesim/turtlesim/msg/detail\n'}
[20.366212] (turtlesim) StdoutLine: {'line': b'-- Up-to-date: /home/maxime.leriche/Bureau/projet-rattrapage/ros2_ws/install/turtlesim/include/turtlesim/turtlesim/msg/detail/color__rosidl_typesupport_fastrtps_c.h\n'}
[20.368090] (-) TimerEvent: {}
[20.368980] (turtlesim) StdoutLine: {'line': b'-- Up-to-date: /home/maxime.leriche/Bureau/projet-rattrapage/ros2_ws/install/turtlesim/include/turtlesim/turtlesim/msg/detail/pose__rosidl_typesupport_fastrtps_c.h\n'}
[20.370635] (turtlesim) StdoutLine: {'line': b'-- Up-to-date: /home/maxime.leriche/Bureau/projet-rattrapage/ros2_ws/install/turtlesim/include/turtlesim/turtlesim/msg/rosidl_typesupport_fastrtps_c__visibility_control.h\n'}
[20.373399] (turtlesim) StdoutLine: {'line': b'-- Up-to-date: /home/maxime.leriche/Bureau/projet-rattrapage/ros2_ws/install/turtlesim/lib/libturtlesim__rosidl_typesupport_fastrtps_c.so\n'}
[20.376347] (turtlesim) StdoutLine: {'line': b'-- Up-to-date: /home/maxime.leriche/Bureau/projet-rattrapage/ros2_ws/install/turtlesim/include/turtlesim/turtlesim\n'}
[20.378596] (turtlesim) StdoutLine: {'line': b'-- Up-to-date: /home/maxime.leriche/Bureau/projet-rattrapage/ros2_ws/install/turtlesim/include/turtlesim/turtlesim/action\n'}
[20.380846] (turtlesim) StdoutLine: {'line': b'-- Up-to-date: /home/maxime.leriche/Bureau/projet-rattrapage/ros2_ws/install/turtlesim/include/turtlesim/turtlesim/action/detail\n'}
[20.383573] (turtlesim) StdoutLine: {'line': b'-- Up-to-date: /home/maxime.leriche/Bureau/projet-rattrapage/ros2_ws/install/turtlesim/include/turtlesim/turtlesim/action/detail/rotate_absolute__traits.hpp\n'}
[20.385504] (turtlesim) StdoutLine: {'line': b'-- Up-to-date: /home/maxime.leriche/Bureau/projet-rattrapage/ros2_ws/install/turtlesim/include/turtlesim/turtlesim/action/detail/rotate_absolute__struct.hpp\n'}
[20.387125] (turtlesim) StdoutLine: {'line': b'-- Up-to-date: /home/maxime.leriche/Bureau/projet-rattrapage/ros2_ws/install/turtlesim/include/turtlesim/turtlesim/action/detail/rotate_absolute__builder.hpp\n'}
[20.388921] (turtlesim) StdoutLine: {'line': b'-- Up-to-date: /home/maxime.leriche/Bureau/projet-rattrapage/ros2_ws/install/turtlesim/include/turtlesim/turtlesim/action/rotate_absolute.hpp\n'}
[20.389746] (turtlesim) StdoutLine: {'line': b'-- Up-to-date: /home/maxime.leriche/Bureau/projet-rattrapage/ros2_ws/install/turtlesim/include/turtlesim/turtlesim/srv\n'}
[20.392223] (turtlesim) StdoutLine: {'line': b'-- Up-to-date: /home/maxime.leriche/Bureau/projet-rattrapage/ros2_ws/install/turtlesim/include/turtlesim/turtlesim/srv/detail\n'}
[20.395234] (turtlesim) StdoutLine: {'line': b'-- Up-to-date: /home/maxime.leriche/Bureau/projet-rattrapage/ros2_ws/install/turtlesim/include/turtlesim/turtlesim/srv/detail/set_pen__traits.hpp\n'}
[20.396430] (turtlesim) StdoutLine: {'line': b'-- Up-to-date: /home/maxime.leriche/Bureau/projet-rattrapage/ros2_ws/install/turtlesim/include/turtlesim/turtlesim/srv/detail/teleport_absolute__builder.hpp\n'}
[20.397792] (turtlesim) StdoutLine: {'line': b'-- Up-to-date: /home/maxime.leriche/Bureau/projet-rattrapage/ros2_ws/install/turtlesim/include/turtlesim/turtlesim/srv/detail/set_pen__struct.hpp\n'}
[20.398982] (turtlesim) StdoutLine: {'line': b'-- Up-to-date: /home/maxime.leriche/Bureau/projet-rattrapage/ros2_ws/install/turtlesim/include/turtlesim/turtlesim/srv/detail/kill__traits.hpp\n'}
[20.400291] (turtlesim) StdoutLine: {'line': b'-- Up-to-date: /home/maxime.leriche/Bureau/projet-rattrapage/ros2_ws/install/turtlesim/include/turtlesim/turtlesim/srv/detail/teleport_absolute__traits.hpp\n'}
[20.401591] (turtlesim) StdoutLine: {'line': b'-- Up-to-date: /home/maxime.leriche/Bureau/projet-rattrapage/ros2_ws/install/turtlesim/include/turtlesim/turtlesim/srv/detail/spawn__builder.hpp\n'}
[20.403022] (turtlesim) StdoutLine: {'line': b'-- Up-to-date: /home/maxime.leriche/Bureau/projet-rattrapage/ros2_ws/install/turtlesim/include/turtlesim/turtlesim/srv/detail/spawn__traits.hpp\n'}
[20.404227] (turtlesim) StdoutLine: {'line': b'-- Up-to-date: /home/maxime.leriche/Bureau/projet-rattrapage/ros2_ws/install/turtlesim/include/turtlesim/turtlesim/srv/detail/teleport_relative__builder.hpp\n'}
[20.405544] (turtlesim) StdoutLine: {'line': b'-- Up-to-date: /home/maxime.leriche/Bureau/projet-rattrapage/ros2_ws/install/turtlesim/include/turtlesim/turtlesim/srv/detail/teleport_relative__struct.hpp\n'}
[20.406699] (turtlesim) StdoutLine: {'line': b'-- Up-to-date: /home/maxime.leriche/Bureau/projet-rattrapage/ros2_ws/install/turtlesim/include/turtlesim/turtlesim/srv/detail/teleport_relative__traits.hpp\n'}
[20.408447] (turtlesim) StdoutLine: {'line': b'-- Up-to-date: /home/maxime.leriche/Bureau/projet-rattrapage/ros2_ws/install/turtlesim/include/turtlesim/turtlesim/srv/detail/set_pen__builder.hpp\n'}
[20.410452] (turtlesim) StdoutLine: {'line': b'-- Up-to-date: /home/maxime.leriche/Bureau/projet-rattrapage/ros2_ws/install/turtlesim/include/turtlesim/turtlesim/srv/detail/kill__builder.hpp\n'}
[20.411725] (turtlesim) StdoutLine: {'line': b'-- Up-to-date: /home/maxime.leriche/Bureau/projet-rattrapage/ros2_ws/install/turtlesim/include/turtlesim/turtlesim/srv/detail/kill__struct.hpp\n'}
[20.413666] (turtlesim) StdoutLine: {'line': b'-- Up-to-date: /home/maxime.leriche/Bureau/projet-rattrapage/ros2_ws/install/turtlesim/include/turtlesim/turtlesim/srv/detail/spawn__struct.hpp\n'}
[20.414879] (turtlesim) StdoutLine: {'line': b'-- Up-to-date: /home/maxime.leriche/Bureau/projet-rattrapage/ros2_ws/install/turtlesim/include/turtlesim/turtlesim/srv/detail/teleport_absolute__struct.hpp\n'}
[20.416168] (turtlesim) StdoutLine: {'line': b'-- Up-to-date: /home/maxime.leriche/Bureau/projet-rattrapage/ros2_ws/install/turtlesim/include/turtlesim/turtlesim/srv/teleport_relative.hpp\n'}
[20.417943] (turtlesim) StdoutLine: {'line': b'-- Up-to-date: /home/maxime.leriche/Bureau/projet-rattrapage/ros2_ws/install/turtlesim/include/turtlesim/turtlesim/srv/teleport_absolute.hpp\n'}
[20.419524] (turtlesim) StdoutLine: {'line': b'-- Up-to-date: /home/maxime.leriche/Bureau/projet-rattrapage/ros2_ws/install/turtlesim/include/turtlesim/turtlesim/srv/kill.hpp\n'}
[20.420976] (turtlesim) StdoutLine: {'line': b'-- Up-to-date: /home/maxime.leriche/Bureau/projet-rattrapage/ros2_ws/install/turtlesim/include/turtlesim/turtlesim/srv/set_pen.hpp\n'}
[20.422155] (turtlesim) StdoutLine: {'line': b'-- Up-to-date: /home/maxime.leriche/Bureau/projet-rattrapage/ros2_ws/install/turtlesim/include/turtlesim/turtlesim/srv/spawn.hpp\n'}
[20.423158] (turtlesim) StdoutLine: {'line': b'-- Up-to-date: /home/maxime.leriche/Bureau/projet-rattrapage/ros2_ws/install/turtlesim/include/turtlesim/turtlesim/msg\n'}
[20.425713] (turtlesim) StdoutLine: {'line': b'-- Up-to-date: /home/maxime.leriche/Bureau/projet-rattrapage/ros2_ws/install/turtlesim/include/turtlesim/turtlesim/msg/pose.hpp\n'}
[20.426745] (turtlesim) StdoutLine: {'line': b'-- Up-to-date: /home/maxime.leriche/Bureau/projet-rattrapage/ros2_ws/install/turtlesim/include/turtlesim/turtlesim/msg/detail\n'}
[20.429698] (turtlesim) StdoutLine: {'line': b'-- Up-to-date: /home/maxime.leriche/Bureau/projet-rattrapage/ros2_ws/install/turtlesim/include/turtlesim/turtlesim/msg/detail/color__struct.hpp\n'}
[20.431165] (turtlesim) StdoutLine: {'line': b'-- Up-to-date: /home/maxime.leriche/Bureau/projet-rattrapage/ros2_ws/install/turtlesim/include/turtlesim/turtlesim/msg/detail/color__builder.hpp\n'}
[20.432726] (turtlesim) StdoutLine: {'line': b'-- Up-to-date: /home/maxime.leriche/Bureau/projet-rattrapage/ros2_ws/install/turtlesim/include/turtlesim/turtlesim/msg/detail/pose__traits.hpp\n'}
[20.434831] (turtlesim) StdoutLine: {'line': b'-- Up-to-date: /home/maxime.leriche/Bureau/projet-rattrapage/ros2_ws/install/turtlesim/include/turtlesim/turtlesim/msg/detail/pose__struct.hpp\n'}
[20.435207] (turtlesim) StdoutLine: {'line': b'-- Up-to-date: /home/maxime.leriche/Bureau/projet-rattrapage/ros2_ws/install/turtlesim/include/turtlesim/turtlesim/msg/detail/color__traits.hpp\n'}
[20.437131] (turtlesim) StdoutLine: {'line': b'-- Up-to-date: /home/maxime.leriche/Bureau/projet-rattrapage/ros2_ws/install/turtlesim/include/turtlesim/turtlesim/msg/detail/pose__builder.hpp\n'}
[20.438477] (turtlesim) StdoutLine: {'line': b'-- Up-to-date: /home/maxime.leriche/Bureau/projet-rattrapage/ros2_ws/install/turtlesim/include/turtlesim/turtlesim/msg/color.hpp\n'}
[20.439876] (turtlesim) StdoutLine: {'line': b'-- Up-to-date: /home/maxime.leriche/Bureau/projet-rattrapage/ros2_ws/install/turtlesim/include/turtlesim/turtlesim\n'}
[20.442260] (turtlesim) StdoutLine: {'line': b'-- Up-to-date: /home/maxime.leriche/Bureau/projet-rattrapage/ros2_ws/install/turtlesim/include/turtlesim/turtlesim/action\n'}
[20.444245] (turtlesim) StdoutLine: {'line': b'-- Up-to-date: /home/maxime.leriche/Bureau/projet-rattrapage/ros2_ws/install/turtlesim/include/turtlesim/turtlesim/action/detail\n'}
[20.447489] (turtlesim) StdoutLine: {'line': b'-- Up-to-date: /home/maxime.leriche/Bureau/projet-rattrapage/ros2_ws/install/turtlesim/include/turtlesim/turtlesim/action/detail/dds_fastrtps\n'}
[20.450701] (turtlesim) StdoutLine: {'line': b'-- Up-to-date: /home/maxime.leriche/Bureau/projet-rattrapage/ros2_ws/install/turtlesim/include/turtlesim/turtlesim/action/detail/rotate_absolute__rosidl_typesupport_fastrtps_cpp.hpp\n'}
[20.451626] (turtlesim) StdoutLine: {'line': b'-- Up-to-date: /home/maxime.leriche/Bureau/projet-rattrapage/ros2_ws/install/turtlesim/include/turtlesim/turtlesim/srv\n'}
[20.453365] (turtlesim) StdoutLine: {'line': b'-- Up-to-date: /home/maxime.leriche/Bureau/projet-rattrapage/ros2_ws/install/turtlesim/include/turtlesim/turtlesim/srv/detail\n'}
[20.456671] (turtlesim) StdoutLine: {'line': b'-- Up-to-date: /home/maxime.leriche/Bureau/projet-rattrapage/ros2_ws/install/turtlesim/include/turtlesim/turtlesim/srv/detail/kill__rosidl_typesupport_fastrtps_cpp.hpp\n'}
[20.457967] (turtlesim) StdoutLine: {'line': b'-- Up-to-date: /home/maxime.leriche/Bureau/projet-rattrapage/ros2_ws/install/turtlesim/include/turtlesim/turtlesim/srv/detail/dds_fastrtps\n'}
[20.460592] (turtlesim) StdoutLine: {'line': b'-- Up-to-date: /home/maxime.leriche/Bureau/projet-rattrapage/ros2_ws/install/turtlesim/include/turtlesim/turtlesim/srv/detail/teleport_absolute__rosidl_typesupport_fastrtps_cpp.hpp\n'}
[20.462302] (turtlesim) StdoutLine: {'line': b'-- Up-to-date: /home/maxime.leriche/Bureau/projet-rattrapage/ros2_ws/install/turtlesim/include/turtlesim/turtlesim/srv/detail/teleport_relative__rosidl_typesupport_fastrtps_cpp.hpp\n'}
[20.463786] (turtlesim) StdoutLine: {'line': b'-- Up-to-date: /home/maxime.leriche/Bureau/projet-rattrapage/ros2_ws/install/turtlesim/include/turtlesim/turtlesim/srv/detail/spawn__rosidl_typesupport_fastrtps_cpp.hpp\n'}
[20.465748] (turtlesim) StdoutLine: {'line': b'-- Up-to-date: /home/maxime.leriche/Bureau/projet-rattrapage/ros2_ws/install/turtlesim/include/turtlesim/turtlesim/srv/detail/set_pen__rosidl_typesupport_fastrtps_cpp.hpp\n'}
[20.466392] (turtlesim) StdoutLine: {'line': b'-- Up-to-date: /home/maxime.leriche/Bureau/projet-rattrapage/ros2_ws/install/turtlesim/include/turtlesim/turtlesim/msg\n'}
[20.468152] (-) TimerEvent: {}
[20.468632] (turtlesim) StdoutLine: {'line': b'-- Up-to-date: /home/maxime.leriche/Bureau/projet-rattrapage/ros2_ws/install/turtlesim/include/turtlesim/turtlesim/msg/detail\n'}
[20.471541] (turtlesim) StdoutLine: {'line': b'-- Up-to-date: /home/maxime.leriche/Bureau/projet-rattrapage/ros2_ws/install/turtlesim/include/turtlesim/turtlesim/msg/detail/dds_fastrtps\n'}
[20.474918] (turtlesim) StdoutLine: {'line': b'-- Up-to-date: /home/maxime.leriche/Bureau/projet-rattrapage/ros2_ws/install/turtlesim/include/turtlesim/turtlesim/msg/detail/color__rosidl_typesupport_fastrtps_cpp.hpp\n'}
[20.476895] (turtlesim) StdoutLine: {'line': b'-- Up-to-date: /home/maxime.leriche/Bureau/projet-rattrapage/ros2_ws/install/turtlesim/include/turtlesim/turtlesim/msg/detail/pose__rosidl_typesupport_fastrtps_cpp.hpp\n'}
[20.478389] (turtlesim) StdoutLine: {'line': b'-- Up-to-date: /home/maxime.leriche/Bureau/projet-rattrapage/ros2_ws/install/turtlesim/include/turtlesim/turtlesim/msg/rosidl_typesupport_fastrtps_cpp__visibility_control.h\n'}
[20.481422] (turtlesim) StdoutLine: {'line': b'-- Up-to-date: /home/maxime.leriche/Bureau/projet-rattrapage/ros2_ws/install/turtlesim/lib/libturtlesim__rosidl_typesupport_fastrtps_cpp.so\n'}
[20.484807] (turtlesim) StdoutLine: {'line': b'-- Up-to-date: /home/maxime.leriche/Bureau/projet-rattrapage/ros2_ws/install/turtlesim/include/turtlesim/turtlesim\n'}
[20.487437] (turtlesim) StdoutLine: {'line': b'-- Up-to-date: /home/maxime.leriche/Bureau/projet-rattrapage/ros2_ws/install/turtlesim/include/turtlesim/turtlesim/action\n'}
[20.489749] (turtlesim) StdoutLine: {'line': b'-- Up-to-date: /home/maxime.leriche/Bureau/projet-rattrapage/ros2_ws/install/turtlesim/include/turtlesim/turtlesim/action/detail\n'}
[20.493171] (turtlesim) StdoutLine: {'line': b'-- Up-to-date: /home/maxime.leriche/Bureau/projet-rattrapage/ros2_ws/install/turtlesim/include/turtlesim/turtlesim/action/detail/rotate_absolute__type_support.c\n'}
[20.495012] (turtlesim) StdoutLine: {'line': b'-- Up-to-date: /home/maxime.leriche/Bureau/projet-rattrapage/ros2_ws/install/turtlesim/include/turtlesim/turtlesim/action/detail/rotate_absolute__rosidl_typesupport_introspection_c.h\n'}
[20.495675] (turtlesim) StdoutLine: {'line': b'-- Up-to-date: /home/maxime.leriche/Bureau/projet-rattrapage/ros2_ws/install/turtlesim/include/turtlesim/turtlesim/srv\n'}
[20.498010] (turtlesim) StdoutLine: {'line': b'-- Up-to-date: /home/maxime.leriche/Bureau/projet-rattrapage/ros2_ws/install/turtlesim/include/turtlesim/turtlesim/srv/detail\n'}
[20.501024] (turtlesim) StdoutLine: {'line': b'-- Up-to-date: /home/maxime.leriche/Bureau/projet-rattrapage/ros2_ws/install/turtlesim/include/turtlesim/turtlesim/srv/detail/kill__rosidl_typesupport_introspection_c.h\n'}
[20.503158] (turtlesim) StdoutLine: {'line': b'-- Up-to-date: /home/maxime.leriche/Bureau/projet-rattrapage/ros2_ws/install/turtlesim/include/turtlesim/turtlesim/srv/detail/set_pen__type_support.c\n'}
[20.505038] (turtlesim) StdoutLine: {'line': b'-- Up-to-date: /home/maxime.leriche/Bureau/projet-rattrapage/ros2_ws/install/turtlesim/include/turtlesim/turtlesim/srv/detail/spawn__rosidl_typesupport_introspection_c.h\n'}
[20.506935] (turtlesim) StdoutLine: {'line': b'-- Up-to-date: /home/maxime.leriche/Bureau/projet-rattrapage/ros2_ws/install/turtlesim/include/turtlesim/turtlesim/srv/detail/teleport_absolute__type_support.c\n'}
[20.508863] (turtlesim) StdoutLine: {'line': b'-- Up-to-date: /home/maxime.leriche/Bureau/projet-rattrapage/ros2_ws/install/turtlesim/include/turtlesim/turtlesim/srv/detail/teleport_absolute__rosidl_typesupport_introspection_c.h\n'}
[20.510770] (turtlesim) StdoutLine: {'line': b'-- Up-to-date: /home/maxime.leriche/Bureau/projet-rattrapage/ros2_ws/install/turtlesim/include/turtlesim/turtlesim/srv/detail/kill__type_support.c\n'}
[20.513102] (turtlesim) StdoutLine: {'line': b'-- Up-to-date: /home/maxime.leriche/Bureau/projet-rattrapage/ros2_ws/install/turtlesim/include/turtlesim/turtlesim/srv/detail/teleport_relative__rosidl_typesupport_introspection_c.h\n'}
[20.515129] (turtlesim) StdoutLine: {'line': b'-- Up-to-date: /home/maxime.leriche/Bureau/projet-rattrapage/ros2_ws/install/turtlesim/include/turtlesim/turtlesim/srv/detail/teleport_relative__type_support.c\n'}
[20.517667] (turtlesim) StdoutLine: {'line': b'-- Up-to-date: /home/maxime.leriche/Bureau/projet-rattrapage/ros2_ws/install/turtlesim/include/turtlesim/turtlesim/srv/detail/spawn__type_support.c\n'}
[20.519837] (turtlesim) StdoutLine: {'line': b'-- Up-to-date: /home/maxime.leriche/Bureau/projet-rattrapage/ros2_ws/install/turtlesim/include/turtlesim/turtlesim/srv/detail/set_pen__rosidl_typesupport_introspection_c.h\n'}
[20.520629] (turtlesim) StdoutLine: {'line': b'-- Up-to-date: /home/maxime.leriche/Bureau/projet-rattrapage/ros2_ws/install/turtlesim/include/turtlesim/turtlesim/msg\n'}
[20.522770] (turtlesim) StdoutLine: {'line': b'-- Up-to-date: /home/maxime.leriche/Bureau/projet-rattrapage/ros2_ws/install/turtlesim/include/turtlesim/turtlesim/msg/detail\n'}
[20.526898] (turtlesim) StdoutLine: {'line': b'-- Up-to-date: /home/maxime.leriche/Bureau/projet-rattrapage/ros2_ws/install/turtlesim/include/turtlesim/turtlesim/msg/detail/pose__type_support.c\n'}
[20.528992] (turtlesim) StdoutLine: {'line': b'-- Up-to-date: /home/maxime.leriche/Bureau/projet-rattrapage/ros2_ws/install/turtlesim/include/turtlesim/turtlesim/msg/detail/pose__rosidl_typesupport_introspection_c.h\n'}
[20.530781] (turtlesim) StdoutLine: {'line': b'-- Up-to-date: /home/maxime.leriche/Bureau/projet-rattrapage/ros2_ws/install/turtlesim/include/turtlesim/turtlesim/msg/detail/color__type_support.c\n'}
[20.533256] (turtlesim) StdoutLine: {'line': b'-- Up-to-date: /home/maxime.leriche/Bureau/projet-rattrapage/ros2_ws/install/turtlesim/include/turtlesim/turtlesim/msg/detail/color__rosidl_typesupport_introspection_c.h\n'}
[20.535211] (turtlesim) StdoutLine: {'line': b'-- Up-to-date: /home/maxime.leriche/Bureau/projet-rattrapage/ros2_ws/install/turtlesim/include/turtlesim/turtlesim/msg/rosidl_typesupport_introspection_c__visibility_control.h\n'}
[20.537259] (turtlesim) StdoutLine: {'line': b'-- Up-to-date: /home/maxime.leriche/Bureau/projet-rattrapage/ros2_ws/install/turtlesim/lib/libturtlesim__rosidl_typesupport_introspection_c.so\n'}
[20.542344] (turtlesim) StdoutLine: {'line': b'-- Up-to-date: /home/maxime.leriche/Bureau/projet-rattrapage/ros2_ws/install/turtlesim/lib/libturtlesim__rosidl_typesupport_c.so\n'}
[20.546025] (turtlesim) StdoutLine: {'line': b'-- Up-to-date: /home/maxime.leriche/Bureau/projet-rattrapage/ros2_ws/install/turtlesim/include/turtlesim/turtlesim\n'}
[20.548363] (turtlesim) StdoutLine: {'line': b'-- Up-to-date: /home/maxime.leriche/Bureau/projet-rattrapage/ros2_ws/install/turtlesim/include/turtlesim/turtlesim/action\n'}
[20.550690] (turtlesim) StdoutLine: {'line': b'-- Up-to-date: /home/maxime.leriche/Bureau/projet-rattrapage/ros2_ws/install/turtlesim/include/turtlesim/turtlesim/action/detail\n'}
[20.554388] (turtlesim) StdoutLine: {'line': b'-- Up-to-date: /home/maxime.leriche/Bureau/projet-rattrapage/ros2_ws/install/turtlesim/include/turtlesim/turtlesim/action/detail/rotate_absolute__type_support.cpp\n'}
[20.556316] (turtlesim) StdoutLine: {'line': b'-- Up-to-date: /home/maxime.leriche/Bureau/projet-rattrapage/ros2_ws/install/turtlesim/include/turtlesim/turtlesim/action/detail/rotate_absolute__rosidl_typesupport_introspection_cpp.hpp\n'}
[20.557003] (turtlesim) StdoutLine: {'line': b'-- Up-to-date: /home/maxime.leriche/Bureau/projet-rattrapage/ros2_ws/install/turtlesim/include/turtlesim/turtlesim/srv\n'}
[20.559206] (turtlesim) StdoutLine: {'line': b'-- Up-to-date: /home/maxime.leriche/Bureau/projet-rattrapage/ros2_ws/install/turtlesim/include/turtlesim/turtlesim/srv/detail\n'}
[20.562938] (turtlesim) StdoutLine: {'line': b'-- Up-to-date: /home/maxime.leriche/Bureau/projet-rattrapage/ros2_ws/install/turtlesim/include/turtlesim/turtlesim/srv/detail/teleport_relative__rosidl_typesupport_introspection_cpp.hpp\n'}
[20.565569] (turtlesim) StdoutLine: {'line': b'-- Up-to-date: /home/maxime.leriche/Bureau/projet-rattrapage/ros2_ws/install/turtlesim/include/turtlesim/turtlesim/srv/detail/kill__rosidl_typesupport_introspection_cpp.hpp\n'}
[20.567086] (turtlesim) StdoutLine: {'line': b'-- Up-to-date: /home/maxime.leriche/Bureau/projet-rattrapage/ros2_ws/install/turtlesim/include/turtlesim/turtlesim/srv/detail/teleport_relative__type_support.cpp\n'}
[20.568246] (-) TimerEvent: {}
[20.569272] (turtlesim) StdoutLine: {'line': b'-- Up-to-date: /home/maxime.leriche/Bureau/projet-rattrapage/ros2_ws/install/turtlesim/include/turtlesim/turtlesim/srv/detail/spawn__rosidl_typesupport_introspection_cpp.hpp\n'}
[20.570696] (turtlesim) StdoutLine: {'line': b'-- Up-to-date: /home/maxime.leriche/Bureau/projet-rattrapage/ros2_ws/install/turtlesim/include/turtlesim/turtlesim/srv/detail/spawn__type_support.cpp\n'}
[20.572253] (turtlesim) StdoutLine: {'line': b'-- Up-to-date: /home/maxime.leriche/Bureau/projet-rattrapage/ros2_ws/install/turtlesim/include/turtlesim/turtlesim/srv/detail/teleport_absolute__type_support.cpp\n'}
[20.574253] (turtlesim) StdoutLine: {'line': b'-- Up-to-date: /home/maxime.leriche/Bureau/projet-rattrapage/ros2_ws/install/turtlesim/include/turtlesim/turtlesim/srv/detail/teleport_absolute__rosidl_typesupport_introspection_cpp.hpp\n'}
[20.576649] (turtlesim) StdoutLine: {'line': b'-- Up-to-date: /home/maxime.leriche/Bureau/projet-rattrapage/ros2_ws/install/turtlesim/include/turtlesim/turtlesim/srv/detail/kill__type_support.cpp\n'}
[20.578841] (turtlesim) StdoutLine: {'line': b'-- Up-to-date: /home/maxime.leriche/Bureau/projet-rattrapage/ros2_ws/install/turtlesim/include/turtlesim/turtlesim/srv/detail/set_pen__rosidl_typesupport_introspection_cpp.hpp\n'}
[20.580112] (turtlesim) StdoutLine: {'line': b'-- Up-to-date: /home/maxime.leriche/Bureau/projet-rattrapage/ros2_ws/install/turtlesim/include/turtlesim/turtlesim/srv/detail/set_pen__type_support.cpp\n'}
[20.580888] (turtlesim) StdoutLine: {'line': b'-- Up-to-date: /home/maxime.leriche/Bureau/projet-rattrapage/ros2_ws/install/turtlesim/include/turtlesim/turtlesim/msg\n'}
[20.582449] (turtlesim) StdoutLine: {'line': b'-- Up-to-date: /home/maxime.leriche/Bureau/projet-rattrapage/ros2_ws/install/turtlesim/include/turtlesim/turtlesim/msg/detail\n'}
[20.585886] (turtlesim) StdoutLine: {'line': b'-- Up-to-date: /home/maxime.leriche/Bureau/projet-rattrapage/ros2_ws/install/turtlesim/include/turtlesim/turtlesim/msg/detail/color__type_support.cpp\n'}
[20.587722] (turtlesim) StdoutLine: {'line': b'-- Up-to-date: /home/maxime.leriche/Bureau/projet-rattrapage/ros2_ws/install/turtlesim/include/turtlesim/turtlesim/msg/detail/color__rosidl_typesupport_introspection_cpp.hpp\n'}
[20.589916] (turtlesim) StdoutLine: {'line': b'-- Up-to-date: /home/maxime.leriche/Bureau/projet-rattrapage/ros2_ws/install/turtlesim/include/turtlesim/turtlesim/msg/detail/pose__rosidl_typesupport_introspection_cpp.hpp\n'}
[20.592511] (turtlesim) StdoutLine: {'line': b'-- Up-to-date: /home/maxime.leriche/Bureau/projet-rattrapage/ros2_ws/install/turtlesim/include/turtlesim/turtlesim/msg/detail/pose__type_support.cpp\n'}
[20.594334] (turtlesim) StdoutLine: {'line': b'-- Up-to-date: /home/maxime.leriche/Bureau/projet-rattrapage/ros2_ws/install/turtlesim/lib/libturtlesim__rosidl_typesupport_introspection_cpp.so\n'}
[20.599322] (turtlesim) StdoutLine: {'line': b'-- Up-to-date: /home/maxime.leriche/Bureau/projet-rattrapage/ros2_ws/install/turtlesim/lib/libturtlesim__rosidl_typesupport_cpp.so\n'}
[20.603433] (turtlesim) StdoutLine: {'line': b'-- Up-to-date: /home/maxime.leriche/Bureau/projet-rattrapage/ros2_ws/install/turtlesim/share/turtlesim/environment/pythonpath.sh\n'}
[20.605534] (turtlesim) StdoutLine: {'line': b'-- Up-to-date: /home/maxime.leriche/Bureau/projet-rattrapage/ros2_ws/install/turtlesim/share/turtlesim/environment/pythonpath.dsv\n'}
[20.606111] (turtlesim) StdoutLine: {'line': b'-- Up-to-date: /home/maxime.leriche/Bureau/projet-rattrapage/ros2_ws/install/turtlesim/local/lib/python3.10/dist-packages/turtlesim-1.4.2-py3.10.egg-info\n'}
[20.609138] (turtlesim) StdoutLine: {'line': b'-- Installing: /home/maxime.leriche/Bureau/projet-rattrapage/ros2_ws/install/turtlesim/local/lib/python3.10/dist-packages/turtlesim-1.4.2-py3.10.egg-info/dependency_links.txt\n'}
[20.619560] (turtlesim) StdoutLine: {'line': b'-- Installing: /home/maxime.leriche/Bureau/projet-rattrapage/ros2_ws/install/turtlesim/local/lib/python3.10/dist-packages/turtlesim-1.4.2-py3.10.egg-info/PKG-INFO\n'}
[20.629592] (turtlesim) StdoutLine: {'line': b'-- Installing: /home/maxime.leriche/Bureau/projet-rattrapage/ros2_ws/install/turtlesim/local/lib/python3.10/dist-packages/turtlesim-1.4.2-py3.10.egg-info/SOURCES.txt\n'}
[20.639250] (turtlesim) StdoutLine: {'line': b'-- Installing: /home/maxime.leriche/Bureau/projet-rattrapage/ros2_ws/install/turtlesim/local/lib/python3.10/dist-packages/turtlesim-1.4.2-py3.10.egg-info/top_level.txt\n'}
[20.648938] (turtlesim) StdoutLine: {'line': b'-- Up-to-date: /home/maxime.leriche/Bureau/projet-rattrapage/ros2_ws/install/turtlesim/local/lib/python3.10/dist-packages/turtlesim\n'}
[20.651580] (turtlesim) StdoutLine: {'line': b'-- Up-to-date: /home/maxime.leriche/Bureau/projet-rattrapage/ros2_ws/install/turtlesim/local/lib/python3.10/dist-packages/turtlesim/action\n'}
[20.654354] (turtlesim) StdoutLine: {'line': b'-- Up-to-date: /home/maxime.leriche/Bureau/projet-rattrapage/ros2_ws/install/turtlesim/local/lib/python3.10/dist-packages/turtlesim/action/__init__.py\n'}
[20.655723] (turtlesim) StdoutLine: {'line': b'-- Up-to-date: /home/maxime.leriche/Bureau/projet-rattrapage/ros2_ws/install/turtlesim/local/lib/python3.10/dist-packages/turtlesim/action/_rotate_absolute_s.c\n'}
[20.657072] (turtlesim) StdoutLine: {'line': b'-- Up-to-date: /home/maxime.leriche/Bureau/projet-rattrapage/ros2_ws/install/turtlesim/local/lib/python3.10/dist-packages/turtlesim/action/_rotate_absolute.py\n'}
[20.659017] (turtlesim) StdoutLine: {'line': b'-- Up-to-date: /home/maxime.leriche/Bureau/projet-rattrapage/ros2_ws/install/turtlesim/local/lib/python3.10/dist-packages/turtlesim/libturtlesim__rosidl_generator_py.so\n'}
[20.660235] (turtlesim) StdoutLine: {'line': b'-- Up-to-date: /home/maxime.leriche/Bureau/projet-rattrapage/ros2_ws/install/turtlesim/local/lib/python3.10/dist-packages/turtlesim/srv\n'}
[20.662979] (turtlesim) StdoutLine: {'line': b'-- Up-to-date: /home/maxime.leriche/Bureau/projet-rattrapage/ros2_ws/install/turtlesim/local/lib/python3.10/dist-packages/turtlesim/srv/_teleport_absolute_s.c\n'}
[20.664988] (turtlesim) StdoutLine: {'line': b'-- Up-to-date: /home/maxime.leriche/Bureau/projet-rattrapage/ros2_ws/install/turtlesim/local/lib/python3.10/dist-packages/turtlesim/srv/_teleport_relative.py\n'}
[20.666503] (turtlesim) StdoutLine: {'line': b'-- Up-to-date: /home/maxime.leriche/Bureau/projet-rattrapage/ros2_ws/install/turtlesim/local/lib/python3.10/dist-packages/turtlesim/srv/__init__.py\n'}
[20.667781] (turtlesim) StdoutLine: {'line': b'-- Up-to-date: /home/maxime.leriche/Bureau/projet-rattrapage/ros2_ws/install/turtlesim/local/lib/python3.10/dist-packages/turtlesim/srv/_spawn.py\n'}
[20.669166] (-) TimerEvent: {}
[20.669395] (turtlesim) StdoutLine: {'line': b'-- Up-to-date: /home/maxime.leriche/Bureau/projet-rattrapage/ros2_ws/install/turtlesim/local/lib/python3.10/dist-packages/turtlesim/srv/_kill_s.c\n'}
[20.670737] (turtlesim) StdoutLine: {'line': b'-- Up-to-date: /home/maxime.leriche/Bureau/projet-rattrapage/ros2_ws/install/turtlesim/local/lib/python3.10/dist-packages/turtlesim/srv/_spawn_s.c\n'}
[20.672079] (turtlesim) StdoutLine: {'line': b'-- Up-to-date: /home/maxime.leriche/Bureau/projet-rattrapage/ros2_ws/install/turtlesim/local/lib/python3.10/dist-packages/turtlesim/srv/_set_pen.py\n'}
[20.673630] (turtlesim) StdoutLine: {'line': b'-- Up-to-date: /home/maxime.leriche/Bureau/projet-rattrapage/ros2_ws/install/turtlesim/local/lib/python3.10/dist-packages/turtlesim/srv/_teleport_absolute.py\n'}
[20.675366] (turtlesim) StdoutLine: {'line': b'-- Up-to-date: /home/maxime.leriche/Bureau/projet-rattrapage/ros2_ws/install/turtlesim/local/lib/python3.10/dist-packages/turtlesim/srv/_kill.py\n'}
[20.677067] (turtlesim) StdoutLine: {'line': b'-- Up-to-date: /home/maxime.leriche/Bureau/projet-rattrapage/ros2_ws/install/turtlesim/local/lib/python3.10/dist-packages/turtlesim/srv/_set_pen_s.c\n'}
[20.678564] (turtlesim) StdoutLine: {'line': b'-- Up-to-date: /home/maxime.leriche/Bureau/projet-rattrapage/ros2_ws/install/turtlesim/local/lib/python3.10/dist-packages/turtlesim/srv/_teleport_relative_s.c\n'}
[20.680390] (turtlesim) StdoutLine: {'line': b'-- Up-to-date: /home/maxime.leriche/Bureau/projet-rattrapage/ros2_ws/install/turtlesim/local/lib/python3.10/dist-packages/turtlesim/_turtlesim_s.ep.rosidl_typesupport_introspection_c.c\n'}
[20.682763] (turtlesim) StdoutLine: {'line': b'-- Up-to-date: /home/maxime.leriche/Bureau/projet-rattrapage/ros2_ws/install/turtlesim/local/lib/python3.10/dist-packages/turtlesim/turtlesim_s__rosidl_typesupport_c.cpython-310-x86_64-linux-gnu.so\n'}
[20.684098] (turtlesim) StdoutLine: {'line': b'-- Up-to-date: /home/maxime.leriche/Bureau/projet-rattrapage/ros2_ws/install/turtlesim/local/lib/python3.10/dist-packages/turtlesim/__init__.py\n'}
[20.686537] (turtlesim) StdoutLine: {'line': b'-- Up-to-date: /home/maxime.leriche/Bureau/projet-rattrapage/ros2_ws/install/turtlesim/local/lib/python3.10/dist-packages/turtlesim/turtlesim_s__rosidl_typesupport_introspection_c.cpython-310-x86_64-linux-gnu.so\n'}
[20.689012] (turtlesim) StdoutLine: {'line': b'-- Up-to-date: /home/maxime.leriche/Bureau/projet-rattrapage/ros2_ws/install/turtlesim/local/lib/python3.10/dist-packages/turtlesim/turtlesim_s__rosidl_typesupport_fastrtps_c.cpython-310-x86_64-linux-gnu.so\n'}
[20.690722] (turtlesim) StdoutLine: {'line': b'-- Up-to-date: /home/maxime.leriche/Bureau/projet-rattrapage/ros2_ws/install/turtlesim/local/lib/python3.10/dist-packages/turtlesim/msg\n'}
[20.694032] (turtlesim) StdoutLine: {'line': b'-- Up-to-date: /home/maxime.leriche/Bureau/projet-rattrapage/ros2_ws/install/turtlesim/local/lib/python3.10/dist-packages/turtlesim/msg/_color.py\n'}
[20.695260] (turtlesim) StdoutLine: {'line': b'-- Up-to-date: /home/maxime.leriche/Bureau/projet-rattrapage/ros2_ws/install/turtlesim/local/lib/python3.10/dist-packages/turtlesim/msg/_pose.py\n'}
[20.696700] (turtlesim) StdoutLine: {'line': b'-- Up-to-date: /home/maxime.leriche/Bureau/projet-rattrapage/ros2_ws/install/turtlesim/local/lib/python3.10/dist-packages/turtlesim/msg/__init__.py\n'}
[20.698517] (turtlesim) StdoutLine: {'line': b'-- Up-to-date: /home/maxime.leriche/Bureau/projet-rattrapage/ros2_ws/install/turtlesim/local/lib/python3.10/dist-packages/turtlesim/msg/_pose_s.c\n'}
[20.699999] (turtlesim) StdoutLine: {'line': b'-- Up-to-date: /home/maxime.leriche/Bureau/projet-rattrapage/ros2_ws/install/turtlesim/local/lib/python3.10/dist-packages/turtlesim/msg/_color_s.c\n'}
[20.701419] (turtlesim) StdoutLine: {'line': b'-- Up-to-date: /home/maxime.leriche/Bureau/projet-rattrapage/ros2_ws/install/turtlesim/local/lib/python3.10/dist-packages/turtlesim/_turtlesim_s.ep.rosidl_typesupport_fastrtps_c.c\n'}
[20.702654] (turtlesim) StdoutLine: {'line': b'-- Up-to-date: /home/maxime.leriche/Bureau/projet-rattrapage/ros2_ws/install/turtlesim/local/lib/python3.10/dist-packages/turtlesim/_turtlesim_s.ep.rosidl_typesupport_c.c\n'}
[20.769325] (-) TimerEvent: {}
[20.771176] (turtlesim) StdoutLine: {'line': b"Listing '/home/maxime.leriche/Bureau/projet-rattrapage/ros2_ws/install/turtlesim/local/lib/python3.10/dist-packages/turtlesim'...\n"}
[20.771377] (turtlesim) StdoutLine: {'line': b"Listing '/home/maxime.leriche/Bureau/projet-rattrapage/ros2_ws/install/turtlesim/local/lib/python3.10/dist-packages/turtlesim/action'...\n"}
[20.772371] (turtlesim) StdoutLine: {'line': b"Listing '/home/maxime.leriche/Bureau/projet-rattrapage/ros2_ws/install/turtlesim/local/lib/python3.10/dist-packages/turtlesim/msg'...\n"}
[20.773432] (turtlesim) StdoutLine: {'line': b"Listing '/home/maxime.leriche/Bureau/projet-rattrapage/ros2_ws/install/turtlesim/local/lib/python3.10/dist-packages/turtlesim/srv'...\n"}
[20.778088] (turtlesim) StdoutLine: {'line': b'-- Up-to-date: /home/maxime.leriche/Bureau/projet-rattrapage/ros2_ws/install/turtlesim/local/lib/python3.10/dist-packages/turtlesim/turtlesim_s__rosidl_typesupport_fastrtps_c.cpython-310-x86_64-linux-gnu.so\n'}
[20.782820] (turtlesim) StdoutLine: {'line': b'-- Up-to-date: /home/maxime.leriche/Bureau/projet-rattrapage/ros2_ws/install/turtlesim/local/lib/python3.10/dist-packages/turtlesim/turtlesim_s__rosidl_typesupport_introspection_c.cpython-310-x86_64-linux-gnu.so\n'}
[20.788141] (turtlesim) StdoutLine: {'line': b'-- Up-to-date: /home/maxime.leriche/Bureau/projet-rattrapage/ros2_ws/install/turtlesim/local/lib/python3.10/dist-packages/turtlesim/turtlesim_s__rosidl_typesupport_c.cpython-310-x86_64-linux-gnu.so\n'}
[20.793403] (turtlesim) StdoutLine: {'line': b'-- Up-to-date: /home/maxime.leriche/Bureau/projet-rattrapage/ros2_ws/install/turtlesim/lib/libturtlesim__rosidl_generator_py.so\n'}
[20.799207] (turtlesim) StdoutLine: {'line': b'-- Up-to-date: /home/maxime.leriche/Bureau/projet-rattrapage/ros2_ws/install/turtlesim/share/turtlesim/action/RotateAbsolute.idl\n'}
[20.801314] (turtlesim) StdoutLine: {'line': b'-- Up-to-date: /home/maxime.leriche/Bureau/projet-rattrapage/ros2_ws/install/turtlesim/share/turtlesim/msg/Color.idl\n'}
[20.803217] (turtlesim) StdoutLine: {'line': b'-- Up-to-date: /home/maxime.leriche/Bureau/projet-rattrapage/ros2_ws/install/turtlesim/share/turtlesim/msg/Pose.idl\n'}
[20.805823] (turtlesim) StdoutLine: {'line': b'-- Up-to-date: /home/maxime.leriche/Bureau/projet-rattrapage/ros2_ws/install/turtlesim/share/turtlesim/srv/Kill.idl\n'}
[20.808204] (turtlesim) StdoutLine: {'line': b'-- Up-to-date: /home/maxime.leriche/Bureau/projet-rattrapage/ros2_ws/install/turtlesim/share/turtlesim/srv/SetPen.idl\n'}
[20.809684] (turtlesim) StdoutLine: {'line': b'-- Up-to-date: /home/maxime.leriche/Bureau/projet-rattrapage/ros2_ws/install/turtlesim/share/turtlesim/srv/Spawn.idl\n'}
[20.810829] (turtlesim) StdoutLine: {'line': b'-- Up-to-date: /home/maxime.leriche/Bureau/projet-rattrapage/ros2_ws/install/turtlesim/share/turtlesim/srv/TeleportAbsolute.idl\n'}
[20.812252] (turtlesim) StdoutLine: {'line': b'-- Up-to-date: /home/maxime.leriche/Bureau/projet-rattrapage/ros2_ws/install/turtlesim/share/turtlesim/srv/TeleportRelative.idl\n'}
[20.813713] (turtlesim) StdoutLine: {'line': b'-- Up-to-date: /home/maxime.leriche/Bureau/projet-rattrapage/ros2_ws/install/turtlesim/share/turtlesim/action/RotateAbsolute.action\n'}
[20.815282] (turtlesim) StdoutLine: {'line': b'-- Up-to-date: /home/maxime.leriche/Bureau/projet-rattrapage/ros2_ws/install/turtlesim/share/turtlesim/msg/Color.msg\n'}
[20.816719] (turtlesim) StdoutLine: {'line': b'-- Up-to-date: /home/maxime.leriche/Bureau/projet-rattrapage/ros2_ws/install/turtlesim/share/turtlesim/msg/Pose.msg\n'}
[20.818434] (turtlesim) StdoutLine: {'line': b'-- Up-to-date: /home/maxime.leriche/Bureau/projet-rattrapage/ros2_ws/install/turtlesim/share/turtlesim/srv/Kill.srv\n'}
[20.819965] (turtlesim) StdoutLine: {'line': b'-- Up-to-date: /home/maxime.leriche/Bureau/projet-rattrapage/ros2_ws/install/turtlesim/share/turtlesim/srv/Kill_Request.msg\n'}
[20.821443] (turtlesim) StdoutLine: {'line': b'-- Up-to-date: /home/maxime.leriche/Bureau/projet-rattrapage/ros2_ws/install/turtlesim/share/turtlesim/srv/Kill_Response.msg\n'}
[20.822970] (turtlesim) StdoutLine: {'line': b'-- Up-to-date: /home/maxime.leriche/Bureau/projet-rattrapage/ros2_ws/install/turtlesim/share/turtlesim/srv/SetPen.srv\n'}
[20.824266] (turtlesim) StdoutLine: {'line': b'-- Up-to-date: /home/maxime.leriche/Bureau/projet-rattrapage/ros2_ws/install/turtlesim/share/turtlesim/srv/SetPen_Request.msg\n'}
[20.825692] (turtlesim) StdoutLine: {'line': b'-- Up-to-date: /home/maxime.leriche/Bureau/projet-rattrapage/ros2_ws/install/turtlesim/share/turtlesim/srv/SetPen_Response.msg\n'}
[20.827046] (turtlesim) StdoutLine: {'line': b'-- Up-to-date: /home/maxime.leriche/Bureau/projet-rattrapage/ros2_ws/install/turtlesim/share/turtlesim/srv/Spawn.srv\n'}
[20.828428] (turtlesim) StdoutLine: {'line': b'-- Up-to-date: /home/maxime.leriche/Bureau/projet-rattrapage/ros2_ws/install/turtlesim/share/turtlesim/srv/Spawn_Request.msg\n'}
[20.830051] (turtlesim) StdoutLine: {'line': b'-- Up-to-date: /home/maxime.leriche/Bureau/projet-rattrapage/ros2_ws/install/turtlesim/share/turtlesim/srv/Spawn_Response.msg\n'}
[20.831469] (turtlesim) StdoutLine: {'line': b'-- Up-to-date: /home/maxime.leriche/Bureau/projet-rattrapage/ros2_ws/install/turtlesim/share/turtlesim/srv/TeleportAbsolute.srv\n'}
[20.833213] (turtlesim) StdoutLine: {'line': b'-- Up-to-date: /home/maxime.leriche/Bureau/projet-rattrapage/ros2_ws/install/turtlesim/share/turtlesim/srv/TeleportAbsolute_Request.msg\n'}
[20.834567] (turtlesim) StdoutLine: {'line': b'-- Up-to-date: /home/maxime.leriche/Bureau/projet-rattrapage/ros2_ws/install/turtlesim/share/turtlesim/srv/TeleportAbsolute_Response.msg\n'}
[20.836251] (turtlesim) StdoutLine: {'line': b'-- Up-to-date: /home/maxime.leriche/Bureau/projet-rattrapage/ros2_ws/install/turtlesim/share/turtlesim/srv/TeleportRelative.srv\n'}
[20.837833] (turtlesim) StdoutLine: {'line': b'-- Up-to-date: /home/maxime.leriche/Bureau/projet-rattrapage/ros2_ws/install/turtlesim/share/turtlesim/srv/TeleportRelative_Request.msg\n'}
[20.839733] (turtlesim) StdoutLine: {'line': b'-- Up-to-date: /home/maxime.leriche/Bureau/projet-rattrapage/ros2_ws/install/turtlesim/share/turtlesim/srv/TeleportRelative_Response.msg\n'}
[20.843741] (turtlesim) StdoutLine: {'line': b'-- Installing: /home/maxime.leriche/Bureau/projet-rattrapage/ros2_ws/install/turtlesim/lib/turtlesim/turtlesim_node\n'}
[20.869388] (-) TimerEvent: {}
[20.969685] (-) TimerEvent: {}
[21.070064] (-) TimerEvent: {}
[21.170454] (-) TimerEvent: {}
[21.270805] (-) TimerEvent: {}
[21.371211] (-) TimerEvent: {}
[21.471683] (-) TimerEvent: {}
[21.571984] (-) TimerEvent: {}
[21.672301] (-) TimerEvent: {}
[21.772627] (-) TimerEvent: {}
[21.872972] (-) TimerEvent: {}
[21.886875] (turtlesim) StdoutLine: {'line': b'-- Set runtime path of "/home/maxime.leriche/Bureau/projet-rattrapage/ros2_ws/install/turtlesim/lib/turtlesim/turtlesim_node" to ""\n'}
[21.889531] (turtlesim) StdoutLine: {'line': b'-- Up-to-date: /home/maxime.leriche/Bureau/projet-rattrapage/ros2_ws/install/turtlesim/lib/turtlesim/turtle_teleop_key\n'}
[21.894202] (turtlesim) StdoutLine: {'line': b'-- Up-to-date: /home/maxime.leriche/Bureau/projet-rattrapage/ros2_ws/install/turtlesim/lib/turtlesim/draw_square\n'}
[21.899670] (turtlesim) StdoutLine: {'line': b'-- Up-to-date: /home/maxime.leriche/Bureau/projet-rattrapage/ros2_ws/install/turtlesim/lib/turtlesim/mimic\n'}
[21.904021] (turtlesim) StdoutLine: {'line': b'-- Up-to-date: /home/maxime.leriche/Bureau/projet-rattrapage/ros2_ws/install/turtlesim/share/turtlesim/images\n'}
[21.907323] (turtlesim) StdoutLine: {'line': b'-- Up-to-date: /home/maxime.leriche/Bureau/projet-rattrapage/ros2_ws/install/turtlesim/share/turtlesim/images/galactic.png\n'}
[21.909255] (turtlesim) StdoutLine: {'line': b'-- Up-to-date: /home/maxime.leriche/Bureau/projet-rattrapage/ros2_ws/install/turtlesim/share/turtlesim/images/bouncy.png\n'}
[21.911842] (turtlesim) StdoutLine: {'line': b'-- Up-to-date: /home/maxime.leriche/Bureau/projet-rattrapage/ros2_ws/install/turtlesim/share/turtlesim/images/ardent.png\n'}
[21.914039] (turtlesim) StdoutLine: {'line': b'-- Up-to-date: /home/maxime.leriche/Bureau/projet-rattrapage/ros2_ws/install/turtlesim/share/turtlesim/images/humble.png\n'}
[21.916299] (turtlesim) StdoutLine: {'line': b'-- Up-to-date: /home/maxime.leriche/Bureau/projet-rattrapage/ros2_ws/install/turtlesim/share/turtlesim/images/crystal.png\n'}
[21.918249] (turtlesim) StdoutLine: {'line': b'-- Up-to-date: /home/maxime.leriche/Bureau/projet-rattrapage/ros2_ws/install/turtlesim/share/turtlesim/images/dashing.png\n'}
[21.920026] (turtlesim) StdoutLine: {'line': b'-- Up-to-date: /home/maxime.leriche/Bureau/projet-rattrapage/ros2_ws/install/turtlesim/share/turtlesim/images/foxy.png\n'}
[21.921945] (turtlesim) StdoutLine: {'line': b'-- Up-to-date: /home/maxime.leriche/Bureau/projet-rattrapage/ros2_ws/install/turtlesim/share/turtlesim/images/rolling.png\n'}
[21.924159] (turtlesim) StdoutLine: {'line': b'-- Up-to-date: /home/maxime.leriche/Bureau/projet-rattrapage/ros2_ws/install/turtlesim/share/turtlesim/images/eloquent.png\n'}
[21.926397] (turtlesim) StdoutLine: {'line': b'-- Up-to-date: /home/maxime.leriche/Bureau/projet-rattrapage/ros2_ws/install/turtlesim/share/turtlesim/launch\n'}
[21.929406] (turtlesim) StdoutLine: {'line': b'-- Up-to-date: /home/maxime.leriche/Bureau/projet-rattrapage/ros2_ws/install/turtlesim/share/turtlesim/launch/multisim.launch.py\n'}
[21.930820] (turtlesim) StdoutLine: {'line': b'-- Up-to-date: /home/maxime.leriche/Bureau/projet-rattrapage/ros2_ws/install/turtlesim/share/ament_index/resource_index/package_run_dependencies/turtlesim\n'}
[21.933028] (turtlesim) StdoutLine: {'line': b'-- Up-to-date: /home/maxime.leriche/Bureau/projet-rattrapage/ros2_ws/install/turtlesim/share/ament_index/resource_index/parent_prefix_path/turtlesim\n'}
[21.934436] (turtlesim) StdoutLine: {'line': b'-- Up-to-date: /home/maxime.leriche/Bureau/projet-rattrapage/ros2_ws/install/turtlesim/share/turtlesim/environment/ament_prefix_path.sh\n'}
[21.936591] (turtlesim) StdoutLine: {'line': b'-- Up-to-date: /home/maxime.leriche/Bureau/projet-rattrapage/ros2_ws/install/turtlesim/share/turtlesim/environment/ament_prefix_path.dsv\n'}
[21.938001] (turtlesim) StdoutLine: {'line': b'-- Up-to-date: /home/maxime.leriche/Bureau/projet-rattrapage/ros2_ws/install/turtlesim/share/turtlesim/environment/path.sh\n'}
[21.940226] (turtlesim) StdoutLine: {'line': b'-- Up-to-date: /home/maxime.leriche/Bureau/projet-rattrapage/ros2_ws/install/turtlesim/share/turtlesim/environment/path.dsv\n'}
[21.941626] (turtlesim) StdoutLine: {'line': b'-- Up-to-date: /home/maxime.leriche/Bureau/projet-rattrapage/ros2_ws/install/turtlesim/share/turtlesim/local_setup.bash\n'}
[21.942855] (turtlesim) StdoutLine: {'line': b'-- Up-to-date: /home/maxime.leriche/Bureau/projet-rattrapage/ros2_ws/install/turtlesim/share/turtlesim/local_setup.sh\n'}
[21.944039] (turtlesim) StdoutLine: {'line': b'-- Up-to-date: /home/maxime.leriche/Bureau/projet-rattrapage/ros2_ws/install/turtlesim/share/turtlesim/local_setup.zsh\n'}
[21.946070] (turtlesim) StdoutLine: {'line': b'-- Up-to-date: /home/maxime.leriche/Bureau/projet-rattrapage/ros2_ws/install/turtlesim/share/turtlesim/local_setup.dsv\n'}
[21.947771] (turtlesim) StdoutLine: {'line': b'-- Installing: /home/maxime.leriche/Bureau/projet-rattrapage/ros2_ws/install/turtlesim/share/turtlesim/package.dsv\n'}
[21.957940] (turtlesim) StdoutLine: {'line': b'-- Up-to-date: /home/maxime.leriche/Bureau/projet-rattrapage/ros2_ws/install/turtlesim/share/ament_index/resource_index/packages/turtlesim\n'}
[21.966253] (turtlesim) StdoutLine: {'line': b'-- Up-to-date: /home/maxime.leriche/Bureau/projet-rattrapage/ros2_ws/install/turtlesim/share/turtlesim/cmake/export_turtlesim__rosidl_generator_cExport.cmake\n'}
[21.968653] (turtlesim) StdoutLine: {'line': b'-- Up-to-date: /home/maxime.leriche/Bureau/projet-rattrapage/ros2_ws/install/turtlesim/share/turtlesim/cmake/export_turtlesim__rosidl_generator_cExport-noconfig.cmake\n'}
[21.973020] (-) TimerEvent: {}
[21.973580] (turtlesim) StdoutLine: {'line': b'-- Up-to-date: /home/maxime.leriche/Bureau/projet-rattrapage/ros2_ws/install/turtlesim/share/turtlesim/cmake/export_turtlesim__rosidl_typesupport_fastrtps_cExport.cmake\n'}
[21.975617] (turtlesim) StdoutLine: {'line': b'-- Up-to-date: /home/maxime.leriche/Bureau/projet-rattrapage/ros2_ws/install/turtlesim/share/turtlesim/cmake/export_turtlesim__rosidl_typesupport_fastrtps_cExport-noconfig.cmake\n'}
[21.980353] (turtlesim) StdoutLine: {'line': b'-- Up-to-date: /home/maxime.leriche/Bureau/projet-rattrapage/ros2_ws/install/turtlesim/share/turtlesim/cmake/export_turtlesim__rosidl_generator_cppExport.cmake\n'}
[21.985352] (turtlesim) StdoutLine: {'line': b'-- Up-to-date: /home/maxime.leriche/Bureau/projet-rattrapage/ros2_ws/install/turtlesim/share/turtlesim/cmake/export_turtlesim__rosidl_typesupport_fastrtps_cppExport.cmake\n'}
[21.987377] (turtlesim) StdoutLine: {'line': b'-- Up-to-date: /home/maxime.leriche/Bureau/projet-rattrapage/ros2_ws/install/turtlesim/share/turtlesim/cmake/export_turtlesim__rosidl_typesupport_fastrtps_cppExport-noconfig.cmake\n'}
[21.991587] (turtlesim) StdoutLine: {'line': b'-- Up-to-date: /home/maxime.leriche/Bureau/projet-rattrapage/ros2_ws/install/turtlesim/share/turtlesim/cmake/turtlesim__rosidl_typesupport_introspection_cExport.cmake\n'}
[21.994451] (turtlesim) StdoutLine: {'line': b'-- Up-to-date: /home/maxime.leriche/Bureau/projet-rattrapage/ros2_ws/install/turtlesim/share/turtlesim/cmake/turtlesim__rosidl_typesupport_introspection_cExport-noconfig.cmake\n'}
[21.999047] (turtlesim) StdoutLine: {'line': b'-- Up-to-date: /home/maxime.leriche/Bureau/projet-rattrapage/ros2_ws/install/turtlesim/share/turtlesim/cmake/turtlesim__rosidl_typesupport_cExport.cmake\n'}
[22.001115] (turtlesim) StdoutLine: {'line': b'-- Up-to-date: /home/maxime.leriche/Bureau/projet-rattrapage/ros2_ws/install/turtlesim/share/turtlesim/cmake/turtlesim__rosidl_typesupport_cExport-noconfig.cmake\n'}
[22.005809] (turtlesim) StdoutLine: {'line': b'-- Up-to-date: /home/maxime.leriche/Bureau/projet-rattrapage/ros2_ws/install/turtlesim/share/turtlesim/cmake/turtlesim__rosidl_typesupport_introspection_cppExport.cmake\n'}
[22.008232] (turtlesim) StdoutLine: {'line': b'-- Up-to-date: /home/maxime.leriche/Bureau/projet-rattrapage/ros2_ws/install/turtlesim/share/turtlesim/cmake/turtlesim__rosidl_typesupport_introspection_cppExport-noconfig.cmake\n'}
[22.012983] (turtlesim) StdoutLine: {'line': b'-- Up-to-date: /home/maxime.leriche/Bureau/projet-rattrapage/ros2_ws/install/turtlesim/share/turtlesim/cmake/turtlesim__rosidl_typesupport_cppExport.cmake\n'}
[22.014762] (turtlesim) StdoutLine: {'line': b'-- Up-to-date: /home/maxime.leriche/Bureau/projet-rattrapage/ros2_ws/install/turtlesim/share/turtlesim/cmake/turtlesim__rosidl_typesupport_cppExport-noconfig.cmake\n'}
[22.019160] (turtlesim) StdoutLine: {'line': b'-- Up-to-date: /home/maxime.leriche/Bureau/projet-rattrapage/ros2_ws/install/turtlesim/share/turtlesim/cmake/export_turtlesim__rosidl_generator_pyExport.cmake\n'}
[22.021079] (turtlesim) StdoutLine: {'line': b'-- Up-to-date: /home/maxime.leriche/Bureau/projet-rattrapage/ros2_ws/install/turtlesim/share/turtlesim/cmake/export_turtlesim__rosidl_generator_pyExport-noconfig.cmake\n'}
[22.022562] (turtlesim) StdoutLine: {'line': b'-- Up-to-date: /home/maxime.leriche/Bureau/projet-rattrapage/ros2_ws/install/turtlesim/share/turtlesim/cmake/rosidl_cmake-extras.cmake\n'}
[22.023807] (turtlesim) StdoutLine: {'line': b'-- Up-to-date: /home/maxime.leriche/Bureau/projet-rattrapage/ros2_ws/install/turtlesim/share/turtlesim/cmake/ament_cmake_export_dependencies-extras.cmake\n'}
[22.025533] (turtlesim) StdoutLine: {'line': b'-- Up-to-date: /home/maxime.leriche/Bureau/projet-rattrapage/ros2_ws/install/turtlesim/share/turtlesim/cmake/ament_cmake_export_include_directories-extras.cmake\n'}
[22.026896] (turtlesim) StdoutLine: {'line': b'-- Up-to-date: /home/maxime.leriche/Bureau/projet-rattrapage/ros2_ws/install/turtlesim/share/turtlesim/cmake/ament_cmake_export_libraries-extras.cmake\n'}
[22.028233] (turtlesim) StdoutLine: {'line': b'-- Up-to-date: /home/maxime.leriche/Bureau/projet-rattrapage/ros2_ws/install/turtlesim/share/turtlesim/cmake/ament_cmake_export_targets-extras.cmake\n'}
[22.029618] (turtlesim) StdoutLine: {'line': b'-- Up-to-date: /home/maxime.leriche/Bureau/projet-rattrapage/ros2_ws/install/turtlesim/share/turtlesim/cmake/rosidl_cmake_export_typesupport_targets-extras.cmake\n'}
[22.031158] (turtlesim) StdoutLine: {'line': b'-- Up-to-date: /home/maxime.leriche/Bureau/projet-rattrapage/ros2_ws/install/turtlesim/share/turtlesim/cmake/rosidl_cmake_export_typesupport_libraries-extras.cmake\n'}
[22.032479] (turtlesim) StdoutLine: {'line': b'-- Up-to-date: /home/maxime.leriche/Bureau/projet-rattrapage/ros2_ws/install/turtlesim/share/turtlesim/cmake/turtlesimConfig.cmake\n'}
[22.034067] (turtlesim) StdoutLine: {'line': b'-- Up-to-date: /home/maxime.leriche/Bureau/projet-rattrapage/ros2_ws/install/turtlesim/share/turtlesim/cmake/turtlesimConfig-version.cmake\n'}
[22.035581] (turtlesim) StdoutLine: {'line': b'-- Up-to-date: /home/maxime.leriche/Bureau/projet-rattrapage/ros2_ws/install/turtlesim/share/turtlesim/package.xml\n'}
[22.048115] (turtlesim) CommandEnded: {'returncode': 0}
[22.073153] (-) TimerEvent: {}
[22.173396] (-) TimerEvent: {}
[22.273881] (-) TimerEvent: {}
[22.374186] (-) TimerEvent: {}
[22.424627] (turtlesim) JobEnded: {'identifier': 'turtlesim', 'rc': 0}
[22.429302] (-) EventReactorShutdown: {}
