[0.048s] Invoking command in '/home/maxime.leriche/Bureau/projet-rattrapage/ros2_ws/build/turtlesim': CMAKE_PREFIX_PATH=${CMAKE_PREFIX_PATH}:/opt/ros/humble /usr/bin/cmake --build /home/maxime.leriche/Bureau/projet-rattrapage/ros2_ws/build/turtlesim -- -j4 -l4
[0.255s] [  1%] Built target turtlesim__cpp
[0.280s] [35m[1mConsolidate compiler generated dependencies of target turtlesim__rosidl_generator_c[0m
[0.312s] [35m[1mConsolidate compiler generated dependencies of target turtlesim__rosidl_typesupport_cpp[0m
[0.341s] [35m[1mConsolidate compiler generated dependencies of target turtlesim__rosidl_typesupport_fastrtps_cpp[0m
[0.398s] [ 11%] Built target turtlesim__rosidl_generator_c
[0.426s] [ 23%] Built target turtlesim__rosidl_typesupport_cpp
[0.462s] [ 31%] Built target turtlesim__rosidl_typesupport_fastrtps_cpp
[0.467s] [35m[1mConsolidate compiler generated dependencies of target turtlesim__rosidl_typesupport_introspection_cpp[0m
[0.528s] [35m[1mConsolidate compiler generated dependencies of target turtlesim__rosidl_typesupport_fastrtps_c[0m
[0.563s] [35m[1mConsolidate compiler generated dependencies of target turtlesim__rosidl_typesupport_introspection_c[0m
[0.598s] [ 41%] Built target turtlesim__rosidl_typesupport_introspection_cpp
[0.647s] [ 55%] Built target ament_cmake_python_copy_turtlesim
[0.655s] [ 58%] Built target turtlesim__rosidl_typesupport_fastrtps_c
[0.659s] [35m[1mConsolidate compiler generated dependencies of target turtlesim__rosidl_typesupport_c[0m
[0.667s] [ 61%] Built target turtlesim__rosidl_typesupport_introspection_c
[0.675s] [35m[1mConsolidate compiler generated dependencies of target turtle_teleop_key[0m
[0.682s] [35m[1mConsolidate compiler generated dependencies of target turtlesim_node[0m
[0.698s] [35m[1mConsolidate compiler generated dependencies of target draw_square[0m
[0.811s] [ 72%] Built target turtle_teleop_key
[0.815s] [ 73%] Built target turtlesim__rosidl_typesupport_c
[0.824s] [ 75%] Built target draw_square
[0.830s] [ 76%] [32mBuilding CXX object CMakeFiles/turtlesim_node.dir/src/turtle_frame.cpp.o[0m
[0.832s] [35m[1mConsolidate compiler generated dependencies of target mimic[0m
[0.865s] [ 76%] Built target turtlesim
[0.913s] [ 78%] Built target mimic
[0.924s] [ 79%] Built target turtlesim__py
[0.959s] [35m[1mConsolidate compiler generated dependencies of target turtlesim__rosidl_generator_py[0m
[1.050s] [ 88%] Built target turtlesim__rosidl_generator_py
[1.076s] [35m[1mConsolidate compiler generated dependencies of target turtlesim__rosidl_typesupport_fastrtps_c__pyext[0m
[1.080s] [35m[1mConsolidate compiler generated dependencies of target turtlesim__rosidl_typesupport_introspection_c__pyext[0m
[1.126s] [ 90%] Built target turtlesim__rosidl_typesupport_fastrtps_c__pyext
[1.136s] [ 92%] Built target turtlesim__rosidl_typesupport_introspection_c__pyext
[1.148s] [35m[1mConsolidate compiler generated dependencies of target turtlesim__rosidl_typesupport_c__pyext[0m
[1.194s] [ 94%] Built target turtlesim__rosidl_typesupport_c__pyext
[1.254s] running egg_info
[1.256s] writing turtlesim.egg-info/PKG-INFO
[1.259s] writing dependency_links to turtlesim.egg-info/dependency_links.txt
[1.262s] writing top-level names to turtlesim.egg-info/top_level.txt
[1.273s] reading manifest file 'turtlesim.egg-info/SOURCES.txt'
[1.276s] writing manifest file 'turtlesim.egg-info/SOURCES.txt'
[1.315s] [ 94%] Built target ament_cmake_python_build_turtlesim_egg
[15.317s] [ 95%] [32m[1mLinking CXX executable turtlesim_node[0m
[19.827s] [100%] Built target turtlesim_node
[19.977s] Invoked command in '/home/maxime.leriche/Bureau/projet-rattrapage/ros2_ws/build/turtlesim' returned '0': CMAKE_PREFIX_PATH=${CMAKE_PREFIX_PATH}:/opt/ros/humble /usr/bin/cmake --build /home/maxime.leriche/Bureau/projet-rattrapage/ros2_ws/build/turtlesim -- -j4 -l4
[20.226s] Invoking command in '/home/maxime.leriche/Bureau/projet-rattrapage/ros2_ws/build/turtlesim': CMAKE_PREFIX_PATH=${CMAKE_PREFIX_PATH}:/opt/ros/humble /usr/bin/cmake --install /home/maxime.leriche/Bureau/projet-rattrapage/ros2_ws/build/turtlesim
[20.236s] -- Install configuration: ""
[20.239s] -- Up-to-date: /home/maxime.leriche/Bureau/projet-rattrapage/ros2_ws/install/turtlesim/share/ament_index/resource_index/rosidl_interfaces/turtlesim
[20.242s] -- Up-to-date: /home/maxime.leriche/Bureau/projet-rattrapage/ros2_ws/install/turtlesim/include/turtlesim/turtlesim
[20.246s] -- Up-to-date: /home/maxime.leriche/Bureau/projet-rattrapage/ros2_ws/install/turtlesim/include/turtlesim/turtlesim/action
[20.250s] -- Up-to-date: /home/maxime.leriche/Bureau/projet-rattrapage/ros2_ws/install/turtlesim/include/turtlesim/turtlesim/action/rotate_absolute.h
[20.251s] -- Up-to-date: /home/maxime.leriche/Bureau/projet-rattrapage/ros2_ws/install/turtlesim/include/turtlesim/turtlesim/action/detail
[20.255s] -- Up-to-date: /home/maxime.leriche/Bureau/projet-rattrapage/ros2_ws/install/turtlesim/include/turtlesim/turtlesim/action/detail/rotate_absolute__functions.h
[20.256s] -- Up-to-date: /home/maxime.leriche/Bureau/projet-rattrapage/ros2_ws/install/turtlesim/include/turtlesim/turtlesim/action/detail/rotate_absolute__struct.h
[20.258s] -- Up-to-date: /home/maxime.leriche/Bureau/projet-rattrapage/ros2_ws/install/turtlesim/include/turtlesim/turtlesim/action/detail/rotate_absolute__functions.c
[20.259s] -- Up-to-date: /home/maxime.leriche/Bureau/projet-rattrapage/ros2_ws/install/turtlesim/include/turtlesim/turtlesim/action/detail/rotate_absolute__type_support.h
[20.262s] -- Up-to-date: /home/maxime.leriche/Bureau/projet-rattrapage/ros2_ws/install/turtlesim/include/turtlesim/turtlesim/srv
[20.263s] -- Up-to-date: /home/maxime.leriche/Bureau/projet-rattrapage/ros2_ws/install/turtlesim/include/turtlesim/turtlesim/srv/detail
[20.266s] -- Up-to-date: /home/maxime.leriche/Bureau/projet-rattrapage/ros2_ws/install/turtlesim/include/turtlesim/turtlesim/srv/detail/teleport_relative__struct.h
[20.269s] -- Up-to-date: /home/maxime.leriche/Bureau/projet-rattrapage/ros2_ws/install/turtlesim/include/turtlesim/turtlesim/srv/detail/set_pen__functions.c
[20.270s] -- Up-to-date: /home/maxime.leriche/Bureau/projet-rattrapage/ros2_ws/install/turtlesim/include/turtlesim/turtlesim/srv/detail/kill__functions.h
[20.272s] -- Up-to-date: /home/maxime.leriche/Bureau/projet-rattrapage/ros2_ws/install/turtlesim/include/turtlesim/turtlesim/srv/detail/spawn__functions.c
[20.274s] -- Up-to-date: /home/maxime.leriche/Bureau/projet-rattrapage/ros2_ws/install/turtlesim/include/turtlesim/turtlesim/srv/detail/teleport_absolute__functions.h
[20.276s] -- Up-to-date: /home/maxime.leriche/Bureau/projet-rattrapage/ros2_ws/install/turtlesim/include/turtlesim/turtlesim/srv/detail/kill__functions.c
[20.278s] -- Up-to-date: /home/maxime.leriche/Bureau/projet-rattrapage/ros2_ws/install/turtlesim/include/turtlesim/turtlesim/srv/detail/spawn__functions.h
[20.278s] -- Up-to-date: /home/maxime.leriche/Bureau/projet-rattrapage/ros2_ws/install/turtlesim/include/turtlesim/turtlesim/srv/detail/teleport_absolute__type_support.h
[20.280s] -- Up-to-date: /home/maxime.leriche/Bureau/projet-rattrapage/ros2_ws/install/turtlesim/include/turtlesim/turtlesim/srv/detail/set_pen__struct.h
[20.281s] -- Up-to-date: /home/maxime.leriche/Bureau/projet-rattrapage/ros2_ws/install/turtlesim/include/turtlesim/turtlesim/srv/detail/spawn__struct.h
[20.283s] -- Up-to-date: /home/maxime.leriche/Bureau/projet-rattrapage/ros2_ws/install/turtlesim/include/turtlesim/turtlesim/srv/detail/teleport_absolute__functions.c
[20.286s] -- Up-to-date: /home/maxime.leriche/Bureau/projet-rattrapage/ros2_ws/install/turtlesim/include/turtlesim/turtlesim/srv/detail/teleport_relative__functions.c
[20.287s] -- Up-to-date: /home/maxime.leriche/Bureau/projet-rattrapage/ros2_ws/install/turtlesim/include/turtlesim/turtlesim/srv/detail/teleport_absolute__struct.h
[20.288s] -- Up-to-date: /home/maxime.leriche/Bureau/projet-rattrapage/ros2_ws/install/turtlesim/include/turtlesim/turtlesim/srv/detail/teleport_relative__functions.h
[20.290s] -- Up-to-date: /home/maxime.leriche/Bureau/projet-rattrapage/ros2_ws/install/turtlesim/include/turtlesim/turtlesim/srv/detail/spawn__type_support.h
[20.291s] -- Up-to-date: /home/maxime.leriche/Bureau/projet-rattrapage/ros2_ws/install/turtlesim/include/turtlesim/turtlesim/srv/detail/set_pen__functions.h
[20.292s] -- Up-to-date: /home/maxime.leriche/Bureau/projet-rattrapage/ros2_ws/install/turtlesim/include/turtlesim/turtlesim/srv/detail/kill__struct.h
[20.293s] -- Up-to-date: /home/maxime.leriche/Bureau/projet-rattrapage/ros2_ws/install/turtlesim/include/turtlesim/turtlesim/srv/detail/kill__type_support.h
[20.295s] -- Up-to-date: /home/maxime.leriche/Bureau/projet-rattrapage/ros2_ws/install/turtlesim/include/turtlesim/turtlesim/srv/detail/set_pen__type_support.h
[20.296s] -- Up-to-date: /home/maxime.leriche/Bureau/projet-rattrapage/ros2_ws/install/turtlesim/include/turtlesim/turtlesim/srv/detail/teleport_relative__type_support.h
[20.298s] -- Up-to-date: /home/maxime.leriche/Bureau/projet-rattrapage/ros2_ws/install/turtlesim/include/turtlesim/turtlesim/srv/spawn.h
[20.299s] -- Up-to-date: /home/maxime.leriche/Bureau/projet-rattrapage/ros2_ws/install/turtlesim/include/turtlesim/turtlesim/srv/teleport_relative.h
[20.301s] -- Up-to-date: /home/maxime.leriche/Bureau/projet-rattrapage/ros2_ws/install/turtlesim/include/turtlesim/turtlesim/srv/set_pen.h
[20.302s] -- Up-to-date: /home/maxime.leriche/Bureau/projet-rattrapage/ros2_ws/install/turtlesim/include/turtlesim/turtlesim/srv/teleport_absolute.h
[20.304s] -- Up-to-date: /home/maxime.leriche/Bureau/projet-rattrapage/ros2_ws/install/turtlesim/include/turtlesim/turtlesim/srv/kill.h
[20.307s] -- Up-to-date: /home/maxime.leriche/Bureau/projet-rattrapage/ros2_ws/install/turtlesim/include/turtlesim/turtlesim/msg
[20.310s] -- Up-to-date: /home/maxime.leriche/Bureau/projet-rattrapage/ros2_ws/install/turtlesim/include/turtlesim/turtlesim/msg/detail
[20.312s] -- Up-to-date: /home/maxime.leriche/Bureau/projet-rattrapage/ros2_ws/install/turtlesim/include/turtlesim/turtlesim/msg/detail/color__functions.h
[20.314s] -- Up-to-date: /home/maxime.leriche/Bureau/projet-rattrapage/ros2_ws/install/turtlesim/include/turtlesim/turtlesim/msg/detail/pose__type_support.h
[20.315s] -- Up-to-date: /home/maxime.leriche/Bureau/projet-rattrapage/ros2_ws/install/turtlesim/include/turtlesim/turtlesim/msg/detail/color__type_support.h
[20.316s] -- Up-to-date: /home/maxime.leriche/Bureau/projet-rattrapage/ros2_ws/install/turtlesim/include/turtlesim/turtlesim/msg/detail/color__struct.h
[20.318s] -- Up-to-date: /home/maxime.leriche/Bureau/projet-rattrapage/ros2_ws/install/turtlesim/include/turtlesim/turtlesim/msg/detail/pose__functions.h
[20.320s] -- Up-to-date: /home/maxime.leriche/Bureau/projet-rattrapage/ros2_ws/install/turtlesim/include/turtlesim/turtlesim/msg/detail/pose__struct.h
[20.321s] -- Up-to-date: /home/maxime.leriche/Bureau/projet-rattrapage/ros2_ws/install/turtlesim/include/turtlesim/turtlesim/msg/detail/pose__functions.c
[20.323s] -- Up-to-date: /home/maxime.leriche/Bureau/projet-rattrapage/ros2_ws/install/turtlesim/include/turtlesim/turtlesim/msg/detail/color__functions.c
[20.325s] -- Up-to-date: /home/maxime.leriche/Bureau/projet-rattrapage/ros2_ws/install/turtlesim/include/turtlesim/turtlesim/msg/rosidl_generator_c__visibility_control.h
[20.328s] -- Up-to-date: /home/maxime.leriche/Bureau/projet-rattrapage/ros2_ws/install/turtlesim/include/turtlesim/turtlesim/msg/pose.h
[20.329s] -- Up-to-date: /home/maxime.leriche/Bureau/projet-rattrapage/ros2_ws/install/turtlesim/include/turtlesim/turtlesim/msg/color.h
[20.333s] -- Up-to-date: /home/maxime.leriche/Bureau/projet-rattrapage/ros2_ws/install/turtlesim/share/turtlesim/environment/library_path.sh
[20.335s] -- Up-to-date: /home/maxime.leriche/Bureau/projet-rattrapage/ros2_ws/install/turtlesim/share/turtlesim/environment/library_path.dsv
[20.338s] -- Up-to-date: /home/maxime.leriche/Bureau/projet-rattrapage/ros2_ws/install/turtlesim/lib/libturtlesim__rosidl_generator_c.so
[20.341s] -- Up-to-date: /home/maxime.leriche/Bureau/projet-rattrapage/ros2_ws/install/turtlesim/include/turtlesim/turtlesim
[20.344s] -- Up-to-date: /home/maxime.leriche/Bureau/projet-rattrapage/ros2_ws/install/turtlesim/include/turtlesim/turtlesim/action
[20.345s] -- Up-to-date: /home/maxime.leriche/Bureau/projet-rattrapage/ros2_ws/install/turtlesim/include/turtlesim/turtlesim/action/detail
[20.349s] -- Up-to-date: /home/maxime.leriche/Bureau/projet-rattrapage/ros2_ws/install/turtlesim/include/turtlesim/turtlesim/action/detail/rotate_absolute__rosidl_typesupport_fastrtps_c.h
[20.349s] -- Up-to-date: /home/maxime.leriche/Bureau/projet-rattrapage/ros2_ws/install/turtlesim/include/turtlesim/turtlesim/srv
[20.352s] -- Up-to-date: /home/maxime.leriche/Bureau/projet-rattrapage/ros2_ws/install/turtlesim/include/turtlesim/turtlesim/srv/detail
[20.354s] -- Up-to-date: /home/maxime.leriche/Bureau/projet-rattrapage/ros2_ws/install/turtlesim/include/turtlesim/turtlesim/srv/detail/teleport_relative__rosidl_typesupport_fastrtps_c.h
[20.355s] -- Up-to-date: /home/maxime.leriche/Bureau/projet-rattrapage/ros2_ws/install/turtlesim/include/turtlesim/turtlesim/srv/detail/teleport_absolute__rosidl_typesupport_fastrtps_c.h
[20.357s] -- Up-to-date: /home/maxime.leriche/Bureau/projet-rattrapage/ros2_ws/install/turtlesim/include/turtlesim/turtlesim/srv/detail/spawn__rosidl_typesupport_fastrtps_c.h
[20.359s] -- Up-to-date: /home/maxime.leriche/Bureau/projet-rattrapage/ros2_ws/install/turtlesim/include/turtlesim/turtlesim/srv/detail/set_pen__rosidl_typesupport_fastrtps_c.h
[20.360s] -- Up-to-date: /home/maxime.leriche/Bureau/projet-rattrapage/ros2_ws/install/turtlesim/include/turtlesim/turtlesim/srv/detail/kill__rosidl_typesupport_fastrtps_c.h
[20.361s] -- Up-to-date: /home/maxime.leriche/Bureau/projet-rattrapage/ros2_ws/install/turtlesim/include/turtlesim/turtlesim/msg
[20.364s] -- Up-to-date: /home/maxime.leriche/Bureau/projet-rattrapage/ros2_ws/install/turtlesim/include/turtlesim/turtlesim/msg/detail
[20.367s] -- Up-to-date: /home/maxime.leriche/Bureau/projet-rattrapage/ros2_ws/install/turtlesim/include/turtlesim/turtlesim/msg/detail/color__rosidl_typesupport_fastrtps_c.h
[20.369s] -- Up-to-date: /home/maxime.leriche/Bureau/projet-rattrapage/ros2_ws/install/turtlesim/include/turtlesim/turtlesim/msg/detail/pose__rosidl_typesupport_fastrtps_c.h
[20.372s] -- Up-to-date: /home/maxime.leriche/Bureau/projet-rattrapage/ros2_ws/install/turtlesim/include/turtlesim/turtlesim/msg/rosidl_typesupport_fastrtps_c__visibility_control.h
[20.373s] -- Up-to-date: /home/maxime.leriche/Bureau/projet-rattrapage/ros2_ws/install/turtlesim/lib/libturtlesim__rosidl_typesupport_fastrtps_c.so
[20.377s] -- Up-to-date: /home/maxime.leriche/Bureau/projet-rattrapage/ros2_ws/install/turtlesim/include/turtlesim/turtlesim
[20.379s] -- Up-to-date: /home/maxime.leriche/Bureau/projet-rattrapage/ros2_ws/install/turtlesim/include/turtlesim/turtlesim/action
[20.381s] -- Up-to-date: /home/maxime.leriche/Bureau/projet-rattrapage/ros2_ws/install/turtlesim/include/turtlesim/turtlesim/action/detail
[20.384s] -- Up-to-date: /home/maxime.leriche/Bureau/projet-rattrapage/ros2_ws/install/turtlesim/include/turtlesim/turtlesim/action/detail/rotate_absolute__traits.hpp
[20.386s] -- Up-to-date: /home/maxime.leriche/Bureau/projet-rattrapage/ros2_ws/install/turtlesim/include/turtlesim/turtlesim/action/detail/rotate_absolute__struct.hpp
[20.387s] -- Up-to-date: /home/maxime.leriche/Bureau/projet-rattrapage/ros2_ws/install/turtlesim/include/turtlesim/turtlesim/action/detail/rotate_absolute__builder.hpp
[20.389s] -- Up-to-date: /home/maxime.leriche/Bureau/projet-rattrapage/ros2_ws/install/turtlesim/include/turtlesim/turtlesim/action/rotate_absolute.hpp
[20.391s] -- Up-to-date: /home/maxime.leriche/Bureau/projet-rattrapage/ros2_ws/install/turtlesim/include/turtlesim/turtlesim/srv
[20.392s] -- Up-to-date: /home/maxime.leriche/Bureau/projet-rattrapage/ros2_ws/install/turtlesim/include/turtlesim/turtlesim/srv/detail
[20.395s] -- Up-to-date: /home/maxime.leriche/Bureau/projet-rattrapage/ros2_ws/install/turtlesim/include/turtlesim/turtlesim/srv/detail/set_pen__traits.hpp
[20.396s] -- Up-to-date: /home/maxime.leriche/Bureau/projet-rattrapage/ros2_ws/install/turtlesim/include/turtlesim/turtlesim/srv/detail/teleport_absolute__builder.hpp
[20.398s] -- Up-to-date: /home/maxime.leriche/Bureau/projet-rattrapage/ros2_ws/install/turtlesim/include/turtlesim/turtlesim/srv/detail/set_pen__struct.hpp
[20.400s] -- Up-to-date: /home/maxime.leriche/Bureau/projet-rattrapage/ros2_ws/install/turtlesim/include/turtlesim/turtlesim/srv/detail/kill__traits.hpp
[20.401s] -- Up-to-date: /home/maxime.leriche/Bureau/projet-rattrapage/ros2_ws/install/turtlesim/include/turtlesim/turtlesim/srv/detail/teleport_absolute__traits.hpp
[20.402s] -- Up-to-date: /home/maxime.leriche/Bureau/projet-rattrapage/ros2_ws/install/turtlesim/include/turtlesim/turtlesim/srv/detail/spawn__builder.hpp
[20.403s] -- Up-to-date: /home/maxime.leriche/Bureau/projet-rattrapage/ros2_ws/install/turtlesim/include/turtlesim/turtlesim/srv/detail/spawn__traits.hpp
[20.405s] -- Up-to-date: /home/maxime.leriche/Bureau/projet-rattrapage/ros2_ws/install/turtlesim/include/turtlesim/turtlesim/srv/detail/teleport_relative__builder.hpp
[20.406s] -- Up-to-date: /home/maxime.leriche/Bureau/projet-rattrapage/ros2_ws/install/turtlesim/include/turtlesim/turtlesim/srv/detail/teleport_relative__struct.hpp
[20.407s] -- Up-to-date: /home/maxime.leriche/Bureau/projet-rattrapage/ros2_ws/install/turtlesim/include/turtlesim/turtlesim/srv/detail/teleport_relative__traits.hpp
[20.409s] -- Up-to-date: /home/maxime.leriche/Bureau/projet-rattrapage/ros2_ws/install/turtlesim/include/turtlesim/turtlesim/srv/detail/set_pen__builder.hpp
[20.410s] -- Up-to-date: /home/maxime.leriche/Bureau/projet-rattrapage/ros2_ws/install/turtlesim/include/turtlesim/turtlesim/srv/detail/kill__builder.hpp
[20.413s] -- Up-to-date: /home/maxime.leriche/Bureau/projet-rattrapage/ros2_ws/install/turtlesim/include/turtlesim/turtlesim/srv/detail/kill__struct.hpp
[20.414s] -- Up-to-date: /home/maxime.leriche/Bureau/projet-rattrapage/ros2_ws/install/turtlesim/include/turtlesim/turtlesim/srv/detail/spawn__struct.hpp
[20.415s] -- Up-to-date: /home/maxime.leriche/Bureau/projet-rattrapage/ros2_ws/install/turtlesim/include/turtlesim/turtlesim/srv/detail/teleport_absolute__struct.hpp
[20.416s] -- Up-to-date: /home/maxime.leriche/Bureau/projet-rattrapage/ros2_ws/install/turtlesim/include/turtlesim/turtlesim/srv/teleport_relative.hpp
[20.418s] -- Up-to-date: /home/maxime.leriche/Bureau/projet-rattrapage/ros2_ws/install/turtlesim/include/turtlesim/turtlesim/srv/teleport_absolute.hpp
[20.421s] -- Up-to-date: /home/maxime.leriche/Bureau/projet-rattrapage/ros2_ws/install/turtlesim/include/turtlesim/turtlesim/srv/kill.hpp
[20.421s] -- Up-to-date: /home/maxime.leriche/Bureau/projet-rattrapage/ros2_ws/install/turtlesim/include/turtlesim/turtlesim/srv/set_pen.hpp
[20.423s] -- Up-to-date: /home/maxime.leriche/Bureau/projet-rattrapage/ros2_ws/install/turtlesim/include/turtlesim/turtlesim/srv/spawn.hpp
[20.424s] -- Up-to-date: /home/maxime.leriche/Bureau/projet-rattrapage/ros2_ws/install/turtlesim/include/turtlesim/turtlesim/msg
[20.426s] -- Up-to-date: /home/maxime.leriche/Bureau/projet-rattrapage/ros2_ws/install/turtlesim/include/turtlesim/turtlesim/msg/pose.hpp
[20.427s] -- Up-to-date: /home/maxime.leriche/Bureau/projet-rattrapage/ros2_ws/install/turtlesim/include/turtlesim/turtlesim/msg/detail
[20.430s] -- Up-to-date: /home/maxime.leriche/Bureau/projet-rattrapage/ros2_ws/install/turtlesim/include/turtlesim/turtlesim/msg/detail/color__struct.hpp
[20.433s] -- Up-to-date: /home/maxime.leriche/Bureau/projet-rattrapage/ros2_ws/install/turtlesim/include/turtlesim/turtlesim/msg/detail/color__builder.hpp
[20.434s] -- Up-to-date: /home/maxime.leriche/Bureau/projet-rattrapage/ros2_ws/install/turtlesim/include/turtlesim/turtlesim/msg/detail/pose__traits.hpp
[20.435s] -- Up-to-date: /home/maxime.leriche/Bureau/projet-rattrapage/ros2_ws/install/turtlesim/include/turtlesim/turtlesim/msg/detail/pose__struct.hpp
[20.436s] -- Up-to-date: /home/maxime.leriche/Bureau/projet-rattrapage/ros2_ws/install/turtlesim/include/turtlesim/turtlesim/msg/detail/color__traits.hpp
[20.438s] -- Up-to-date: /home/maxime.leriche/Bureau/projet-rattrapage/ros2_ws/install/turtlesim/include/turtlesim/turtlesim/msg/detail/pose__builder.hpp
[20.438s] -- Up-to-date: /home/maxime.leriche/Bureau/projet-rattrapage/ros2_ws/install/turtlesim/include/turtlesim/turtlesim/msg/color.hpp
[20.441s] -- Up-to-date: /home/maxime.leriche/Bureau/projet-rattrapage/ros2_ws/install/turtlesim/include/turtlesim/turtlesim
[20.443s] -- Up-to-date: /home/maxime.leriche/Bureau/projet-rattrapage/ros2_ws/install/turtlesim/include/turtlesim/turtlesim/action
[20.445s] -- Up-to-date: /home/maxime.leriche/Bureau/projet-rattrapage/ros2_ws/install/turtlesim/include/turtlesim/turtlesim/action/detail
[20.447s] -- Up-to-date: /home/maxime.leriche/Bureau/projet-rattrapage/ros2_ws/install/turtlesim/include/turtlesim/turtlesim/action/detail/dds_fastrtps
[20.451s] -- Up-to-date: /home/maxime.leriche/Bureau/projet-rattrapage/ros2_ws/install/turtlesim/include/turtlesim/turtlesim/action/detail/rotate_absolute__rosidl_typesupport_fastrtps_cpp.hpp
[20.452s] -- Up-to-date: /home/maxime.leriche/Bureau/projet-rattrapage/ros2_ws/install/turtlesim/include/turtlesim/turtlesim/srv
[20.454s] -- Up-to-date: /home/maxime.leriche/Bureau/projet-rattrapage/ros2_ws/install/turtlesim/include/turtlesim/turtlesim/srv/detail
[20.457s] -- Up-to-date: /home/maxime.leriche/Bureau/projet-rattrapage/ros2_ws/install/turtlesim/include/turtlesim/turtlesim/srv/detail/kill__rosidl_typesupport_fastrtps_cpp.hpp
[20.458s] -- Up-to-date: /home/maxime.leriche/Bureau/projet-rattrapage/ros2_ws/install/turtlesim/include/turtlesim/turtlesim/srv/detail/dds_fastrtps
[20.461s] -- Up-to-date: /home/maxime.leriche/Bureau/projet-rattrapage/ros2_ws/install/turtlesim/include/turtlesim/turtlesim/srv/detail/teleport_absolute__rosidl_typesupport_fastrtps_cpp.hpp
[20.462s] -- Up-to-date: /home/maxime.leriche/Bureau/projet-rattrapage/ros2_ws/install/turtlesim/include/turtlesim/turtlesim/srv/detail/teleport_relative__rosidl_typesupport_fastrtps_cpp.hpp
[20.465s] -- Up-to-date: /home/maxime.leriche/Bureau/projet-rattrapage/ros2_ws/install/turtlesim/include/turtlesim/turtlesim/srv/detail/spawn__rosidl_typesupport_fastrtps_cpp.hpp
[20.466s] -- Up-to-date: /home/maxime.leriche/Bureau/projet-rattrapage/ros2_ws/install/turtlesim/include/turtlesim/turtlesim/srv/detail/set_pen__rosidl_typesupport_fastrtps_cpp.hpp
[20.466s] -- Up-to-date: /home/maxime.leriche/Bureau/projet-rattrapage/ros2_ws/install/turtlesim/include/turtlesim/turtlesim/msg
[20.469s] -- Up-to-date: /home/maxime.leriche/Bureau/projet-rattrapage/ros2_ws/install/turtlesim/include/turtlesim/turtlesim/msg/detail
[20.471s] -- Up-to-date: /home/maxime.leriche/Bureau/projet-rattrapage/ros2_ws/install/turtlesim/include/turtlesim/turtlesim/msg/detail/dds_fastrtps
[20.475s] -- Up-to-date: /home/maxime.leriche/Bureau/projet-rattrapage/ros2_ws/install/turtlesim/include/turtlesim/turtlesim/msg/detail/color__rosidl_typesupport_fastrtps_cpp.hpp
[20.477s] -- Up-to-date: /home/maxime.leriche/Bureau/projet-rattrapage/ros2_ws/install/turtlesim/include/turtlesim/turtlesim/msg/detail/pose__rosidl_typesupport_fastrtps_cpp.hpp
[20.478s] -- Up-to-date: /home/maxime.leriche/Bureau/projet-rattrapage/ros2_ws/install/turtlesim/include/turtlesim/turtlesim/msg/rosidl_typesupport_fastrtps_cpp__visibility_control.h
[20.482s] -- Up-to-date: /home/maxime.leriche/Bureau/projet-rattrapage/ros2_ws/install/turtlesim/lib/libturtlesim__rosidl_typesupport_fastrtps_cpp.so
[20.485s] -- Up-to-date: /home/maxime.leriche/Bureau/projet-rattrapage/ros2_ws/install/turtlesim/include/turtlesim/turtlesim
[20.488s] -- Up-to-date: /home/maxime.leriche/Bureau/projet-rattrapage/ros2_ws/install/turtlesim/include/turtlesim/turtlesim/action
[20.490s] -- Up-to-date: /home/maxime.leriche/Bureau/projet-rattrapage/ros2_ws/install/turtlesim/include/turtlesim/turtlesim/action/detail
[20.493s] -- Up-to-date: /home/maxime.leriche/Bureau/projet-rattrapage/ros2_ws/install/turtlesim/include/turtlesim/turtlesim/action/detail/rotate_absolute__type_support.c
[20.495s] -- Up-to-date: /home/maxime.leriche/Bureau/projet-rattrapage/ros2_ws/install/turtlesim/include/turtlesim/turtlesim/action/detail/rotate_absolute__rosidl_typesupport_introspection_c.h
[20.498s] -- Up-to-date: /home/maxime.leriche/Bureau/projet-rattrapage/ros2_ws/install/turtlesim/include/turtlesim/turtlesim/srv
[20.499s] -- Up-to-date: /home/maxime.leriche/Bureau/projet-rattrapage/ros2_ws/install/turtlesim/include/turtlesim/turtlesim/srv/detail
[20.502s] -- Up-to-date: /home/maxime.leriche/Bureau/projet-rattrapage/ros2_ws/install/turtlesim/include/turtlesim/turtlesim/srv/detail/kill__rosidl_typesupport_introspection_c.h
[20.504s] -- Up-to-date: /home/maxime.leriche/Bureau/projet-rattrapage/ros2_ws/install/turtlesim/include/turtlesim/turtlesim/srv/detail/set_pen__type_support.c
[20.505s] -- Up-to-date: /home/maxime.leriche/Bureau/projet-rattrapage/ros2_ws/install/turtlesim/include/turtlesim/turtlesim/srv/detail/spawn__rosidl_typesupport_introspection_c.h
[20.507s] -- Up-to-date: /home/maxime.leriche/Bureau/projet-rattrapage/ros2_ws/install/turtlesim/include/turtlesim/turtlesim/srv/detail/teleport_absolute__type_support.c
[20.509s] -- Up-to-date: /home/maxime.leriche/Bureau/projet-rattrapage/ros2_ws/install/turtlesim/include/turtlesim/turtlesim/srv/detail/teleport_absolute__rosidl_typesupport_introspection_c.h
[20.511s] -- Up-to-date: /home/maxime.leriche/Bureau/projet-rattrapage/ros2_ws/install/turtlesim/include/turtlesim/turtlesim/srv/detail/kill__type_support.c
[20.514s] -- Up-to-date: /home/maxime.leriche/Bureau/projet-rattrapage/ros2_ws/install/turtlesim/include/turtlesim/turtlesim/srv/detail/teleport_relative__rosidl_typesupport_introspection_c.h
[20.515s] -- Up-to-date: /home/maxime.leriche/Bureau/projet-rattrapage/ros2_ws/install/turtlesim/include/turtlesim/turtlesim/srv/detail/teleport_relative__type_support.c
[20.518s] -- Up-to-date: /home/maxime.leriche/Bureau/projet-rattrapage/ros2_ws/install/turtlesim/include/turtlesim/turtlesim/srv/detail/spawn__type_support.c
[20.520s] -- Up-to-date: /home/maxime.leriche/Bureau/projet-rattrapage/ros2_ws/install/turtlesim/include/turtlesim/turtlesim/srv/detail/set_pen__rosidl_typesupport_introspection_c.h
[20.521s] -- Up-to-date: /home/maxime.leriche/Bureau/projet-rattrapage/ros2_ws/install/turtlesim/include/turtlesim/turtlesim/msg
[20.523s] -- Up-to-date: /home/maxime.leriche/Bureau/projet-rattrapage/ros2_ws/install/turtlesim/include/turtlesim/turtlesim/msg/detail
[20.528s] -- Up-to-date: /home/maxime.leriche/Bureau/projet-rattrapage/ros2_ws/install/turtlesim/include/turtlesim/turtlesim/msg/detail/pose__type_support.c
[20.530s] -- Up-to-date: /home/maxime.leriche/Bureau/projet-rattrapage/ros2_ws/install/turtlesim/include/turtlesim/turtlesim/msg/detail/pose__rosidl_typesupport_introspection_c.h
[20.531s] -- Up-to-date: /home/maxime.leriche/Bureau/projet-rattrapage/ros2_ws/install/turtlesim/include/turtlesim/turtlesim/msg/detail/color__type_support.c
[20.533s] -- Up-to-date: /home/maxime.leriche/Bureau/projet-rattrapage/ros2_ws/install/turtlesim/include/turtlesim/turtlesim/msg/detail/color__rosidl_typesupport_introspection_c.h
[20.536s] -- Up-to-date: /home/maxime.leriche/Bureau/projet-rattrapage/ros2_ws/install/turtlesim/include/turtlesim/turtlesim/msg/rosidl_typesupport_introspection_c__visibility_control.h
[20.537s] -- Up-to-date: /home/maxime.leriche/Bureau/projet-rattrapage/ros2_ws/install/turtlesim/lib/libturtlesim__rosidl_typesupport_introspection_c.so
[20.542s] -- Up-to-date: /home/maxime.leriche/Bureau/projet-rattrapage/ros2_ws/install/turtlesim/lib/libturtlesim__rosidl_typesupport_c.so
[20.546s] -- Up-to-date: /home/maxime.leriche/Bureau/projet-rattrapage/ros2_ws/install/turtlesim/include/turtlesim/turtlesim
[20.548s] -- Up-to-date: /home/maxime.leriche/Bureau/projet-rattrapage/ros2_ws/install/turtlesim/include/turtlesim/turtlesim/action
[20.551s] -- Up-to-date: /home/maxime.leriche/Bureau/projet-rattrapage/ros2_ws/install/turtlesim/include/turtlesim/turtlesim/action/detail
[20.555s] -- Up-to-date: /home/maxime.leriche/Bureau/projet-rattrapage/ros2_ws/install/turtlesim/include/turtlesim/turtlesim/action/detail/rotate_absolute__type_support.cpp
[20.556s] -- Up-to-date: /home/maxime.leriche/Bureau/projet-rattrapage/ros2_ws/install/turtlesim/include/turtlesim/turtlesim/action/detail/rotate_absolute__rosidl_typesupport_introspection_cpp.hpp
[20.557s] -- Up-to-date: /home/maxime.leriche/Bureau/projet-rattrapage/ros2_ws/install/turtlesim/include/turtlesim/turtlesim/srv
[20.559s] -- Up-to-date: /home/maxime.leriche/Bureau/projet-rattrapage/ros2_ws/install/turtlesim/include/turtlesim/turtlesim/srv/detail
[20.564s] -- Up-to-date: /home/maxime.leriche/Bureau/projet-rattrapage/ros2_ws/install/turtlesim/include/turtlesim/turtlesim/srv/detail/teleport_relative__rosidl_typesupport_introspection_cpp.hpp
[20.566s] -- Up-to-date: /home/maxime.leriche/Bureau/projet-rattrapage/ros2_ws/install/turtlesim/include/turtlesim/turtlesim/srv/detail/kill__rosidl_typesupport_introspection_cpp.hpp
[20.567s] -- Up-to-date: /home/maxime.leriche/Bureau/projet-rattrapage/ros2_ws/install/turtlesim/include/turtlesim/turtlesim/srv/detail/teleport_relative__type_support.cpp
[20.569s] -- Up-to-date: /home/maxime.leriche/Bureau/projet-rattrapage/ros2_ws/install/turtlesim/include/turtlesim/turtlesim/srv/detail/spawn__rosidl_typesupport_introspection_cpp.hpp
[20.571s] -- Up-to-date: /home/maxime.leriche/Bureau/projet-rattrapage/ros2_ws/install/turtlesim/include/turtlesim/turtlesim/srv/detail/spawn__type_support.cpp
[20.573s] -- Up-to-date: /home/maxime.leriche/Bureau/projet-rattrapage/ros2_ws/install/turtlesim/include/turtlesim/turtlesim/srv/detail/teleport_absolute__type_support.cpp
[20.574s] -- Up-to-date: /home/maxime.leriche/Bureau/projet-rattrapage/ros2_ws/install/turtlesim/include/turtlesim/turtlesim/srv/detail/teleport_absolute__rosidl_typesupport_introspection_cpp.hpp
[20.577s] -- Up-to-date: /home/maxime.leriche/Bureau/projet-rattrapage/ros2_ws/install/turtlesim/include/turtlesim/turtlesim/srv/detail/kill__type_support.cpp
[20.579s] -- Up-to-date: /home/maxime.leriche/Bureau/projet-rattrapage/ros2_ws/install/turtlesim/include/turtlesim/turtlesim/srv/detail/set_pen__rosidl_typesupport_introspection_cpp.hpp
[20.581s] -- Up-to-date: /home/maxime.leriche/Bureau/projet-rattrapage/ros2_ws/install/turtlesim/include/turtlesim/turtlesim/srv/detail/set_pen__type_support.cpp
[20.582s] -- Up-to-date: /home/maxime.leriche/Bureau/projet-rattrapage/ros2_ws/install/turtlesim/include/turtlesim/turtlesim/msg
[20.583s] -- Up-to-date: /home/maxime.leriche/Bureau/projet-rattrapage/ros2_ws/install/turtlesim/include/turtlesim/turtlesim/msg/detail
[20.587s] -- Up-to-date: /home/maxime.leriche/Bureau/projet-rattrapage/ros2_ws/install/turtlesim/include/turtlesim/turtlesim/msg/detail/color__type_support.cpp
[20.588s] -- Up-to-date: /home/maxime.leriche/Bureau/projet-rattrapage/ros2_ws/install/turtlesim/include/turtlesim/turtlesim/msg/detail/color__rosidl_typesupport_introspection_cpp.hpp
[20.592s] -- Up-to-date: /home/maxime.leriche/Bureau/projet-rattrapage/ros2_ws/install/turtlesim/include/turtlesim/turtlesim/msg/detail/pose__rosidl_typesupport_introspection_cpp.hpp
[20.594s] -- Up-to-date: /home/maxime.leriche/Bureau/projet-rattrapage/ros2_ws/install/turtlesim/include/turtlesim/turtlesim/msg/detail/pose__type_support.cpp
[20.594s] -- Up-to-date: /home/maxime.leriche/Bureau/projet-rattrapage/ros2_ws/install/turtlesim/lib/libturtlesim__rosidl_typesupport_introspection_cpp.so
[20.599s] -- Up-to-date: /home/maxime.leriche/Bureau/projet-rattrapage/ros2_ws/install/turtlesim/lib/libturtlesim__rosidl_typesupport_cpp.so
[20.603s] -- Up-to-date: /home/maxime.leriche/Bureau/projet-rattrapage/ros2_ws/install/turtlesim/share/turtlesim/environment/pythonpath.sh
[20.606s] -- Up-to-date: /home/maxime.leriche/Bureau/projet-rattrapage/ros2_ws/install/turtlesim/share/turtlesim/environment/pythonpath.dsv
[20.606s] -- Up-to-date: /home/maxime.leriche/Bureau/projet-rattrapage/ros2_ws/install/turtlesim/local/lib/python3.10/dist-packages/turtlesim-1.4.2-py3.10.egg-info
[20.610s] -- Installing: /home/maxime.leriche/Bureau/projet-rattrapage/ros2_ws/install/turtlesim/local/lib/python3.10/dist-packages/turtlesim-1.4.2-py3.10.egg-info/dependency_links.txt
[20.619s] -- Installing: /home/maxime.leriche/Bureau/projet-rattrapage/ros2_ws/install/turtlesim/local/lib/python3.10/dist-packages/turtlesim-1.4.2-py3.10.egg-info/PKG-INFO
[20.630s] -- Installing: /home/maxime.leriche/Bureau/projet-rattrapage/ros2_ws/install/turtlesim/local/lib/python3.10/dist-packages/turtlesim-1.4.2-py3.10.egg-info/SOURCES.txt
[20.639s] -- Installing: /home/maxime.leriche/Bureau/projet-rattrapage/ros2_ws/install/turtlesim/local/lib/python3.10/dist-packages/turtlesim-1.4.2-py3.10.egg-info/top_level.txt
[20.649s] -- Up-to-date: /home/maxime.leriche/Bureau/projet-rattrapage/ros2_ws/install/turtlesim/local/lib/python3.10/dist-packages/turtlesim
[20.652s] -- Up-to-date: /home/maxime.leriche/Bureau/projet-rattrapage/ros2_ws/install/turtlesim/local/lib/python3.10/dist-packages/turtlesim/action
[20.655s] -- Up-to-date: /home/maxime.leriche/Bureau/projet-rattrapage/ros2_ws/install/turtlesim/local/lib/python3.10/dist-packages/turtlesim/action/__init__.py
[20.656s] -- Up-to-date: /home/maxime.leriche/Bureau/projet-rattrapage/ros2_ws/install/turtlesim/local/lib/python3.10/dist-packages/turtlesim/action/_rotate_absolute_s.c
[20.657s] -- Up-to-date: /home/maxime.leriche/Bureau/projet-rattrapage/ros2_ws/install/turtlesim/local/lib/python3.10/dist-packages/turtlesim/action/_rotate_absolute.py
[20.659s] -- Up-to-date: /home/maxime.leriche/Bureau/projet-rattrapage/ros2_ws/install/turtlesim/local/lib/python3.10/dist-packages/turtlesim/libturtlesim__rosidl_generator_py.so
[20.660s] -- Up-to-date: /home/maxime.leriche/Bureau/projet-rattrapage/ros2_ws/install/turtlesim/local/lib/python3.10/dist-packages/turtlesim/srv
[20.664s] -- Up-to-date: /home/maxime.leriche/Bureau/projet-rattrapage/ros2_ws/install/turtlesim/local/lib/python3.10/dist-packages/turtlesim/srv/_teleport_absolute_s.c
[20.665s] -- Up-to-date: /home/maxime.leriche/Bureau/projet-rattrapage/ros2_ws/install/turtlesim/local/lib/python3.10/dist-packages/turtlesim/srv/_teleport_relative.py
[20.666s] -- Up-to-date: /home/maxime.leriche/Bureau/projet-rattrapage/ros2_ws/install/turtlesim/local/lib/python3.10/dist-packages/turtlesim/srv/__init__.py
[20.669s] -- Up-to-date: /home/maxime.leriche/Bureau/projet-rattrapage/ros2_ws/install/turtlesim/local/lib/python3.10/dist-packages/turtlesim/srv/_spawn.py
[20.670s] -- Up-to-date: /home/maxime.leriche/Bureau/projet-rattrapage/ros2_ws/install/turtlesim/local/lib/python3.10/dist-packages/turtlesim/srv/_kill_s.c
[20.672s] -- Up-to-date: /home/maxime.leriche/Bureau/projet-rattrapage/ros2_ws/install/turtlesim/local/lib/python3.10/dist-packages/turtlesim/srv/_spawn_s.c
[20.672s] -- Up-to-date: /home/maxime.leriche/Bureau/projet-rattrapage/ros2_ws/install/turtlesim/local/lib/python3.10/dist-packages/turtlesim/srv/_set_pen.py
[20.674s] -- Up-to-date: /home/maxime.leriche/Bureau/projet-rattrapage/ros2_ws/install/turtlesim/local/lib/python3.10/dist-packages/turtlesim/srv/_teleport_absolute.py
[20.676s] -- Up-to-date: /home/maxime.leriche/Bureau/projet-rattrapage/ros2_ws/install/turtlesim/local/lib/python3.10/dist-packages/turtlesim/srv/_kill.py
[20.677s] -- Up-to-date: /home/maxime.leriche/Bureau/projet-rattrapage/ros2_ws/install/turtlesim/local/lib/python3.10/dist-packages/turtlesim/srv/_set_pen_s.c
[20.679s] -- Up-to-date: /home/maxime.leriche/Bureau/projet-rattrapage/ros2_ws/install/turtlesim/local/lib/python3.10/dist-packages/turtlesim/srv/_teleport_relative_s.c
[20.680s] -- Up-to-date: /home/maxime.leriche/Bureau/projet-rattrapage/ros2_ws/install/turtlesim/local/lib/python3.10/dist-packages/turtlesim/_turtlesim_s.ep.rosidl_typesupport_introspection_c.c
[20.683s] -- Up-to-date: /home/maxime.leriche/Bureau/projet-rattrapage/ros2_ws/install/turtlesim/local/lib/python3.10/dist-packages/turtlesim/turtlesim_s__rosidl_typesupport_c.cpython-310-x86_64-linux-gnu.so
[20.685s] -- Up-to-date: /home/maxime.leriche/Bureau/projet-rattrapage/ros2_ws/install/turtlesim/local/lib/python3.10/dist-packages/turtlesim/__init__.py
[20.687s] -- Up-to-date: /home/maxime.leriche/Bureau/projet-rattrapage/ros2_ws/install/turtlesim/local/lib/python3.10/dist-packages/turtlesim/turtlesim_s__rosidl_typesupport_introspection_c.cpython-310-x86_64-linux-gnu.so
[20.689s] -- Up-to-date: /home/maxime.leriche/Bureau/projet-rattrapage/ros2_ws/install/turtlesim/local/lib/python3.10/dist-packages/turtlesim/turtlesim_s__rosidl_typesupport_fastrtps_c.cpython-310-x86_64-linux-gnu.so
[20.691s] -- Up-to-date: /home/maxime.leriche/Bureau/projet-rattrapage/ros2_ws/install/turtlesim/local/lib/python3.10/dist-packages/turtlesim/msg
[20.694s] -- Up-to-date: /home/maxime.leriche/Bureau/projet-rattrapage/ros2_ws/install/turtlesim/local/lib/python3.10/dist-packages/turtlesim/msg/_color.py
[20.696s] -- Up-to-date: /home/maxime.leriche/Bureau/projet-rattrapage/ros2_ws/install/turtlesim/local/lib/python3.10/dist-packages/turtlesim/msg/_pose.py
[20.697s] -- Up-to-date: /home/maxime.leriche/Bureau/projet-rattrapage/ros2_ws/install/turtlesim/local/lib/python3.10/dist-packages/turtlesim/msg/__init__.py
[20.699s] -- Up-to-date: /home/maxime.leriche/Bureau/projet-rattrapage/ros2_ws/install/turtlesim/local/lib/python3.10/dist-packages/turtlesim/msg/_pose_s.c
[20.700s] -- Up-to-date: /home/maxime.leriche/Bureau/projet-rattrapage/ros2_ws/install/turtlesim/local/lib/python3.10/dist-packages/turtlesim/msg/_color_s.c
[20.701s] -- Up-to-date: /home/maxime.leriche/Bureau/projet-rattrapage/ros2_ws/install/turtlesim/local/lib/python3.10/dist-packages/turtlesim/_turtlesim_s.ep.rosidl_typesupport_fastrtps_c.c
[20.703s] -- Up-to-date: /home/maxime.leriche/Bureau/projet-rattrapage/ros2_ws/install/turtlesim/local/lib/python3.10/dist-packages/turtlesim/_turtlesim_s.ep.rosidl_typesupport_c.c
[20.771s] Listing '/home/maxime.leriche/Bureau/projet-rattrapage/ros2_ws/install/turtlesim/local/lib/python3.10/dist-packages/turtlesim'...
[20.772s] Listing '/home/maxime.leriche/Bureau/projet-rattrapage/ros2_ws/install/turtlesim/local/lib/python3.10/dist-packages/turtlesim/action'...
[20.773s] Listing '/home/maxime.leriche/Bureau/projet-rattrapage/ros2_ws/install/turtlesim/local/lib/python3.10/dist-packages/turtlesim/msg'...
[20.774s] Listing '/home/maxime.leriche/Bureau/projet-rattrapage/ros2_ws/install/turtlesim/local/lib/python3.10/dist-packages/turtlesim/srv'...
[20.779s] -- Up-to-date: /home/maxime.leriche/Bureau/projet-rattrapage/ros2_ws/install/turtlesim/local/lib/python3.10/dist-packages/turtlesim/turtlesim_s__rosidl_typesupport_fastrtps_c.cpython-310-x86_64-linux-gnu.so
[20.783s] -- Up-to-date: /home/maxime.leriche/Bureau/projet-rattrapage/ros2_ws/install/turtlesim/local/lib/python3.10/dist-packages/turtlesim/turtlesim_s__rosidl_typesupport_introspection_c.cpython-310-x86_64-linux-gnu.so
[20.788s] -- Up-to-date: /home/maxime.leriche/Bureau/projet-rattrapage/ros2_ws/install/turtlesim/local/lib/python3.10/dist-packages/turtlesim/turtlesim_s__rosidl_typesupport_c.cpython-310-x86_64-linux-gnu.so
[20.793s] -- Up-to-date: /home/maxime.leriche/Bureau/projet-rattrapage/ros2_ws/install/turtlesim/lib/libturtlesim__rosidl_generator_py.so
[20.799s] -- Up-to-date: /home/maxime.leriche/Bureau/projet-rattrapage/ros2_ws/install/turtlesim/share/turtlesim/action/RotateAbsolute.idl
[20.802s] -- Up-to-date: /home/maxime.leriche/Bureau/projet-rattrapage/ros2_ws/install/turtlesim/share/turtlesim/msg/Color.idl
[20.803s] -- Up-to-date: /home/maxime.leriche/Bureau/projet-rattrapage/ros2_ws/install/turtlesim/share/turtlesim/msg/Pose.idl
[20.807s] -- Up-to-date: /home/maxime.leriche/Bureau/projet-rattrapage/ros2_ws/install/turtlesim/share/turtlesim/srv/Kill.idl
[20.808s] -- Up-to-date: /home/maxime.leriche/Bureau/projet-rattrapage/ros2_ws/install/turtlesim/share/turtlesim/srv/SetPen.idl
[20.810s] -- Up-to-date: /home/maxime.leriche/Bureau/projet-rattrapage/ros2_ws/install/turtlesim/share/turtlesim/srv/Spawn.idl
[20.812s] -- Up-to-date: /home/maxime.leriche/Bureau/projet-rattrapage/ros2_ws/install/turtlesim/share/turtlesim/srv/TeleportAbsolute.idl
[20.813s] -- Up-to-date: /home/maxime.leriche/Bureau/projet-rattrapage/ros2_ws/install/turtlesim/share/turtlesim/srv/TeleportRelative.idl
[20.814s] -- Up-to-date: /home/maxime.leriche/Bureau/projet-rattrapage/ros2_ws/install/turtlesim/share/turtlesim/action/RotateAbsolute.action
[20.815s] -- Up-to-date: /home/maxime.leriche/Bureau/projet-rattrapage/ros2_ws/install/turtlesim/share/turtlesim/msg/Color.msg
[20.817s] -- Up-to-date: /home/maxime.leriche/Bureau/projet-rattrapage/ros2_ws/install/turtlesim/share/turtlesim/msg/Pose.msg
[20.818s] -- Up-to-date: /home/maxime.leriche/Bureau/projet-rattrapage/ros2_ws/install/turtlesim/share/turtlesim/srv/Kill.srv
[20.820s] -- Up-to-date: /home/maxime.leriche/Bureau/projet-rattrapage/ros2_ws/install/turtlesim/share/turtlesim/srv/Kill_Request.msg
[20.822s] -- Up-to-date: /home/maxime.leriche/Bureau/projet-rattrapage/ros2_ws/install/turtlesim/share/turtlesim/srv/Kill_Response.msg
[20.823s] -- Up-to-date: /home/maxime.leriche/Bureau/projet-rattrapage/ros2_ws/install/turtlesim/share/turtlesim/srv/SetPen.srv
[20.825s] -- Up-to-date: /home/maxime.leriche/Bureau/projet-rattrapage/ros2_ws/install/turtlesim/share/turtlesim/srv/SetPen_Request.msg
[20.826s] -- Up-to-date: /home/maxime.leriche/Bureau/projet-rattrapage/ros2_ws/install/turtlesim/share/turtlesim/srv/SetPen_Response.msg
[20.827s] -- Up-to-date: /home/maxime.leriche/Bureau/projet-rattrapage/ros2_ws/install/turtlesim/share/turtlesim/srv/Spawn.srv
[20.829s] -- Up-to-date: /home/maxime.leriche/Bureau/projet-rattrapage/ros2_ws/install/turtlesim/share/turtlesim/srv/Spawn_Request.msg
[20.830s] -- Up-to-date: /home/maxime.leriche/Bureau/projet-rattrapage/ros2_ws/install/turtlesim/share/turtlesim/srv/Spawn_Response.msg
[20.831s] -- Up-to-date: /home/maxime.leriche/Bureau/projet-rattrapage/ros2_ws/install/turtlesim/share/turtlesim/srv/TeleportAbsolute.srv
[20.834s] -- Up-to-date: /home/maxime.leriche/Bureau/projet-rattrapage/ros2_ws/install/turtlesim/share/turtlesim/srv/TeleportAbsolute_Request.msg
[20.835s] -- Up-to-date: /home/maxime.leriche/Bureau/projet-rattrapage/ros2_ws/install/turtlesim/share/turtlesim/srv/TeleportAbsolute_Response.msg
[20.837s] -- Up-to-date: /home/maxime.leriche/Bureau/projet-rattrapage/ros2_ws/install/turtlesim/share/turtlesim/srv/TeleportRelative.srv
[20.838s] -- Up-to-date: /home/maxime.leriche/Bureau/projet-rattrapage/ros2_ws/install/turtlesim/share/turtlesim/srv/TeleportRelative_Request.msg
[20.840s] -- Up-to-date: /home/maxime.leriche/Bureau/projet-rattrapage/ros2_ws/install/turtlesim/share/turtlesim/srv/TeleportRelative_Response.msg
[20.844s] -- Installing: /home/maxime.leriche/Bureau/projet-rattrapage/ros2_ws/install/turtlesim/lib/turtlesim/turtlesim_node
[21.887s] -- Set runtime path of "/home/maxime.leriche/Bureau/projet-rattrapage/ros2_ws/install/turtlesim/lib/turtlesim/turtlesim_node" to ""
[21.891s] -- Up-to-date: /home/maxime.leriche/Bureau/projet-rattrapage/ros2_ws/install/turtlesim/lib/turtlesim/turtle_teleop_key
[21.894s] -- Up-to-date: /home/maxime.leriche/Bureau/projet-rattrapage/ros2_ws/install/turtlesim/lib/turtlesim/draw_square
[21.900s] -- Up-to-date: /home/maxime.leriche/Bureau/projet-rattrapage/ros2_ws/install/turtlesim/lib/turtlesim/mimic
[21.904s] -- Up-to-date: /home/maxime.leriche/Bureau/projet-rattrapage/ros2_ws/install/turtlesim/share/turtlesim/images
[21.907s] -- Up-to-date: /home/maxime.leriche/Bureau/projet-rattrapage/ros2_ws/install/turtlesim/share/turtlesim/images/galactic.png
[21.909s] -- Up-to-date: /home/maxime.leriche/Bureau/projet-rattrapage/ros2_ws/install/turtlesim/share/turtlesim/images/bouncy.png
[21.912s] -- Up-to-date: /home/maxime.leriche/Bureau/projet-rattrapage/ros2_ws/install/turtlesim/share/turtlesim/images/ardent.png
[21.915s] -- Up-to-date: /home/maxime.leriche/Bureau/projet-rattrapage/ros2_ws/install/turtlesim/share/turtlesim/images/humble.png
[21.916s] -- Up-to-date: /home/maxime.leriche/Bureau/projet-rattrapage/ros2_ws/install/turtlesim/share/turtlesim/images/crystal.png
[21.919s] -- Up-to-date: /home/maxime.leriche/Bureau/projet-rattrapage/ros2_ws/install/turtlesim/share/turtlesim/images/dashing.png
[21.920s] -- Up-to-date: /home/maxime.leriche/Bureau/projet-rattrapage/ros2_ws/install/turtlesim/share/turtlesim/images/foxy.png
[21.923s] -- Up-to-date: /home/maxime.leriche/Bureau/projet-rattrapage/ros2_ws/install/turtlesim/share/turtlesim/images/rolling.png
[21.925s] -- Up-to-date: /home/maxime.leriche/Bureau/projet-rattrapage/ros2_ws/install/turtlesim/share/turtlesim/images/eloquent.png
[21.927s] -- Up-to-date: /home/maxime.leriche/Bureau/projet-rattrapage/ros2_ws/install/turtlesim/share/turtlesim/launch
[21.929s] -- Up-to-date: /home/maxime.leriche/Bureau/projet-rattrapage/ros2_ws/install/turtlesim/share/turtlesim/launch/multisim.launch.py
[21.931s] -- Up-to-date: /home/maxime.leriche/Bureau/projet-rattrapage/ros2_ws/install/turtlesim/share/ament_index/resource_index/package_run_dependencies/turtlesim
[21.933s] -- Up-to-date: /home/maxime.leriche/Bureau/projet-rattrapage/ros2_ws/install/turtlesim/share/ament_index/resource_index/parent_prefix_path/turtlesim
[21.935s] -- Up-to-date: /home/maxime.leriche/Bureau/projet-rattrapage/ros2_ws/install/turtlesim/share/turtlesim/environment/ament_prefix_path.sh
[21.937s] -- Up-to-date: /home/maxime.leriche/Bureau/projet-rattrapage/ros2_ws/install/turtlesim/share/turtlesim/environment/ament_prefix_path.dsv
[21.939s] -- Up-to-date: /home/maxime.leriche/Bureau/projet-rattrapage/ros2_ws/install/turtlesim/share/turtlesim/environment/path.sh
[21.940s] -- Up-to-date: /home/maxime.leriche/Bureau/projet-rattrapage/ros2_ws/install/turtlesim/share/turtlesim/environment/path.dsv
[21.943s] -- Up-to-date: /home/maxime.leriche/Bureau/projet-rattrapage/ros2_ws/install/turtlesim/share/turtlesim/local_setup.bash
[21.943s] -- Up-to-date: /home/maxime.leriche/Bureau/projet-rattrapage/ros2_ws/install/turtlesim/share/turtlesim/local_setup.sh
[21.945s] -- Up-to-date: /home/maxime.leriche/Bureau/projet-rattrapage/ros2_ws/install/turtlesim/share/turtlesim/local_setup.zsh
[21.947s] -- Up-to-date: /home/maxime.leriche/Bureau/projet-rattrapage/ros2_ws/install/turtlesim/share/turtlesim/local_setup.dsv
[21.948s] -- Installing: /home/maxime.leriche/Bureau/projet-rattrapage/ros2_ws/install/turtlesim/share/turtlesim/package.dsv
[21.958s] -- Up-to-date: /home/maxime.leriche/Bureau/projet-rattrapage/ros2_ws/install/turtlesim/share/ament_index/resource_index/packages/turtlesim
[21.966s] -- Up-to-date: /home/maxime.leriche/Bureau/projet-rattrapage/ros2_ws/install/turtlesim/share/turtlesim/cmake/export_turtlesim__rosidl_generator_cExport.cmake
[21.969s] -- Up-to-date: /home/maxime.leriche/Bureau/projet-rattrapage/ros2_ws/install/turtlesim/share/turtlesim/cmake/export_turtlesim__rosidl_generator_cExport-noconfig.cmake
[21.974s] -- Up-to-date: /home/maxime.leriche/Bureau/projet-rattrapage/ros2_ws/install/turtlesim/share/turtlesim/cmake/export_turtlesim__rosidl_typesupport_fastrtps_cExport.cmake
[21.976s] -- Up-to-date: /home/maxime.leriche/Bureau/projet-rattrapage/ros2_ws/install/turtlesim/share/turtlesim/cmake/export_turtlesim__rosidl_typesupport_fastrtps_cExport-noconfig.cmake
[21.981s] -- Up-to-date: /home/maxime.leriche/Bureau/projet-rattrapage/ros2_ws/install/turtlesim/share/turtlesim/cmake/export_turtlesim__rosidl_generator_cppExport.cmake
[21.986s] -- Up-to-date: /home/maxime.leriche/Bureau/projet-rattrapage/ros2_ws/install/turtlesim/share/turtlesim/cmake/export_turtlesim__rosidl_typesupport_fastrtps_cppExport.cmake
[21.988s] -- Up-to-date: /home/maxime.leriche/Bureau/projet-rattrapage/ros2_ws/install/turtlesim/share/turtlesim/cmake/export_turtlesim__rosidl_typesupport_fastrtps_cppExport-noconfig.cmake
[21.992s] -- Up-to-date: /home/maxime.leriche/Bureau/projet-rattrapage/ros2_ws/install/turtlesim/share/turtlesim/cmake/turtlesim__rosidl_typesupport_introspection_cExport.cmake
[21.994s] -- Up-to-date: /home/maxime.leriche/Bureau/projet-rattrapage/ros2_ws/install/turtlesim/share/turtlesim/cmake/turtlesim__rosidl_typesupport_introspection_cExport-noconfig.cmake
[21.999s] -- Up-to-date: /home/maxime.leriche/Bureau/projet-rattrapage/ros2_ws/install/turtlesim/share/turtlesim/cmake/turtlesim__rosidl_typesupport_cExport.cmake
[22.002s] -- Up-to-date: /home/maxime.leriche/Bureau/projet-rattrapage/ros2_ws/install/turtlesim/share/turtlesim/cmake/turtlesim__rosidl_typesupport_cExport-noconfig.cmake
[22.006s] -- Up-to-date: /home/maxime.leriche/Bureau/projet-rattrapage/ros2_ws/install/turtlesim/share/turtlesim/cmake/turtlesim__rosidl_typesupport_introspection_cppExport.cmake
[22.009s] -- Up-to-date: /home/maxime.leriche/Bureau/projet-rattrapage/ros2_ws/install/turtlesim/share/turtlesim/cmake/turtlesim__rosidl_typesupport_introspection_cppExport-noconfig.cmake
[22.013s] -- Up-to-date: /home/maxime.leriche/Bureau/projet-rattrapage/ros2_ws/install/turtlesim/share/turtlesim/cmake/turtlesim__rosidl_typesupport_cppExport.cmake
[22.015s] -- Up-to-date: /home/maxime.leriche/Bureau/projet-rattrapage/ros2_ws/install/turtlesim/share/turtlesim/cmake/turtlesim__rosidl_typesupport_cppExport-noconfig.cmake
[22.019s] -- Up-to-date: /home/maxime.leriche/Bureau/projet-rattrapage/ros2_ws/install/turtlesim/share/turtlesim/cmake/export_turtlesim__rosidl_generator_pyExport.cmake
[22.021s] -- Up-to-date: /home/maxime.leriche/Bureau/projet-rattrapage/ros2_ws/install/turtlesim/share/turtlesim/cmake/export_turtlesim__rosidl_generator_pyExport-noconfig.cmake
[22.022s] -- Up-to-date: /home/maxime.leriche/Bureau/projet-rattrapage/ros2_ws/install/turtlesim/share/turtlesim/cmake/rosidl_cmake-extras.cmake
[22.025s] -- Up-to-date: /home/maxime.leriche/Bureau/projet-rattrapage/ros2_ws/install/turtlesim/share/turtlesim/cmake/ament_cmake_export_dependencies-extras.cmake
[22.026s] -- Up-to-date: /home/maxime.leriche/Bureau/projet-rattrapage/ros2_ws/install/turtlesim/share/turtlesim/cmake/ament_cmake_export_include_directories-extras.cmake
[22.027s] -- Up-to-date: /home/maxime.leriche/Bureau/projet-rattrapage/ros2_ws/install/turtlesim/share/turtlesim/cmake/ament_cmake_export_libraries-extras.cmake
[22.029s] -- Up-to-date: /home/maxime.leriche/Bureau/projet-rattrapage/ros2_ws/install/turtlesim/share/turtlesim/cmake/ament_cmake_export_targets-extras.cmake
[22.030s] -- Up-to-date: /home/maxime.leriche/Bureau/projet-rattrapage/ros2_ws/install/turtlesim/share/turtlesim/cmake/rosidl_cmake_export_typesupport_targets-extras.cmake
[22.031s] -- Up-to-date: /home/maxime.leriche/Bureau/projet-rattrapage/ros2_ws/install/turtlesim/share/turtlesim/cmake/rosidl_cmake_export_typesupport_libraries-extras.cmake
[22.033s] -- Up-to-date: /home/maxime.leriche/Bureau/projet-rattrapage/ros2_ws/install/turtlesim/share/turtlesim/cmake/turtlesimConfig.cmake
[22.035s] -- Up-to-date: /home/maxime.leriche/Bureau/projet-rattrapage/ros2_ws/install/turtlesim/share/turtlesim/cmake/turtlesimConfig-version.cmake
[22.036s] -- Up-to-date: /home/maxime.leriche/Bureau/projet-rattrapage/ros2_ws/install/turtlesim/share/turtlesim/package.xml
[22.048s] Invoked command in '/home/maxime.leriche/Bureau/projet-rattrapage/ros2_ws/build/turtlesim' returned '0': CMAKE_PREFIX_PATH=${CMAKE_PREFIX_PATH}:/opt/ros/humble /usr/bin/cmake --install /home/maxime.leriche/Bureau/projet-rattrapage/ros2_ws/build/turtlesim
